[0.132s] Invoking command in '/home/rick/ros_ws/build/rviz_imu_plugin': CMAKE_PREFIX_PATH=/opt/ros/humble /home/rick/.local/bin/cmake /home/rick/ros_ws/src/imu_tools/rviz_imu_plugin -DAMENT_CMAKE_SYMLINK_INSTALL=1 -DCMAKE_INSTALL_PREFIX=/home/rick/ros_ws/install/rviz_imu_plugin
[0.312s] -- The C compiler identification is GNU 11.4.0
[0.312s] -- The CXX compiler identification is GNU 11.4.0
[0.312s] -- Detecting C compiler ABI info
[0.330s] -- Detecting C compiler ABI info - done
[0.342s] -- Check for working C compiler: /usr/bin/cc - skipped
[0.342s] -- Detecting C compile features
[0.342s] -- Detecting C compile features - done
[0.349s] -- Detecting CXX compiler ABI info
[0.395s] -- Detecting CXX compiler ABI info - done
[0.402s] -- Check for working CXX compiler: /usr/bin/c++ - skipped
[0.402s] -- Detecting CXX compile features
[0.402s] -- Detecting CXX compile features - done
[0.407s] -- Found ament_cmake: 1.3.5 (/opt/ros/humble/share/ament_cmake/cmake)
[0.676s] -- Found Python3: /usr/bin/python3.10 (found version "3.10.12") found components: Interpreter 
[0.719s] -- Override CMake install command with custom implementation using symlinks instead of copying resources
[0.753s] -- Found message_filters: 4.3.3 (/opt/ros/humble/share/message_filters/cmake)
[0.790s] -- Found rosidl_generator_c: 3.1.5 (/opt/ros/humble/share/rosidl_generator_c/cmake)
[0.795s] -- Found rosidl_adapter: 3.1.5 (/opt/ros/humble/share/rosidl_adapter/cmake)
[0.806s] -- Found rosidl_generator_cpp: 3.1.5 (/opt/ros/humble/share/rosidl_generator_cpp/cmake)
[0.823s] -- Using all available rosidl_typesupport_c: rosidl_typesupport_fastrtps_c;rosidl_typesupport_introspection_c
[0.847s] -- Using all available rosidl_typesupport_cpp: rosidl_typesupport_fastrtps_cpp;rosidl_typesupport_introspection_cpp
[0.922s] -- Found rmw_implementation_cmake: 6.1.1 (/opt/ros/humble/share/rmw_implementation_cmake/cmake)
[0.925s] -- Found rmw_cyclonedds_cpp: 1.3.4 (/opt/ros/humble/share/rmw_cyclonedds_cpp/cmake)
[0.967s] -- Using RMW implementation 'rmw_cyclonedds_cpp' as default
[0.982s] -- Performing Test CMAKE_HAVE_LIBC_PTHREAD
[1.036s] -- Performing Test CMAKE_HAVE_LIBC_PTHREAD - Success
[1.037s] -- Found Threads: TRUE  
[1.194s] -- Found rviz_common: 11.2.8 (/opt/ros/humble/share/rviz_common/cmake)
[1.207s] -- Setting OGRE_DIR to: '/opt/ros/humble/share/rviz_ogre_vendor/cmake/../../../opt/rviz_ogre_vendor/lib/OGRE/cmake'
[1.209s] -- Found OGRE
[1.209s] --   static     : OFF
[1.209s] --   components : HLMS;MeshLodGenerator;Overlay;Paging;Property;RTShaderSystem;Terrain;Volume
[1.209s] --   plugins    : Plugin_BSPSceneManager;Plugin_OctreeSceneManager;Plugin_PCZSceneManager;Plugin_ParticleFX;RenderSystem_GL;RenderSystem_GL3Plus;Codec_STBI
[1.209s] --   media      : /opt/ros/humble/opt/rviz_ogre_vendor/share/OGRE/Media
[1.209s] -- OGRE_LIBRARIES: OgreHLMS;OgreMeshLodGenerator;OgreOverlay;OgrePaging;OgreProperty;OgreRTShaderSystem;OgreTerrain;OgreVolume;OgreMain
[1.210s] -- OGRE_LIBRARY_DIRS: /opt/ros/humble/opt/rviz_ogre_vendor/lib
[1.210s] -- OGRE_PLUGINS: Plugin_BSPSceneManager;Plugin_OctreeSceneManager;Plugin_PCZSceneManager;Plugin_ParticleFX;RenderSystem_GL;RenderSystem_GL3Plus;Codec_STBI
[1.210s] -- OGRE_PLUGIN_DIR: /opt/ros/humble/opt/rviz_ogre_vendor/lib/OGRE
[1.210s] -- rviz_ogre_vendor::OgreOverlay for IMPORTED_LOCATION_RELEASE: /opt/ros/humble/opt/rviz_ogre_vendor/lib/libOgreOverlay.so
[1.210s] -- rviz_ogre_vendor::OgreOverlay for IMPORTED_LOCATION_DEBUG: /opt/ros/humble/opt/rviz_ogre_vendor/lib/libOgreOverlay.so
[1.210s] -- rviz_ogre_vendor::OgreMain for IMPORTED_LOCATION_RELEASE: /opt/ros/humble/opt/rviz_ogre_vendor/lib/libOgreMain.so
[1.210s] -- rviz_ogre_vendor::OgreMain for IMPORTED_LOCATION_DEBUG: /opt/ros/humble/opt/rviz_ogre_vendor/lib/libOgreMain.so
[1.239s] -- Found ZLIB: /usr/lib/x86_64-linux-gnu/libz.so (found version "1.2.11")  
[1.247s] -- Found OpenGL: /usr/lib/x86_64-linux-gnu/libOpenGL.so   
[1.341s] -- Found X11: /usr/include   
[1.342s] -- Looking for XOpenDisplay in /usr/lib/x86_64-linux-gnu/libX11.so;/usr/lib/x86_64-linux-gnu/libXext.so
[1.385s] -- Looking for XOpenDisplay in /usr/lib/x86_64-linux-gnu/libX11.so;/usr/lib/x86_64-linux-gnu/libXext.so - found
[1.386s] -- Looking for gethostbyname
[1.424s] -- Looking for gethostbyname - found
[1.424s] -- Looking for connect
[1.462s] -- Looking for connect - found
[1.462s] -- Looking for remove
[1.500s] -- Looking for remove - found
[1.500s] -- Looking for shmat
[1.541s] -- Looking for shmat - found
[1.541s] -- Looking for IceConnectionNumber in ICE
[1.584s] -- Looking for IceConnectionNumber in ICE - found
[1.587s] -- rviz_ogre_vendor::RenderSystem_GL for IMPORTED_LOCATION_RELEASE: _render_system_gl_static_library_abs-NOTFOUND
[1.587s] -- rviz_ogre_vendor::RenderSystem_GL for IMPORTED_LOCATION_DEBUG: _render_system_gl_static_library_abs-NOTFOUND
[1.635s] -- library: /usr/lib/x86_64-linux-gnu/libcurl.so
[1.789s] -- Found Eigen3: TRUE (found version "3.4.0") 
[1.789s] -- Ensuring Eigen3 include directory is part of orocos-kdl CMake target
[2.113s] -- Configuring done (2.0s)
[2.145s] -- Generating done (0.0s)
[2.147s] -- Build files have been written to: /home/rick/ros_ws/build/rviz_imu_plugin
[2.162s] Invoked command in '/home/rick/ros_ws/build/rviz_imu_plugin' returned '0': CMAKE_PREFIX_PATH=/opt/ros/humble /home/rick/.local/bin/cmake /home/rick/ros_ws/src/imu_tools/rviz_imu_plugin -DAMENT_CMAKE_SYMLINK_INSTALL=1 -DCMAKE_INSTALL_PREFIX=/home/rick/ros_ws/install/rviz_imu_plugin
[2.162s] Invoking command in '/home/rick/ros_ws/build/rviz_imu_plugin': CMAKE_PREFIX_PATH=/opt/ros/humble /home/rick/.local/bin/cmake --build /home/rick/ros_ws/build/rviz_imu_plugin -- -j24 -l24
[2.189s] [ 11%] [34m[1mAutomatic MOC for target rviz_imu_plugin[0m
[2.441s] [ 11%] Built target rviz_imu_plugin_autogen
[2.447s] [ 22%] [32mBuilding CXX object CMakeFiles/rviz_imu_plugin.dir/rviz_imu_plugin_autogen/mocs_compilation.cpp.o[0m
[2.447s] [ 33%] [32mBuilding CXX object CMakeFiles/rviz_imu_plugin.dir/src/imu_axes_visual.cpp.o[0m
[2.447s] [ 44%] [32mBuilding CXX object CMakeFiles/rviz_imu_plugin.dir/src/imu_display.cpp.o[0m
[2.448s] [ 55%] [32mBuilding CXX object CMakeFiles/rviz_imu_plugin.dir/src/imu_orientation_visual.cpp.o[0m
[2.448s] [ 66%] [32mBuilding CXX object CMakeFiles/rviz_imu_plugin.dir/src/imu_acc_visual.cpp.o[0m
[2.448s] [ 77%] [32mBuilding CXX object CMakeFiles/rviz_imu_plugin.dir/src/mag_display.cpp.o[0m
[2.448s] [ 88%] [32mBuilding CXX object CMakeFiles/rviz_imu_plugin.dir/src/mag_visual.cpp.o[0m
[11.015s] [100%] [32m[1mLinking CXX shared library librviz_imu_plugin.so[0m
[12.159s] [100%] Built target rviz_imu_plugin
[12.166s] Invoked command in '/home/rick/ros_ws/build/rviz_imu_plugin' returned '0': CMAKE_PREFIX_PATH=/opt/ros/humble /home/rick/.local/bin/cmake --build /home/rick/ros_ws/build/rviz_imu_plugin -- -j24 -l24
[12.199s] Invoking command in '/home/rick/ros_ws/build/rviz_imu_plugin': CMAKE_PREFIX_PATH=/opt/ros/humble /home/rick/.local/bin/cmake --install /home/rick/ros_ws/build/rviz_imu_plugin
[12.214s] -- Install configuration: ""
[12.214s] -- Execute custom install script
[12.215s] -- Symlinking: /home/rick/ros_ws/install/rviz_imu_plugin/share/rviz_imu_plugin//plugin_description.xml
[12.217s] -- Symlinking: /home/rick/ros_ws/install/rviz_imu_plugin/share/rviz_imu_plugin/environment/library_path.sh
[12.219s] -- Symlinking: /home/rick/ros_ws/install/rviz_imu_plugin/share/rviz_imu_plugin/environment/library_path.dsv
[12.220s] -- Symlinking: /home/rick/ros_ws/install/rviz_imu_plugin/share/ament_index/resource_index/package_run_dependencies/rviz_imu_plugin
[12.222s] -- Symlinking: /home/rick/ros_ws/install/rviz_imu_plugin/share/ament_index/resource_index/parent_prefix_path/rviz_imu_plugin
[12.224s] -- Symlinking: /home/rick/ros_ws/install/rviz_imu_plugin/share/rviz_imu_plugin/environment/ament_prefix_path.sh
[12.226s] -- Symlinking: /home/rick/ros_ws/install/rviz_imu_plugin/share/rviz_imu_plugin/environment/ament_prefix_path.dsv
[12.227s] -- Symlinking: /home/rick/ros_ws/install/rviz_imu_plugin/share/rviz_imu_plugin/environment/path.sh
[12.229s] -- Symlinking: /home/rick/ros_ws/install/rviz_imu_plugin/share/rviz_imu_plugin/environment/path.dsv
[12.231s] -- Symlinking: /home/rick/ros_ws/install/rviz_imu_plugin/share/rviz_imu_plugin/local_setup.bash
[12.233s] -- Symlinking: /home/rick/ros_ws/install/rviz_imu_plugin/share/rviz_imu_plugin/local_setup.sh
[12.234s] -- Symlinking: /home/rick/ros_ws/install/rviz_imu_plugin/share/rviz_imu_plugin/local_setup.zsh
[12.236s] -- Symlinking: /home/rick/ros_ws/install/rviz_imu_plugin/share/rviz_imu_plugin/local_setup.dsv
[12.238s] -- Symlinking: /home/rick/ros_ws/install/rviz_imu_plugin/share/rviz_imu_plugin/package.dsv
[12.239s] -- Symlinking: /home/rick/ros_ws/install/rviz_imu_plugin/share/ament_index/resource_index/packages/rviz_imu_plugin
[12.241s] -- Symlinking: /home/rick/ros_ws/install/rviz_imu_plugin/share/ament_index/resource_index/rviz_common__pluginlib__plugin/rviz_imu_plugin
[12.243s] -- Symlinking: /home/rick/ros_ws/install/rviz_imu_plugin/share/rviz_imu_plugin/cmake/ament_cmake_export_include_directories-extras.cmake
[12.245s] -- Symlinking: /home/rick/ros_ws/install/rviz_imu_plugin/share/rviz_imu_plugin/cmake/ament_cmake_export_libraries-extras.cmake
[12.246s] -- Symlinking: /home/rick/ros_ws/install/rviz_imu_plugin/share/rviz_imu_plugin/cmake/ament_cmake_export_dependencies-extras.cmake
[12.248s] -- Symlinking: /home/rick/ros_ws/install/rviz_imu_plugin/share/rviz_imu_plugin/cmake/rviz_imu_pluginConfig.cmake
[12.250s] -- Symlinking: /home/rick/ros_ws/install/rviz_imu_plugin/share/rviz_imu_plugin/cmake/rviz_imu_pluginConfig-version.cmake
[12.252s] -- Symlinking: /home/rick/ros_ws/install/rviz_imu_plugin/share/rviz_imu_plugin/package.xml
[12.253s] -- Installing: /home/rick/ros_ws/install/rviz_imu_plugin/lib/librviz_imu_plugin.so
[12.261s] -- Set runtime path of "/home/rick/ros_ws/install/rviz_imu_plugin/lib/librviz_imu_plugin.so" to ""
[12.264s] Invoked command in '/home/rick/ros_ws/build/rviz_imu_plugin' returned '0': CMAKE_PREFIX_PATH=/opt/ros/humble /home/rick/.local/bin/cmake --install /home/rick/ros_ws/build/rviz_imu_plugin
