[1.155s] Invoking command in '/home/rick/ros_ws/build/ayuda_description': PYTHONPATH=/home/rick/ros_ws/build/ayuda_description/prefix_override:/home/rick/ros_ws/install/ayuda_description/lib/python3.10/site-packages:${PYTHONPATH} /usr/bin/python3 setup.py develop --editable --build-directory /home/rick/ros_ws/build/ayuda_description/build --no-deps install_data
[1.504s] running develop
[1.505s] /usr/lib/python3/dist-packages/setuptools/command/easy_install.py:158: EasyInstallDeprecationWarning: easy_install command is deprecated. Use build and pip and other standards-based tools.
[1.505s]   warnings.warn(
[1.507s] /usr/lib/python3/dist-packages/setuptools/command/install.py:34: SetuptoolsDeprecationWarning: setup.py install is deprecated. Use build and pip and other standards-based tools.
[1.507s]   warnings.warn(
[1.733s] running egg_info
[1.734s] writing ayuda_description.egg-info/PKG-INFO
[1.735s] writing dependency_links to ayuda_description.egg-info/dependency_links.txt
[1.735s] writing entry points to ayuda_description.egg-info/entry_points.txt
[1.735s] writing requirements to ayuda_description.egg-info/requires.txt
[1.735s] writing top-level names to ayuda_description.egg-info/top_level.txt
[1.738s] reading manifest file 'ayuda_description.egg-info/SOURCES.txt'
[1.739s] writing manifest file 'ayuda_description.egg-info/SOURCES.txt'
[1.741s] running build_ext
[1.741s] Creating /home/rick/ros_ws/install/ayuda_description/lib/python3.10/site-packages/ayuda-description.egg-link (link to .)
[1.743s] Installing state_publisher script to /home/rick/ros_ws/install/ayuda_description/lib/ayuda_description
[1.745s] 
[1.745s] Installed /home/rick/ros_ws/build/ayuda_description
[1.745s] running install_data
[2.030s] Invoked command in '/home/rick/ros_ws/build/ayuda_description' returned '0': PYTHONPATH=/home/rick/ros_ws/build/ayuda_description/prefix_override:/home/rick/ros_ws/install/ayuda_description/lib/python3.10/site-packages:${PYTHONPATH} /usr/bin/python3 setup.py develop --editable --build-directory /home/rick/ros_ws/build/ayuda_description/build --no-deps install_data
