[0.029s] Invoking command in '/home/rick/ros_ws/build/cartographer_rviz': AMENT_PREFIX_PATH=/home/rick/ros_ws/install/cartographer_ros:/home/rick/ros_ws/install/cartographer_ros_msgs:${AMENT_PREFIX_PATH} CMAKE_PREFIX_PATH=/home/rick/ros_ws/install/cartographer_ros:/home/rick/ros_ws/install/cartographer_ros_msgs:/home/rick/ros_ws/install/cartographer:/opt/ros/humble LD_LIBRARY_PATH=/home/rick/ros_ws/install/cartographer_ros/lib:/home/rick/ros_ws/install/cartographer_ros_msgs/lib:/usr/lib/x86_64-linux-gnu/gazebo-11/plugins:/opt/ros/humble/opt/rviz_ogre_vendor/lib:/opt/ros/humble/lib/x86_64-linux-gnu:/opt/ros/humble/lib:/usr/local/cuda/lib64 PATH=/home/rick/ros_ws/install/cartographer/bin:${PATH} PKG_CONFIG_PATH=/home/rick/ros_ws/install/cartographer/lib/x86_64-linux-gnu/pkgconfig:/home/rick/ros_ws/install/cartographer/lib/pkgconfig PYTHONPATH=/home/rick/ros_ws/install/cartographer_ros_msgs/local/lib/python3.10/dist-packages:${PYTHONPATH} /home/rick/.local/bin/cmake /home/rick/ros_ws/src/cartographer_ros/cartographer_rviz -DAMENT_CMAKE_SYMLINK_INSTALL=1 -DCMAKE_INSTALL_PREFIX=/home/rick/ros_ws/install/cartographer_rviz
[0.087s] -- The C compiler identification is GNU 11.4.0
[0.140s] -- The CXX compiler identification is GNU 11.4.0
[0.149s] -- Detecting C compiler ABI info
[0.218s] -- Detecting C compiler ABI info - done
[0.224s] -- Check for working C compiler: /usr/bin/cc - skipped
[0.225s] -- Detecting C compile features
[0.225s] -- Detecting C compile features - done
[0.231s] -- Detecting CXX compiler ABI info
[0.295s] -- Detecting CXX compiler ABI info - done
[0.305s] -- Check for working CXX compiler: /usr/bin/c++ - skipped
[0.306s] -- Detecting CXX compile features
[0.306s] -- Detecting CXX compile features - done
[0.308s] -- Found ament_cmake: 1.3.5 (/opt/ros/humble/share/ament_cmake/cmake)
[0.632s] -- Found Python3: /usr/bin/python3.10 (found version "3.10.12") found components: Interpreter 
[0.665s] -- Override CMake install command with custom implementation using symlinks instead of copying resources
[0.683s] -- Performing Test CMAKE_HAVE_LIBC_PTHREAD
[0.725s] -- Performing Test CMAKE_HAVE_LIBC_PTHREAD - Success
[0.726s] -- Found Threads: TRUE  
[0.732s] -- Found required Ceres dependency: Eigen version 3.4.0 in /usr/include/eigen3
[0.737s] -- Found required Ceres dependency: glog
[0.737s] -- Found required Ceres dependency: gflags
[0.737s] -- Found Ceres version: 2.0.0 installed in: /usr with components: [EigenSparse, SparseLinearAlgebraLibrary, LAPACK, SuiteSparse, CXSparse, SchurSpecializations, Multithreading]
[0.743s] -- Build type: Release
[0.744s] 檔案 /home/rick/ros_ws/build/cartographer_rviz/AllFiles.cmake 與 - 不同
[0.752s] -- Found Boost: /usr/lib/x86_64-linux-gnu/cmake/Boost-1.74.0/BoostConfig.cmake (found version "1.74.0") found components: iostreams 
[0.752s] -- Found cartographer_ros: 2.0.9001 (/home/rick/ros_ws/install/cartographer_ros/share/cartographer_ros/cmake)
[0.777s] -- Found rosidl_generator_c: 3.1.5 (/opt/ros/humble/share/rosidl_generator_c/cmake)
[0.780s] -- Found rosidl_adapter: 3.1.5 (/opt/ros/humble/share/rosidl_adapter/cmake)
[0.786s] -- Found rosidl_generator_cpp: 3.1.5 (/opt/ros/humble/share/rosidl_generator_cpp/cmake)
[0.796s] -- Using all available rosidl_typesupport_c: rosidl_typesupport_fastrtps_c;rosidl_typesupport_introspection_c
[0.810s] -- Using all available rosidl_typesupport_cpp: rosidl_typesupport_fastrtps_cpp;rosidl_typesupport_introspection_cpp
[1.054s] -- Found rmw_implementation_cmake: 6.1.1 (/opt/ros/humble/share/rmw_implementation_cmake/cmake)
[1.055s] -- Found rmw_cyclonedds_cpp: 1.3.4 (/opt/ros/humble/share/rmw_cyclonedds_cpp/cmake)
[1.077s] -- Using RMW implementation 'rmw_cyclonedds_cpp' as default
[1.757s] -- Found rviz_common: 11.2.8 (/opt/ros/humble/share/rviz_common/cmake)
[1.770s] -- Setting OGRE_DIR to: '/opt/ros/humble/share/rviz_ogre_vendor/cmake/../../../opt/rviz_ogre_vendor/lib/OGRE/cmake'
[1.771s] -- Found OGRE
[1.771s] --   static     : OFF
[1.771s] --   components : HLMS;MeshLodGenerator;Overlay;Paging;Property;RTShaderSystem;Terrain;Volume
[1.771s] --   plugins    : Plugin_BSPSceneManager;Plugin_OctreeSceneManager;Plugin_PCZSceneManager;Plugin_ParticleFX;RenderSystem_GL;RenderSystem_GL3Plus;Codec_STBI
[1.771s] --   media      : /opt/ros/humble/opt/rviz_ogre_vendor/share/OGRE/Media
[1.771s] -- OGRE_LIBRARIES: OgreHLMS;OgreMeshLodGenerator;OgreOverlay;OgrePaging;OgreProperty;OgreRTShaderSystem;OgreTerrain;OgreVolume;OgreMain
[1.771s] -- OGRE_LIBRARY_DIRS: /opt/ros/humble/opt/rviz_ogre_vendor/lib
[1.772s] -- OGRE_PLUGINS: Plugin_BSPSceneManager;Plugin_OctreeSceneManager;Plugin_PCZSceneManager;Plugin_ParticleFX;RenderSystem_GL;RenderSystem_GL3Plus;Codec_STBI
[1.772s] -- OGRE_PLUGIN_DIR: /opt/ros/humble/opt/rviz_ogre_vendor/lib/OGRE
[1.772s] -- rviz_ogre_vendor::OgreOverlay for IMPORTED_LOCATION_RELEASE: /opt/ros/humble/opt/rviz_ogre_vendor/lib/libOgreOverlay.so
[1.772s] -- rviz_ogre_vendor::OgreOverlay for IMPORTED_LOCATION_DEBUG: /opt/ros/humble/opt/rviz_ogre_vendor/lib/libOgreOverlay.so
[1.772s] -- rviz_ogre_vendor::OgreMain for IMPORTED_LOCATION_RELEASE: /opt/ros/humble/opt/rviz_ogre_vendor/lib/libOgreMain.so
[1.772s] -- rviz_ogre_vendor::OgreMain for IMPORTED_LOCATION_DEBUG: /opt/ros/humble/opt/rviz_ogre_vendor/lib/libOgreMain.so
[1.793s] -- Found ZLIB: /usr/lib/x86_64-linux-gnu/libz.so (found version "1.2.11")  
[1.798s] -- Found OpenGL: /usr/lib/x86_64-linux-gnu/libOpenGL.so   
[1.872s] -- Found X11: /usr/include   
[1.872s] -- Looking for XOpenDisplay in /usr/lib/x86_64-linux-gnu/libX11.so;/usr/lib/x86_64-linux-gnu/libXext.so
[1.927s] -- Looking for XOpenDisplay in /usr/lib/x86_64-linux-gnu/libX11.so;/usr/lib/x86_64-linux-gnu/libXext.so - found
[1.927s] -- Looking for gethostbyname
[2.011s] -- Looking for gethostbyname - found
[2.011s] -- Looking for connect
[2.110s] -- Looking for connect - found
[2.111s] -- Looking for remove
[2.210s] -- Looking for remove - found
[2.210s] -- Looking for shmat
[2.319s] -- Looking for shmat - found
[2.319s] -- Looking for IceConnectionNumber in ICE
[2.423s] -- Looking for IceConnectionNumber in ICE - found
[2.430s] -- rviz_ogre_vendor::RenderSystem_GL for IMPORTED_LOCATION_RELEASE: _render_system_gl_static_library_abs-NOTFOUND
[2.431s] -- rviz_ogre_vendor::RenderSystem_GL for IMPORTED_LOCATION_DEBUG: _render_system_gl_static_library_abs-NOTFOUND
[2.480s] -- library: /usr/lib/x86_64-linux-gnu/libcurl.so
[2.511s] -- Found Eigen3: TRUE (found version "3.4.0") 
[2.511s] -- Ensuring Eigen3 include directory is part of orocos-kdl CMake target
[2.802s] -- Deploy OGRE media
[2.803s] -- Configuring done (2.8s)
[2.833s] -- Generating done (0.0s)
[2.835s] -- Build files have been written to: /home/rick/ros_ws/build/cartographer_rviz
[2.846s] Invoked command in '/home/rick/ros_ws/build/cartographer_rviz' returned '0': AMENT_PREFIX_PATH=/home/rick/ros_ws/install/cartographer_ros:/home/rick/ros_ws/install/cartographer_ros_msgs:${AMENT_PREFIX_PATH} CMAKE_PREFIX_PATH=/home/rick/ros_ws/install/cartographer_ros:/home/rick/ros_ws/install/cartographer_ros_msgs:/home/rick/ros_ws/install/cartographer:/opt/ros/humble LD_LIBRARY_PATH=/home/rick/ros_ws/install/cartographer_ros/lib:/home/rick/ros_ws/install/cartographer_ros_msgs/lib:/usr/lib/x86_64-linux-gnu/gazebo-11/plugins:/opt/ros/humble/opt/rviz_ogre_vendor/lib:/opt/ros/humble/lib/x86_64-linux-gnu:/opt/ros/humble/lib:/usr/local/cuda/lib64 PATH=/home/rick/ros_ws/install/cartographer/bin:${PATH} PKG_CONFIG_PATH=/home/rick/ros_ws/install/cartographer/lib/x86_64-linux-gnu/pkgconfig:/home/rick/ros_ws/install/cartographer/lib/pkgconfig PYTHONPATH=/home/rick/ros_ws/install/cartographer_ros_msgs/local/lib/python3.10/dist-packages:${PYTHONPATH} /home/rick/.local/bin/cmake /home/rick/ros_ws/src/cartographer_ros/cartographer_rviz -DAMENT_CMAKE_SYMLINK_INSTALL=1 -DCMAKE_INSTALL_PREFIX=/home/rick/ros_ws/install/cartographer_rviz
[2.846s] Invoking command in '/home/rick/ros_ws/build/cartographer_rviz': AMENT_PREFIX_PATH=/home/rick/ros_ws/install/cartographer_ros:/home/rick/ros_ws/install/cartographer_ros_msgs:${AMENT_PREFIX_PATH} CMAKE_PREFIX_PATH=/home/rick/ros_ws/install/cartographer_ros:/home/rick/ros_ws/install/cartographer_ros_msgs:/home/rick/ros_ws/install/cartographer:/opt/ros/humble LD_LIBRARY_PATH=/home/rick/ros_ws/install/cartographer_ros/lib:/home/rick/ros_ws/install/cartographer_ros_msgs/lib:/usr/lib/x86_64-linux-gnu/gazebo-11/plugins:/opt/ros/humble/opt/rviz_ogre_vendor/lib:/opt/ros/humble/lib/x86_64-linux-gnu:/opt/ros/humble/lib:/usr/local/cuda/lib64 PATH=/home/rick/ros_ws/install/cartographer/bin:${PATH} PKG_CONFIG_PATH=/home/rick/ros_ws/install/cartographer/lib/x86_64-linux-gnu/pkgconfig:/home/rick/ros_ws/install/cartographer/lib/pkgconfig PYTHONPATH=/home/rick/ros_ws/install/cartographer_ros_msgs/local/lib/python3.10/dist-packages:${PYTHONPATH} /home/rick/.local/bin/cmake --build /home/rick/ros_ws/build/cartographer_rviz -- -j24 -l24
[2.881s] [ 16%] [34m[1mAutomatic MOC for target cartographer_rviz[0m
[2.886s] [ 16%] Built target cartographer_rviz_detect_changes
[3.863s] [ 16%] Built target cartographer_rviz_autogen
[3.869s] [ 33%] [32mBuilding CXX object CMakeFiles/cartographer_rviz.dir/cartographer_rviz_autogen/mocs_compilation.cpp.o[0m
[3.869s] [ 50%] [32mBuilding CXX object CMakeFiles/cartographer_rviz.dir/src/drawable_submap.cpp.o[0m
[3.870s] [ 66%] [32mBuilding CXX object CMakeFiles/cartographer_rviz.dir/src/ogre_slice.cpp.o[0m
[3.870s] [ 83%] [32mBuilding CXX object CMakeFiles/cartographer_rviz.dir/src/submaps_display.cpp.o[0m
[13.297s] [100%] [32m[1mLinking CXX shared library libcartographer_rviz.so[0m
[13.891s] [100%] Built target cartographer_rviz
[13.897s] Invoked command in '/home/rick/ros_ws/build/cartographer_rviz' returned '0': AMENT_PREFIX_PATH=/home/rick/ros_ws/install/cartographer_ros:/home/rick/ros_ws/install/cartographer_ros_msgs:${AMENT_PREFIX_PATH} CMAKE_PREFIX_PATH=/home/rick/ros_ws/install/cartographer_ros:/home/rick/ros_ws/install/cartographer_ros_msgs:/home/rick/ros_ws/install/cartographer:/opt/ros/humble LD_LIBRARY_PATH=/home/rick/ros_ws/install/cartographer_ros/lib:/home/rick/ros_ws/install/cartographer_ros_msgs/lib:/usr/lib/x86_64-linux-gnu/gazebo-11/plugins:/opt/ros/humble/opt/rviz_ogre_vendor/lib:/opt/ros/humble/lib/x86_64-linux-gnu:/opt/ros/humble/lib:/usr/local/cuda/lib64 PATH=/home/rick/ros_ws/install/cartographer/bin:${PATH} PKG_CONFIG_PATH=/home/rick/ros_ws/install/cartographer/lib/x86_64-linux-gnu/pkgconfig:/home/rick/ros_ws/install/cartographer/lib/pkgconfig PYTHONPATH=/home/rick/ros_ws/install/cartographer_ros_msgs/local/lib/python3.10/dist-packages:${PYTHONPATH} /home/rick/.local/bin/cmake --build /home/rick/ros_ws/build/cartographer_rviz -- -j24 -l24
[13.929s] Invoking command in '/home/rick/ros_ws/build/cartographer_rviz': AMENT_PREFIX_PATH=/home/rick/ros_ws/install/cartographer_ros:/home/rick/ros_ws/install/cartographer_ros_msgs:${AMENT_PREFIX_PATH} CMAKE_PREFIX_PATH=/home/rick/ros_ws/install/cartographer_ros:/home/rick/ros_ws/install/cartographer_ros_msgs:/home/rick/ros_ws/install/cartographer:/opt/ros/humble LD_LIBRARY_PATH=/home/rick/ros_ws/install/cartographer_ros/lib:/home/rick/ros_ws/install/cartographer_ros_msgs/lib:/usr/lib/x86_64-linux-gnu/gazebo-11/plugins:/opt/ros/humble/opt/rviz_ogre_vendor/lib:/opt/ros/humble/lib/x86_64-linux-gnu:/opt/ros/humble/lib:/usr/local/cuda/lib64 PATH=/home/rick/ros_ws/install/cartographer/bin:${PATH} PKG_CONFIG_PATH=/home/rick/ros_ws/install/cartographer/lib/x86_64-linux-gnu/pkgconfig:/home/rick/ros_ws/install/cartographer/lib/pkgconfig PYTHONPATH=/home/rick/ros_ws/install/cartographer_ros_msgs/local/lib/python3.10/dist-packages:${PYTHONPATH} /home/rick/.local/bin/cmake --install /home/rick/ros_ws/build/cartographer_rviz
[13.943s] -- Install configuration: "Release"
[13.943s] -- Execute custom install script
[13.943s] -- Symlinking: /home/rick/ros_ws/install/cartographer_rviz/share/cartographer_rviz//rviz_plugin_description.xml
[13.945s] -- Symlinking: /home/rick/ros_ws/install/cartographer_rviz/include//cartographer_rviz/drawable_submap.h
[13.947s] -- Symlinking: /home/rick/ros_ws/install/cartographer_rviz/include//cartographer_rviz/ogre_slice.h
[13.948s] -- Symlinking: /home/rick/ros_ws/install/cartographer_rviz/include//cartographer_rviz/submaps_display.h
[13.950s] -- Symlinking: /home/rick/ros_ws/install/cartographer_rviz/share/cartographer_rviz/environment/library_path.sh
[13.952s] -- Symlinking: /home/rick/ros_ws/install/cartographer_rviz/share/cartographer_rviz/environment/library_path.dsv
[13.953s] -- Symlinking: /home/rick/ros_ws/install/cartographer_rviz/share/ament_index/resource_index/package_run_dependencies/cartographer_rviz
[13.955s] -- Symlinking: /home/rick/ros_ws/install/cartographer_rviz/share/ament_index/resource_index/parent_prefix_path/cartographer_rviz
[13.956s] -- Symlinking: /home/rick/ros_ws/install/cartographer_rviz/share/cartographer_rviz/environment/ament_prefix_path.sh
[13.958s] -- Symlinking: /home/rick/ros_ws/install/cartographer_rviz/share/cartographer_rviz/environment/ament_prefix_path.dsv
[13.960s] -- Symlinking: /home/rick/ros_ws/install/cartographer_rviz/share/cartographer_rviz/environment/path.sh
[13.962s] -- Symlinking: /home/rick/ros_ws/install/cartographer_rviz/share/cartographer_rviz/environment/path.dsv
[13.964s] -- Symlinking: /home/rick/ros_ws/install/cartographer_rviz/share/cartographer_rviz/local_setup.bash
[13.967s] -- Symlinking: /home/rick/ros_ws/install/cartographer_rviz/share/cartographer_rviz/local_setup.sh
[13.970s] -- Symlinking: /home/rick/ros_ws/install/cartographer_rviz/share/cartographer_rviz/local_setup.zsh
[13.973s] -- Symlinking: /home/rick/ros_ws/install/cartographer_rviz/share/cartographer_rviz/local_setup.dsv
[13.975s] -- Symlinking: /home/rick/ros_ws/install/cartographer_rviz/share/cartographer_rviz/package.dsv
[13.977s] -- Symlinking: /home/rick/ros_ws/install/cartographer_rviz/share/ament_index/resource_index/packages/cartographer_rviz
[13.979s] -- Symlinking: /home/rick/ros_ws/install/cartographer_rviz/share/ament_index/resource_index/rviz_common__pluginlib__plugin/cartographer_rviz
[13.981s] -- Symlinking: /home/rick/ros_ws/install/cartographer_rviz/share/ament_index/resource_index/rviz_ogre_media_exports/cartographer_rviz
[13.983s] -- Symlinking: /home/rick/ros_ws/install/cartographer_rviz/share/cartographer_rviz/cmake/ament_cmake_export_include_directories-extras.cmake
[13.985s] -- Symlinking: /home/rick/ros_ws/install/cartographer_rviz/share/cartographer_rviz/cmake/ament_cmake_export_targets-extras.cmake
[13.986s] -- Symlinking: /home/rick/ros_ws/install/cartographer_rviz/share/cartographer_rviz/cmake/ament_cmake_export_dependencies-extras.cmake
[13.988s] -- Symlinking: /home/rick/ros_ws/install/cartographer_rviz/share/cartographer_rviz/cmake/cartographer_rvizConfig.cmake
[13.990s] -- Symlinking: /home/rick/ros_ws/install/cartographer_rviz/share/cartographer_rviz/cmake/cartographer_rvizConfig-version.cmake
[13.991s] -- Symlinking: /home/rick/ros_ws/install/cartographer_rviz/share/cartographer_rviz/package.xml
[13.994s] -- Installing: /home/rick/ros_ws/install/cartographer_rviz/lib/libcartographer_rviz.so
[14.000s] -- Set runtime path of "/home/rick/ros_ws/install/cartographer_rviz/lib/libcartographer_rviz.so" to ""
[14.000s] -- Installing: /home/rick/ros_ws/install/cartographer_rviz/share/cartographer_rviz/ogre_media/materials/glsl120
[14.000s] -- Installing: /home/rick/ros_ws/install/cartographer_rviz/share/cartographer_rviz/ogre_media/materials/glsl120/glsl120.program
[14.000s] -- Installing: /home/rick/ros_ws/install/cartographer_rviz/share/cartographer_rviz/ogre_media/materials/glsl120/submap.vert
[14.000s] -- Installing: /home/rick/ros_ws/install/cartographer_rviz/share/cartographer_rviz/ogre_media/materials/glsl120/submap.frag
[14.000s] -- Installing: /home/rick/ros_ws/install/cartographer_rviz/share/cartographer_rviz/ogre_media/materials/scripts
[14.000s] -- Installing: /home/rick/ros_ws/install/cartographer_rviz/share/cartographer_rviz/ogre_media/materials/scripts/submap.material
[14.000s] -- Installing: /home/rick/ros_ws/install/cartographer_rviz/share/cartographer_rviz/cmake/cartographer_rvizExport.cmake
[14.000s] -- Installing: /home/rick/ros_ws/install/cartographer_rviz/share/cartographer_rviz/cmake/cartographer_rvizExport-release.cmake
[14.007s] Invoked command in '/home/rick/ros_ws/build/cartographer_rviz' returned '0': AMENT_PREFIX_PATH=/home/rick/ros_ws/install/cartographer_ros:/home/rick/ros_ws/install/cartographer_ros_msgs:${AMENT_PREFIX_PATH} CMAKE_PREFIX_PATH=/home/rick/ros_ws/install/cartographer_ros:/home/rick/ros_ws/install/cartographer_ros_msgs:/home/rick/ros_ws/install/cartographer:/opt/ros/humble LD_LIBRARY_PATH=/home/rick/ros_ws/install/cartographer_ros/lib:/home/rick/ros_ws/install/cartographer_ros_msgs/lib:/usr/lib/x86_64-linux-gnu/gazebo-11/plugins:/opt/ros/humble/opt/rviz_ogre_vendor/lib:/opt/ros/humble/lib/x86_64-linux-gnu:/opt/ros/humble/lib:/usr/local/cuda/lib64 PATH=/home/rick/ros_ws/install/cartographer/bin:${PATH} PKG_CONFIG_PATH=/home/rick/ros_ws/install/cartographer/lib/x86_64-linux-gnu/pkgconfig:/home/rick/ros_ws/install/cartographer/lib/pkgconfig PYTHONPATH=/home/rick/ros_ws/install/cartographer_ros_msgs/local/lib/python3.10/dist-packages:${PYTHONPATH} /home/rick/.local/bin/cmake --install /home/rick/ros_ws/build/cartographer_rviz
