[0.338s] Invoking command in '/home/rick/ros_ws/build/cartographer_ros_docs': /home/rick/.local/bin/cmake /home/rick/ros_ws/src/cartographer_ros/docs -DCMAKE_INSTALL_PREFIX=/home/rick/ros_ws/install/cartographer_ros_docs
[0.358s] [0mCMake Deprecation Warning at CMakeLists.txt:15 (cmake_minimum_required):
[0.358s]   Compatibility with CMake < 3.5 will be removed from a future version of
[0.358s]   CMake.
[0.358s] 
[0.358s]   Update the VERSION argument <min> value or use a ...<max> suffix to tell
[0.359s]   CMake that the project does not need compatibility with older versions.
[0.359s] 
[0.359s] [0m
[0.382s] -- The C compiler identification is GNU 11.4.0
[0.418s] -- The CXX compiler identification is GNU 11.4.0
[0.429s] -- Detecting C compiler ABI info
[0.464s] -- Detecting C compiler ABI info - done
[0.471s] -- Check for working C compiler: /usr/bin/cc - skipped
[0.471s] -- Detecting C compile features
[0.471s] -- Detecting C compile features - done
[0.477s] -- Detecting CXX compiler ABI info
[0.518s] -- Detecting CXX compiler ABI info - done
[0.525s] -- Check for working CXX compiler: /usr/bin/c++ - skipped
[0.525s] -- Detecting CXX compile features
[0.525s] -- Detecting CXX compile features - done
[0.533s] -- Configuring done (0.2s)
[0.533s] [33mCMake Warning at CMakeLists.txt:19 (find_package):
[0.533s]   By not providing "FindSphinx.cmake" in CMAKE_MODULE_PATH this project has
[0.533s]   asked CMake to find a package configuration file provided by "Sphinx", but
[0.533s]   CMake did not find one.
[0.533s] 
[0.533s]   Could not find a package configuration file provided by "Sphinx" with any
[0.533s]   of the following names:
[0.533s] 
[0.533s]     SphinxConfig.cmake
[0.533s]     sphinx-config.cmake
[0.533s] 
[0.533s]   Add the installation prefix of "Sphinx" to CMAKE_PREFIX_PATH or set
[0.533s]   "Sphinx_DIR" to a directory containing one of the above files.  If "Sphinx"
[0.533s]   provides a separate development package or SDK, be sure it has been
[0.533s]   installed.
[0.533s] 
[0.533s] [0m
[0.533s] -- Generating done (0.0s)
[0.533s] -- Build files have been written to: /home/rick/ros_ws/build/cartographer_ros_docs
