-- Found ament_cmake: 1.3.5 (/opt/ros/humble/share/ament_cmake/cmake)
-- Override CMake install command with custom implementation using symlinks instead of copying resources
-- Found ament_lint_auto: 0.12.8 (/opt/ros/humble/share/ament_lint_auto/cmake)
-- Added test 'copyright' to check source files copyright and LICENSE
-- Added test 'flake8' to check Python code syntax and style conventions
-- Added test 'lint_cmake' to check CMake code style
-- Added test 'pep257' to check Python code against some of the docstring style conventions in PEP 257
-- Added test 'xmllint' to check XML markup files
-- Configuring done (0.2s)
-- Generating done (0.0s)
-- Build files have been written to: /home/rick/ros_ws/build/ros_bot
-- Install configuration: ""
-- Execute custom install script
-- Up-to-date symlink: /home/rick/ros_ws/install/ros_bot/share/ros_bot/config/ball_tracker_params_robot.yaml
-- Up-to-date symlink: /home/rick/ros_ws/install/ros_bot/share/ros_bot/config/ball_tracker_params_sim.yaml
-- Up-to-date symlink: /home/rick/ros_ws/install/ros_bot/share/ros_bot/config/drive_bot.rviz
-- Up-to-date symlink: /home/rick/ros_ws/install/ros_bot/share/ros_bot/config/gaz_ros2_ctl_use_sim.yaml
-- Up-to-date symlink: /home/rick/ros_ws/install/ros_bot/share/ros_bot/config/gazebo_params.yaml
-- Up-to-date symlink: /home/rick/ros_ws/install/ros_bot/share/ros_bot/config/joystick.yaml
-- Up-to-date symlink: /home/rick/ros_ws/install/ros_bot/share/ros_bot/config/main.rviz
-- Up-to-date symlink: /home/rick/ros_ws/install/ros_bot/share/ros_bot/config/map.rviz
-- Up-to-date symlink: /home/rick/ros_ws/install/ros_bot/share/ros_bot/config/mapper_params_online_async.yaml
-- Up-to-date symlink: /home/rick/ros_ws/install/ros_bot/share/ros_bot/config/my_controllers.yaml
-- Up-to-date symlink: /home/rick/ros_ws/install/ros_bot/share/ros_bot/config/nav2_params.yaml
-- Up-to-date symlink: /home/rick/ros_ws/install/ros_bot/share/ros_bot/config/rviz.rviz
-- Up-to-date symlink: /home/rick/ros_ws/install/ros_bot/share/ros_bot/config/twist_mux.yaml
-- Up-to-date symlink: /home/rick/ros_ws/install/ros_bot/share/ros_bot/config/view_bot.rviz
-- Up-to-date symlink: /home/rick/ros_ws/install/ros_bot/share/ros_bot/description/camera.xacro
-- Up-to-date symlink: /home/rick/ros_ws/install/ros_bot/share/ros_bot/description/depth_camera.xacro
-- Up-to-date symlink: /home/rick/ros_ws/install/ros_bot/share/ros_bot/description/face.xacro
-- Up-to-date symlink: /home/rick/ros_ws/install/ros_bot/share/ros_bot/description/gazebo_control.xacro
-- Up-to-date symlink: /home/rick/ros_ws/install/ros_bot/share/ros_bot/description/imu.xacro
-- Up-to-date symlink: /home/rick/ros_ws/install/ros_bot/share/ros_bot/description/inertial_macros.xacro
-- Up-to-date symlink: /home/rick/ros_ws/install/ros_bot/share/ros_bot/description/lidar.xacro
-- Up-to-date symlink: /home/rick/ros_ws/install/ros_bot/share/ros_bot/description/robot.urdf.xacro
-- Up-to-date symlink: /home/rick/ros_ws/install/ros_bot/share/ros_bot/description/robot_core.xacro
-- Up-to-date symlink: /home/rick/ros_ws/install/ros_bot/share/ros_bot/description/ros2_control.xacro
-- Up-to-date symlink: /home/rick/ros_ws/install/ros_bot/share/ros_bot/launch/aio.launch.py
-- Up-to-date symlink: /home/rick/ros_ws/install/ros_bot/share/ros_bot/launch/ball_tracker.launch.py
-- Up-to-date symlink: /home/rick/ros_ws/install/ros_bot/share/ros_bot/launch/camera.launch.py
-- Up-to-date symlink: /home/rick/ros_ws/install/ros_bot/share/ros_bot/launch/ds4.launch.py
-- Up-to-date symlink: /home/rick/ros_ws/install/ros_bot/share/ros_bot/launch/joystick.launch.py
-- Up-to-date symlink: /home/rick/ros_ws/install/ros_bot/share/ros_bot/launch/launch_robot.launch.py
-- Up-to-date symlink: /home/rick/ros_ws/install/ros_bot/share/ros_bot/launch/launch_sim.launch.py
-- Up-to-date symlink: /home/rick/ros_ws/install/ros_bot/share/ros_bot/launch/localization_launch.py
-- Up-to-date symlink: /home/rick/ros_ws/install/ros_bot/share/ros_bot/launch/navigation_launch.py
-- Up-to-date symlink: /home/rick/ros_ws/install/ros_bot/share/ros_bot/launch/online_async_launch.py
-- Up-to-date symlink: /home/rick/ros_ws/install/ros_bot/share/ros_bot/launch/rplidar.launch.py
-- Up-to-date symlink: /home/rick/ros_ws/install/ros_bot/share/ros_bot/launch/rsp.launch.py
-- Up-to-date symlink: /home/rick/ros_ws/install/ros_bot/share/ros_bot/worlds/cafe.world
-- Up-to-date symlink: /home/rick/ros_ws/install/ros_bot/share/ros_bot/worlds/cafe/materials/textures/__auto_10.jpg
-- Up-to-date symlink: /home/rick/ros_ws/install/ros_bot/share/ros_bot/worlds/cafe/materials/textures/__auto_2.jpg
-- Up-to-date symlink: /home/rick/ros_ws/install/ros_bot/share/ros_bot/worlds/cafe/materials/textures/__auto_21.jpg
-- Up-to-date symlink: /home/rick/ros_ws/install/ros_bot/share/ros_bot/worlds/cafe/materials/textures/__auto_22.jpg
-- Up-to-date symlink: /home/rick/ros_ws/install/ros_bot/share/ros_bot/worlds/cafe/materials/textures/__auto_23.jpg
-- Up-to-date symlink: /home/rick/ros_ws/install/ros_bot/share/ros_bot/worlds/cafe/materials/textures/__auto_24.jpg
-- Up-to-date symlink: /home/rick/ros_ws/install/ros_bot/share/ros_bot/worlds/cafe/materials/textures/__auto_25.jpg
-- Up-to-date symlink: /home/rick/ros_ws/install/ros_bot/share/ros_bot/worlds/cafe/materials/textures/__auto_26.jpg
-- Up-to-date symlink: /home/rick/ros_ws/install/ros_bot/share/ros_bot/worlds/cafe/materials/textures/__auto_28.jpg
-- Up-to-date symlink: /home/rick/ros_ws/install/ros_bot/share/ros_bot/worlds/cafe/materials/textures/__auto_29.jpg
-- Up-to-date symlink: /home/rick/ros_ws/install/ros_bot/share/ros_bot/worlds/cafe/materials/textures/__auto_30.jpg
-- Up-to-date symlink: /home/rick/ros_ws/install/ros_bot/share/ros_bot/worlds/cafe/materials/textures/__auto_31.jpg
-- Up-to-date symlink: /home/rick/ros_ws/install/ros_bot/share/ros_bot/worlds/cafe/materials/textures/__auto_34.jpg
-- Up-to-date symlink: /home/rick/ros_ws/install/ros_bot/share/ros_bot/worlds/cafe/materials/textures/__auto_35.jpg
-- Up-to-date symlink: /home/rick/ros_ws/install/ros_bot/share/ros_bot/worlds/cafe/materials/textures/__auto_37.jpg
-- Up-to-date symlink: /home/rick/ros_ws/install/ros_bot/share/ros_bot/worlds/cafe/meshes/cafe.dae
-- Up-to-date symlink: /home/rick/ros_ws/install/ros_bot/share/ros_bot/worlds/cafe/model.config
-- Up-to-date symlink: /home/rick/ros_ws/install/ros_bot/share/ros_bot/worlds/cafe/model.sdf
-- Up-to-date symlink: /home/rick/ros_ws/install/ros_bot/share/ros_bot/worlds/cafe_table/materials/textures/Maple.jpg
-- Up-to-date symlink: /home/rick/ros_ws/install/ros_bot/share/ros_bot/worlds/cafe_table/materials/textures/Wood_Floor_Dark.jpg
-- Up-to-date symlink: /home/rick/ros_ws/install/ros_bot/share/ros_bot/worlds/cafe_table/meshes/cafe_table.dae
-- Up-to-date symlink: /home/rick/ros_ws/install/ros_bot/share/ros_bot/worlds/cafe_table/model-1_4.sdf
-- Up-to-date symlink: /home/rick/ros_ws/install/ros_bot/share/ros_bot/worlds/cafe_table/model.config
-- Up-to-date symlink: /home/rick/ros_ws/install/ros_bot/share/ros_bot/worlds/cafe_table/model.sdf
-- Up-to-date symlink: /home/rick/ros_ws/install/ros_bot/share/ros_bot/worlds/empty.world
-- Up-to-date symlink: /home/rick/ros_ws/install/ros_bot/share/ros_bot/maps/my_map.pgm
-- Up-to-date symlink: /home/rick/ros_ws/install/ros_bot/share/ros_bot/maps/my_map.yaml
-- Up-to-date symlink: /home/rick/ros_ws/install/ros_bot/share/ros_bot/maps/my_serialized_map.data
-- Up-to-date symlink: /home/rick/ros_ws/install/ros_bot/share/ros_bot/maps/my_serialized_map.posegraph
[31mCMake Error at ament_cmake_symlink_install/ament_cmake_symlink_install.cmake:204 (message):
  ament_cmake_symlink_install_programs() can't find
  '/home/rick/ros_ws/src/ros_bot/nodes/ros_odom_publisher.py'
Call Stack (most recent call first):
  ament_cmake_symlink_install/ament_cmake_symlink_install.cmake:317 (ament_cmake_symlink_install_programs)
  cmake_install.cmake:46 (include)

[0m
