[0.857s] Invoking command in '/home/rick/ros_ws/build/ayuda_description': PYTHONPATH=/home/rick/ros_ws/build/ayuda_description/prefix_override:/home/rick/ros_ws/install/ayuda_description/lib/python3.10/site-packages:${PYTHONPATH} /usr/bin/python3 setup.py develop --editable --build-directory /home/rick/ros_ws/build/ayuda_description/build --no-deps install_data
[1.116s] running develop
[1.116s] /usr/lib/python3/dist-packages/setuptools/command/easy_install.py:158: EasyInstallDeprecationWarning: easy_install command is deprecated. Use build and pip and other standards-based tools.
[1.116s]   warnings.warn(
[1.117s] /usr/lib/python3/dist-packages/setuptools/command/install.py:34: SetuptoolsDeprecationWarning: setup.py install is deprecated. Use build and pip and other standards-based tools.
[1.117s]   warnings.warn(
[1.272s] running egg_info
[1.272s] writing ayuda_description.egg-info/PKG-INFO
[1.272s] writing dependency_links to ayuda_description.egg-info/dependency_links.txt
[1.272s] writing entry points to ayuda_description.egg-info/entry_points.txt
[1.272s] writing requirements to ayuda_description.egg-info/requires.txt
[1.272s] writing top-level names to ayuda_description.egg-info/top_level.txt
[1.274s] reading manifest file 'ayuda_description.egg-info/SOURCES.txt'
[1.275s] writing manifest file 'ayuda_description.egg-info/SOURCES.txt'
[1.276s] running build_ext
[1.276s] Creating /home/rick/ros_ws/install/ayuda_description/lib/python3.10/site-packages/ayuda-description.egg-link (link to .)
[1.277s] Installing state_publisher script to /home/rick/ros_ws/install/ayuda_description/lib/ayuda_description
[1.277s] 
[1.278s] Installed /home/rick/ros_ws/build/ayuda_description
[1.278s] running install_data
[1.308s] Invoked command in '/home/rick/ros_ws/build/ayuda_description' returned '0': PYTHONPATH=/home/rick/ros_ws/build/ayuda_description/prefix_override:/home/rick/ros_ws/install/ayuda_description/lib/python3.10/site-packages:${PYTHONPATH} /usr/bin/python3 setup.py develop --editable --build-directory /home/rick/ros_ws/build/ayuda_description/build --no-deps install_data
