[0.874s] Invoking command in '/home/rick/ros_ws/build/ayuda_description': PYTHONPATH=/home/rick/ros_ws/build/ayuda_description/prefix_override:/home/rick/ros_ws/install/ayuda_description/lib/python3.10/site-packages:${PYTHONPATH} /usr/bin/python3 setup.py develop --editable --build-directory /home/rick/ros_ws/build/ayuda_description/build --no-deps install_data
[1.022s] running develop
[1.022s] /usr/lib/python3/dist-packages/setuptools/command/easy_install.py:158: EasyInstallDeprecationWarning: easy_install command is deprecated. Use build and pip and other standards-based tools.
[1.022s]   warnings.warn(
[1.023s] /usr/lib/python3/dist-packages/setuptools/command/install.py:34: SetuptoolsDeprecationWarning: setup.py install is deprecated. Use build and pip and other standards-based tools.
[1.023s]   warnings.warn(
[1.120s] running egg_info
[1.120s] writing ayuda_description.egg-info/PKG-INFO
[1.120s] writing dependency_links to ayuda_description.egg-info/dependency_links.txt
[1.120s] writing entry points to ayuda_description.egg-info/entry_points.txt
[1.120s] writing requirements to ayuda_description.egg-info/requires.txt
[1.120s] writing top-level names to ayuda_description.egg-info/top_level.txt
[1.122s] reading manifest file 'ayuda_description.egg-info/SOURCES.txt'
[1.122s] writing manifest file 'ayuda_description.egg-info/SOURCES.txt'
[1.123s] running build_ext
[1.123s] Creating /home/rick/ros_ws/install/ayuda_description/lib/python3.10/site-packages/ayuda-description.egg-link (link to .)
[1.124s] Installing state_publisher script to /home/rick/ros_ws/install/ayuda_description/lib/ayuda_description
[1.124s] 
[1.124s] Installed /home/rick/ros_ws/build/ayuda_description
[1.124s] running install_data
[1.219s] Invoked command in '/home/rick/ros_ws/build/ayuda_description' returned '0': PYTHONPATH=/home/rick/ros_ws/build/ayuda_description/prefix_override:/home/rick/ros_ws/install/ayuda_description/lib/python3.10/site-packages:${PYTHONPATH} /usr/bin/python3 setup.py develop --editable --build-directory /home/rick/ros_ws/build/ayuda_description/build --no-deps install_data
