[0.037s] Invoking command in '/home/rick/ros_ws/build/imu_tools': AMENT_PREFIX_PATH=/home/rick/ros_ws/install/rviz_imu_plugin:/home/rick/ros_ws/install/imu_filter_madgwick:/home/rick/ros_ws/install/imu_complementary_filter:${AMENT_PREFIX_PATH} CMAKE_PREFIX_PATH=/home/rick/ros_ws/install/rviz_imu_plugin:/home/rick/ros_ws/install/imu_filter_madgwick:/home/rick/ros_ws/install/imu_complementary_filter:/home/rick/ros_ws/install/rosbot_nav:/home/rick/ros_ws/install/ros_bot:/home/rick/ros_ws/install/ds4_driver:/home/rick/ros_ws/install/ds4_driver_msgs:/home/rick/ros_ws/install/cartographer_rviz:/home/rick/ros_ws/install/cartographer_ros:/home/rick/ros_ws/install/cartographer_ros_msgs:/home/rick/ros_ws/install/ayuda_description:/opt/ros/humble LD_LIBRARY_PATH=/home/rick/ros_ws/install/rviz_imu_plugin/lib:/home/rick/ros_ws/install/imu_filter_madgwick/lib:/home/rick/ros_ws/install/imu_complementary_filter/lib:/home/rick/ros_ws/install/ds4_driver_msgs/lib:/home/rick/ros_ws/install/cartographer_rviz/lib:/home/rick/ros_ws/install/cartographer_ros/lib:/home/rick/ros_ws/install/cartographer_ros_msgs/lib:/usr/lib/x86_64-linux-gnu/gazebo-11/plugins:/opt/ros/humble/opt/rviz_ogre_vendor/lib:/opt/ros/humble/lib/x86_64-linux-gnu:/opt/ros/humble/lib:/usr/local/cuda/lib64 /home/rick/.local/bin/cmake /home/rick/ros_ws/src/imu_tools/imu_tools -DAMENT_CMAKE_SYMLINK_INSTALL=1 -DCMAKE_INSTALL_PREFIX=/home/rick/ros_ws/install/imu_tools
[0.090s] -- The C compiler identification is GNU 11.4.0
[0.148s] -- The CXX compiler identification is GNU 11.4.0
[0.158s] -- Detecting C compiler ABI info
[0.245s] -- Detecting C compiler ABI info - done
[0.255s] -- Check for working C compiler: /usr/bin/cc - skipped
[0.255s] -- Detecting C compile features
[0.256s] -- Detecting C compile features - done
[0.270s] -- Detecting CXX compiler ABI info
[0.359s] -- Detecting CXX compiler ABI info - done
[0.373s] -- Check for working CXX compiler: /usr/bin/c++ - skipped
[0.373s] -- Detecting CXX compile features
[0.374s] -- Detecting CXX compile features - done
[0.376s] -- Found ament_cmake: 1.3.5 (/opt/ros/humble/share/ament_cmake/cmake)
[0.661s] -- Found Python3: /usr/bin/python3.10 (found version "3.10.12") found components: Interpreter 
[0.697s] -- Override CMake install command with custom implementation using symlinks instead of copying resources
[0.752s] -- Configuring done (0.7s)
[0.754s] -- Generating done (0.0s)
[0.754s] -- Build files have been written to: /home/rick/ros_ws/build/imu_tools
[0.761s] Invoked command in '/home/rick/ros_ws/build/imu_tools' returned '0': AMENT_PREFIX_PATH=/home/rick/ros_ws/install/rviz_imu_plugin:/home/rick/ros_ws/install/imu_filter_madgwick:/home/rick/ros_ws/install/imu_complementary_filter:${AMENT_PREFIX_PATH} CMAKE_PREFIX_PATH=/home/rick/ros_ws/install/rviz_imu_plugin:/home/rick/ros_ws/install/imu_filter_madgwick:/home/rick/ros_ws/install/imu_complementary_filter:/home/rick/ros_ws/install/rosbot_nav:/home/rick/ros_ws/install/ros_bot:/home/rick/ros_ws/install/ds4_driver:/home/rick/ros_ws/install/ds4_driver_msgs:/home/rick/ros_ws/install/cartographer_rviz:/home/rick/ros_ws/install/cartographer_ros:/home/rick/ros_ws/install/cartographer_ros_msgs:/home/rick/ros_ws/install/ayuda_description:/opt/ros/humble LD_LIBRARY_PATH=/home/rick/ros_ws/install/rviz_imu_plugin/lib:/home/rick/ros_ws/install/imu_filter_madgwick/lib:/home/rick/ros_ws/install/imu_complementary_filter/lib:/home/rick/ros_ws/install/ds4_driver_msgs/lib:/home/rick/ros_ws/install/cartographer_rviz/lib:/home/rick/ros_ws/install/cartographer_ros/lib:/home/rick/ros_ws/install/cartographer_ros_msgs/lib:/usr/lib/x86_64-linux-gnu/gazebo-11/plugins:/opt/ros/humble/opt/rviz_ogre_vendor/lib:/opt/ros/humble/lib/x86_64-linux-gnu:/opt/ros/humble/lib:/usr/local/cuda/lib64 /home/rick/.local/bin/cmake /home/rick/ros_ws/src/imu_tools/imu_tools -DAMENT_CMAKE_SYMLINK_INSTALL=1 -DCMAKE_INSTALL_PREFIX=/home/rick/ros_ws/install/imu_tools
[0.763s] Invoking command in '/home/rick/ros_ws/build/imu_tools': AMENT_PREFIX_PATH=/home/rick/ros_ws/install/rviz_imu_plugin:/home/rick/ros_ws/install/imu_filter_madgwick:/home/rick/ros_ws/install/imu_complementary_filter:${AMENT_PREFIX_PATH} CMAKE_PREFIX_PATH=/home/rick/ros_ws/install/rviz_imu_plugin:/home/rick/ros_ws/install/imu_filter_madgwick:/home/rick/ros_ws/install/imu_complementary_filter:/home/rick/ros_ws/install/rosbot_nav:/home/rick/ros_ws/install/ros_bot:/home/rick/ros_ws/install/ds4_driver:/home/rick/ros_ws/install/ds4_driver_msgs:/home/rick/ros_ws/install/cartographer_rviz:/home/rick/ros_ws/install/cartographer_ros:/home/rick/ros_ws/install/cartographer_ros_msgs:/home/rick/ros_ws/install/ayuda_description:/opt/ros/humble LD_LIBRARY_PATH=/home/rick/ros_ws/install/rviz_imu_plugin/lib:/home/rick/ros_ws/install/imu_filter_madgwick/lib:/home/rick/ros_ws/install/imu_complementary_filter/lib:/home/rick/ros_ws/install/ds4_driver_msgs/lib:/home/rick/ros_ws/install/cartographer_rviz/lib:/home/rick/ros_ws/install/cartographer_ros/lib:/home/rick/ros_ws/install/cartographer_ros_msgs/lib:/usr/lib/x86_64-linux-gnu/gazebo-11/plugins:/opt/ros/humble/opt/rviz_ogre_vendor/lib:/opt/ros/humble/lib/x86_64-linux-gnu:/opt/ros/humble/lib:/usr/local/cuda/lib64 /home/rick/.local/bin/cmake --build /home/rick/ros_ws/build/imu_tools -- -j24 -l24
[0.796s] Invoked command in '/home/rick/ros_ws/build/imu_tools' returned '0': AMENT_PREFIX_PATH=/home/rick/ros_ws/install/rviz_imu_plugin:/home/rick/ros_ws/install/imu_filter_madgwick:/home/rick/ros_ws/install/imu_complementary_filter:${AMENT_PREFIX_PATH} CMAKE_PREFIX_PATH=/home/rick/ros_ws/install/rviz_imu_plugin:/home/rick/ros_ws/install/imu_filter_madgwick:/home/rick/ros_ws/install/imu_complementary_filter:/home/rick/ros_ws/install/rosbot_nav:/home/rick/ros_ws/install/ros_bot:/home/rick/ros_ws/install/ds4_driver:/home/rick/ros_ws/install/ds4_driver_msgs:/home/rick/ros_ws/install/cartographer_rviz:/home/rick/ros_ws/install/cartographer_ros:/home/rick/ros_ws/install/cartographer_ros_msgs:/home/rick/ros_ws/install/ayuda_description:/opt/ros/humble LD_LIBRARY_PATH=/home/rick/ros_ws/install/rviz_imu_plugin/lib:/home/rick/ros_ws/install/imu_filter_madgwick/lib:/home/rick/ros_ws/install/imu_complementary_filter/lib:/home/rick/ros_ws/install/ds4_driver_msgs/lib:/home/rick/ros_ws/install/cartographer_rviz/lib:/home/rick/ros_ws/install/cartographer_ros/lib:/home/rick/ros_ws/install/cartographer_ros_msgs/lib:/usr/lib/x86_64-linux-gnu/gazebo-11/plugins:/opt/ros/humble/opt/rviz_ogre_vendor/lib:/opt/ros/humble/lib/x86_64-linux-gnu:/opt/ros/humble/lib:/usr/local/cuda/lib64 /home/rick/.local/bin/cmake --build /home/rick/ros_ws/build/imu_tools -- -j24 -l24
[0.831s] Invoking command in '/home/rick/ros_ws/build/imu_tools': AMENT_PREFIX_PATH=/home/rick/ros_ws/install/rviz_imu_plugin:/home/rick/ros_ws/install/imu_filter_madgwick:/home/rick/ros_ws/install/imu_complementary_filter:${AMENT_PREFIX_PATH} CMAKE_PREFIX_PATH=/home/rick/ros_ws/install/rviz_imu_plugin:/home/rick/ros_ws/install/imu_filter_madgwick:/home/rick/ros_ws/install/imu_complementary_filter:/home/rick/ros_ws/install/rosbot_nav:/home/rick/ros_ws/install/ros_bot:/home/rick/ros_ws/install/ds4_driver:/home/rick/ros_ws/install/ds4_driver_msgs:/home/rick/ros_ws/install/cartographer_rviz:/home/rick/ros_ws/install/cartographer_ros:/home/rick/ros_ws/install/cartographer_ros_msgs:/home/rick/ros_ws/install/ayuda_description:/opt/ros/humble LD_LIBRARY_PATH=/home/rick/ros_ws/install/rviz_imu_plugin/lib:/home/rick/ros_ws/install/imu_filter_madgwick/lib:/home/rick/ros_ws/install/imu_complementary_filter/lib:/home/rick/ros_ws/install/ds4_driver_msgs/lib:/home/rick/ros_ws/install/cartographer_rviz/lib:/home/rick/ros_ws/install/cartographer_ros/lib:/home/rick/ros_ws/install/cartographer_ros_msgs/lib:/usr/lib/x86_64-linux-gnu/gazebo-11/plugins:/opt/ros/humble/opt/rviz_ogre_vendor/lib:/opt/ros/humble/lib/x86_64-linux-gnu:/opt/ros/humble/lib:/usr/local/cuda/lib64 /home/rick/.local/bin/cmake --install /home/rick/ros_ws/build/imu_tools
[0.853s] -- Install configuration: ""
[0.853s] -- Execute custom install script
[0.853s] -- Symlinking: /home/rick/ros_ws/install/imu_tools/share/ament_index/resource_index/package_run_dependencies/imu_tools
[0.855s] -- Symlinking: /home/rick/ros_ws/install/imu_tools/share/ament_index/resource_index/parent_prefix_path/imu_tools
[0.856s] -- Symlinking: /home/rick/ros_ws/install/imu_tools/share/imu_tools/environment/ament_prefix_path.sh
[0.858s] -- Symlinking: /home/rick/ros_ws/install/imu_tools/share/imu_tools/environment/ament_prefix_path.dsv
[0.860s] -- Symlinking: /home/rick/ros_ws/install/imu_tools/share/imu_tools/environment/path.sh
[0.862s] -- Symlinking: /home/rick/ros_ws/install/imu_tools/share/imu_tools/environment/path.dsv
[0.864s] -- Symlinking: /home/rick/ros_ws/install/imu_tools/share/imu_tools/local_setup.bash
[0.867s] -- Symlinking: /home/rick/ros_ws/install/imu_tools/share/imu_tools/local_setup.sh
[0.870s] -- Symlinking: /home/rick/ros_ws/install/imu_tools/share/imu_tools/local_setup.zsh
[0.875s] -- Symlinking: /home/rick/ros_ws/install/imu_tools/share/imu_tools/local_setup.dsv
[0.881s] -- Symlinking: /home/rick/ros_ws/install/imu_tools/share/imu_tools/package.dsv
[0.887s] -- Symlinking: /home/rick/ros_ws/install/imu_tools/share/ament_index/resource_index/packages/imu_tools
[0.894s] -- Symlinking: /home/rick/ros_ws/install/imu_tools/share/imu_tools/cmake/imu_toolsConfig.cmake
[0.900s] -- Symlinking: /home/rick/ros_ws/install/imu_tools/share/imu_tools/cmake/imu_toolsConfig-version.cmake
[0.906s] -- Symlinking: /home/rick/ros_ws/install/imu_tools/share/imu_tools/package.xml
[0.926s] Invoked command in '/home/rick/ros_ws/build/imu_tools' returned '0': AMENT_PREFIX_PATH=/home/rick/ros_ws/install/rviz_imu_plugin:/home/rick/ros_ws/install/imu_filter_madgwick:/home/rick/ros_ws/install/imu_complementary_filter:${AMENT_PREFIX_PATH} CMAKE_PREFIX_PATH=/home/rick/ros_ws/install/rviz_imu_plugin:/home/rick/ros_ws/install/imu_filter_madgwick:/home/rick/ros_ws/install/imu_complementary_filter:/home/rick/ros_ws/install/rosbot_nav:/home/rick/ros_ws/install/ros_bot:/home/rick/ros_ws/install/ds4_driver:/home/rick/ros_ws/install/ds4_driver_msgs:/home/rick/ros_ws/install/cartographer_rviz:/home/rick/ros_ws/install/cartographer_ros:/home/rick/ros_ws/install/cartographer_ros_msgs:/home/rick/ros_ws/install/ayuda_description:/opt/ros/humble LD_LIBRARY_PATH=/home/rick/ros_ws/install/rviz_imu_plugin/lib:/home/rick/ros_ws/install/imu_filter_madgwick/lib:/home/rick/ros_ws/install/imu_complementary_filter/lib:/home/rick/ros_ws/install/ds4_driver_msgs/lib:/home/rick/ros_ws/install/cartographer_rviz/lib:/home/rick/ros_ws/install/cartographer_ros/lib:/home/rick/ros_ws/install/cartographer_ros_msgs/lib:/usr/lib/x86_64-linux-gnu/gazebo-11/plugins:/opt/ros/humble/opt/rviz_ogre_vendor/lib:/opt/ros/humble/lib/x86_64-linux-gnu:/opt/ros/humble/lib:/usr/local/cuda/lib64 /home/rick/.local/bin/cmake --install /home/rick/ros_ws/build/imu_tools
