[0.230s] Invoking command in '/home/rick/ros_ws/build/ds4_driver': CMAKE_PREFIX_PATH=/home/rick/ros_ws/install/ds4_driver_msgs:/home/rick/ros_ws/install/imu_tools:/home/rick/ros_ws/install/rviz_imu_plugin:/home/rick/ros_ws/install/rosbot_nav:/home/rick/ros_ws/install/ros_bot:/home/rick/ros_ws/install/imu_filter_madgwick:/home/rick/ros_ws/install/imu_complementary_filter:/home/rick/ros_ws/install/ds4_driver:/home/rick/ros_ws/install/cartographer_test:/home/rick/ros_ws/install/cartographer_rviz:/home/rick/ros_ws/install/cartographer_ros:/home/rick/ros_ws/install/ayuda_description:/opt/ros/humble:/home/rick/ros_ws/install/cartographer_ros_msgs LD_LIBRARY_PATH=/home/rick/ros_ws/install/ds4_driver_msgs/lib:/home/rick/ros_ws/install/rviz_imu_plugin/lib:/home/rick/ros_ws/install/imu_filter_madgwick/lib:/home/rick/ros_ws/install/imu_complementary_filter/lib:/home/rick/ros_ws/install/cartographer_rviz/lib:/home/rick/ros_ws/install/cartographer_ros/lib:/home/rick/ros_ws/install/cartographer_ros_msgs/lib:/usr/lib/x86_64-linux-gnu/gazebo-11/plugins:/opt/ros/humble/opt/rviz_ogre_vendor/lib:/opt/ros/humble/lib/x86_64-linux-gnu:/opt/ros/humble/lib:/usr/local/cuda/lib64 /home/rick/.local/bin/cmake --build /home/rick/ros_ws/build/ds4_driver -- -j24 -l24
[0.317s] Built target ament_cmake_python_symlink_ds4_driver
[0.660s] running egg_info
[0.660s] writing ds4_driver.egg-info/PKG-INFO
[0.683s] writing dependency_links to ds4_driver.egg-info/dependency_links.txt
[0.684s] writing top-level names to ds4_driver.egg-info/top_level.txt
[0.684s] reading manifest file 'ds4_driver.egg-info/SOURCES.txt'
[0.684s] writing manifest file 'ds4_driver.egg-info/SOURCES.txt'
[0.691s] Built target ament_cmake_python_build_ds4_driver_egg
[0.702s] Invoked command in '/home/rick/ros_ws/build/ds4_driver' returned '0': CMAKE_PREFIX_PATH=/home/rick/ros_ws/install/ds4_driver_msgs:/home/rick/ros_ws/install/imu_tools:/home/rick/ros_ws/install/rviz_imu_plugin:/home/rick/ros_ws/install/rosbot_nav:/home/rick/ros_ws/install/ros_bot:/home/rick/ros_ws/install/imu_filter_madgwick:/home/rick/ros_ws/install/imu_complementary_filter:/home/rick/ros_ws/install/ds4_driver:/home/rick/ros_ws/install/cartographer_test:/home/rick/ros_ws/install/cartographer_rviz:/home/rick/ros_ws/install/cartographer_ros:/home/rick/ros_ws/install/ayuda_description:/opt/ros/humble:/home/rick/ros_ws/install/cartographer_ros_msgs LD_LIBRARY_PATH=/home/rick/ros_ws/install/ds4_driver_msgs/lib:/home/rick/ros_ws/install/rviz_imu_plugin/lib:/home/rick/ros_ws/install/imu_filter_madgwick/lib:/home/rick/ros_ws/install/imu_complementary_filter/lib:/home/rick/ros_ws/install/cartographer_rviz/lib:/home/rick/ros_ws/install/cartographer_ros/lib:/home/rick/ros_ws/install/cartographer_ros_msgs/lib:/usr/lib/x86_64-linux-gnu/gazebo-11/plugins:/opt/ros/humble/opt/rviz_ogre_vendor/lib:/opt/ros/humble/lib/x86_64-linux-gnu:/opt/ros/humble/lib:/usr/local/cuda/lib64 /home/rick/.local/bin/cmake --build /home/rick/ros_ws/build/ds4_driver -- -j24 -l24
[0.941s] Invoking command in '/home/rick/ros_ws/build/ds4_driver': CMAKE_PREFIX_PATH=/home/rick/ros_ws/install/ds4_driver_msgs:/home/rick/ros_ws/install/imu_tools:/home/rick/ros_ws/install/rviz_imu_plugin:/home/rick/ros_ws/install/rosbot_nav:/home/rick/ros_ws/install/ros_bot:/home/rick/ros_ws/install/imu_filter_madgwick:/home/rick/ros_ws/install/imu_complementary_filter:/home/rick/ros_ws/install/ds4_driver:/home/rick/ros_ws/install/cartographer_test:/home/rick/ros_ws/install/cartographer_rviz:/home/rick/ros_ws/install/cartographer_ros:/home/rick/ros_ws/install/ayuda_description:/opt/ros/humble:/home/rick/ros_ws/install/cartographer_ros_msgs LD_LIBRARY_PATH=/home/rick/ros_ws/install/ds4_driver_msgs/lib:/home/rick/ros_ws/install/rviz_imu_plugin/lib:/home/rick/ros_ws/install/imu_filter_madgwick/lib:/home/rick/ros_ws/install/imu_complementary_filter/lib:/home/rick/ros_ws/install/cartographer_rviz/lib:/home/rick/ros_ws/install/cartographer_ros/lib:/home/rick/ros_ws/install/cartographer_ros_msgs/lib:/usr/lib/x86_64-linux-gnu/gazebo-11/plugins:/opt/ros/humble/opt/rviz_ogre_vendor/lib:/opt/ros/humble/lib/x86_64-linux-gnu:/opt/ros/humble/lib:/usr/local/cuda/lib64 /home/rick/.local/bin/cmake --install /home/rick/ros_ws/build/ds4_driver
[0.990s] -- Install configuration: ""
[0.991s] -- Execute custom install script
[0.992s] -- Up-to-date symlink: /home/rick/ros_ws/install/ds4_driver/share/ds4_driver/environment/pythonpath.sh
[0.992s] -- Up-to-date symlink: /home/rick/ros_ws/install/ds4_driver/share/ds4_driver/environment/pythonpath.dsv
[0.992s] -- Up-to-date symlink: /home/rick/ros_ws/install/ds4_driver/local/lib/python3.10/dist-packages/ds4_driver-0.2.1-py3.10.egg-info/PKG-INFO
[0.992s] -- Up-to-date symlink: /home/rick/ros_ws/install/ds4_driver/local/lib/python3.10/dist-packages/ds4_driver-0.2.1-py3.10.egg-info/SOURCES.txt
[0.995s] -- Up-to-date symlink: /home/rick/ros_ws/install/ds4_driver/local/lib/python3.10/dist-packages/ds4_driver-0.2.1-py3.10.egg-info/dependency_links.txt
[0.996s] -- Up-to-date symlink: /home/rick/ros_ws/install/ds4_driver/local/lib/python3.10/dist-packages/ds4_driver-0.2.1-py3.10.egg-info/top_level.txt
[0.996s] -- Up-to-date symlink: /home/rick/ros_ws/install/ds4_driver/local/lib/python3.10/dist-packages/ds4_driver/__init__.py
[0.996s] -- Up-to-date symlink: /home/rick/ros_ws/install/ds4_driver/local/lib/python3.10/dist-packages/ds4_driver/controller.py
[0.997s] -- Up-to-date symlink: /home/rick/ros_ws/install/ds4_driver/local/lib/python3.10/dist-packages/ds4_driver/controller_ros.py
[0.998s] -- Up-to-date symlink: /home/rick/ros_ws/install/ds4_driver/local/lib/python3.10/dist-packages/ds4_driver/logger.py
[0.998s] -- Up-to-date symlink: /home/rick/ros_ws/install/ds4_driver/share/ds4_driver//config/params.yaml
[0.998s] -- Up-to-date symlink: /home/rick/ros_ws/install/ds4_driver/share/ds4_driver//config/twist_2dof.yaml
[0.998s] -- Up-to-date symlink: /home/rick/ros_ws/install/ds4_driver/share/ds4_driver//config/twist_6dof.yaml
[0.998s] -- Up-to-date symlink: /home/rick/ros_ws/install/ds4_driver/share/ds4_driver//launch/demo.launch.xml
[0.999s] -- Up-to-date symlink: /home/rick/ros_ws/install/ds4_driver/share/ds4_driver//launch/ds4_driver.launch.xml
[1.000s] -- Up-to-date symlink: /home/rick/ros_ws/install/ds4_driver/share/ds4_driver//launch/ds4_twist.launch.xml
[1.000s] -- Up-to-date symlink: /home/rick/ros_ws/install/ds4_driver/lib/ds4_driver/demo.py
[1.000s] -- Up-to-date symlink: /home/rick/ros_ws/install/ds4_driver/lib/ds4_driver/ds4_driver_node.py
[1.000s] -- Up-to-date symlink: /home/rick/ros_ws/install/ds4_driver/lib/ds4_driver/ds4_twist_node.py
[1.000s] -- Up-to-date symlink: /home/rick/ros_ws/install/ds4_driver/share/ament_index/resource_index/package_run_dependencies/ds4_driver
[1.001s] -- Up-to-date symlink: /home/rick/ros_ws/install/ds4_driver/share/ament_index/resource_index/parent_prefix_path/ds4_driver
[1.002s] -- Up-to-date symlink: /home/rick/ros_ws/install/ds4_driver/share/ds4_driver/environment/ament_prefix_path.sh
[1.003s] -- Up-to-date symlink: /home/rick/ros_ws/install/ds4_driver/share/ds4_driver/environment/ament_prefix_path.dsv
[1.003s] -- Up-to-date symlink: /home/rick/ros_ws/install/ds4_driver/share/ds4_driver/environment/path.sh
[1.003s] -- Up-to-date symlink: /home/rick/ros_ws/install/ds4_driver/share/ds4_driver/environment/path.dsv
[1.004s] -- Up-to-date symlink: /home/rick/ros_ws/install/ds4_driver/share/ds4_driver/local_setup.bash
[1.004s] -- Up-to-date symlink: /home/rick/ros_ws/install/ds4_driver/share/ds4_driver/local_setup.sh
[1.005s] -- Up-to-date symlink: /home/rick/ros_ws/install/ds4_driver/share/ds4_driver/local_setup.zsh
[1.005s] -- Up-to-date symlink: /home/rick/ros_ws/install/ds4_driver/share/ds4_driver/local_setup.dsv
[1.005s] -- Symlinking: /home/rick/ros_ws/install/ds4_driver/share/ds4_driver/package.dsv
[1.015s] -- Up-to-date symlink: /home/rick/ros_ws/install/ds4_driver/share/ament_index/resource_index/packages/ds4_driver
[1.016s] -- Up-to-date symlink: /home/rick/ros_ws/install/ds4_driver/share/ds4_driver/cmake/ds4_driverConfig.cmake
[1.016s] -- Up-to-date symlink: /home/rick/ros_ws/install/ds4_driver/share/ds4_driver/cmake/ds4_driverConfig-version.cmake
[1.017s] -- Up-to-date symlink: /home/rick/ros_ws/install/ds4_driver/share/ds4_driver/package.xml
[1.106s] Listing '/home/rick/ros_ws/install/ds4_driver/local/lib/python3.10/dist-packages/ds4_driver'...
[1.123s] Invoked command in '/home/rick/ros_ws/build/ds4_driver' returned '0': CMAKE_PREFIX_PATH=/home/rick/ros_ws/install/ds4_driver_msgs:/home/rick/ros_ws/install/imu_tools:/home/rick/ros_ws/install/rviz_imu_plugin:/home/rick/ros_ws/install/rosbot_nav:/home/rick/ros_ws/install/ros_bot:/home/rick/ros_ws/install/imu_filter_madgwick:/home/rick/ros_ws/install/imu_complementary_filter:/home/rick/ros_ws/install/ds4_driver:/home/rick/ros_ws/install/cartographer_test:/home/rick/ros_ws/install/cartographer_rviz:/home/rick/ros_ws/install/cartographer_ros:/home/rick/ros_ws/install/ayuda_description:/opt/ros/humble:/home/rick/ros_ws/install/cartographer_ros_msgs LD_LIBRARY_PATH=/home/rick/ros_ws/install/ds4_driver_msgs/lib:/home/rick/ros_ws/install/rviz_imu_plugin/lib:/home/rick/ros_ws/install/imu_filter_madgwick/lib:/home/rick/ros_ws/install/imu_complementary_filter/lib:/home/rick/ros_ws/install/cartographer_rviz/lib:/home/rick/ros_ws/install/cartographer_ros/lib:/home/rick/ros_ws/install/cartographer_ros_msgs/lib:/usr/lib/x86_64-linux-gnu/gazebo-11/plugins:/opt/ros/humble/opt/rviz_ogre_vendor/lib:/opt/ros/humble/lib/x86_64-linux-gnu:/opt/ros/humble/lib:/usr/local/cuda/lib64 /home/rick/.local/bin/cmake --install /home/rick/ros_ws/build/ds4_driver
