[0.060s] Invoking command in '/home/rick/ros_ws/build/imu_tools': AMENT_PREFIX_PATH=/home/rick/ros_ws/install/rviz_imu_plugin:/home/rick/ros_ws/install/imu_filter_madgwick:/home/rick/ros_ws/install/imu_complementary_filter:${AMENT_PREFIX_PATH} CMAKE_PREFIX_PATH=/home/rick/ros_ws/install/rviz_imu_plugin:/home/rick/ros_ws/install/imu_filter_madgwick:/home/rick/ros_ws/install/imu_complementary_filter:/opt/ros/humble LD_LIBRARY_PATH=/home/rick/ros_ws/install/rviz_imu_plugin/lib:/home/rick/ros_ws/install/imu_filter_madgwick/lib:/home/rick/ros_ws/install/imu_complementary_filter/lib:/usr/lib/x86_64-linux-gnu/gazebo-11/plugins:/opt/ros/humble/opt/rviz_ogre_vendor/lib:/opt/ros/humble/lib/x86_64-linux-gnu:/opt/ros/humble/lib:/usr/local/cuda/lib64 /home/rick/.local/bin/cmake --build /home/rick/ros_ws/build/imu_tools -- -j24 -l24
[0.122s] Invoked command in '/home/rick/ros_ws/build/imu_tools' returned '0': AMENT_PREFIX_PATH=/home/rick/ros_ws/install/rviz_imu_plugin:/home/rick/ros_ws/install/imu_filter_madgwick:/home/rick/ros_ws/install/imu_complementary_filter:${AMENT_PREFIX_PATH} CMAKE_PREFIX_PATH=/home/rick/ros_ws/install/rviz_imu_plugin:/home/rick/ros_ws/install/imu_filter_madgwick:/home/rick/ros_ws/install/imu_complementary_filter:/opt/ros/humble LD_LIBRARY_PATH=/home/rick/ros_ws/install/rviz_imu_plugin/lib:/home/rick/ros_ws/install/imu_filter_madgwick/lib:/home/rick/ros_ws/install/imu_complementary_filter/lib:/usr/lib/x86_64-linux-gnu/gazebo-11/plugins:/opt/ros/humble/opt/rviz_ogre_vendor/lib:/opt/ros/humble/lib/x86_64-linux-gnu:/opt/ros/humble/lib:/usr/local/cuda/lib64 /home/rick/.local/bin/cmake --build /home/rick/ros_ws/build/imu_tools -- -j24 -l24
[0.212s] Invoking command in '/home/rick/ros_ws/build/imu_tools': AMENT_PREFIX_PATH=/home/rick/ros_ws/install/rviz_imu_plugin:/home/rick/ros_ws/install/imu_filter_madgwick:/home/rick/ros_ws/install/imu_complementary_filter:${AMENT_PREFIX_PATH} CMAKE_PREFIX_PATH=/home/rick/ros_ws/install/rviz_imu_plugin:/home/rick/ros_ws/install/imu_filter_madgwick:/home/rick/ros_ws/install/imu_complementary_filter:/opt/ros/humble LD_LIBRARY_PATH=/home/rick/ros_ws/install/rviz_imu_plugin/lib:/home/rick/ros_ws/install/imu_filter_madgwick/lib:/home/rick/ros_ws/install/imu_complementary_filter/lib:/usr/lib/x86_64-linux-gnu/gazebo-11/plugins:/opt/ros/humble/opt/rviz_ogre_vendor/lib:/opt/ros/humble/lib/x86_64-linux-gnu:/opt/ros/humble/lib:/usr/local/cuda/lib64 /home/rick/.local/bin/cmake --install /home/rick/ros_ws/build/imu_tools
[0.232s] -- Install configuration: ""
[0.232s] -- Execute custom install script
[0.232s] -- Up-to-date symlink: /home/rick/ros_ws/install/imu_tools/share/ament_index/resource_index/package_run_dependencies/imu_tools
[0.232s] -- Up-to-date symlink: /home/rick/ros_ws/install/imu_tools/share/ament_index/resource_index/parent_prefix_path/imu_tools
[0.233s] -- Up-to-date symlink: /home/rick/ros_ws/install/imu_tools/share/imu_tools/environment/ament_prefix_path.sh
[0.233s] -- Up-to-date symlink: /home/rick/ros_ws/install/imu_tools/share/imu_tools/environment/ament_prefix_path.dsv
[0.233s] -- Up-to-date symlink: /home/rick/ros_ws/install/imu_tools/share/imu_tools/environment/path.sh
[0.233s] -- Up-to-date symlink: /home/rick/ros_ws/install/imu_tools/share/imu_tools/environment/path.dsv
[0.233s] -- Up-to-date symlink: /home/rick/ros_ws/install/imu_tools/share/imu_tools/local_setup.bash
[0.233s] -- Up-to-date symlink: /home/rick/ros_ws/install/imu_tools/share/imu_tools/local_setup.sh
[0.233s] -- Up-to-date symlink: /home/rick/ros_ws/install/imu_tools/share/imu_tools/local_setup.zsh
[0.233s] -- Up-to-date symlink: /home/rick/ros_ws/install/imu_tools/share/imu_tools/local_setup.dsv
[0.233s] -- Symlinking: /home/rick/ros_ws/install/imu_tools/share/imu_tools/package.dsv
[0.235s] -- Up-to-date symlink: /home/rick/ros_ws/install/imu_tools/share/ament_index/resource_index/packages/imu_tools
[0.235s] -- Up-to-date symlink: /home/rick/ros_ws/install/imu_tools/share/imu_tools/cmake/imu_toolsConfig.cmake
[0.235s] -- Up-to-date symlink: /home/rick/ros_ws/install/imu_tools/share/imu_tools/cmake/imu_toolsConfig-version.cmake
[0.235s] -- Up-to-date symlink: /home/rick/ros_ws/install/imu_tools/share/imu_tools/package.xml
[0.238s] Invoked command in '/home/rick/ros_ws/build/imu_tools' returned '0': AMENT_PREFIX_PATH=/home/rick/ros_ws/install/rviz_imu_plugin:/home/rick/ros_ws/install/imu_filter_madgwick:/home/rick/ros_ws/install/imu_complementary_filter:${AMENT_PREFIX_PATH} CMAKE_PREFIX_PATH=/home/rick/ros_ws/install/rviz_imu_plugin:/home/rick/ros_ws/install/imu_filter_madgwick:/home/rick/ros_ws/install/imu_complementary_filter:/opt/ros/humble LD_LIBRARY_PATH=/home/rick/ros_ws/install/rviz_imu_plugin/lib:/home/rick/ros_ws/install/imu_filter_madgwick/lib:/home/rick/ros_ws/install/imu_complementary_filter/lib:/usr/lib/x86_64-linux-gnu/gazebo-11/plugins:/opt/ros/humble/opt/rviz_ogre_vendor/lib:/opt/ros/humble/lib/x86_64-linux-gnu:/opt/ros/humble/lib:/usr/local/cuda/lib64 /home/rick/.local/bin/cmake --install /home/rick/ros_ws/build/imu_tools
