[0.040s] Invoking command in '/home/rick/ros_ws/build/ros_bot_cartographer': CMAKE_PREFIX_PATH=${CMAKE_PREFIX_PATH}:/opt/ros/humble /home/rick/.local/bin/cmake /home/rick/ros_ws/src/ros_bot_cartographer -DAMENT_CMAKE_SYMLINK_INSTALL=1 -DCMAKE_INSTALL_PREFIX=/home/rick/ros_ws/install/ros_bot_cartographer
[0.083s] -- The C compiler identification is GNU 11.4.0
[0.121s] -- The CXX compiler identification is GNU 11.4.0
[0.129s] -- Detecting C compiler ABI info
[0.167s] -- Detecting C compiler ABI info - done
[0.175s] -- Check for working C compiler: /usr/bin/cc - skipped
[0.176s] -- Detecting C compile features
[0.176s] -- Detecting C compile features - done
[0.182s] -- Detecting CXX compiler ABI info
[0.225s] -- Detecting CXX compiler ABI info - done
[0.235s] -- Check for working CXX compiler: /usr/bin/c++ - skipped
[0.235s] -- Detecting CXX compile features
[0.235s] -- Detecting CXX compile features - done
[0.237s] -- Found ament_cmake: 1.3.5 (/opt/ros/humble/share/ament_cmake/cmake)
[0.522s] -- Found Python3: /usr/bin/python3.10 (found version "3.10.12") found components: Interpreter 
[0.559s] -- Override CMake install command with custom implementation using symlinks instead of copying resources
[0.575s] -- Found ament_lint_auto: 0.12.8 (/opt/ros/humble/share/ament_lint_auto/cmake)
[0.622s] -- Added test 'flake8' to check Python code syntax and style conventions
[0.622s] -- Added test 'lint_cmake' to check CMake code style
[0.622s] -- Added test 'pep257' to check Python code against some of the docstring style conventions in PEP 257
[0.623s] -- Added test 'xmllint' to check XML markup files
[0.625s] -- Configuring done (0.6s)
[0.627s] -- Generating done (0.0s)
[0.627s] -- Build files have been written to: /home/rick/ros_ws/build/ros_bot_cartographer
[0.633s] Invoked command in '/home/rick/ros_ws/build/ros_bot_cartographer' returned '0': CMAKE_PREFIX_PATH=${CMAKE_PREFIX_PATH}:/opt/ros/humble /home/rick/.local/bin/cmake /home/rick/ros_ws/src/ros_bot_cartographer -DAMENT_CMAKE_SYMLINK_INSTALL=1 -DCMAKE_INSTALL_PREFIX=/home/rick/ros_ws/install/ros_bot_cartographer
[0.634s] Invoking command in '/home/rick/ros_ws/build/ros_bot_cartographer': CMAKE_PREFIX_PATH=${CMAKE_PREFIX_PATH}:/opt/ros/humble /home/rick/.local/bin/cmake --build /home/rick/ros_ws/build/ros_bot_cartographer -- -j24 -l24
[0.660s] Invoked command in '/home/rick/ros_ws/build/ros_bot_cartographer' returned '0': CMAKE_PREFIX_PATH=${CMAKE_PREFIX_PATH}:/opt/ros/humble /home/rick/.local/bin/cmake --build /home/rick/ros_ws/build/ros_bot_cartographer -- -j24 -l24
[0.688s] Invoking command in '/home/rick/ros_ws/build/ros_bot_cartographer': CMAKE_PREFIX_PATH=${CMAKE_PREFIX_PATH}:/opt/ros/humble /home/rick/.local/bin/cmake --install /home/rick/ros_ws/build/ros_bot_cartographer
[0.704s] -- Install configuration: ""
[0.704s] -- Execute custom install script
[0.705s] -- Symlinking: /home/rick/ros_ws/install/ros_bot_cartographer/share/ament_index/resource_index/package_run_dependencies/ros_bot_cartographer
[0.707s] -- Symlinking: /home/rick/ros_ws/install/ros_bot_cartographer/share/ament_index/resource_index/parent_prefix_path/ros_bot_cartographer
[0.709s] -- Symlinking: /home/rick/ros_ws/install/ros_bot_cartographer/share/ros_bot_cartographer/environment/ament_prefix_path.sh
[0.711s] -- Symlinking: /home/rick/ros_ws/install/ros_bot_cartographer/share/ros_bot_cartographer/environment/ament_prefix_path.dsv
[0.712s] -- Symlinking: /home/rick/ros_ws/install/ros_bot_cartographer/share/ros_bot_cartographer/environment/path.sh
[0.714s] -- Symlinking: /home/rick/ros_ws/install/ros_bot_cartographer/share/ros_bot_cartographer/environment/path.dsv
[0.715s] -- Symlinking: /home/rick/ros_ws/install/ros_bot_cartographer/share/ros_bot_cartographer/local_setup.bash
[0.717s] -- Symlinking: /home/rick/ros_ws/install/ros_bot_cartographer/share/ros_bot_cartographer/local_setup.sh
[0.718s] -- Symlinking: /home/rick/ros_ws/install/ros_bot_cartographer/share/ros_bot_cartographer/local_setup.zsh
[0.720s] -- Symlinking: /home/rick/ros_ws/install/ros_bot_cartographer/share/ros_bot_cartographer/local_setup.dsv
[0.721s] -- Symlinking: /home/rick/ros_ws/install/ros_bot_cartographer/share/ros_bot_cartographer/package.dsv
[0.723s] -- Symlinking: /home/rick/ros_ws/install/ros_bot_cartographer/share/ament_index/resource_index/packages/ros_bot_cartographer
[0.724s] -- Symlinking: /home/rick/ros_ws/install/ros_bot_cartographer/share/ros_bot_cartographer/cmake/ros_bot_cartographerConfig.cmake
[0.726s] -- Symlinking: /home/rick/ros_ws/install/ros_bot_cartographer/share/ros_bot_cartographer/cmake/ros_bot_cartographerConfig-version.cmake
[0.728s] -- Symlinking: /home/rick/ros_ws/install/ros_bot_cartographer/share/ros_bot_cartographer/package.xml
[0.730s] -- Symlinking: /home/rick/ros_ws/install/ros_bot_cartographer/share/ros_bot_cartographer/config/2d.lua
[0.731s] -- Symlinking: /home/rick/ros_ws/install/ros_bot_cartographer/share/ros_bot_cartographer/launch/cartographer.launch.py
[0.737s] Invoked command in '/home/rick/ros_ws/build/ros_bot_cartographer' returned '0': CMAKE_PREFIX_PATH=${CMAKE_PREFIX_PATH}:/opt/ros/humble /home/rick/.local/bin/cmake --install /home/rick/ros_ws/build/ros_bot_cartographer
