[0.038s] Invoking command in '/home/rick/ros_ws/build/ds4_driver': CMAKE_PREFIX_PATH=/home/rick/ros_ws/install/ds4_driver_msgs:/home/rick/ros_ws/install/ros_bot:/home/rick/ros_ws/install/ds4_driver:/opt/ros/humble LD_LIBRARY_PATH=/home/rick/ros_ws/install/ds4_driver_msgs/lib:/opt/ros/humble/opt/rviz_ogre_vendor/lib:/opt/ros/humble/lib/x86_64-linux-gnu:/opt/ros/humble/lib:/usr/local/cuda/lib64 /home/rick/.local/bin/cmake --build /home/rick/ros_ws/build/ds4_driver -- -j24 -l24
[0.083s] Built target ament_cmake_python_symlink_ds4_driver
[0.216s] running egg_info
[0.217s] writing ds4_driver.egg-info/PKG-INFO
[0.217s] writing dependency_links to ds4_driver.egg-info/dependency_links.txt
[0.217s] writing top-level names to ds4_driver.egg-info/top_level.txt
[0.218s] reading manifest file 'ds4_driver.egg-info/SOURCES.txt'
[0.219s] writing manifest file 'ds4_driver.egg-info/SOURCES.txt'
[0.236s] Built target ament_cmake_python_build_ds4_driver_egg
[0.246s] Invoked command in '/home/rick/ros_ws/build/ds4_driver' returned '0': CMAKE_PREFIX_PATH=/home/rick/ros_ws/install/ds4_driver_msgs:/home/rick/ros_ws/install/ros_bot:/home/rick/ros_ws/install/ds4_driver:/opt/ros/humble LD_LIBRARY_PATH=/home/rick/ros_ws/install/ds4_driver_msgs/lib:/opt/ros/humble/opt/rviz_ogre_vendor/lib:/opt/ros/humble/lib/x86_64-linux-gnu:/opt/ros/humble/lib:/usr/local/cuda/lib64 /home/rick/.local/bin/cmake --build /home/rick/ros_ws/build/ds4_driver -- -j24 -l24
[0.273s] Invoking command in '/home/rick/ros_ws/build/ds4_driver': CMAKE_PREFIX_PATH=/home/rick/ros_ws/install/ds4_driver_msgs:/home/rick/ros_ws/install/ros_bot:/home/rick/ros_ws/install/ds4_driver:/opt/ros/humble LD_LIBRARY_PATH=/home/rick/ros_ws/install/ds4_driver_msgs/lib:/opt/ros/humble/opt/rviz_ogre_vendor/lib:/opt/ros/humble/lib/x86_64-linux-gnu:/opt/ros/humble/lib:/usr/local/cuda/lib64 /home/rick/.local/bin/cmake --install /home/rick/ros_ws/build/ds4_driver
[0.290s] -- Install configuration: ""
[0.290s] -- Execute custom install script
[0.290s] -- Up-to-date symlink: /home/rick/ros_ws/install/ds4_driver/share/ds4_driver/environment/pythonpath.sh
[0.290s] -- Up-to-date symlink: /home/rick/ros_ws/install/ds4_driver/share/ds4_driver/environment/pythonpath.dsv
[0.290s] -- Up-to-date symlink: /home/rick/ros_ws/install/ds4_driver/local/lib/python3.10/dist-packages/ds4_driver-0.2.1-py3.10.egg-info/PKG-INFO
[0.290s] -- Up-to-date symlink: /home/rick/ros_ws/install/ds4_driver/local/lib/python3.10/dist-packages/ds4_driver-0.2.1-py3.10.egg-info/SOURCES.txt
[0.291s] -- Up-to-date symlink: /home/rick/ros_ws/install/ds4_driver/local/lib/python3.10/dist-packages/ds4_driver-0.2.1-py3.10.egg-info/dependency_links.txt
[0.291s] -- Up-to-date symlink: /home/rick/ros_ws/install/ds4_driver/local/lib/python3.10/dist-packages/ds4_driver-0.2.1-py3.10.egg-info/top_level.txt
[0.291s] -- Up-to-date symlink: /home/rick/ros_ws/install/ds4_driver/local/lib/python3.10/dist-packages/ds4_driver/__init__.py
[0.291s] -- Up-to-date symlink: /home/rick/ros_ws/install/ds4_driver/local/lib/python3.10/dist-packages/ds4_driver/controller.py
[0.291s] -- Up-to-date symlink: /home/rick/ros_ws/install/ds4_driver/local/lib/python3.10/dist-packages/ds4_driver/controller_ros.py
[0.291s] -- Up-to-date symlink: /home/rick/ros_ws/install/ds4_driver/local/lib/python3.10/dist-packages/ds4_driver/logger.py
[0.291s] -- Up-to-date symlink: /home/rick/ros_ws/install/ds4_driver/share/ds4_driver//config/params.yaml
[0.291s] -- Up-to-date symlink: /home/rick/ros_ws/install/ds4_driver/share/ds4_driver//config/twist_2dof.yaml
[0.291s] -- Up-to-date symlink: /home/rick/ros_ws/install/ds4_driver/share/ds4_driver//config/twist_6dof.yaml
[0.291s] -- Up-to-date symlink: /home/rick/ros_ws/install/ds4_driver/share/ds4_driver//launch/demo.launch.xml
[0.291s] -- Up-to-date symlink: /home/rick/ros_ws/install/ds4_driver/share/ds4_driver//launch/ds4_driver.launch.xml
[0.291s] -- Up-to-date symlink: /home/rick/ros_ws/install/ds4_driver/share/ds4_driver//launch/ds4_twist.launch.xml
[0.291s] -- Up-to-date symlink: /home/rick/ros_ws/install/ds4_driver/lib/ds4_driver/demo.py
[0.291s] -- Up-to-date symlink: /home/rick/ros_ws/install/ds4_driver/lib/ds4_driver/ds4_driver_node.py
[0.291s] -- Up-to-date symlink: /home/rick/ros_ws/install/ds4_driver/lib/ds4_driver/ds4_twist_node.py
[0.291s] -- Up-to-date symlink: /home/rick/ros_ws/install/ds4_driver/share/ament_index/resource_index/package_run_dependencies/ds4_driver
[0.292s] -- Up-to-date symlink: /home/rick/ros_ws/install/ds4_driver/share/ament_index/resource_index/parent_prefix_path/ds4_driver
[0.292s] -- Up-to-date symlink: /home/rick/ros_ws/install/ds4_driver/share/ds4_driver/environment/ament_prefix_path.sh
[0.292s] -- Up-to-date symlink: /home/rick/ros_ws/install/ds4_driver/share/ds4_driver/environment/ament_prefix_path.dsv
[0.292s] -- Up-to-date symlink: /home/rick/ros_ws/install/ds4_driver/share/ds4_driver/environment/path.sh
[0.292s] -- Up-to-date symlink: /home/rick/ros_ws/install/ds4_driver/share/ds4_driver/environment/path.dsv
[0.292s] -- Up-to-date symlink: /home/rick/ros_ws/install/ds4_driver/share/ds4_driver/local_setup.bash
[0.292s] -- Up-to-date symlink: /home/rick/ros_ws/install/ds4_driver/share/ds4_driver/local_setup.sh
[0.292s] -- Up-to-date symlink: /home/rick/ros_ws/install/ds4_driver/share/ds4_driver/local_setup.zsh
[0.292s] -- Up-to-date symlink: /home/rick/ros_ws/install/ds4_driver/share/ds4_driver/local_setup.dsv
[0.292s] -- Symlinking: /home/rick/ros_ws/install/ds4_driver/share/ds4_driver/package.dsv
[0.297s] -- Up-to-date symlink: /home/rick/ros_ws/install/ds4_driver/share/ament_index/resource_index/packages/ds4_driver
[0.297s] -- Up-to-date symlink: /home/rick/ros_ws/install/ds4_driver/share/ds4_driver/cmake/ds4_driverConfig.cmake
[0.297s] -- Up-to-date symlink: /home/rick/ros_ws/install/ds4_driver/share/ds4_driver/cmake/ds4_driverConfig-version.cmake
[0.297s] -- Up-to-date symlink: /home/rick/ros_ws/install/ds4_driver/share/ds4_driver/package.xml
[0.316s] Listing '/home/rick/ros_ws/install/ds4_driver/local/lib/python3.10/dist-packages/ds4_driver'...
[0.322s] Invoked command in '/home/rick/ros_ws/build/ds4_driver' returned '0': CMAKE_PREFIX_PATH=/home/rick/ros_ws/install/ds4_driver_msgs:/home/rick/ros_ws/install/ros_bot:/home/rick/ros_ws/install/ds4_driver:/opt/ros/humble LD_LIBRARY_PATH=/home/rick/ros_ws/install/ds4_driver_msgs/lib:/opt/ros/humble/opt/rviz_ogre_vendor/lib:/opt/ros/humble/lib/x86_64-linux-gnu:/opt/ros/humble/lib:/usr/local/cuda/lib64 /home/rick/.local/bin/cmake --install /home/rick/ros_ws/build/ds4_driver
