[0.325s] Invoking command in '/home/rick/ros_ws/build/rosbot_nav': CMAKE_PREFIX_PATH=/home/rick/ros_ws/install/imu_tools:/home/rick/ros_ws/install/rviz_imu_plugin:/home/rick/ros_ws/install/rosbot_nav:/home/rick/ros_ws/install/ros_bot:/home/rick/ros_ws/install/imu_filter_madgwick:/home/rick/ros_ws/install/imu_complementary_filter:/home/rick/ros_ws/install/ds4_driver:/home/rick/ros_ws/install/ds4_driver_msgs:/home/rick/ros_ws/install/cartographer_test:/home/rick/ros_ws/install/cartographer_rviz:/home/rick/ros_ws/install/cartographer_ros:/home/rick/ros_ws/install/ayuda_description:/opt/ros/humble:/home/rick/ros_ws/install/cartographer_ros_msgs:/home/rick/ros_ws/install/cartographer /home/rick/.local/bin/cmake --build /home/rick/ros_ws/build/rosbot_nav -- -j24 -l24
[0.348s] Invoked command in '/home/rick/ros_ws/build/rosbot_nav' returned '0': CMAKE_PREFIX_PATH=/home/rick/ros_ws/install/imu_tools:/home/rick/ros_ws/install/rviz_imu_plugin:/home/rick/ros_ws/install/rosbot_nav:/home/rick/ros_ws/install/ros_bot:/home/rick/ros_ws/install/imu_filter_madgwick:/home/rick/ros_ws/install/imu_complementary_filter:/home/rick/ros_ws/install/ds4_driver:/home/rick/ros_ws/install/ds4_driver_msgs:/home/rick/ros_ws/install/cartographer_test:/home/rick/ros_ws/install/cartographer_rviz:/home/rick/ros_ws/install/cartographer_ros:/home/rick/ros_ws/install/ayuda_description:/opt/ros/humble:/home/rick/ros_ws/install/cartographer_ros_msgs:/home/rick/ros_ws/install/cartographer /home/rick/.local/bin/cmake --build /home/rick/ros_ws/build/rosbot_nav -- -j24 -l24
[0.383s] Invoking command in '/home/rick/ros_ws/build/rosbot_nav': CMAKE_PREFIX_PATH=/home/rick/ros_ws/install/imu_tools:/home/rick/ros_ws/install/rviz_imu_plugin:/home/rick/ros_ws/install/rosbot_nav:/home/rick/ros_ws/install/ros_bot:/home/rick/ros_ws/install/imu_filter_madgwick:/home/rick/ros_ws/install/imu_complementary_filter:/home/rick/ros_ws/install/ds4_driver:/home/rick/ros_ws/install/ds4_driver_msgs:/home/rick/ros_ws/install/cartographer_test:/home/rick/ros_ws/install/cartographer_rviz:/home/rick/ros_ws/install/cartographer_ros:/home/rick/ros_ws/install/ayuda_description:/opt/ros/humble:/home/rick/ros_ws/install/cartographer_ros_msgs:/home/rick/ros_ws/install/cartographer /home/rick/.local/bin/cmake --install /home/rick/ros_ws/build/rosbot_nav
[0.402s] -- Install configuration: ""
[0.402s] -- Execute custom install script
[0.403s] -- Up-to-date symlink: /home/rick/ros_ws/install/rosbot_nav/share/ament_index/resource_index/package_run_dependencies/rosbot_nav
[0.403s] -- Up-to-date symlink: /home/rick/ros_ws/install/rosbot_nav/share/ament_index/resource_index/parent_prefix_path/rosbot_nav
[0.404s] -- Up-to-date symlink: /home/rick/ros_ws/install/rosbot_nav/share/rosbot_nav/environment/ament_prefix_path.sh
[0.404s] -- Up-to-date symlink: /home/rick/ros_ws/install/rosbot_nav/share/rosbot_nav/environment/ament_prefix_path.dsv
[0.405s] -- Up-to-date symlink: /home/rick/ros_ws/install/rosbot_nav/share/rosbot_nav/environment/path.sh
[0.405s] -- Up-to-date symlink: /home/rick/ros_ws/install/rosbot_nav/share/rosbot_nav/environment/path.dsv
[0.405s] -- Up-to-date symlink: /home/rick/ros_ws/install/rosbot_nav/share/rosbot_nav/local_setup.bash
[0.405s] -- Up-to-date symlink: /home/rick/ros_ws/install/rosbot_nav/share/rosbot_nav/local_setup.sh
[0.405s] -- Up-to-date symlink: /home/rick/ros_ws/install/rosbot_nav/share/rosbot_nav/local_setup.zsh
[0.406s] -- Up-to-date symlink: /home/rick/ros_ws/install/rosbot_nav/share/rosbot_nav/local_setup.dsv
[0.406s] -- Symlinking: /home/rick/ros_ws/install/rosbot_nav/share/rosbot_nav/package.dsv
[0.411s] -- Up-to-date symlink: /home/rick/ros_ws/install/rosbot_nav/share/ament_index/resource_index/packages/rosbot_nav
[0.412s] -- Up-to-date symlink: /home/rick/ros_ws/install/rosbot_nav/share/rosbot_nav/cmake/rosbot_navConfig.cmake
[0.412s] -- Up-to-date symlink: /home/rick/ros_ws/install/rosbot_nav/share/rosbot_nav/cmake/rosbot_navConfig-version.cmake
[0.413s] -- Up-to-date symlink: /home/rick/ros_ws/install/rosbot_nav/share/rosbot_nav/package.xml
[0.462s] Invoked command in '/home/rick/ros_ws/build/rosbot_nav' returned '0': CMAKE_PREFIX_PATH=/home/rick/ros_ws/install/imu_tools:/home/rick/ros_ws/install/rviz_imu_plugin:/home/rick/ros_ws/install/rosbot_nav:/home/rick/ros_ws/install/ros_bot:/home/rick/ros_ws/install/imu_filter_madgwick:/home/rick/ros_ws/install/imu_complementary_filter:/home/rick/ros_ws/install/ds4_driver:/home/rick/ros_ws/install/ds4_driver_msgs:/home/rick/ros_ws/install/cartographer_test:/home/rick/ros_ws/install/cartographer_rviz:/home/rick/ros_ws/install/cartographer_ros:/home/rick/ros_ws/install/ayuda_description:/opt/ros/humble:/home/rick/ros_ws/install/cartographer_ros_msgs:/home/rick/ros_ws/install/cartographer /home/rick/.local/bin/cmake --install /home/rick/ros_ws/build/rosbot_nav
