[0.079s] Invoking command in '/home/rick/ros_ws/build/ds4_driver_msgs': CMAKE_PREFIX_PATH=/opt/ros/humble /home/rick/.local/bin/cmake /home/rick/ros_ws/src/ds4_driver/ds4_driver_msgs -DAMENT_CMAKE_SYMLINK_INSTALL=1 -DCMAKE_INSTALL_PREFIX=/home/rick/ros_ws/install/ds4_driver_msgs
[0.243s] -- The C compiler identification is GNU 11.4.0
[0.243s] -- The CXX compiler identification is GNU 11.4.0
[0.243s] -- Detecting C compiler ABI info
[0.243s] -- Detecting C compiler ABI info - done
[0.249s] -- Check for working C compiler: /usr/bin/cc - skipped
[0.249s] -- Detecting C compile features
[0.249s] -- Detecting C compile features - done
[0.255s] -- Detecting CXX compiler ABI info
[0.294s] -- Detecting CXX compiler ABI info - done
[0.302s] -- Check for working CXX compiler: /usr/bin/c++ - skipped
[0.302s] -- Detecting CXX compile features
[0.303s] -- Detecting CXX compile features - done
[0.304s] -- Found ament_cmake: 1.3.5 (/opt/ros/humble/share/ament_cmake/cmake)
[0.552s] -- Found Python3: /usr/bin/python3.10 (found version "3.10.12") found components: Interpreter 
[0.592s] -- Override CMake install command with custom implementation using symlinks instead of copying resources
[0.613s] -- Found builtin_interfaces: 1.2.1 (/opt/ros/humble/share/builtin_interfaces/cmake)
[0.638s] -- Found rosidl_generator_c: 3.1.5 (/opt/ros/humble/share/rosidl_generator_c/cmake)
[0.641s] -- Found rosidl_adapter: 3.1.5 (/opt/ros/humble/share/rosidl_adapter/cmake)
[0.647s] -- Found rosidl_generator_cpp: 3.1.5 (/opt/ros/humble/share/rosidl_generator_cpp/cmake)
[0.657s] -- Using all available rosidl_typesupport_c: rosidl_typesupport_fastrtps_c;rosidl_typesupport_introspection_c
[0.670s] -- Using all available rosidl_typesupport_cpp: rosidl_typesupport_fastrtps_cpp;rosidl_typesupport_introspection_cpp
[0.683s] -- Found std_msgs: 4.2.3 (/opt/ros/humble/share/std_msgs/cmake)
[0.708s] -- Found sensor_msgs: 4.2.3 (/opt/ros/humble/share/sensor_msgs/cmake)
[0.794s] -- Found rosidl_default_generators: 1.2.0 (/opt/ros/humble/share/rosidl_default_generators/cmake)
[1.063s] -- Found ament_cmake_ros: 0.10.0 (/opt/ros/humble/share/ament_cmake_ros/cmake)
[1.573s] -- Using all available rosidl_typesupport_c: rosidl_typesupport_fastrtps_c;rosidl_typesupport_introspection_c
[1.770s] -- Using all available rosidl_typesupport_cpp: rosidl_typesupport_fastrtps_cpp;rosidl_typesupport_introspection_cpp
[1.771s] [33mCMake Warning (dev) at /opt/ros/humble/share/rosidl_generator_py/cmake/rosidl_generator_py_generate_interfaces.cmake:20 (find_package):
[1.771s]   Policy CMP0148 is not set: The FindPythonInterp and FindPythonLibs modules
[1.771s]   are removed.  Run "cmake --help-policy CMP0148" for policy details.  Use
[1.771s]   the cmake_policy command to set the policy and suppress this warning.
[1.771s] 
[1.772s] Call Stack (most recent call first):
[1.772s]   /opt/ros/humble/share/ament_cmake_core/cmake/core/ament_execute_extensions.cmake:48 (include)
[1.772s]   /opt/ros/humble/share/rosidl_cmake/cmake/rosidl_generate_interfaces.cmake:286 (ament_execute_extensions)
[1.772s]   CMakeLists.txt:15 (rosidl_generate_interfaces)
[1.772s] This warning is for project developers.  Use -Wno-dev to suppress it.
[1.772s] [0m
[1.783s] -- Found PythonInterp: /usr/bin/python3 (found suitable version "3.10.12", minimum required is "3.6") 
[1.784s] -- Found python_cmake_module: 0.10.0 (/opt/ros/humble/share/python_cmake_module/cmake)
[1.784s] [33mCMake Warning (dev) at /opt/ros/humble/share/python_cmake_module/cmake/Modules/FindPythonExtra.cmake:52 (find_package):
[1.784s]   Policy CMP0148 is not set: The FindPythonInterp and FindPythonLibs modules
[1.784s]   are removed.  Run "cmake --help-policy CMP0148" for policy details.  Use
[1.784s]   the cmake_policy command to set the policy and suppress this warning.
[1.784s] 
[1.784s] Call Stack (most recent call first):
[1.784s]   /opt/ros/humble/share/rosidl_generator_py/cmake/rosidl_generator_py_generate_interfaces.cmake:23 (find_package)
[1.784s]   /opt/ros/humble/share/ament_cmake_core/cmake/core/ament_execute_extensions.cmake:48 (include)
[1.785s]   /opt/ros/humble/share/rosidl_cmake/cmake/rosidl_generate_interfaces.cmake:286 (ament_execute_extensions)
[1.785s]   CMakeLists.txt:15 (rosidl_generate_interfaces)
[1.785s] This warning is for project developers.  Use -Wno-dev to suppress it.
[1.785s] [0m
[1.796s] [33mCMake Warning (dev) at /opt/ros/humble/share/python_cmake_module/cmake/Modules/FindPythonExtra.cmake:140 (find_package):
[1.796s]   Policy CMP0148 is not set: The FindPythonInterp and FindPythonLibs modules
[1.796s]   are removed.  Run "cmake --help-policy CMP0148" for policy details.  Use
[1.796s]   the cmake_policy command to set the policy and suppress this warning.
[1.796s] 
[1.796s] Call Stack (most recent call first):
[1.797s]   /opt/ros/humble/share/rosidl_generator_py/cmake/rosidl_generator_py_generate_interfaces.cmake:23 (find_package)
[1.797s]   /opt/ros/humble/share/ament_cmake_core/cmake/core/ament_execute_extensions.cmake:48 (include)
[1.797s]   /opt/ros/humble/share/rosidl_cmake/cmake/rosidl_generate_interfaces.cmake:286 (ament_execute_extensions)
[1.797s]   CMakeLists.txt:15 (rosidl_generate_interfaces)
[1.797s] This warning is for project developers.  Use -Wno-dev to suppress it.
[1.797s] [0m
[1.800s] -- Found PythonLibs: /usr/lib/x86_64-linux-gnu/libpython3.10.so (found suitable version "3.10.12", minimum required is "3.5") 
[1.800s] -- Using PYTHON_EXECUTABLE: /usr/bin/python3
[1.800s] -- Using PYTHON_INCLUDE_DIRS: /usr/include/python3.10
[1.800s] -- Using PYTHON_LIBRARIES: /usr/lib/x86_64-linux-gnu/libpython3.10.so
[1.813s] -- Found PythonExtra: .so  
[1.870s] -- Found ament_lint_auto: 0.12.8 (/opt/ros/humble/share/ament_lint_auto/cmake)
[1.881s] -- Added test 'lint_cmake' to check CMake code style
[1.882s] -- Added test 'xmllint' to check XML markup files
[1.884s] -- Configuring done (1.8s)
[1.908s] -- Generating done (0.0s)
[1.909s] -- Build files have been written to: /home/rick/ros_ws/build/ds4_driver_msgs
[1.920s] Invoked command in '/home/rick/ros_ws/build/ds4_driver_msgs' returned '0': CMAKE_PREFIX_PATH=/opt/ros/humble /home/rick/.local/bin/cmake /home/rick/ros_ws/src/ds4_driver/ds4_driver_msgs -DAMENT_CMAKE_SYMLINK_INSTALL=1 -DCMAKE_INSTALL_PREFIX=/home/rick/ros_ws/install/ds4_driver_msgs
[1.921s] Invoking command in '/home/rick/ros_ws/build/ds4_driver_msgs': CMAKE_PREFIX_PATH=/opt/ros/humble /home/rick/.local/bin/cmake --build /home/rick/ros_ws/build/ds4_driver_msgs -- -j24 -l24
[1.944s] [  1%] [34m[1mGenerating C code for ROS interfaces[0m
[1.947s] [  3%] [34m[1mGenerating C++ code for ROS interfaces[0m
[1.948s] [  3%] Built target ament_cmake_python_symlink_ds4_driver_msgs
[2.077s] running egg_info
[2.077s] creating ds4_driver_msgs.egg-info
[2.078s] writing ds4_driver_msgs.egg-info/PKG-INFO
[2.078s] writing dependency_links to ds4_driver_msgs.egg-info/dependency_links.txt
[2.078s] writing top-level names to ds4_driver_msgs.egg-info/top_level.txt
[2.078s] writing manifest file 'ds4_driver_msgs.egg-info/SOURCES.txt'
[2.079s] reading manifest file 'ds4_driver_msgs.egg-info/SOURCES.txt'
[2.079s] writing manifest file 'ds4_driver_msgs.egg-info/SOURCES.txt'
[2.091s] [  3%] Built target ament_cmake_python_build_ds4_driver_msgs_egg
[2.324s] [  5%] [32mBuilding C object CMakeFiles/ds4_driver_msgs__rosidl_generator_c.dir/rosidl_generator_c/ds4_driver_msgs/msg/detail/feedback__functions.c.o[0m
[2.324s] [  7%] [32mBuilding C object CMakeFiles/ds4_driver_msgs__rosidl_generator_c.dir/rosidl_generator_c/ds4_driver_msgs/msg/detail/status__functions.c.o[0m
[2.324s] [  9%] [32mBuilding C object CMakeFiles/ds4_driver_msgs__rosidl_generator_c.dir/rosidl_generator_c/ds4_driver_msgs/msg/detail/report__functions.c.o[0m
[2.324s] [ 10%] [32mBuilding C object CMakeFiles/ds4_driver_msgs__rosidl_generator_c.dir/rosidl_generator_c/ds4_driver_msgs/msg/detail/trackpad__functions.c.o[0m
[2.330s] [ 10%] Built target ds4_driver_msgs__cpp
[2.333s] [ 12%] [34m[1mGenerating C++ type support dispatch for ROS interfaces[0m
[2.333s] [ 14%] [34m[1mGenerating C++ type support for eProsima Fast-RTPS[0m
[2.334s] [ 16%] [34m[1mGenerating C++ introspection for ROS interfaces[0m
[2.361s] [ 18%] [32m[1mLinking C shared library libds4_driver_msgs__rosidl_generator_c.so[0m
[2.377s] [ 18%] Built target ds4_driver_msgs__rosidl_generator_c
[2.380s] [ 20%] [34m[1mGenerating C type support for eProsima Fast-RTPS[0m
[2.380s] [ 21%] [34m[1mGenerating C introspection for ROS interfaces[0m
[2.380s] [ 23%] [34m[1mGenerating C type support dispatch for ROS interfaces[0m
[2.686s] [ 25%] [32mBuilding CXX object CMakeFiles/ds4_driver_msgs__rosidl_typesupport_cpp.dir/rosidl_typesupport_cpp/ds4_driver_msgs/msg/status__type_support.cpp.o[0m
[2.686s] [ 27%] [32mBuilding CXX object CMakeFiles/ds4_driver_msgs__rosidl_typesupport_cpp.dir/rosidl_typesupport_cpp/ds4_driver_msgs/msg/feedback__type_support.cpp.o[0m
[2.686s] [ 29%] [32mBuilding CXX object CMakeFiles/ds4_driver_msgs__rosidl_typesupport_cpp.dir/rosidl_typesupport_cpp/ds4_driver_msgs/msg/report__type_support.cpp.o[0m
[2.686s] [ 30%] [32mBuilding CXX object CMakeFiles/ds4_driver_msgs__rosidl_typesupport_cpp.dir/rosidl_typesupport_cpp/ds4_driver_msgs/msg/trackpad__type_support.cpp.o[0m
[2.704s] [ 32%] [32mBuilding CXX object CMakeFiles/ds4_driver_msgs__rosidl_typesupport_introspection_cpp.dir/rosidl_typesupport_introspection_cpp/ds4_driver_msgs/msg/detail/feedback__type_support.cpp.o[0m
[2.704s] [ 34%] [32mBuilding CXX object CMakeFiles/ds4_driver_msgs__rosidl_typesupport_introspection_cpp.dir/rosidl_typesupport_introspection_cpp/ds4_driver_msgs/msg/detail/status__type_support.cpp.o[0m
[2.704s] [ 36%] [32mBuilding CXX object CMakeFiles/ds4_driver_msgs__rosidl_typesupport_introspection_cpp.dir/rosidl_typesupport_introspection_cpp/ds4_driver_msgs/msg/detail/report__type_support.cpp.o[0m
[2.705s] [ 38%] [32mBuilding CXX object CMakeFiles/ds4_driver_msgs__rosidl_typesupport_introspection_cpp.dir/rosidl_typesupport_introspection_cpp/ds4_driver_msgs/msg/detail/trackpad__type_support.cpp.o[0m
[2.728s] [ 40%] [32mBuilding CXX object CMakeFiles/ds4_driver_msgs__rosidl_typesupport_fastrtps_cpp.dir/rosidl_typesupport_fastrtps_cpp/ds4_driver_msgs/msg/detail/dds_fastrtps/feedback__type_support.cpp.o[0m
[2.728s] [ 41%] [32mBuilding CXX object CMakeFiles/ds4_driver_msgs__rosidl_typesupport_fastrtps_cpp.dir/rosidl_typesupport_fastrtps_cpp/ds4_driver_msgs/msg/detail/dds_fastrtps/trackpad__type_support.cpp.o[0m
[2.728s] [ 43%] [32mBuilding CXX object CMakeFiles/ds4_driver_msgs__rosidl_typesupport_fastrtps_cpp.dir/rosidl_typesupport_fastrtps_cpp/ds4_driver_msgs/msg/detail/dds_fastrtps/status__type_support.cpp.o[0m
[2.728s] [ 45%] [32mBuilding CXX object CMakeFiles/ds4_driver_msgs__rosidl_typesupport_fastrtps_cpp.dir/rosidl_typesupport_fastrtps_cpp/ds4_driver_msgs/msg/detail/dds_fastrtps/report__type_support.cpp.o[0m
[2.735s] [ 49%] [32mBuilding CXX object CMakeFiles/ds4_driver_msgs__rosidl_typesupport_c.dir/rosidl_typesupport_c/ds4_driver_msgs/msg/status__type_support.cpp.o[0m
[2.735s] [ 50%] [32mBuilding CXX object CMakeFiles/ds4_driver_msgs__rosidl_typesupport_c.dir/rosidl_typesupport_c/ds4_driver_msgs/msg/feedback__type_support.cpp.o[0m
[2.735s] [ 50%] [32mBuilding CXX object CMakeFiles/ds4_driver_msgs__rosidl_typesupport_c.dir/rosidl_typesupport_c/ds4_driver_msgs/msg/report__type_support.cpp.o[0m
[2.735s] [ 52%] [32mBuilding CXX object CMakeFiles/ds4_driver_msgs__rosidl_typesupport_c.dir/rosidl_typesupport_c/ds4_driver_msgs/msg/trackpad__type_support.cpp.o[0m
[2.755s] [ 54%] [32m[1mLinking CXX shared library libds4_driver_msgs__rosidl_typesupport_c.so[0m
[2.760s] [ 56%] [32mBuilding C object CMakeFiles/ds4_driver_msgs__rosidl_typesupport_introspection_c.dir/rosidl_typesupport_introspection_c/ds4_driver_msgs/msg/detail/feedback__type_support.c.o[0m
[2.761s] [ 60%] [32mBuilding C object CMakeFiles/ds4_driver_msgs__rosidl_typesupport_introspection_c.dir/rosidl_typesupport_introspection_c/ds4_driver_msgs/msg/detail/status__type_support.c.o[0m
[2.761s] [ 61%] [32mBuilding C object CMakeFiles/ds4_driver_msgs__rosidl_typesupport_introspection_c.dir/rosidl_typesupport_introspection_c/ds4_driver_msgs/msg/detail/report__type_support.c.o[0m
[2.761s] [ 61%] [32mBuilding C object CMakeFiles/ds4_driver_msgs__rosidl_typesupport_introspection_c.dir/rosidl_typesupport_introspection_c/ds4_driver_msgs/msg/detail/trackpad__type_support.c.o[0m
[2.778s] [ 61%] Built target ds4_driver_msgs__rosidl_typesupport_c
[2.782s] [ 63%] [32m[1mLinking C shared library libds4_driver_msgs__rosidl_typesupport_introspection_c.so[0m
[2.796s] [ 65%] [32mBuilding CXX object CMakeFiles/ds4_driver_msgs__rosidl_typesupport_fastrtps_c.dir/rosidl_typesupport_fastrtps_c/ds4_driver_msgs/msg/detail/feedback__type_support_c.cpp.o[0m
[2.796s] [ 65%] Built target ds4_driver_msgs__rosidl_typesupport_introspection_c
[2.796s] [ 67%] [32mBuilding CXX object CMakeFiles/ds4_driver_msgs__rosidl_typesupport_fastrtps_c.dir/rosidl_typesupport_fastrtps_c/ds4_driver_msgs/msg/detail/status__type_support_c.cpp.o[0m
[2.796s] [ 69%] [32mBuilding CXX object CMakeFiles/ds4_driver_msgs__rosidl_typesupport_fastrtps_c.dir/rosidl_typesupport_fastrtps_c/ds4_driver_msgs/msg/detail/report__type_support_c.cpp.o[0m
[2.797s] [ 70%] [32mBuilding CXX object CMakeFiles/ds4_driver_msgs__rosidl_typesupport_fastrtps_c.dir/rosidl_typesupport_fastrtps_c/ds4_driver_msgs/msg/detail/trackpad__type_support_c.cpp.o[0m
[2.951s] [ 72%] [32m[1mLinking CXX shared library libds4_driver_msgs__rosidl_typesupport_cpp.so[0m
[2.978s] [ 72%] Built target ds4_driver_msgs__rosidl_typesupport_cpp
[3.003s] [ 74%] [32m[1mLinking CXX shared library libds4_driver_msgs__rosidl_typesupport_fastrtps_cpp.so[0m
[3.056s] [ 76%] [32m[1mLinking CXX shared library libds4_driver_msgs__rosidl_typesupport_introspection_cpp.so[0m
[3.057s] [ 76%] Built target ds4_driver_msgs__rosidl_typesupport_fastrtps_cpp
[3.071s] [ 78%] [32m[1mLinking CXX shared library libds4_driver_msgs__rosidl_typesupport_fastrtps_c.so[0m
[3.091s] [ 78%] Built target ds4_driver_msgs__rosidl_typesupport_introspection_cpp
[3.107s] [ 78%] Built target ds4_driver_msgs__rosidl_typesupport_fastrtps_c
[3.113s] [ 78%] Built target ds4_driver_msgs
[3.118s] [ 80%] [34m[1mGenerating Python code for ROS interfaces[0m
[4.060s] [ 80%] Built target ds4_driver_msgs__py
[4.072s] [ 81%] [32mBuilding C object CMakeFiles/ds4_driver_msgs__rosidl_generator_py.dir/rosidl_generator_py/ds4_driver_msgs/msg/_feedback_s.c.o[0m
[4.083s] [ 83%] [32mBuilding C object CMakeFiles/ds4_driver_msgs__rosidl_generator_py.dir/rosidl_generator_py/ds4_driver_msgs/msg/_status_s.c.o[0m
[4.095s] [ 85%] [32mBuilding C object CMakeFiles/ds4_driver_msgs__rosidl_generator_py.dir/rosidl_generator_py/ds4_driver_msgs/msg/_report_s.c.o[0m
[4.103s] [ 87%] [32mBuilding C object CMakeFiles/ds4_driver_msgs__rosidl_generator_py.dir/rosidl_generator_py/ds4_driver_msgs/msg/_trackpad_s.c.o[0m
[4.268s] [ 89%] [32m[1mLinking C shared library rosidl_generator_py/ds4_driver_msgs/libds4_driver_msgs__rosidl_generator_py.so[0m
[4.325s] [ 89%] Built target ds4_driver_msgs__rosidl_generator_py
[4.336s] [ 90%] [32mBuilding C object CMakeFiles/ds4_driver_msgs__rosidl_typesupport_fastrtps_c__pyext.dir/rosidl_generator_py/ds4_driver_msgs/_ds4_driver_msgs_s.ep.rosidl_typesupport_fastrtps_c.c.o[0m
[4.338s] [ 92%] [32mBuilding C object CMakeFiles/ds4_driver_msgs__rosidl_typesupport_c__pyext.dir/rosidl_generator_py/ds4_driver_msgs/_ds4_driver_msgs_s.ep.rosidl_typesupport_c.c.o[0m
[4.340s] [ 94%] [32mBuilding C object CMakeFiles/ds4_driver_msgs__rosidl_typesupport_introspection_c__pyext.dir/rosidl_generator_py/ds4_driver_msgs/_ds4_driver_msgs_s.ep.rosidl_typesupport_introspection_c.c.o[0m
[4.431s] [ 96%] [32m[1mLinking C shared library rosidl_generator_py/ds4_driver_msgs/ds4_driver_msgs_s__rosidl_typesupport_c.cpython-310-x86_64-linux-gnu.so[0m
[4.458s] [ 98%] [32m[1mLinking C shared library rosidl_generator_py/ds4_driver_msgs/ds4_driver_msgs_s__rosidl_typesupport_introspection_c.cpython-310-x86_64-linux-gnu.so[0m
[4.458s] [ 98%] Built target ds4_driver_msgs__rosidl_typesupport_c__pyext
[4.459s] [100%] [32m[1mLinking C shared library rosidl_generator_py/ds4_driver_msgs/ds4_driver_msgs_s__rosidl_typesupport_fastrtps_c.cpython-310-x86_64-linux-gnu.so[0m
[4.510s] [100%] Built target ds4_driver_msgs__rosidl_typesupport_fastrtps_c__pyext
[4.515s] [100%] Built target ds4_driver_msgs__rosidl_typesupport_introspection_c__pyext
[4.530s] Invoked command in '/home/rick/ros_ws/build/ds4_driver_msgs' returned '0': CMAKE_PREFIX_PATH=/opt/ros/humble /home/rick/.local/bin/cmake --build /home/rick/ros_ws/build/ds4_driver_msgs -- -j24 -l24
[4.734s] Invoking command in '/home/rick/ros_ws/build/ds4_driver_msgs': CMAKE_PREFIX_PATH=/opt/ros/humble /home/rick/.local/bin/cmake --install /home/rick/ros_ws/build/ds4_driver_msgs
[4.761s] -- Install configuration: ""
[4.762s] -- Execute custom install script
[4.762s] -- Symlinking: /home/rick/ros_ws/install/ds4_driver_msgs/share/ament_index/resource_index/rosidl_interfaces/ds4_driver_msgs
[4.766s] -- Symlinking: /home/rick/ros_ws/install/ds4_driver_msgs/include/ds4_driver_msgs/ds4_driver_msgs/msg/detail/feedback__functions.h
[4.769s] -- Symlinking: /home/rick/ros_ws/install/ds4_driver_msgs/include/ds4_driver_msgs/ds4_driver_msgs/msg/detail/feedback__struct.h
[4.772s] -- Symlinking: /home/rick/ros_ws/install/ds4_driver_msgs/include/ds4_driver_msgs/ds4_driver_msgs/msg/detail/feedback__type_support.h
[4.774s] -- Symlinking: /home/rick/ros_ws/install/ds4_driver_msgs/include/ds4_driver_msgs/ds4_driver_msgs/msg/detail/report__functions.h
[4.777s] -- Symlinking: /home/rick/ros_ws/install/ds4_driver_msgs/include/ds4_driver_msgs/ds4_driver_msgs/msg/detail/report__struct.h
[4.780s] -- Symlinking: /home/rick/ros_ws/install/ds4_driver_msgs/include/ds4_driver_msgs/ds4_driver_msgs/msg/detail/report__type_support.h
[4.783s] -- Symlinking: /home/rick/ros_ws/install/ds4_driver_msgs/include/ds4_driver_msgs/ds4_driver_msgs/msg/detail/status__functions.h
[4.785s] -- Symlinking: /home/rick/ros_ws/install/ds4_driver_msgs/include/ds4_driver_msgs/ds4_driver_msgs/msg/detail/status__struct.h
[4.788s] -- Symlinking: /home/rick/ros_ws/install/ds4_driver_msgs/include/ds4_driver_msgs/ds4_driver_msgs/msg/detail/status__type_support.h
[4.791s] -- Symlinking: /home/rick/ros_ws/install/ds4_driver_msgs/include/ds4_driver_msgs/ds4_driver_msgs/msg/detail/trackpad__functions.h
[4.794s] -- Symlinking: /home/rick/ros_ws/install/ds4_driver_msgs/include/ds4_driver_msgs/ds4_driver_msgs/msg/detail/trackpad__struct.h
[4.797s] -- Symlinking: /home/rick/ros_ws/install/ds4_driver_msgs/include/ds4_driver_msgs/ds4_driver_msgs/msg/detail/trackpad__type_support.h
[4.800s] -- Symlinking: /home/rick/ros_ws/install/ds4_driver_msgs/include/ds4_driver_msgs/ds4_driver_msgs/msg/feedback.h
[4.803s] -- Symlinking: /home/rick/ros_ws/install/ds4_driver_msgs/include/ds4_driver_msgs/ds4_driver_msgs/msg/report.h
[4.806s] -- Symlinking: /home/rick/ros_ws/install/ds4_driver_msgs/include/ds4_driver_msgs/ds4_driver_msgs/msg/rosidl_generator_c__visibility_control.h
[4.809s] -- Symlinking: /home/rick/ros_ws/install/ds4_driver_msgs/include/ds4_driver_msgs/ds4_driver_msgs/msg/status.h
[4.812s] -- Symlinking: /home/rick/ros_ws/install/ds4_driver_msgs/include/ds4_driver_msgs/ds4_driver_msgs/msg/trackpad.h
[4.815s] -- Symlinking: /home/rick/ros_ws/install/ds4_driver_msgs/share/ds4_driver_msgs/environment/library_path.sh
[4.819s] -- Symlinking: /home/rick/ros_ws/install/ds4_driver_msgs/share/ds4_driver_msgs/environment/library_path.dsv
[4.822s] -- Symlinking: /home/rick/ros_ws/install/ds4_driver_msgs/include/ds4_driver_msgs/ds4_driver_msgs/msg/detail/feedback__rosidl_typesupport_fastrtps_c.h
[4.825s] -- Symlinking: /home/rick/ros_ws/install/ds4_driver_msgs/include/ds4_driver_msgs/ds4_driver_msgs/msg/detail/report__rosidl_typesupport_fastrtps_c.h
[4.828s] -- Symlinking: /home/rick/ros_ws/install/ds4_driver_msgs/include/ds4_driver_msgs/ds4_driver_msgs/msg/detail/status__rosidl_typesupport_fastrtps_c.h
[4.831s] -- Symlinking: /home/rick/ros_ws/install/ds4_driver_msgs/include/ds4_driver_msgs/ds4_driver_msgs/msg/detail/trackpad__rosidl_typesupport_fastrtps_c.h
[4.833s] -- Symlinking: /home/rick/ros_ws/install/ds4_driver_msgs/include/ds4_driver_msgs/ds4_driver_msgs/msg/rosidl_typesupport_fastrtps_c__visibility_control.h
[4.837s] -- Symlinking: /home/rick/ros_ws/install/ds4_driver_msgs/include/ds4_driver_msgs/ds4_driver_msgs/msg/detail/feedback__builder.hpp
[4.839s] -- Symlinking: /home/rick/ros_ws/install/ds4_driver_msgs/include/ds4_driver_msgs/ds4_driver_msgs/msg/detail/feedback__struct.hpp
[4.843s] -- Symlinking: /home/rick/ros_ws/install/ds4_driver_msgs/include/ds4_driver_msgs/ds4_driver_msgs/msg/detail/feedback__traits.hpp
[4.846s] -- Symlinking: /home/rick/ros_ws/install/ds4_driver_msgs/include/ds4_driver_msgs/ds4_driver_msgs/msg/detail/report__builder.hpp
[4.848s] -- Symlinking: /home/rick/ros_ws/install/ds4_driver_msgs/include/ds4_driver_msgs/ds4_driver_msgs/msg/detail/report__struct.hpp
[4.851s] -- Symlinking: /home/rick/ros_ws/install/ds4_driver_msgs/include/ds4_driver_msgs/ds4_driver_msgs/msg/detail/report__traits.hpp
[4.854s] -- Symlinking: /home/rick/ros_ws/install/ds4_driver_msgs/include/ds4_driver_msgs/ds4_driver_msgs/msg/detail/status__builder.hpp
[4.857s] -- Symlinking: /home/rick/ros_ws/install/ds4_driver_msgs/include/ds4_driver_msgs/ds4_driver_msgs/msg/detail/status__struct.hpp
[4.860s] -- Symlinking: /home/rick/ros_ws/install/ds4_driver_msgs/include/ds4_driver_msgs/ds4_driver_msgs/msg/detail/status__traits.hpp
[4.863s] -- Symlinking: /home/rick/ros_ws/install/ds4_driver_msgs/include/ds4_driver_msgs/ds4_driver_msgs/msg/detail/trackpad__builder.hpp
[4.865s] -- Symlinking: /home/rick/ros_ws/install/ds4_driver_msgs/include/ds4_driver_msgs/ds4_driver_msgs/msg/detail/trackpad__struct.hpp
[4.868s] -- Symlinking: /home/rick/ros_ws/install/ds4_driver_msgs/include/ds4_driver_msgs/ds4_driver_msgs/msg/detail/trackpad__traits.hpp
[4.871s] -- Symlinking: /home/rick/ros_ws/install/ds4_driver_msgs/include/ds4_driver_msgs/ds4_driver_msgs/msg/feedback.hpp
[4.874s] -- Symlinking: /home/rick/ros_ws/install/ds4_driver_msgs/include/ds4_driver_msgs/ds4_driver_msgs/msg/report.hpp
[4.876s] -- Symlinking: /home/rick/ros_ws/install/ds4_driver_msgs/include/ds4_driver_msgs/ds4_driver_msgs/msg/status.hpp
[4.878s] -- Symlinking: /home/rick/ros_ws/install/ds4_driver_msgs/include/ds4_driver_msgs/ds4_driver_msgs/msg/trackpad.hpp
[4.880s] -- Symlinking: /home/rick/ros_ws/install/ds4_driver_msgs/include/ds4_driver_msgs/ds4_driver_msgs/msg/detail/feedback__rosidl_typesupport_fastrtps_cpp.hpp
[4.882s] -- Symlinking: /home/rick/ros_ws/install/ds4_driver_msgs/include/ds4_driver_msgs/ds4_driver_msgs/msg/detail/report__rosidl_typesupport_fastrtps_cpp.hpp
[4.884s] -- Symlinking: /home/rick/ros_ws/install/ds4_driver_msgs/include/ds4_driver_msgs/ds4_driver_msgs/msg/detail/status__rosidl_typesupport_fastrtps_cpp.hpp
[4.886s] -- Symlinking: /home/rick/ros_ws/install/ds4_driver_msgs/include/ds4_driver_msgs/ds4_driver_msgs/msg/detail/trackpad__rosidl_typesupport_fastrtps_cpp.hpp
[4.888s] -- Symlinking: /home/rick/ros_ws/install/ds4_driver_msgs/include/ds4_driver_msgs/ds4_driver_msgs/msg/rosidl_typesupport_fastrtps_cpp__visibility_control.h
[4.890s] -- Symlinking: /home/rick/ros_ws/install/ds4_driver_msgs/include/ds4_driver_msgs/ds4_driver_msgs/msg/detail/feedback__rosidl_typesupport_introspection_c.h
[4.891s] -- Symlinking: /home/rick/ros_ws/install/ds4_driver_msgs/include/ds4_driver_msgs/ds4_driver_msgs/msg/detail/report__rosidl_typesupport_introspection_c.h
[4.893s] -- Symlinking: /home/rick/ros_ws/install/ds4_driver_msgs/include/ds4_driver_msgs/ds4_driver_msgs/msg/detail/status__rosidl_typesupport_introspection_c.h
[4.895s] -- Symlinking: /home/rick/ros_ws/install/ds4_driver_msgs/include/ds4_driver_msgs/ds4_driver_msgs/msg/detail/trackpad__rosidl_typesupport_introspection_c.h
[4.897s] -- Symlinking: /home/rick/ros_ws/install/ds4_driver_msgs/include/ds4_driver_msgs/ds4_driver_msgs/msg/rosidl_typesupport_introspection_c__visibility_control.h
[4.899s] -- Symlinking: /home/rick/ros_ws/install/ds4_driver_msgs/include/ds4_driver_msgs/ds4_driver_msgs/msg/detail/feedback__rosidl_typesupport_introspection_cpp.hpp
[4.901s] -- Symlinking: /home/rick/ros_ws/install/ds4_driver_msgs/include/ds4_driver_msgs/ds4_driver_msgs/msg/detail/report__rosidl_typesupport_introspection_cpp.hpp
[4.904s] -- Symlinking: /home/rick/ros_ws/install/ds4_driver_msgs/include/ds4_driver_msgs/ds4_driver_msgs/msg/detail/status__rosidl_typesupport_introspection_cpp.hpp
[4.905s] -- Symlinking: /home/rick/ros_ws/install/ds4_driver_msgs/include/ds4_driver_msgs/ds4_driver_msgs/msg/detail/trackpad__rosidl_typesupport_introspection_cpp.hpp
[4.908s] -- Symlinking: /home/rick/ros_ws/install/ds4_driver_msgs/share/ds4_driver_msgs/environment/pythonpath.sh
[4.910s] -- Symlinking: /home/rick/ros_ws/install/ds4_driver_msgs/share/ds4_driver_msgs/environment/pythonpath.dsv
[4.912s] -- Symlinking: /home/rick/ros_ws/install/ds4_driver_msgs/local/lib/python3.10/dist-packages/ds4_driver_msgs-0.0.0-py3.10.egg-info/PKG-INFO
[4.914s] -- Symlinking: /home/rick/ros_ws/install/ds4_driver_msgs/local/lib/python3.10/dist-packages/ds4_driver_msgs-0.0.0-py3.10.egg-info/SOURCES.txt
[4.917s] -- Symlinking: /home/rick/ros_ws/install/ds4_driver_msgs/local/lib/python3.10/dist-packages/ds4_driver_msgs-0.0.0-py3.10.egg-info/dependency_links.txt
[4.920s] -- Symlinking: /home/rick/ros_ws/install/ds4_driver_msgs/local/lib/python3.10/dist-packages/ds4_driver_msgs-0.0.0-py3.10.egg-info/top_level.txt
[4.923s] -- Symlinking: /home/rick/ros_ws/install/ds4_driver_msgs/local/lib/python3.10/dist-packages/ds4_driver_msgs/__init__.py
[4.925s] -- Symlinking: /home/rick/ros_ws/install/ds4_driver_msgs/local/lib/python3.10/dist-packages/ds4_driver_msgs/_ds4_driver_msgs_s.ep.rosidl_typesupport_c.c
[4.927s] -- Symlinking: /home/rick/ros_ws/install/ds4_driver_msgs/local/lib/python3.10/dist-packages/ds4_driver_msgs/_ds4_driver_msgs_s.ep.rosidl_typesupport_fastrtps_c.c
[4.930s] -- Symlinking: /home/rick/ros_ws/install/ds4_driver_msgs/local/lib/python3.10/dist-packages/ds4_driver_msgs/_ds4_driver_msgs_s.ep.rosidl_typesupport_introspection_c.c
[4.932s] -- Symlinking: /home/rick/ros_ws/install/ds4_driver_msgs/local/lib/python3.10/dist-packages/ds4_driver_msgs/ds4_driver_msgs_s__rosidl_typesupport_c.cpython-310-x86_64-linux-gnu.so
[4.934s] -- Symlinking: /home/rick/ros_ws/install/ds4_driver_msgs/local/lib/python3.10/dist-packages/ds4_driver_msgs/ds4_driver_msgs_s__rosidl_typesupport_fastrtps_c.cpython-310-x86_64-linux-gnu.so
[4.936s] -- Symlinking: /home/rick/ros_ws/install/ds4_driver_msgs/local/lib/python3.10/dist-packages/ds4_driver_msgs/ds4_driver_msgs_s__rosidl_typesupport_introspection_c.cpython-310-x86_64-linux-gnu.so
[4.938s] -- Symlinking: /home/rick/ros_ws/install/ds4_driver_msgs/local/lib/python3.10/dist-packages/ds4_driver_msgs/libds4_driver_msgs__rosidl_generator_py.so
[4.940s] -- Symlinking: /home/rick/ros_ws/install/ds4_driver_msgs/local/lib/python3.10/dist-packages/ds4_driver_msgs/msg/__init__.py
[4.942s] -- Symlinking: /home/rick/ros_ws/install/ds4_driver_msgs/local/lib/python3.10/dist-packages/ds4_driver_msgs/msg/_feedback.py
[4.944s] -- Symlinking: /home/rick/ros_ws/install/ds4_driver_msgs/local/lib/python3.10/dist-packages/ds4_driver_msgs/msg/_feedback_s.c
[4.946s] -- Symlinking: /home/rick/ros_ws/install/ds4_driver_msgs/local/lib/python3.10/dist-packages/ds4_driver_msgs/msg/_report.py
[4.947s] -- Symlinking: /home/rick/ros_ws/install/ds4_driver_msgs/local/lib/python3.10/dist-packages/ds4_driver_msgs/msg/_report_s.c
[4.949s] -- Symlinking: /home/rick/ros_ws/install/ds4_driver_msgs/local/lib/python3.10/dist-packages/ds4_driver_msgs/msg/_status.py
[4.951s] -- Symlinking: /home/rick/ros_ws/install/ds4_driver_msgs/local/lib/python3.10/dist-packages/ds4_driver_msgs/msg/_status_s.c
[4.953s] -- Symlinking: /home/rick/ros_ws/install/ds4_driver_msgs/local/lib/python3.10/dist-packages/ds4_driver_msgs/msg/_trackpad.py
[4.955s] -- Symlinking: /home/rick/ros_ws/install/ds4_driver_msgs/local/lib/python3.10/dist-packages/ds4_driver_msgs/msg/_trackpad_s.c
[4.956s] -- Up-to-date symlink: /home/rick/ros_ws/install/ds4_driver_msgs/local/lib/python3.10/dist-packages/ds4_driver_msgs/ds4_driver_msgs_s__rosidl_typesupport_fastrtps_c.cpython-310-x86_64-linux-gnu.so
[4.956s] -- Up-to-date symlink: /home/rick/ros_ws/install/ds4_driver_msgs/local/lib/python3.10/dist-packages/ds4_driver_msgs/ds4_driver_msgs_s__rosidl_typesupport_introspection_c.cpython-310-x86_64-linux-gnu.so
[4.957s] -- Up-to-date symlink: /home/rick/ros_ws/install/ds4_driver_msgs/local/lib/python3.10/dist-packages/ds4_driver_msgs/ds4_driver_msgs_s__rosidl_typesupport_c.cpython-310-x86_64-linux-gnu.so
[4.957s] -- Symlinking: /home/rick/ros_ws/install/ds4_driver_msgs/share/ds4_driver_msgs/msg/Feedback.idl
[4.959s] -- Symlinking: /home/rick/ros_ws/install/ds4_driver_msgs/share/ds4_driver_msgs/msg/Status.idl
[4.960s] -- Symlinking: /home/rick/ros_ws/install/ds4_driver_msgs/share/ds4_driver_msgs/msg/Report.idl
[4.962s] -- Symlinking: /home/rick/ros_ws/install/ds4_driver_msgs/share/ds4_driver_msgs/msg/Trackpad.idl
[4.964s] -- Symlinking: /home/rick/ros_ws/install/ds4_driver_msgs/share/ds4_driver_msgs/msg/Feedback.msg
[4.966s] -- Symlinking: /home/rick/ros_ws/install/ds4_driver_msgs/share/ds4_driver_msgs/msg/Status.msg
[4.968s] -- Symlinking: /home/rick/ros_ws/install/ds4_driver_msgs/share/ds4_driver_msgs/msg/Report.msg
[4.970s] -- Symlinking: /home/rick/ros_ws/install/ds4_driver_msgs/share/ds4_driver_msgs/msg/Trackpad.msg
[4.972s] -- Symlinking: /home/rick/ros_ws/install/ds4_driver_msgs/share/ament_index/resource_index/package_run_dependencies/ds4_driver_msgs
[4.973s] -- Symlinking: /home/rick/ros_ws/install/ds4_driver_msgs/share/ament_index/resource_index/parent_prefix_path/ds4_driver_msgs
[4.975s] -- Symlinking: /home/rick/ros_ws/install/ds4_driver_msgs/share/ds4_driver_msgs/environment/ament_prefix_path.sh
[4.977s] -- Symlinking: /home/rick/ros_ws/install/ds4_driver_msgs/share/ds4_driver_msgs/environment/ament_prefix_path.dsv
[4.978s] -- Symlinking: /home/rick/ros_ws/install/ds4_driver_msgs/share/ds4_driver_msgs/environment/path.sh
[4.980s] -- Symlinking: /home/rick/ros_ws/install/ds4_driver_msgs/share/ds4_driver_msgs/environment/path.dsv
[4.982s] -- Symlinking: /home/rick/ros_ws/install/ds4_driver_msgs/share/ds4_driver_msgs/local_setup.bash
[4.983s] -- Symlinking: /home/rick/ros_ws/install/ds4_driver_msgs/share/ds4_driver_msgs/local_setup.sh
[4.985s] -- Symlinking: /home/rick/ros_ws/install/ds4_driver_msgs/share/ds4_driver_msgs/local_setup.zsh
[4.987s] -- Symlinking: /home/rick/ros_ws/install/ds4_driver_msgs/share/ds4_driver_msgs/local_setup.dsv
[4.989s] -- Symlinking: /home/rick/ros_ws/install/ds4_driver_msgs/share/ds4_driver_msgs/package.dsv
[4.990s] -- Symlinking: /home/rick/ros_ws/install/ds4_driver_msgs/share/ament_index/resource_index/packages/ds4_driver_msgs
[4.992s] -- Symlinking: /home/rick/ros_ws/install/ds4_driver_msgs/share/ds4_driver_msgs/cmake/rosidl_cmake-extras.cmake
[4.993s] -- Symlinking: /home/rick/ros_ws/install/ds4_driver_msgs/share/ds4_driver_msgs/cmake/ament_cmake_export_dependencies-extras.cmake
[4.995s] -- Symlinking: /home/rick/ros_ws/install/ds4_driver_msgs/share/ds4_driver_msgs/cmake/ament_cmake_export_include_directories-extras.cmake
[4.996s] -- Symlinking: /home/rick/ros_ws/install/ds4_driver_msgs/share/ds4_driver_msgs/cmake/ament_cmake_export_libraries-extras.cmake
[4.998s] -- Symlinking: /home/rick/ros_ws/install/ds4_driver_msgs/share/ds4_driver_msgs/cmake/ament_cmake_export_targets-extras.cmake
[5.000s] -- Symlinking: /home/rick/ros_ws/install/ds4_driver_msgs/share/ds4_driver_msgs/cmake/rosidl_cmake_export_typesupport_targets-extras.cmake
[5.001s] -- Symlinking: /home/rick/ros_ws/install/ds4_driver_msgs/share/ds4_driver_msgs/cmake/rosidl_cmake_export_typesupport_libraries-extras.cmake
[5.003s] -- Symlinking: /home/rick/ros_ws/install/ds4_driver_msgs/share/ds4_driver_msgs/cmake/ds4_driver_msgsConfig.cmake
[5.004s] -- Symlinking: /home/rick/ros_ws/install/ds4_driver_msgs/share/ds4_driver_msgs/cmake/ds4_driver_msgsConfig-version.cmake
[5.006s] -- Symlinking: /home/rick/ros_ws/install/ds4_driver_msgs/share/ds4_driver_msgs/package.xml
[5.007s] -- Installing: /home/rick/ros_ws/install/ds4_driver_msgs/lib/libds4_driver_msgs__rosidl_generator_c.so
[5.007s] -- Set runtime path of "/home/rick/ros_ws/install/ds4_driver_msgs/lib/libds4_driver_msgs__rosidl_generator_c.so" to ""
[5.007s] -- Installing: /home/rick/ros_ws/install/ds4_driver_msgs/lib/libds4_driver_msgs__rosidl_typesupport_fastrtps_c.so
[5.008s] -- Set runtime path of "/home/rick/ros_ws/install/ds4_driver_msgs/lib/libds4_driver_msgs__rosidl_typesupport_fastrtps_c.so" to ""
[5.008s] -- Installing: /home/rick/ros_ws/install/ds4_driver_msgs/lib/libds4_driver_msgs__rosidl_typesupport_fastrtps_cpp.so
[5.008s] -- Set runtime path of "/home/rick/ros_ws/install/ds4_driver_msgs/lib/libds4_driver_msgs__rosidl_typesupport_fastrtps_cpp.so" to ""
[5.008s] -- Installing: /home/rick/ros_ws/install/ds4_driver_msgs/lib/libds4_driver_msgs__rosidl_typesupport_introspection_c.so
[5.008s] -- Set runtime path of "/home/rick/ros_ws/install/ds4_driver_msgs/lib/libds4_driver_msgs__rosidl_typesupport_introspection_c.so" to ""
[5.008s] -- Installing: /home/rick/ros_ws/install/ds4_driver_msgs/lib/libds4_driver_msgs__rosidl_typesupport_c.so
[5.008s] -- Set runtime path of "/home/rick/ros_ws/install/ds4_driver_msgs/lib/libds4_driver_msgs__rosidl_typesupport_c.so" to ""
[5.008s] -- Installing: /home/rick/ros_ws/install/ds4_driver_msgs/lib/libds4_driver_msgs__rosidl_typesupport_introspection_cpp.so
[5.008s] -- Set runtime path of "/home/rick/ros_ws/install/ds4_driver_msgs/lib/libds4_driver_msgs__rosidl_typesupport_introspection_cpp.so" to ""
[5.008s] -- Installing: /home/rick/ros_ws/install/ds4_driver_msgs/lib/libds4_driver_msgs__rosidl_typesupport_cpp.so
[5.008s] -- Set runtime path of "/home/rick/ros_ws/install/ds4_driver_msgs/lib/libds4_driver_msgs__rosidl_typesupport_cpp.so" to ""
[5.031s] Listing '/home/rick/ros_ws/install/ds4_driver_msgs/local/lib/python3.10/dist-packages/ds4_driver_msgs'...
[5.031s] Compiling '/home/rick/ros_ws/install/ds4_driver_msgs/local/lib/python3.10/dist-packages/ds4_driver_msgs/__init__.py'...
[5.031s] Listing '/home/rick/ros_ws/install/ds4_driver_msgs/local/lib/python3.10/dist-packages/ds4_driver_msgs/msg'...
[5.031s] Compiling '/home/rick/ros_ws/install/ds4_driver_msgs/local/lib/python3.10/dist-packages/ds4_driver_msgs/msg/__init__.py'...
[5.031s] Compiling '/home/rick/ros_ws/install/ds4_driver_msgs/local/lib/python3.10/dist-packages/ds4_driver_msgs/msg/_feedback.py'...
[5.031s] Compiling '/home/rick/ros_ws/install/ds4_driver_msgs/local/lib/python3.10/dist-packages/ds4_driver_msgs/msg/_report.py'...
[5.031s] Compiling '/home/rick/ros_ws/install/ds4_driver_msgs/local/lib/python3.10/dist-packages/ds4_driver_msgs/msg/_status.py'...
[5.031s] Compiling '/home/rick/ros_ws/install/ds4_driver_msgs/local/lib/python3.10/dist-packages/ds4_driver_msgs/msg/_trackpad.py'...
[5.034s] -- Installing: /home/rick/ros_ws/install/ds4_driver_msgs/lib/libds4_driver_msgs__rosidl_generator_py.so
[5.034s] -- Set runtime path of "/home/rick/ros_ws/install/ds4_driver_msgs/lib/libds4_driver_msgs__rosidl_generator_py.so" to ""
[5.034s] -- Installing: /home/rick/ros_ws/install/ds4_driver_msgs/share/ds4_driver_msgs/cmake/export_ds4_driver_msgs__rosidl_generator_cExport.cmake
[5.034s] -- Installing: /home/rick/ros_ws/install/ds4_driver_msgs/share/ds4_driver_msgs/cmake/export_ds4_driver_msgs__rosidl_generator_cExport-noconfig.cmake
[5.034s] -- Installing: /home/rick/ros_ws/install/ds4_driver_msgs/share/ds4_driver_msgs/cmake/export_ds4_driver_msgs__rosidl_typesupport_fastrtps_cExport.cmake
[5.034s] -- Installing: /home/rick/ros_ws/install/ds4_driver_msgs/share/ds4_driver_msgs/cmake/export_ds4_driver_msgs__rosidl_typesupport_fastrtps_cExport-noconfig.cmake
[5.034s] -- Installing: /home/rick/ros_ws/install/ds4_driver_msgs/share/ds4_driver_msgs/cmake/export_ds4_driver_msgs__rosidl_generator_cppExport.cmake
[5.034s] -- Installing: /home/rick/ros_ws/install/ds4_driver_msgs/share/ds4_driver_msgs/cmake/export_ds4_driver_msgs__rosidl_typesupport_fastrtps_cppExport.cmake
[5.034s] -- Installing: /home/rick/ros_ws/install/ds4_driver_msgs/share/ds4_driver_msgs/cmake/export_ds4_driver_msgs__rosidl_typesupport_fastrtps_cppExport-noconfig.cmake
[5.034s] -- Installing: /home/rick/ros_ws/install/ds4_driver_msgs/share/ds4_driver_msgs/cmake/ds4_driver_msgs__rosidl_typesupport_introspection_cExport.cmake
[5.034s] -- Installing: /home/rick/ros_ws/install/ds4_driver_msgs/share/ds4_driver_msgs/cmake/ds4_driver_msgs__rosidl_typesupport_introspection_cExport-noconfig.cmake
[5.034s] -- Installing: /home/rick/ros_ws/install/ds4_driver_msgs/share/ds4_driver_msgs/cmake/ds4_driver_msgs__rosidl_typesupport_cExport.cmake
[5.034s] -- Installing: /home/rick/ros_ws/install/ds4_driver_msgs/share/ds4_driver_msgs/cmake/ds4_driver_msgs__rosidl_typesupport_cExport-noconfig.cmake
[5.035s] -- Installing: /home/rick/ros_ws/install/ds4_driver_msgs/share/ds4_driver_msgs/cmake/ds4_driver_msgs__rosidl_typesupport_introspection_cppExport.cmake
[5.035s] -- Installing: /home/rick/ros_ws/install/ds4_driver_msgs/share/ds4_driver_msgs/cmake/ds4_driver_msgs__rosidl_typesupport_introspection_cppExport-noconfig.cmake
[5.035s] -- Installing: /home/rick/ros_ws/install/ds4_driver_msgs/share/ds4_driver_msgs/cmake/ds4_driver_msgs__rosidl_typesupport_cppExport.cmake
[5.035s] -- Installing: /home/rick/ros_ws/install/ds4_driver_msgs/share/ds4_driver_msgs/cmake/ds4_driver_msgs__rosidl_typesupport_cppExport-noconfig.cmake
[5.035s] -- Installing: /home/rick/ros_ws/install/ds4_driver_msgs/share/ds4_driver_msgs/cmake/export_ds4_driver_msgs__rosidl_generator_pyExport.cmake
[5.035s] -- Installing: /home/rick/ros_ws/install/ds4_driver_msgs/share/ds4_driver_msgs/cmake/export_ds4_driver_msgs__rosidl_generator_pyExport-noconfig.cmake
[5.038s] Invoked command in '/home/rick/ros_ws/build/ds4_driver_msgs' returned '0': CMAKE_PREFIX_PATH=/opt/ros/humble /home/rick/.local/bin/cmake --install /home/rick/ros_ws/build/ds4_driver_msgs
