-- The C compiler identification is GNU 11.4.0
-- The CXX compiler identification is GNU 11.4.0
-- Detecting C compiler ABI info
-- Detecting C compiler ABI info - done
-- Check for working C compiler: /usr/bin/cc - skipped
-- Detecting C compile features
-- Detecting C compile features - done
-- Detecting CXX compiler ABI info
-- Detecting CXX compiler ABI info - done
-- Check for working CXX compiler: /usr/bin/c++ - skipped
-- Detecting CXX compile features
-- Detecting CXX compile features - done
-- Found ament_cmake: 1.3.5 (/opt/ros/humble/share/ament_cmake/cmake)
-- Found Python3: /usr/bin/python3.10 (found version "3.10.12") found components: Interpreter 
-- Override CMake install command with custom implementation using symlinks instead of copying resources
-- Found ament_lint_auto: 0.12.8 (/opt/ros/humble/share/ament_lint_auto/cmake)
-- Added test 'copyright' to check source files copyright and LICENSE
-- Added test 'flake8' to check Python code syntax and style conventions
-- Added test 'lint_cmake' to check CMake code style
-- Added test 'pep257' to check Python code against some of the docstring style conventions in PEP 257
-- Added test 'xmllint' to check XML markup files
-- Configuring done (0.6s)
-- Generating done (0.0s)
-- Build files have been written to: /home/rick/ros_ws/build/ros_bot
-- Install configuration: ""
-- Execute custom install script
-- Symlinking: /home/rick/ros_ws/install/ros_bot/share/ros_bot/config/ball_tracker_params_robot.yaml
-- Symlinking: /home/rick/ros_ws/install/ros_bot/share/ros_bot/config/ball_tracker_params_sim.yaml
-- Symlinking: /home/rick/ros_ws/install/ros_bot/share/ros_bot/config/drive_bot.rviz
-- Symlinking: /home/rick/ros_ws/install/ros_bot/share/ros_bot/config/gaz_ros2_ctl_use_sim.yaml
-- Symlinking: /home/rick/ros_ws/install/ros_bot/share/ros_bot/config/gazebo_params.yaml
-- Symlinking: /home/rick/ros_ws/install/ros_bot/share/ros_bot/config/joystick.yaml
-- Symlinking: /home/rick/ros_ws/install/ros_bot/share/ros_bot/config/main.rviz
-- Symlinking: /home/rick/ros_ws/install/ros_bot/share/ros_bot/config/map.rviz
-- Symlinking: /home/rick/ros_ws/install/ros_bot/share/ros_bot/config/mapper_params_online_async.yaml
-- Symlinking: /home/rick/ros_ws/install/ros_bot/share/ros_bot/config/my_controllers.yaml
-- Symlinking: /home/rick/ros_ws/install/ros_bot/share/ros_bot/config/nav2_params.yaml
-- Symlinking: /home/rick/ros_ws/install/ros_bot/share/ros_bot/config/rviz.rviz
-- Symlinking: /home/rick/ros_ws/install/ros_bot/share/ros_bot/config/twist_mux.yaml
-- Symlinking: /home/rick/ros_ws/install/ros_bot/share/ros_bot/config/view_bot.rviz
-- Symlinking: /home/rick/ros_ws/install/ros_bot/share/ros_bot/description/camera.xacro
-- Symlinking: /home/rick/ros_ws/install/ros_bot/share/ros_bot/description/depth_camera.xacro
-- Symlinking: /home/rick/ros_ws/install/ros_bot/share/ros_bot/description/face.xacro
-- Symlinking: /home/rick/ros_ws/install/ros_bot/share/ros_bot/description/gazebo_control.xacro
-- Symlinking: /home/rick/ros_ws/install/ros_bot/share/ros_bot/description/imu.xacro
-- Symlinking: /home/rick/ros_ws/install/ros_bot/share/ros_bot/description/inertial_macros.xacro
-- Symlinking: /home/rick/ros_ws/install/ros_bot/share/ros_bot/description/lidar.xacro
-- Symlinking: /home/rick/ros_ws/install/ros_bot/share/ros_bot/description/robot.urdf.xacro
-- Symlinking: /home/rick/ros_ws/install/ros_bot/share/ros_bot/description/robot_core.xacro
-- Symlinking: /home/rick/ros_ws/install/ros_bot/share/ros_bot/description/ros2_control.xacro
-- Symlinking: /home/rick/ros_ws/install/ros_bot/share/ros_bot/launch/aio.launch.py
-- Symlinking: /home/rick/ros_ws/install/ros_bot/share/ros_bot/launch/ball_tracker.launch.py
-- Symlinking: /home/rick/ros_ws/install/ros_bot/share/ros_bot/launch/camera.launch.py
-- Symlinking: /home/rick/ros_ws/install/ros_bot/share/ros_bot/launch/ds4.launch.py
-- Symlinking: /home/rick/ros_ws/install/ros_bot/share/ros_bot/launch/joystick.launch.py
-- Symlinking: /home/rick/ros_ws/install/ros_bot/share/ros_bot/launch/launch_robot.launch.py
-- Symlinking: /home/rick/ros_ws/install/ros_bot/share/ros_bot/launch/launch_sim.launch.py
-- Symlinking: /home/rick/ros_ws/install/ros_bot/share/ros_bot/launch/localization_launch.py
-- Symlinking: /home/rick/ros_ws/install/ros_bot/share/ros_bot/launch/navigation_launch.py
-- Symlinking: /home/rick/ros_ws/install/ros_bot/share/ros_bot/launch/online_async_launch.py
-- Symlinking: /home/rick/ros_ws/install/ros_bot/share/ros_bot/launch/rplidar.launch.py
-- Symlinking: /home/rick/ros_ws/install/ros_bot/share/ros_bot/launch/rsp.launch.py
-- Symlinking: /home/rick/ros_ws/install/ros_bot/share/ros_bot/worlds/cafe.world
-- Symlinking: /home/rick/ros_ws/install/ros_bot/share/ros_bot/worlds/cafe/materials/textures/__auto_10.jpg
-- Symlinking: /home/rick/ros_ws/install/ros_bot/share/ros_bot/worlds/cafe/materials/textures/__auto_2.jpg
-- Symlinking: /home/rick/ros_ws/install/ros_bot/share/ros_bot/worlds/cafe/materials/textures/__auto_21.jpg
-- Symlinking: /home/rick/ros_ws/install/ros_bot/share/ros_bot/worlds/cafe/materials/textures/__auto_22.jpg
-- Symlinking: /home/rick/ros_ws/install/ros_bot/share/ros_bot/worlds/cafe/materials/textures/__auto_23.jpg
-- Symlinking: /home/rick/ros_ws/install/ros_bot/share/ros_bot/worlds/cafe/materials/textures/__auto_24.jpg
-- Symlinking: /home/rick/ros_ws/install/ros_bot/share/ros_bot/worlds/cafe/materials/textures/__auto_25.jpg
-- Symlinking: /home/rick/ros_ws/install/ros_bot/share/ros_bot/worlds/cafe/materials/textures/__auto_26.jpg
-- Symlinking: /home/rick/ros_ws/install/ros_bot/share/ros_bot/worlds/cafe/materials/textures/__auto_28.jpg
-- Symlinking: /home/rick/ros_ws/install/ros_bot/share/ros_bot/worlds/cafe/materials/textures/__auto_29.jpg
-- Symlinking: /home/rick/ros_ws/install/ros_bot/share/ros_bot/worlds/cafe/materials/textures/__auto_30.jpg
-- Symlinking: /home/rick/ros_ws/install/ros_bot/share/ros_bot/worlds/cafe/materials/textures/__auto_31.jpg
-- Symlinking: /home/rick/ros_ws/install/ros_bot/share/ros_bot/worlds/cafe/materials/textures/__auto_34.jpg
-- Symlinking: /home/rick/ros_ws/install/ros_bot/share/ros_bot/worlds/cafe/materials/textures/__auto_35.jpg
-- Symlinking: /home/rick/ros_ws/install/ros_bot/share/ros_bot/worlds/cafe/materials/textures/__auto_37.jpg
-- Symlinking: /home/rick/ros_ws/install/ros_bot/share/ros_bot/worlds/cafe/meshes/cafe.dae
-- Symlinking: /home/rick/ros_ws/install/ros_bot/share/ros_bot/worlds/cafe/model.config
-- Symlinking: /home/rick/ros_ws/install/ros_bot/share/ros_bot/worlds/cafe/model.sdf
-- Symlinking: /home/rick/ros_ws/install/ros_bot/share/ros_bot/worlds/cafe_table/materials/textures/Maple.jpg
-- Symlinking: /home/rick/ros_ws/install/ros_bot/share/ros_bot/worlds/cafe_table/materials/textures/Wood_Floor_Dark.jpg
-- Symlinking: /home/rick/ros_ws/install/ros_bot/share/ros_bot/worlds/cafe_table/meshes/cafe_table.dae
-- Symlinking: /home/rick/ros_ws/install/ros_bot/share/ros_bot/worlds/cafe_table/model-1_4.sdf
-- Symlinking: /home/rick/ros_ws/install/ros_bot/share/ros_bot/worlds/cafe_table/model.config
-- Symlinking: /home/rick/ros_ws/install/ros_bot/share/ros_bot/worlds/cafe_table/model.sdf
-- Symlinking: /home/rick/ros_ws/install/ros_bot/share/ros_bot/worlds/empty.world
-- Symlinking: /home/rick/ros_ws/install/ros_bot/share/ros_bot/maps/my_map.pgm
-- Symlinking: /home/rick/ros_ws/install/ros_bot/share/ros_bot/maps/my_map.yaml
-- Symlinking: /home/rick/ros_ws/install/ros_bot/share/ros_bot/maps/my_serialized_map.data
-- Symlinking: /home/rick/ros_ws/install/ros_bot/share/ros_bot/maps/my_serialized_map.posegraph
-- Symlinking: /home/rick/ros_ws/install/ros_bot/lib/ros_bot/odometry_publisher.py
-- Symlinking: /home/rick/ros_ws/install/ros_bot/share/ament_index/resource_index/package_run_dependencies/ros_bot
-- Symlinking: /home/rick/ros_ws/install/ros_bot/share/ament_index/resource_index/parent_prefix_path/ros_bot
-- Symlinking: /home/rick/ros_ws/install/ros_bot/share/ros_bot/environment/ament_prefix_path.sh
-- Symlinking: /home/rick/ros_ws/install/ros_bot/share/ros_bot/environment/ament_prefix_path.dsv
-- Symlinking: /home/rick/ros_ws/install/ros_bot/share/ros_bot/environment/path.sh
-- Symlinking: /home/rick/ros_ws/install/ros_bot/share/ros_bot/environment/path.dsv
-- Symlinking: /home/rick/ros_ws/install/ros_bot/share/ros_bot/local_setup.bash
-- Symlinking: /home/rick/ros_ws/install/ros_bot/share/ros_bot/local_setup.sh
-- Symlinking: /home/rick/ros_ws/install/ros_bot/share/ros_bot/local_setup.zsh
-- Symlinking: /home/rick/ros_ws/install/ros_bot/share/ros_bot/local_setup.dsv
-- Symlinking: /home/rick/ros_ws/install/ros_bot/share/ros_bot/package.dsv
-- Symlinking: /home/rick/ros_ws/install/ros_bot/share/ament_index/resource_index/packages/ros_bot
-- Symlinking: /home/rick/ros_ws/install/ros_bot/share/ros_bot/cmake/ros_botConfig.cmake
-- Symlinking: /home/rick/ros_ws/install/ros_bot/share/ros_bot/cmake/ros_botConfig-version.cmake
-- Symlinking: /home/rick/ros_ws/install/ros_bot/share/ros_bot/package.xml
