[0.053s] Invoking command in '/home/rick/ros_ws/build/cartographer_rviz': CMAKE_PREFIX_PATH=/home/rick/ros_ws/install/cartographer_ros:/home/rick/ros_ws/install/ayuda_description:/opt/ros/humble:/home/rick/ros_ws/install/cartographer_ros_msgs:/home/rick/ros_ws/install/cartographer:/home/rick/ros_ws/install/imu_tools:/home/rick/ros_ws/install/rviz_imu_plugin:/home/rick/ros_ws/install/rosbot_nav:/home/rick/ros_ws/install/ros_bot:/home/rick/ros_ws/install/imu_filter_madgwick:/home/rick/ros_ws/install/imu_complementary_filter:/home/rick/ros_ws/install/ds4_driver:/home/rick/ros_ws/install/ds4_driver_msgs:/home/rick/ros_ws/install/cartographer_test:/home/rick/ros_ws/install/cartographer_rviz LD_LIBRARY_PATH=/home/rick/ros_ws/install/cartographer_ros_msgs/lib:/home/rick/ros_ws/install/rviz_imu_plugin/lib:/home/rick/ros_ws/install/imu_filter_madgwick/lib:/home/rick/ros_ws/install/imu_complementary_filter/lib:/home/rick/ros_ws/install/ds4_driver_msgs/lib:/home/rick/ros_ws/install/cartographer_rviz/lib:/home/rick/ros_ws/install/cartographer_ros/lib:/usr/lib/x86_64-linux-gnu/gazebo-11/plugins:/opt/ros/humble/opt/rviz_ogre_vendor/lib:/opt/ros/humble/lib/x86_64-linux-gnu:/opt/ros/humble/lib:/usr/local/cuda/lib64 PATH=/home/rick/ros_ws/install/cartographer/bin:${PATH} PKG_CONFIG_PATH=/home/rick/ros_ws/install/cartographer/lib/x86_64-linux-gnu/pkgconfig:/home/rick/ros_ws/install/cartographer/lib/pkgconfig /home/rick/.local/bin/cmake --build /home/rick/ros_ws/build/cartographer_rviz -- -j24 -l24
[0.087s] -- Found ament_cmake: 1.3.5 (/opt/ros/humble/share/ament_cmake/cmake)
[0.263s] -- Override CMake install command with custom implementation using symlinks instead of copying resources
[0.270s] -- Found required Ceres dependency: Eigen version 3.4.0 in /usr/include/eigen3
[0.271s] -- Found required Ceres dependency: glog
[0.271s] -- Found required Ceres dependency: gflags
[0.272s] -- Found Ceres version: 2.0.0 installed in: /usr with components: [EigenSparse, SparseLinearAlgebraLibrary, LAPACK, SuiteSparse, CXSparse, SchurSpecializations, Multithreading]
[0.276s] -- Build type: Release
[0.280s] -- Found cartographer_ros: 2.0.9001 (/home/rick/ros_ws/install/cartographer_ros/share/cartographer_ros/cmake)
[0.297s] -- Found rosidl_generator_c: 3.1.5 (/opt/ros/humble/share/rosidl_generator_c/cmake)
[0.299s] -- Found rosidl_adapter: 3.1.5 (/opt/ros/humble/share/rosidl_adapter/cmake)
[0.303s] -- Found rosidl_generator_cpp: 3.1.5 (/opt/ros/humble/share/rosidl_generator_cpp/cmake)
[0.311s] -- Using all available rosidl_typesupport_c: rosidl_typesupport_fastrtps_c;rosidl_typesupport_introspection_c
[0.322s] -- Using all available rosidl_typesupport_cpp: rosidl_typesupport_fastrtps_cpp;rosidl_typesupport_introspection_cpp
[0.545s] -- Found rmw_implementation_cmake: 6.1.1 (/opt/ros/humble/share/rmw_implementation_cmake/cmake)
[0.547s] -- Found rmw_cyclonedds_cpp: 1.3.4 (/opt/ros/humble/share/rmw_cyclonedds_cpp/cmake)
[0.567s] -- Using RMW implementation 'rmw_cyclonedds_cpp' as default
[1.232s] -- Found rviz_common: 11.2.8 (/opt/ros/humble/share/rviz_common/cmake)
[1.245s] -- Setting OGRE_DIR to: '/opt/ros/humble/share/rviz_ogre_vendor/cmake/../../../opt/rviz_ogre_vendor/lib/OGRE/cmake'
[1.246s] -- Found OGRE
[1.246s] --   static     : OFF
[1.246s] --   components : HLMS;MeshLodGenerator;Overlay;Paging;Property;RTShaderSystem;Terrain;Volume
[1.246s] --   plugins    : Plugin_BSPSceneManager;Plugin_OctreeSceneManager;Plugin_PCZSceneManager;Plugin_ParticleFX;RenderSystem_GL;RenderSystem_GL3Plus;Codec_STBI
[1.246s] --   media      : /opt/ros/humble/opt/rviz_ogre_vendor/share/OGRE/Media
[1.246s] -- OGRE_LIBRARIES: OgreHLMS;OgreMeshLodGenerator;OgreOverlay;OgrePaging;OgreProperty;OgreRTShaderSystem;OgreTerrain;OgreVolume;OgreMain
[1.246s] -- OGRE_LIBRARY_DIRS: /opt/ros/humble/opt/rviz_ogre_vendor/lib
[1.246s] -- OGRE_PLUGINS: Plugin_BSPSceneManager;Plugin_OctreeSceneManager;Plugin_PCZSceneManager;Plugin_ParticleFX;RenderSystem_GL;RenderSystem_GL3Plus;Codec_STBI
[1.247s] -- OGRE_PLUGIN_DIR: /opt/ros/humble/opt/rviz_ogre_vendor/lib/OGRE
[1.247s] -- rviz_ogre_vendor::OgreOverlay for IMPORTED_LOCATION_RELEASE: /opt/ros/humble/opt/rviz_ogre_vendor/lib/libOgreOverlay.so
[1.247s] -- rviz_ogre_vendor::OgreOverlay for IMPORTED_LOCATION_DEBUG: /opt/ros/humble/opt/rviz_ogre_vendor/lib/libOgreOverlay.so
[1.247s] -- rviz_ogre_vendor::OgreMain for IMPORTED_LOCATION_RELEASE: /opt/ros/humble/opt/rviz_ogre_vendor/lib/libOgreMain.so
[1.247s] -- rviz_ogre_vendor::OgreMain for IMPORTED_LOCATION_DEBUG: /opt/ros/humble/opt/rviz_ogre_vendor/lib/libOgreMain.so
[1.318s] -- rviz_ogre_vendor::RenderSystem_GL for IMPORTED_LOCATION_RELEASE: _render_system_gl_static_library_abs-NOTFOUND
[1.318s] -- rviz_ogre_vendor::RenderSystem_GL for IMPORTED_LOCATION_DEBUG: _render_system_gl_static_library_abs-NOTFOUND
[1.339s] -- library: /usr/lib/x86_64-linux-gnu/libcurl.so
[1.366s] -- Ensuring Eigen3 include directory is part of orocos-kdl CMake target
[1.678s] -- Deploy OGRE media
[1.680s] -- Configuring done (1.6s)
[1.720s] -- Generating done (0.0s)
[1.721s] -- Build files have been written to: /home/rick/ros_ws/build/cartographer_rviz
[1.739s] [ 16%] [34m[1mAutomatic MOC for target cartographer_rviz[0m
[1.741s] [ 16%] Built target cartographer_rviz_detect_changes
[3.291s] [ 16%] Built target cartographer_rviz_autogen
[3.325s] [ 33%] [32mBuilding CXX object CMakeFiles/cartographer_rviz.dir/cartographer_rviz_autogen/mocs_compilation.cpp.o[0m
[3.325s] [ 50%] [32mBuilding CXX object CMakeFiles/cartographer_rviz.dir/src/drawable_submap.cpp.o[0m
[3.326s] [ 66%] [32mBuilding CXX object CMakeFiles/cartographer_rviz.dir/src/ogre_slice.cpp.o[0m
[3.327s] [ 83%] [32mBuilding CXX object CMakeFiles/cartographer_rviz.dir/src/submaps_display.cpp.o[0m
[15.388s] [100%] [32m[1mLinking CXX shared library libcartographer_rviz.so[0m
[16.159s] [100%] Built target cartographer_rviz
[16.168s] Invoked command in '/home/rick/ros_ws/build/cartographer_rviz' returned '0': CMAKE_PREFIX_PATH=/home/rick/ros_ws/install/cartographer_ros:/home/rick/ros_ws/install/ayuda_description:/opt/ros/humble:/home/rick/ros_ws/install/cartographer_ros_msgs:/home/rick/ros_ws/install/cartographer:/home/rick/ros_ws/install/imu_tools:/home/rick/ros_ws/install/rviz_imu_plugin:/home/rick/ros_ws/install/rosbot_nav:/home/rick/ros_ws/install/ros_bot:/home/rick/ros_ws/install/imu_filter_madgwick:/home/rick/ros_ws/install/imu_complementary_filter:/home/rick/ros_ws/install/ds4_driver:/home/rick/ros_ws/install/ds4_driver_msgs:/home/rick/ros_ws/install/cartographer_test:/home/rick/ros_ws/install/cartographer_rviz LD_LIBRARY_PATH=/home/rick/ros_ws/install/cartographer_ros_msgs/lib:/home/rick/ros_ws/install/rviz_imu_plugin/lib:/home/rick/ros_ws/install/imu_filter_madgwick/lib:/home/rick/ros_ws/install/imu_complementary_filter/lib:/home/rick/ros_ws/install/ds4_driver_msgs/lib:/home/rick/ros_ws/install/cartographer_rviz/lib:/home/rick/ros_ws/install/cartographer_ros/lib:/usr/lib/x86_64-linux-gnu/gazebo-11/plugins:/opt/ros/humble/opt/rviz_ogre_vendor/lib:/opt/ros/humble/lib/x86_64-linux-gnu:/opt/ros/humble/lib:/usr/local/cuda/lib64 PATH=/home/rick/ros_ws/install/cartographer/bin:${PATH} PKG_CONFIG_PATH=/home/rick/ros_ws/install/cartographer/lib/x86_64-linux-gnu/pkgconfig:/home/rick/ros_ws/install/cartographer/lib/pkgconfig /home/rick/.local/bin/cmake --build /home/rick/ros_ws/build/cartographer_rviz -- -j24 -l24
[16.221s] Invoking command in '/home/rick/ros_ws/build/cartographer_rviz': CMAKE_PREFIX_PATH=/home/rick/ros_ws/install/cartographer_ros:/home/rick/ros_ws/install/ayuda_description:/opt/ros/humble:/home/rick/ros_ws/install/cartographer_ros_msgs:/home/rick/ros_ws/install/cartographer:/home/rick/ros_ws/install/imu_tools:/home/rick/ros_ws/install/rviz_imu_plugin:/home/rick/ros_ws/install/rosbot_nav:/home/rick/ros_ws/install/ros_bot:/home/rick/ros_ws/install/imu_filter_madgwick:/home/rick/ros_ws/install/imu_complementary_filter:/home/rick/ros_ws/install/ds4_driver:/home/rick/ros_ws/install/ds4_driver_msgs:/home/rick/ros_ws/install/cartographer_test:/home/rick/ros_ws/install/cartographer_rviz LD_LIBRARY_PATH=/home/rick/ros_ws/install/cartographer_ros_msgs/lib:/home/rick/ros_ws/install/rviz_imu_plugin/lib:/home/rick/ros_ws/install/imu_filter_madgwick/lib:/home/rick/ros_ws/install/imu_complementary_filter/lib:/home/rick/ros_ws/install/ds4_driver_msgs/lib:/home/rick/ros_ws/install/cartographer_rviz/lib:/home/rick/ros_ws/install/cartographer_ros/lib:/usr/lib/x86_64-linux-gnu/gazebo-11/plugins:/opt/ros/humble/opt/rviz_ogre_vendor/lib:/opt/ros/humble/lib/x86_64-linux-gnu:/opt/ros/humble/lib:/usr/local/cuda/lib64 PATH=/home/rick/ros_ws/install/cartographer/bin:${PATH} PKG_CONFIG_PATH=/home/rick/ros_ws/install/cartographer/lib/x86_64-linux-gnu/pkgconfig:/home/rick/ros_ws/install/cartographer/lib/pkgconfig /home/rick/.local/bin/cmake --install /home/rick/ros_ws/build/cartographer_rviz
[16.252s] -- Install configuration: "Release"
[16.252s] -- Execute custom install script
[16.252s] -- Up-to-date symlink: /home/rick/ros_ws/install/cartographer_rviz/share/cartographer_rviz//rviz_plugin_description.xml
[16.252s] -- Up-to-date symlink: /home/rick/ros_ws/install/cartographer_rviz/include//cartographer_rviz/drawable_submap.h
[16.252s] -- Up-to-date symlink: /home/rick/ros_ws/install/cartographer_rviz/include//cartographer_rviz/ogre_slice.h
[16.252s] -- Up-to-date symlink: /home/rick/ros_ws/install/cartographer_rviz/include//cartographer_rviz/submaps_display.h
[16.252s] -- Up-to-date symlink: /home/rick/ros_ws/install/cartographer_rviz/share/cartographer_rviz/environment/library_path.sh
[16.253s] -- Up-to-date symlink: /home/rick/ros_ws/install/cartographer_rviz/share/cartographer_rviz/environment/library_path.dsv
[16.253s] -- Up-to-date symlink: /home/rick/ros_ws/install/cartographer_rviz/share/ament_index/resource_index/package_run_dependencies/cartographer_rviz
[16.253s] -- Up-to-date symlink: /home/rick/ros_ws/install/cartographer_rviz/share/ament_index/resource_index/parent_prefix_path/cartographer_rviz
[16.253s] -- Up-to-date symlink: /home/rick/ros_ws/install/cartographer_rviz/share/cartographer_rviz/environment/ament_prefix_path.sh
[16.253s] -- Up-to-date symlink: /home/rick/ros_ws/install/cartographer_rviz/share/cartographer_rviz/environment/ament_prefix_path.dsv
[16.253s] -- Up-to-date symlink: /home/rick/ros_ws/install/cartographer_rviz/share/cartographer_rviz/environment/path.sh
[16.253s] -- Up-to-date symlink: /home/rick/ros_ws/install/cartographer_rviz/share/cartographer_rviz/environment/path.dsv
[16.253s] -- Up-to-date symlink: /home/rick/ros_ws/install/cartographer_rviz/share/cartographer_rviz/local_setup.bash
[16.253s] -- Up-to-date symlink: /home/rick/ros_ws/install/cartographer_rviz/share/cartographer_rviz/local_setup.sh
[16.253s] -- Up-to-date symlink: /home/rick/ros_ws/install/cartographer_rviz/share/cartographer_rviz/local_setup.zsh
[16.253s] -- Up-to-date symlink: /home/rick/ros_ws/install/cartographer_rviz/share/cartographer_rviz/local_setup.dsv
[16.253s] -- Symlinking: /home/rick/ros_ws/install/cartographer_rviz/share/cartographer_rviz/package.dsv
[16.256s] -- Up-to-date symlink: /home/rick/ros_ws/install/cartographer_rviz/share/ament_index/resource_index/packages/cartographer_rviz
[16.256s] -- Up-to-date symlink: /home/rick/ros_ws/install/cartographer_rviz/share/ament_index/resource_index/rviz_common__pluginlib__plugin/cartographer_rviz
[16.256s] -- Up-to-date symlink: /home/rick/ros_ws/install/cartographer_rviz/share/ament_index/resource_index/rviz_ogre_media_exports/cartographer_rviz
[16.256s] -- Up-to-date symlink: /home/rick/ros_ws/install/cartographer_rviz/share/cartographer_rviz/cmake/ament_cmake_export_include_directories-extras.cmake
[16.256s] -- Up-to-date symlink: /home/rick/ros_ws/install/cartographer_rviz/share/cartographer_rviz/cmake/ament_cmake_export_targets-extras.cmake
[16.256s] -- Up-to-date symlink: /home/rick/ros_ws/install/cartographer_rviz/share/cartographer_rviz/cmake/ament_cmake_export_dependencies-extras.cmake
[16.256s] -- Up-to-date symlink: /home/rick/ros_ws/install/cartographer_rviz/share/cartographer_rviz/cmake/cartographer_rvizConfig.cmake
[16.256s] -- Up-to-date symlink: /home/rick/ros_ws/install/cartographer_rviz/share/cartographer_rviz/cmake/cartographer_rvizConfig-version.cmake
[16.256s] -- Up-to-date symlink: /home/rick/ros_ws/install/cartographer_rviz/share/cartographer_rviz/package.xml
[16.257s] -- Installing: /home/rick/ros_ws/install/cartographer_rviz/lib/libcartographer_rviz.so
[16.262s] -- Set runtime path of "/home/rick/ros_ws/install/cartographer_rviz/lib/libcartographer_rviz.so" to ""
[16.262s] -- Up-to-date: /home/rick/ros_ws/install/cartographer_rviz/share/cartographer_rviz/ogre_media/materials/glsl120
[16.262s] -- Installing: /home/rick/ros_ws/install/cartographer_rviz/share/cartographer_rviz/ogre_media/materials/glsl120/glsl120.program
[16.262s] -- Installing: /home/rick/ros_ws/install/cartographer_rviz/share/cartographer_rviz/ogre_media/materials/glsl120/submap.vert
[16.262s] -- Installing: /home/rick/ros_ws/install/cartographer_rviz/share/cartographer_rviz/ogre_media/materials/glsl120/submap.frag
[16.262s] -- Up-to-date: /home/rick/ros_ws/install/cartographer_rviz/share/cartographer_rviz/ogre_media/materials/scripts
[16.262s] -- Installing: /home/rick/ros_ws/install/cartographer_rviz/share/cartographer_rviz/ogre_media/materials/scripts/submap.material
[16.262s] -- Up-to-date: /home/rick/ros_ws/install/cartographer_rviz/share/cartographer_rviz/cmake/cartographer_rvizExport.cmake
[16.262s] -- Up-to-date: /home/rick/ros_ws/install/cartographer_rviz/share/cartographer_rviz/cmake/cartographer_rvizExport-release.cmake
[16.267s] Invoked command in '/home/rick/ros_ws/build/cartographer_rviz' returned '0': CMAKE_PREFIX_PATH=/home/rick/ros_ws/install/cartographer_ros:/home/rick/ros_ws/install/ayuda_description:/opt/ros/humble:/home/rick/ros_ws/install/cartographer_ros_msgs:/home/rick/ros_ws/install/cartographer:/home/rick/ros_ws/install/imu_tools:/home/rick/ros_ws/install/rviz_imu_plugin:/home/rick/ros_ws/install/rosbot_nav:/home/rick/ros_ws/install/ros_bot:/home/rick/ros_ws/install/imu_filter_madgwick:/home/rick/ros_ws/install/imu_complementary_filter:/home/rick/ros_ws/install/ds4_driver:/home/rick/ros_ws/install/ds4_driver_msgs:/home/rick/ros_ws/install/cartographer_test:/home/rick/ros_ws/install/cartographer_rviz LD_LIBRARY_PATH=/home/rick/ros_ws/install/cartographer_ros_msgs/lib:/home/rick/ros_ws/install/rviz_imu_plugin/lib:/home/rick/ros_ws/install/imu_filter_madgwick/lib:/home/rick/ros_ws/install/imu_complementary_filter/lib:/home/rick/ros_ws/install/ds4_driver_msgs/lib:/home/rick/ros_ws/install/cartographer_rviz/lib:/home/rick/ros_ws/install/cartographer_ros/lib:/usr/lib/x86_64-linux-gnu/gazebo-11/plugins:/opt/ros/humble/opt/rviz_ogre_vendor/lib:/opt/ros/humble/lib/x86_64-linux-gnu:/opt/ros/humble/lib:/usr/local/cuda/lib64 PATH=/home/rick/ros_ws/install/cartographer/bin:${PATH} PKG_CONFIG_PATH=/home/rick/ros_ws/install/cartographer/lib/x86_64-linux-gnu/pkgconfig:/home/rick/ros_ws/install/cartographer/lib/pkgconfig /home/rick/.local/bin/cmake --install /home/rick/ros_ws/build/cartographer_rviz
