[0.076s] Invoking command in '/home/rick/ros_ws/build/ds4_driver': CMAKE_PREFIX_PATH=/home/rick/ros_ws/install/ds4_driver_msgs:/home/rick/ros_ws/install/ros_bot:/home/rick/ros_ws/install/ds4_driver:/home/rick/ros_ws/install/cartographer_rviz:/home/rick/ros_ws/install/cartographer_ros:/home/rick/ros_ws/install/cartographer_ros_msgs:/home/rick/ros_ws/install/ayuda_description:/opt/ros/humble LD_LIBRARY_PATH=/home/rick/ros_ws/install/ds4_driver_msgs/lib:/home/rick/ros_ws/install/cartographer_rviz/lib:/home/rick/ros_ws/install/cartographer_ros/lib:/home/rick/ros_ws/install/cartographer_ros_msgs/lib:/usr/lib/x86_64-linux-gnu/gazebo-11/plugins:/opt/ros/humble/opt/rviz_ogre_vendor/lib:/opt/ros/humble/lib/x86_64-linux-gnu:/opt/ros/humble/lib:/usr/local/cuda/lib64 /home/rick/.local/bin/cmake --build /home/rick/ros_ws/build/ds4_driver -- -j24 -l24
[0.103s] Built target ament_cmake_python_symlink_ds4_driver
[0.235s] running egg_info
[0.235s] writing ds4_driver.egg-info/PKG-INFO
[0.235s] writing dependency_links to ds4_driver.egg-info/dependency_links.txt
[0.235s] writing top-level names to ds4_driver.egg-info/top_level.txt
[0.236s] reading manifest file 'ds4_driver.egg-info/SOURCES.txt'
[0.237s] writing manifest file 'ds4_driver.egg-info/SOURCES.txt'
[0.249s] Built target ament_cmake_python_build_ds4_driver_egg
[0.255s] Invoked command in '/home/rick/ros_ws/build/ds4_driver' returned '0': CMAKE_PREFIX_PATH=/home/rick/ros_ws/install/ds4_driver_msgs:/home/rick/ros_ws/install/ros_bot:/home/rick/ros_ws/install/ds4_driver:/home/rick/ros_ws/install/cartographer_rviz:/home/rick/ros_ws/install/cartographer_ros:/home/rick/ros_ws/install/cartographer_ros_msgs:/home/rick/ros_ws/install/ayuda_description:/opt/ros/humble LD_LIBRARY_PATH=/home/rick/ros_ws/install/ds4_driver_msgs/lib:/home/rick/ros_ws/install/cartographer_rviz/lib:/home/rick/ros_ws/install/cartographer_ros/lib:/home/rick/ros_ws/install/cartographer_ros_msgs/lib:/usr/lib/x86_64-linux-gnu/gazebo-11/plugins:/opt/ros/humble/opt/rviz_ogre_vendor/lib:/opt/ros/humble/lib/x86_64-linux-gnu:/opt/ros/humble/lib:/usr/local/cuda/lib64 /home/rick/.local/bin/cmake --build /home/rick/ros_ws/build/ds4_driver -- -j24 -l24
[0.281s] Invoking command in '/home/rick/ros_ws/build/ds4_driver': CMAKE_PREFIX_PATH=/home/rick/ros_ws/install/ds4_driver_msgs:/home/rick/ros_ws/install/ros_bot:/home/rick/ros_ws/install/ds4_driver:/home/rick/ros_ws/install/cartographer_rviz:/home/rick/ros_ws/install/cartographer_ros:/home/rick/ros_ws/install/cartographer_ros_msgs:/home/rick/ros_ws/install/ayuda_description:/opt/ros/humble LD_LIBRARY_PATH=/home/rick/ros_ws/install/ds4_driver_msgs/lib:/home/rick/ros_ws/install/cartographer_rviz/lib:/home/rick/ros_ws/install/cartographer_ros/lib:/home/rick/ros_ws/install/cartographer_ros_msgs/lib:/usr/lib/x86_64-linux-gnu/gazebo-11/plugins:/opt/ros/humble/opt/rviz_ogre_vendor/lib:/opt/ros/humble/lib/x86_64-linux-gnu:/opt/ros/humble/lib:/usr/local/cuda/lib64 /home/rick/.local/bin/cmake --install /home/rick/ros_ws/build/ds4_driver
[0.298s] -- Install configuration: ""
[0.298s] -- Execute custom install script
[0.298s] -- Up-to-date symlink: /home/rick/ros_ws/install/ds4_driver/share/ds4_driver/environment/pythonpath.sh
[0.298s] -- Up-to-date symlink: /home/rick/ros_ws/install/ds4_driver/share/ds4_driver/environment/pythonpath.dsv
[0.298s] -- Up-to-date symlink: /home/rick/ros_ws/install/ds4_driver/local/lib/python3.10/dist-packages/ds4_driver-0.2.1-py3.10.egg-info/PKG-INFO
[0.298s] -- Up-to-date symlink: /home/rick/ros_ws/install/ds4_driver/local/lib/python3.10/dist-packages/ds4_driver-0.2.1-py3.10.egg-info/SOURCES.txt
[0.298s] -- Up-to-date symlink: /home/rick/ros_ws/install/ds4_driver/local/lib/python3.10/dist-packages/ds4_driver-0.2.1-py3.10.egg-info/dependency_links.txt
[0.298s] -- Up-to-date symlink: /home/rick/ros_ws/install/ds4_driver/local/lib/python3.10/dist-packages/ds4_driver-0.2.1-py3.10.egg-info/top_level.txt
[0.299s] -- Up-to-date symlink: /home/rick/ros_ws/install/ds4_driver/local/lib/python3.10/dist-packages/ds4_driver/__init__.py
[0.299s] -- Up-to-date symlink: /home/rick/ros_ws/install/ds4_driver/local/lib/python3.10/dist-packages/ds4_driver/controller.py
[0.299s] -- Up-to-date symlink: /home/rick/ros_ws/install/ds4_driver/local/lib/python3.10/dist-packages/ds4_driver/controller_ros.py
[0.299s] -- Up-to-date symlink: /home/rick/ros_ws/install/ds4_driver/local/lib/python3.10/dist-packages/ds4_driver/logger.py
[0.299s] -- Up-to-date symlink: /home/rick/ros_ws/install/ds4_driver/share/ds4_driver//config/params.yaml
[0.299s] -- Up-to-date symlink: /home/rick/ros_ws/install/ds4_driver/share/ds4_driver//config/twist_2dof.yaml
[0.299s] -- Up-to-date symlink: /home/rick/ros_ws/install/ds4_driver/share/ds4_driver//config/twist_6dof.yaml
[0.299s] -- Up-to-date symlink: /home/rick/ros_ws/install/ds4_driver/share/ds4_driver//launch/demo.launch.xml
[0.299s] -- Up-to-date symlink: /home/rick/ros_ws/install/ds4_driver/share/ds4_driver//launch/ds4_driver.launch.xml
[0.299s] -- Up-to-date symlink: /home/rick/ros_ws/install/ds4_driver/share/ds4_driver//launch/ds4_twist.launch.xml
[0.299s] -- Up-to-date symlink: /home/rick/ros_ws/install/ds4_driver/lib/ds4_driver/demo.py
[0.299s] -- Up-to-date symlink: /home/rick/ros_ws/install/ds4_driver/lib/ds4_driver/ds4_driver_node.py
[0.299s] -- Up-to-date symlink: /home/rick/ros_ws/install/ds4_driver/lib/ds4_driver/ds4_twist_node.py
[0.299s] -- Up-to-date symlink: /home/rick/ros_ws/install/ds4_driver/share/ament_index/resource_index/package_run_dependencies/ds4_driver
[0.300s] -- Up-to-date symlink: /home/rick/ros_ws/install/ds4_driver/share/ament_index/resource_index/parent_prefix_path/ds4_driver
[0.300s] -- Up-to-date symlink: /home/rick/ros_ws/install/ds4_driver/share/ds4_driver/environment/ament_prefix_path.sh
[0.300s] -- Up-to-date symlink: /home/rick/ros_ws/install/ds4_driver/share/ds4_driver/environment/ament_prefix_path.dsv
[0.300s] -- Up-to-date symlink: /home/rick/ros_ws/install/ds4_driver/share/ds4_driver/environment/path.sh
[0.300s] -- Up-to-date symlink: /home/rick/ros_ws/install/ds4_driver/share/ds4_driver/environment/path.dsv
[0.300s] -- Up-to-date symlink: /home/rick/ros_ws/install/ds4_driver/share/ds4_driver/local_setup.bash
[0.300s] -- Up-to-date symlink: /home/rick/ros_ws/install/ds4_driver/share/ds4_driver/local_setup.sh
[0.300s] -- Up-to-date symlink: /home/rick/ros_ws/install/ds4_driver/share/ds4_driver/local_setup.zsh
[0.300s] -- Up-to-date symlink: /home/rick/ros_ws/install/ds4_driver/share/ds4_driver/local_setup.dsv
[0.300s] -- Symlinking: /home/rick/ros_ws/install/ds4_driver/share/ds4_driver/package.dsv
[0.303s] -- Up-to-date symlink: /home/rick/ros_ws/install/ds4_driver/share/ament_index/resource_index/packages/ds4_driver
[0.303s] -- Up-to-date symlink: /home/rick/ros_ws/install/ds4_driver/share/ds4_driver/cmake/ds4_driverConfig.cmake
[0.303s] -- Up-to-date symlink: /home/rick/ros_ws/install/ds4_driver/share/ds4_driver/cmake/ds4_driverConfig-version.cmake
[0.303s] -- Up-to-date symlink: /home/rick/ros_ws/install/ds4_driver/share/ds4_driver/package.xml
[0.320s] Listing '/home/rick/ros_ws/install/ds4_driver/local/lib/python3.10/dist-packages/ds4_driver'...
[0.403s] Invoked command in '/home/rick/ros_ws/build/ds4_driver' returned '0': CMAKE_PREFIX_PATH=/home/rick/ros_ws/install/ds4_driver_msgs:/home/rick/ros_ws/install/ros_bot:/home/rick/ros_ws/install/ds4_driver:/home/rick/ros_ws/install/cartographer_rviz:/home/rick/ros_ws/install/cartographer_ros:/home/rick/ros_ws/install/cartographer_ros_msgs:/home/rick/ros_ws/install/ayuda_description:/opt/ros/humble LD_LIBRARY_PATH=/home/rick/ros_ws/install/ds4_driver_msgs/lib:/home/rick/ros_ws/install/cartographer_rviz/lib:/home/rick/ros_ws/install/cartographer_ros/lib:/home/rick/ros_ws/install/cartographer_ros_msgs/lib:/usr/lib/x86_64-linux-gnu/gazebo-11/plugins:/opt/ros/humble/opt/rviz_ogre_vendor/lib:/opt/ros/humble/lib/x86_64-linux-gnu:/opt/ros/humble/lib:/usr/local/cuda/lib64 /home/rick/.local/bin/cmake --install /home/rick/ros_ws/build/ds4_driver
