[0.351s] Invoking command in '/home/rick/ros_ws/build/cartographer': CMAKE_PREFIX_PATH=/home/rick/ros_ws/install/imu_tools:/home/rick/ros_ws/install/rviz_imu_plugin:/home/rick/ros_ws/install/rosbot_nav:/home/rick/ros_ws/install/ros_bot:/home/rick/ros_ws/install/imu_filter_madgwick:/home/rick/ros_ws/install/imu_complementary_filter:/home/rick/ros_ws/install/ds4_driver:/home/rick/ros_ws/install/ds4_driver_msgs:/home/rick/ros_ws/install/cartographer_test:/home/rick/ros_ws/install/cartographer_rviz:/home/rick/ros_ws/install/cartographer_ros:/home/rick/ros_ws/install/ayuda_description:/opt/ros/humble:/home/rick/ros_ws/install/cartographer_ros_msgs /home/rick/.local/bin/cmake --build /home/rick/ros_ws/build/cartographer -- -j24 -l24
[0.558s] -- Build type: Release
[0.558s] -- Found required Ceres dependency: Eigen version 3.4.0 in /usr/include/eigen3
[0.558s] -- Found required Ceres dependency: glog
[0.559s] -- Found required Ceres dependency: gflags
[0.559s] -- Found Ceres version: 2.0.0 installed in: /usr with components: [EigenSparse, SparseLinearAlgebraLibrary, LAPACK, SuiteSparse, CXSparse, SchurSpecializations, Multithreading]
[0.559s] -- Configuring done (0.2s)
[0.560s] [0mCMake Deprecation Warning at CMakeLists.txt:15 (cmake_minimum_required):
[0.560s]   Compatibility with CMake < 3.5 will be removed from a future version of
[0.560s]   CMake.
[0.560s] 
[0.561s]   Update the VERSION argument <min> value or use a ...<max> suffix to tell
[0.561s]   CMake that the project does not need compatibility with older versions.
[0.561s] 
[0.561s] [0m
[0.562s] [0mCMake Deprecation Warning at /usr/src/googletest/googlemock/CMakeLists.txt:47 (cmake_minimum_required):
[0.562s]   Compatibility with CMake < 3.5 will be removed from a future version of
[0.562s]   CMake.
[0.562s] 
[0.562s]   Update the VERSION argument <min> value or use a ...<max> suffix to tell
[0.562s]   CMake that the project does not need compatibility with older versions.
[0.562s] 
[0.562s] [0m
[0.562s] [0mCMake Deprecation Warning at /usr/src/googletest/googletest/CMakeLists.txt:58 (cmake_minimum_required):
[0.562s]   Compatibility with CMake < 3.5 will be removed from a future version of
[0.563s]   CMake.
[0.563s] 
[0.563s]   Update the VERSION argument <min> value or use a ...<max> suffix to tell
[0.563s]   CMake that the project does not need compatibility with older versions.
[0.563s] 
[0.563s] [0m
[0.718s] -- Generating done (0.1s)
[0.726s] -- Build files have been written to: /home/rick/ros_ws/build/cartographer
[0.735s] [  0%] [34m[1mRunning C++ protocol buffer compiler on /home/rick/ros_ws/src/cartographer/cartographer/transform/proto/transform.proto[0m
[0.735s] [  0%] [34m[1mRunning C++ protocol buffer compiler on /home/rick/ros_ws/src/cartographer/cartographer/common/proto/ceres_solver_options.proto[0m
[0.735s] [  0%] [34m[1mRunning C++ protocol buffer compiler on /home/rick/ros_ws/src/cartographer/cartographer/ground_truth/proto/relations.proto[0m
[0.735s] [  1%] [32mBuilding CXX object googletest/CMakeFiles/gtest.dir/src/gtest-all.cc.o[0m
[0.735s] [  2%] [34m[1mRunning C++ protocol buffer compiler on /home/rick/ros_ws/src/cartographer/cartographer/mapping/proto/cell_limits_2d.proto[0m
[0.736s] [  2%] [34m[1mRunning C++ protocol buffer compiler on /home/rick/ros_ws/src/cartographer/cartographer/mapping/proto/connected_components.proto[0m
[0.736s] [  2%] [34m[1mRunning C++ protocol buffer compiler on /home/rick/ros_ws/src/cartographer/cartographer/mapping/proto/grid_2d.proto[0m
[0.737s] [  3%] [34m[1mRunning C++ protocol buffer compiler on /home/rick/ros_ws/src/cartographer/cartographer/mapping/proto/hybrid_grid.proto[0m
[0.737s] [  3%] [34m[1mRunning C++ protocol buffer compiler on /home/rick/ros_ws/src/cartographer/cartographer/mapping/proto/grid_2d_options.proto[0m
[0.737s] [  4%] [34m[1mRunning C++ protocol buffer compiler on /home/rick/ros_ws/src/cartographer/cartographer/mapping/proto/map_limits.proto[0m
[0.737s] [  4%] [34m[1mRunning C++ protocol buffer compiler on /home/rick/ros_ws/src/cartographer/cartographer/mapping/proto/map_builder_options.proto[0m
[0.737s] [  4%] [34m[1mRunning C++ protocol buffer compiler on /home/rick/ros_ws/src/cartographer/cartographer/mapping/proto/local_trajectory_builder_options_2d.proto[0m
[0.738s] [  4%] [34m[1mRunning C++ protocol buffer compiler on /home/rick/ros_ws/src/cartographer/cartographer/mapping/proto/motion_filter_options.proto[0m
[0.738s] [  4%] [34m[1mBuilding documentation.[0m
[0.738s] [  4%] [34m[1mRunning C++ protocol buffer compiler on /home/rick/ros_ws/src/cartographer/cartographer/mapping/proto/local_trajectory_builder_options_3d.proto[0m
[0.739s] [  4%] [34m[1mRunning C++ protocol buffer compiler on /home/rick/ros_ws/src/cartographer/cartographer/mapping/proto/normal_estimation_options_2d.proto[0m
[0.740s] 檔案 /home/rick/ros_ws/build/cartographer/AllFiles.cmake 與 - 不同
[0.743s] [  4%] [34m[1mRunning C++ protocol buffer compiler on /home/rick/ros_ws/src/cartographer/cartographer/mapping/proto/pose_extrapolator_options.proto[0m
[0.744s] [  4%] [34m[1mRunning C++ protocol buffer compiler on /home/rick/ros_ws/src/cartographer/cartographer/mapping/proto/pose_graph/constraint_builder_options.proto[0m
[0.744s] [  5%] [34m[1mRunning C++ protocol buffer compiler on /home/rick/ros_ws/src/cartographer/cartographer/mapping/proto/pose_graph.proto[0m
[0.745s] [  5%] [34m[1mRunning C++ protocol buffer compiler on /home/rick/ros_ws/src/cartographer/cartographer/mapping/proto/pose_graph/optimization_problem_options.proto[0m
[0.745s] [  5%] [34m[1mRunning C++ protocol buffer compiler on /home/rick/ros_ws/src/cartographer/cartographer/mapping/proto/pose_graph_options.proto[0m
[0.745s] [  6%] [34m[1mRunning C++ protocol buffer compiler on /home/rick/ros_ws/src/cartographer/cartographer/mapping/proto/probability_grid.proto[0m
[0.745s] [  6%] [34m[1mRunning C++ protocol buffer compiler on /home/rick/ros_ws/src/cartographer/cartographer/mapping/proto/range_data_inserter_options.proto[0m
[0.745s] [  6%] [34m[1mRunning C++ protocol buffer compiler on /home/rick/ros_ws/src/cartographer/cartographer/mapping/proto/range_data_inserter_options_3d.proto[0m
[0.745s] [  6%] [34m[1mRunning C++ protocol buffer compiler on /home/rick/ros_ws/src/cartographer/cartographer/mapping/proto/scan_matching/fast_correlative_scan_matcher_options_2d.proto[0m
[0.746s] [  7%] [34m[1mRunning C++ protocol buffer compiler on /home/rick/ros_ws/src/cartographer/cartographer/mapping/proto/scan_matching/ceres_scan_matcher_options_2d.proto[0m
[0.746s] [  7%] [34m[1mRunning C++ protocol buffer compiler on /home/rick/ros_ws/src/cartographer/cartographer/mapping/proto/scan_matching/fast_correlative_scan_matcher_options_3d.proto[0m
[0.746s] [  7%] [34m[1mRunning C++ protocol buffer compiler on /home/rick/ros_ws/src/cartographer/cartographer/mapping/proto/scan_matching/ceres_scan_matcher_options_3d.proto[0m
[0.746s] [  8%] [34m[1mRunning C++ protocol buffer compiler on /home/rick/ros_ws/src/cartographer/cartographer/mapping/proto/scan_matching/real_time_correlative_scan_matcher_options.proto[0m
[0.746s] [  8%] [34m[1mRunning C++ protocol buffer compiler on /home/rick/ros_ws/src/cartographer/cartographer/mapping/proto/serialization.proto[0m
[0.746s] [  8%] [34m[1mRunning C++ protocol buffer compiler on /home/rick/ros_ws/src/cartographer/cartographer/mapping/proto/probability_grid_range_data_inserter_options_2d.proto[0m
[0.748s] [  8%] [34m[1mRunning C++ protocol buffer compiler on /home/rick/ros_ws/src/cartographer/cartographer/mapping/proto/submap.proto[0m
[0.750s] [  8%] Built target cartographer_detect_changes
[0.752s] [  9%] [34m[1mRunning C++ protocol buffer compiler on /home/rick/ros_ws/src/cartographer/cartographer/mapping/proto/submap_visualization.proto[0m
[0.752s] [  9%] [34m[1mRunning C++ protocol buffer compiler on /home/rick/ros_ws/src/cartographer/cartographer/mapping/proto/submaps_options_2d.proto[0m
[0.752s] [  9%] [34m[1mRunning C++ protocol buffer compiler on /home/rick/ros_ws/src/cartographer/cartographer/mapping/proto/submaps_options_3d.proto[0m
[0.753s] [  9%] [34m[1mRunning C++ protocol buffer compiler on /home/rick/ros_ws/src/cartographer/cartographer/mapping/proto/trajectory.proto[0m
[0.753s] [ 10%] [34m[1mRunning C++ protocol buffer compiler on /home/rick/ros_ws/src/cartographer/cartographer/mapping/proto/trajectory_builder_options.proto[0m
[0.753s] [ 10%] [34m[1mRunning C++ protocol buffer compiler on /home/rick/ros_ws/src/cartographer/cartographer/mapping/proto/trajectory_node_data.proto[0m
[0.753s] [ 10%] [34m[1mRunning C++ protocol buffer compiler on /home/rick/ros_ws/src/cartographer/cartographer/mapping/proto/tsdf_2d.proto[0m
[0.753s] [ 10%] [34m[1mRunning C++ protocol buffer compiler on /home/rick/ros_ws/src/cartographer/cartographer/sensor/proto/sensor.proto[0m
[0.753s] [ 11%] [34m[1mRunning C++ protocol buffer compiler on /home/rick/ros_ws/src/cartographer/cartographer/sensor/proto/adaptive_voxel_filter_options.proto[0m
[0.754s] [ 11%] [34m[1mRunning C++ protocol buffer compiler on /home/rick/ros_ws/src/cartographer/cartographer/mapping/proto/tsdf_range_data_inserter_options_2d.proto[0m
[0.754s] [ 11%] [34m[1mRunning C++ protocol buffer compiler on /home/rick/ros_ws/src/cartographer/cartographer/transform/proto/timestamped_transform.proto[0m
[0.773s] [ 12%] [32mBuilding CXX object CMakeFiles/cartographer.dir/cartographer/common/configuration_file_resolver.cc.o[0m
[0.774s] [ 12%] [32mBuilding CXX object CMakeFiles/cartographer.dir/cartographer/common/fixed_ratio_sampler.cc.o[0m
[0.774s] [ 12%] [32mBuilding CXX object CMakeFiles/cartographer.dir/cartographer/common/histogram.cc.o[0m
[0.774s] [ 12%] [32mBuilding CXX object CMakeFiles/cartographer.dir/cartographer/common/internal/ceres_solver_options.cc.o[0m
[0.774s] [ 13%] [32mBuilding CXX object CMakeFiles/cartographer.dir/cartographer/common/internal/testing/thread_pool_for_testing.cc.o[0m
[0.775s] [ 13%] [32mBuilding CXX object CMakeFiles/cartographer.dir/cartographer/common/task.cc.o[0m
[0.775s] [ 13%] [32mBuilding CXX object CMakeFiles/cartographer.dir/cartographer/common/lua_parameter_dictionary.cc.o[0m
[0.775s] [ 13%] [32mBuilding CXX object CMakeFiles/cartographer.dir/cartographer/common/thread_pool.cc.o[0m
[0.775s] [ 14%] [32mBuilding CXX object CMakeFiles/cartographer.dir/cartographer/common/time.cc.o[0m
[0.775s] [ 14%] [32mBuilding CXX object CMakeFiles/cartographer.dir/cartographer/ground_truth/autogenerate_ground_truth.cc.o[0m
[0.775s] [ 14%] [32mBuilding CXX object CMakeFiles/cartographer.dir/cartographer/ground_truth/relations_text_file.cc.o[0m
[0.776s] [ 14%] [32mBuilding CXX object CMakeFiles/cartographer.dir/cartographer/io/color.cc.o[0m
[0.776s] [ 14%] [32mBuilding CXX object CMakeFiles/cartographer.dir/cartographer/io/counting_points_processor.cc.o[0m
[0.776s] [ 14%] [32mBuilding CXX object CMakeFiles/cartographer.dir/cartographer/io/draw_trajectories.cc.o[0m
[0.778s] [ 14%] [32mBuilding CXX object CMakeFiles/cartographer.dir/cartographer/io/frame_id_filtering_points_processor.cc.o[0m
[0.778s] [ 14%] [32mBuilding CXX object CMakeFiles/cartographer.dir/cartographer/io/file_writer.cc.o[0m
[0.778s] [ 15%] [32mBuilding CXX object CMakeFiles/cartographer.dir/cartographer/io/coloring_points_processor.cc.o[0m
[0.778s] [ 16%] [32mBuilding CXX object CMakeFiles/cartographer.dir/cartographer/io/fixed_ratio_sampling_points_processor.cc.o[0m
[0.778s] [ 16%] [32mBuilding CXX object CMakeFiles/cartographer.dir/cartographer/io/hybrid_grid_points_processor.cc.o[0m
[0.808s] [ 16%] [32mBuilding CXX object CMakeFiles/cartographer.dir/cartographer/io/image.cc.o[0m
[0.812s] [ 17%] [32mBuilding CXX object CMakeFiles/cartographer.dir/cartographer/io/intensity_to_color_points_processor.cc.o[0m
[0.814s] [ 17%] [32mBuilding CXX object CMakeFiles/cartographer.dir/cartographer/io/internal/in_memory_proto_stream.cc.o[0m
[1.123s] [01mRunning Sphinx v4.3.2[39;49;00m
[1.500s] [01mmaking output directory... [39;49;00mdone
[1.525s] [01mbuilding [mo]: [39;49;00mtargets for 0 po files that are out of date
[1.525s] [01mbuilding [html]: [39;49;00mtargets for 6 source files that are out of date
[1.526s] [01mupdating environment: [39;49;00m[new config] 6 added, 0 changed, 0 removed
[1.695s] [01mreading sources... [39;49;00m[ 16%] [35mconfiguration[39;49;00m                                        
[1.732s] [01mreading sources... [39;49;00m[ 33%] [35mcost_functions[39;49;00m                                       
[1.760s] [01mreading sources... [39;49;00m[ 50%] [35mevaluation[39;49;00m                                           
[1.789s] [01mreading sources... [39;49;00m[ 66%] [35mindex[39;49;00m                                                
[1.796s] [01mreading sources... [39;49;00m[ 83%] [35mpbstream_migration[39;49;00m                                   
[1.806s] [01mreading sources... [39;49;00m[100%] [35mterminology[39;49;00m                                          
[1.807s] 
[1.807s] [01mlooking for now-outdated files... [39;49;00mnone found
[1.807s] [01mpickling environment... [39;49;00mdone
[1.807s] [01mchecking consistency... [39;49;00mdone
[1.809s] [01mpreparing documents... [39;49;00mdone
[2.054s] [01mwriting output... [39;49;00m[ 16%] [32mconfiguration[39;49;00m                                         
[2.079s] [01mwriting output... [39;49;00m[ 33%] [32mcost_functions[39;49;00m                                        
[2.080s] [ 17%] [32mBuilding CXX object CMakeFiles/cartographer.dir/cartographer/io/internal/mapping_state_serialization.cc.o[0m
[2.146s] [01mwriting output... [39;49;00m[ 50%] [32mevaluation[39;49;00m                                            
[2.165s] [01mwriting output... [39;49;00m[ 66%] [32mindex[39;49;00m                                                 
[2.204s] [01mwriting output... [39;49;00m[ 83%] [32mpbstream_migration[39;49;00m                                    
[2.204s] [ 18%] [32mBuilding CXX object CMakeFiles/cartographer.dir/cartographer/io/internal/pbstream_info.cc.o[0m
[2.226s] [01mwriting output... [39;49;00m[100%] [32mterminology[39;49;00m                                           
[2.226s] 
[2.253s] [01mgenerating indices... [39;49;00mgenindex done
[2.267s] [01mwriting additional pages... [39;49;00msearch [ 18%] [32mBuilding CXX object CMakeFiles/cartographer.dir/cartographer/io/internal/pbstream_migrate.cc.o[0m
[2.271s] done
[2.272s] [01mcopying images... [39;49;00m[ 50%] [33mautogenerate_groundtruth.png[39;49;00m                          
[2.272s] [01mcopying images... [39;49;00m[100%] [33mhigh_level_system_overview.png[39;49;00m                        
[2.272s] 
[2.297s] [01mcopying static files... [39;49;00m[ 18%] [32mBuilding CXX object CMakeFiles/cartographer.dir/cartographer/io/min_max_range_filtering_points_processor.cc.o[0m
[2.323s] done
[2.324s] [01mcopying extra files... [39;49;00mdone
[2.324s] [01mdumping search index in English (code: en)... [39;49;00mdone
[2.325s] [01mdumping object inventory... [39;49;00mdone
[2.325s] [01mbuild succeeded.[39;49;00m
[2.325s] 
[2.326s] The HTML pages are in html.
[2.386s] [ 18%] [32mBuilding CXX object CMakeFiles/cartographer.dir/cartographer/io/outlier_removing_points_processor.cc.o[0m
[2.535s] [ 18%] Built target build_doc
[2.562s] [ 19%] [32mBuilding CXX object CMakeFiles/cartographer.dir/cartographer/io/pcd_writing_points_processor.cc.o[0m
[2.690s] [ 19%] [32mBuilding CXX object CMakeFiles/cartographer.dir/cartographer/io/ply_writing_points_processor.cc.o[0m
[2.713s] [ 19%] [32mBuilding CXX object CMakeFiles/cartographer.dir/cartographer/io/points_batch.cc.o[0m
[2.850s] [ 19%] [32mBuilding CXX object CMakeFiles/cartographer.dir/cartographer/io/points_processor_pipeline_builder.cc.o[0m
[2.911s] [ 20%] [32mBuilding CXX object CMakeFiles/cartographer.dir/cartographer/io/probability_grid_points_processor.cc.o[0m
[3.317s] [ 20%] [32mBuilding CXX object CMakeFiles/cartographer.dir/cartographer/io/proto_stream.cc.o[0m
[3.540s] [ 20%] [32mBuilding CXX object CMakeFiles/cartographer.dir/cartographer/io/proto_stream_deserializer.cc.o[0m
[3.867s] [ 20%] [32mBuilding CXX object CMakeFiles/cartographer.dir/cartographer/io/serialization_format_migration.cc.o[0m
[3.903s] [ 21%] [32mBuilding CXX object CMakeFiles/cartographer.dir/cartographer/io/submap_painter.cc.o[0m
[4.205s] [ 21%] [32mBuilding CXX object CMakeFiles/cartographer.dir/cartographer/io/xray_points_processor.cc.o[0m
[4.207s] [ 21%] [32mBuilding CXX object CMakeFiles/cartographer.dir/cartographer/io/vertical_range_filtering_points_processor.cc.o[0m
[4.263s] [ 21%] [32mBuilding CXX object CMakeFiles/cartographer.dir/cartographer/io/xyz_writing_points_processor.cc.o[0m
[4.464s] [ 22%] [32mBuilding CXX object CMakeFiles/cartographer.dir/cartographer/mapping/2d/grid_2d.cc.o[0m
[4.501s] [ 22%] [32mBuilding CXX object CMakeFiles/cartographer.dir/cartographer/mapping/2d/probability_grid.cc.o[0m
[4.505s] [ 22%] [32mBuilding CXX object CMakeFiles/cartographer.dir/cartographer/mapping/2d/probability_grid_range_data_inserter_2d.cc.o[0m
[4.612s] [ 22%] [32mBuilding CXX object CMakeFiles/cartographer.dir/cartographer/mapping/2d/submap_2d.cc.o[0m
[4.667s] [ 23%] [32mBuilding CXX object CMakeFiles/cartographer.dir/cartographer/mapping/3d/range_data_inserter_3d.cc.o[0m
[5.002s] [ 23%] [32mBuilding CXX object CMakeFiles/cartographer.dir/cartographer/mapping/3d/submap_3d.cc.o[0m
[5.207s] [ 23%] [32mBuilding CXX object CMakeFiles/cartographer.dir/cartographer/mapping/detect_floors.cc.o[0m
[5.236s] [ 23%] [32mBuilding CXX object CMakeFiles/cartographer.dir/cartographer/mapping/imu_tracker.cc.o[0m
[6.059s] [ 24%] [32mBuilding CXX object CMakeFiles/cartographer.dir/cartographer/mapping/internal/2d/local_slam_result_2d.cc.o[0m
[6.110s] [ 24%] [32mBuilding CXX object CMakeFiles/cartographer.dir/cartographer/mapping/internal/2d/local_trajectory_builder_2d.cc.o[0m
[6.307s] [ 24%] [32mBuilding CXX object CMakeFiles/cartographer.dir/cartographer/mapping/internal/2d/local_trajectory_builder_options_2d.cc.o[0m
[6.384s] [ 24%] [32mBuilding CXX object CMakeFiles/cartographer.dir/cartographer/mapping/internal/2d/normal_estimation_2d.cc.o[0m
[6.652s] [ 25%] [32mBuilding CXX object CMakeFiles/cartographer.dir/cartographer/mapping/internal/2d/overlapping_submaps_trimmer_2d.cc.o[0m
[6.721s] [ 25%] [32mBuilding CXX object CMakeFiles/cartographer.dir/cartographer/mapping/internal/2d/pose_graph_2d.cc.o[0m
[6.876s] [ 25%] [32mBuilding CXX object CMakeFiles/cartographer.dir/cartographer/mapping/internal/2d/ray_to_pixel_mask.cc.o[0m
[7.216s] [ 26%] [32mBuilding CXX object CMakeFiles/cartographer.dir/cartographer/mapping/internal/2d/scan_matching/ceres_scan_matcher_2d.cc.o[0m
[7.322s] [ 26%] [32mBuilding CXX object CMakeFiles/cartographer.dir/cartographer/mapping/internal/2d/scan_matching/correlative_scan_matcher_2d.cc.o[0m
[7.741s] [ 26%] [32mBuilding CXX object CMakeFiles/cartographer.dir/cartographer/mapping/internal/2d/scan_matching/fast_correlative_scan_matcher_2d.cc.o[0m
[7.806s] [ 26%] [32mBuilding CXX object CMakeFiles/cartographer.dir/cartographer/mapping/internal/2d/scan_matching/occupied_space_cost_function_2d.cc.o[0m
[8.292s] [ 27%] [32mBuilding CXX object CMakeFiles/cartographer.dir/cartographer/mapping/internal/2d/scan_matching/real_time_correlative_scan_matcher_2d.cc.o[0m
[8.425s] [ 27%] [32mBuilding CXX object CMakeFiles/cartographer.dir/cartographer/mapping/internal/2d/scan_matching/tsdf_match_cost_function_2d.cc.o[0m
[8.584s] [ 27%] [32mBuilding CXX object CMakeFiles/cartographer.dir/cartographer/mapping/internal/2d/tsd_value_converter.cc.o[0m
[8.624s] [ 27%] [32mBuilding CXX object CMakeFiles/cartographer.dir/cartographer/mapping/internal/2d/tsdf_2d.cc.o[0m
[8.657s] [ 28%] [32mBuilding CXX object CMakeFiles/cartographer.dir/cartographer/mapping/internal/2d/tsdf_range_data_inserter_2d.cc.o[0m
[8.678s] [ 28%] [32mBuilding CXX object CMakeFiles/cartographer.dir/cartographer/mapping/internal/3d/local_slam_result_3d.cc.o[0m
[9.170s] [ 28%] [32mBuilding CXX object CMakeFiles/cartographer.dir/cartographer/mapping/internal/3d/local_trajectory_builder_3d.cc.o[0m
[9.521s] [ 28%] [32mBuilding CXX object CMakeFiles/cartographer.dir/cartographer/mapping/internal/3d/local_trajectory_builder_options_3d.cc.o[0m
[9.810s] [ 29%] [32mBuilding CXX object CMakeFiles/cartographer.dir/cartographer/mapping/internal/3d/pose_graph_3d.cc.o[0m
[9.933s] [ 29%] [32mBuilding CXX object CMakeFiles/cartographer.dir/cartographer/mapping/internal/3d/scan_matching/ceres_scan_matcher_3d.cc.o[0m
[10.123s] [ 29%] [32mBuilding CXX object CMakeFiles/cartographer.dir/cartographer/mapping/internal/3d/scan_matching/fast_correlative_scan_matcher_3d.cc.o[0m
[10.216s] [ 29%] [32mBuilding CXX object CMakeFiles/cartographer.dir/cartographer/mapping/internal/3d/scan_matching/intensity_cost_function_3d.cc.o[0m
[10.580s] [ 30%] [32mBuilding CXX object CMakeFiles/cartographer.dir/cartographer/mapping/internal/3d/scan_matching/low_resolution_matcher.cc.o[0m
[10.823s] [ 30%] [32mBuilding CXX object CMakeFiles/cartographer.dir/cartographer/mapping/internal/3d/scan_matching/precomputation_grid_3d.cc.o[0m
[10.939s] [ 30%] [32mBuilding CXX object CMakeFiles/cartographer.dir/cartographer/mapping/internal/3d/scan_matching/real_time_correlative_scan_matcher_3d.cc.o[0m
[10.955s] [ 30%] [32m[1mLinking CXX static library ../lib/libgtest.a[0m
[11.133s] [ 30%] Built target gtest
[11.142s] [ 30%] [32mBuilding CXX object CMakeFiles/cartographer.dir/cartographer/mapping/internal/3d/scan_matching/rotational_scan_matcher.cc.o[0m
[11.310s] [ 31%] [32mBuilding CXX object CMakeFiles/cartographer.dir/cartographer/mapping/internal/collated_trajectory_builder.cc.o[0m
[11.905s] [ 32%] [32mBuilding CXX object gmock/CMakeFiles/gmock.dir/src/gmock-all.cc.o[0m
[11.956s] [ 32%] [32mBuilding CXX object CMakeFiles/cartographer.dir/cartographer/mapping/internal/connected_components.cc.o[0m
[11.980s] [ 32%] [32mBuilding CXX object CMakeFiles/cartographer.dir/cartographer/mapping/internal/constraints/constraint_builder.cc.o[0m
[12.021s] [ 32%] [32mBuilding CXX object CMakeFiles/cartographer.dir/cartographer/mapping/internal/constraints/constraint_builder_2d.cc.o[0m
[12.067s] [ 33%] [32mBuilding CXX object CMakeFiles/cartographer.dir/cartographer/mapping/internal/constraints/constraint_builder_3d.cc.o[0m
[12.151s] [ 33%] [32mBuilding CXX object CMakeFiles/cartographer.dir/cartographer/mapping/internal/eigen_quaterniond_from_two_vectors.cc.o[0m
[12.569s] [ 33%] [32mBuilding CXX object CMakeFiles/cartographer.dir/cartographer/mapping/internal/global_trajectory_builder.cc.o[0m
[12.830s] [ 33%] [32mBuilding CXX object CMakeFiles/cartographer.dir/cartographer/mapping/internal/imu_based_pose_extrapolator.cc.o[0m
[13.159s] [ 34%] [32mBuilding CXX object CMakeFiles/cartographer.dir/cartographer/mapping/internal/motion_filter.cc.o[0m
[13.245s] [ 34%] [32mBuilding CXX object CMakeFiles/cartographer.dir/cartographer/mapping/internal/optimization/ceres_pose.cc.o[0m
[13.392s] [ 34%] [32mBuilding CXX object CMakeFiles/cartographer.dir/cartographer/mapping/internal/optimization/cost_functions/spa_cost_function_2d.cc.o[0m
[13.751s] [ 34%] [32mBuilding CXX object CMakeFiles/cartographer.dir/cartographer/mapping/internal/optimization/optimization_problem_2d.cc.o[0m
[13.895s] [ 35%] [32mBuilding CXX object CMakeFiles/cartographer.dir/cartographer/mapping/internal/optimization/optimization_problem_3d.cc.o[0m
[14.263s] [ 35%] [32mBuilding CXX object CMakeFiles/cartographer.dir/cartographer/mapping/internal/optimization/optimization_problem_options.cc.o[0m
[14.476s] [ 35%] [32mBuilding CXX object CMakeFiles/cartographer.dir/cartographer/mapping/internal/range_data_collator.cc.o[0m
[15.129s] [ 36%] [32mBuilding CXX object CMakeFiles/cartographer.dir/cartographer/mapping/internal/scan_matching/real_time_correlative_scan_matcher.cc.o[0m
[15.146s] [ 36%] [32mBuilding CXX object CMakeFiles/cartographer.dir/cartographer/mapping/internal/submap_controller.cc.o[0m
[15.377s] [ 36%] [32m[1mLinking CXX static library ../lib/libgmock.a[0m
[15.439s] [ 36%] Built target gmock
[15.443s] [ 36%] [32mBuilding CXX object CMakeFiles/cartographer.dir/cartographer/mapping/internal/trajectory_connectivity_state.cc.o[0m
[15.731s] [ 36%] [32mBuilding CXX object CMakeFiles/cartographer.dir/cartographer/mapping/map_builder.cc.o[0m
[15.818s] [ 36%] [32mBuilding CXX object gmock/CMakeFiles/gmock_main.dir/src/gmock_main.cc.o[0m
[15.920s] [ 37%] [32mBuilding CXX object CMakeFiles/cartographer.dir/cartographer/mapping/map_builder_interface.cc.o[0m
[16.030s] [ 37%] [32mBuilding CXX object CMakeFiles/cartographer.dir/cartographer/mapping/pose_extrapolator.cc.o[0m
[16.105s] [ 37%] [32mBuilding CXX object CMakeFiles/cartographer.dir/cartographer/mapping/pose_extrapolator_interface.cc.o[0m
[16.270s] [ 37%] [32mBuilding CXX object CMakeFiles/cartographer.dir/cartographer/mapping/pose_graph.cc.o[0m
[16.279s] [ 38%] [32mBuilding CXX object CMakeFiles/cartographer.dir/cartographer/mapping/pose_graph_trimmer.cc.o[0m
[16.546s] [ 38%] [32mBuilding CXX object CMakeFiles/cartographer.dir/cartographer/mapping/probability_values.cc.o[0m
[16.871s] [ 38%] [32mBuilding CXX object CMakeFiles/cartographer.dir/cartographer/mapping/range_data_inserter_interface.cc.o[0m
[16.920s] [ 38%] [32mBuilding CXX object CMakeFiles/cartographer.dir/cartographer/mapping/trajectory_builder_interface.cc.o[0m
[16.943s] [ 39%] [32mBuilding CXX object CMakeFiles/cartographer.dir/cartographer/mapping/trajectory_node.cc.o[0m
[16.969s] [ 39%] [32m[1mLinking CXX static library ../lib/libgmock_main.a[0m
[17.062s] [ 39%] Built target gmock_main
[17.066s] [ 39%] [32mBuilding CXX object CMakeFiles/cartographer.dir/cartographer/mapping/value_conversion_tables.cc.o[0m
[17.244s] [ 39%] [32mBuilding CXX object CMakeFiles/cartographer.dir/cartographer/metrics/counter.cc.o[0m
[17.381s] [ 39%] [32mBuilding CXX object CMakeFiles/cartographer.dir/cartographer/metrics/gauge.cc.o[0m
[17.526s] [ 40%] [32mBuilding CXX object CMakeFiles/cartographer.dir/cartographer/metrics/histogram.cc.o[0m
[17.928s] [ 40%] [32mBuilding CXX object CMakeFiles/cartographer.dir/cartographer/metrics/register.cc.o[0m
[18.011s] [ 40%] [32mBuilding CXX object CMakeFiles/cartographer.dir/cartographer/sensor/compressed_point_cloud.cc.o[0m
[18.236s] [ 40%] [32mBuilding CXX object CMakeFiles/cartographer.dir/cartographer/sensor/fixed_frame_pose_data.cc.o[0m
[18.439s] [ 41%] [32mBuilding CXX object CMakeFiles/cartographer.dir/cartographer/sensor/imu_data.cc.o[0m
[18.590s] [ 41%] [32mBuilding CXX object CMakeFiles/cartographer.dir/cartographer/sensor/internal/collator.cc.o[0m
[18.792s] [ 41%] [32mBuilding CXX object CMakeFiles/cartographer.dir/cartographer/sensor/internal/ordered_multi_queue.cc.o[0m
[19.025s] [ 41%] [32mBuilding CXX object CMakeFiles/cartographer.dir/cartographer/sensor/internal/trajectory_collator.cc.o[0m
[19.060s] [ 42%] [32mBuilding CXX object CMakeFiles/cartographer.dir/cartographer/sensor/internal/voxel_filter.cc.o[0m
[19.097s] [ 42%] [32mBuilding CXX object CMakeFiles/cartographer.dir/cartographer/sensor/landmark_data.cc.o[0m
[19.262s] [ 42%] [32mBuilding CXX object CMakeFiles/cartographer.dir/cartographer/sensor/odometry_data.cc.o[0m
[19.331s] [ 42%] [32mBuilding CXX object CMakeFiles/cartographer.dir/cartographer/sensor/point_cloud.cc.o[0m
[19.543s] [ 43%] [32mBuilding CXX object CMakeFiles/cartographer.dir/cartographer/sensor/range_data.cc.o[0m
[19.543s] [ 43%] [32mBuilding CXX object CMakeFiles/cartographer.dir/cartographer/sensor/timed_point_cloud_data.cc.o[0m
[19.792s] [ 43%] [32mBuilding CXX object CMakeFiles/cartographer.dir/cartographer/transform/rigid_transform.cc.o[0m
[20.063s] [ 44%] [32mBuilding CXX object CMakeFiles/cartographer.dir/cartographer/transform/timestamped_transform.cc.o[0m
[20.245s] [ 44%] [32mBuilding CXX object CMakeFiles/cartographer.dir/cartographer/transform/transform.cc.o[0m
[20.402s] [ 44%] [32mBuilding CXX object CMakeFiles/cartographer.dir/cartographer/transform/transform_interpolation_buffer.cc.o[0m
[20.651s] [ 44%] [32mBuilding CXX object CMakeFiles/cartographer.dir/cartographer/common/proto/ceres_solver_options.pb.cc.o[0m
[20.988s] [ 45%] [32mBuilding CXX object CMakeFiles/cartographer.dir/cartographer/ground_truth/proto/relations.pb.cc.o[0m
[21.243s] [ 45%] [32mBuilding CXX object CMakeFiles/cartographer.dir/cartographer/mapping/proto/cell_limits_2d.pb.cc.o[0m
[21.383s] [ 45%] [32mBuilding CXX object CMakeFiles/cartographer.dir/cartographer/mapping/proto/connected_components.pb.cc.o[0m
[21.553s] [ 45%] [32mBuilding CXX object CMakeFiles/cartographer.dir/cartographer/mapping/proto/grid_2d.pb.cc.o[0m
[21.826s] [ 46%] [32mBuilding CXX object CMakeFiles/cartographer.dir/cartographer/mapping/proto/grid_2d_options.pb.cc.o[0m
[22.248s] [ 46%] [32mBuilding CXX object CMakeFiles/cartographer.dir/cartographer/mapping/proto/hybrid_grid.pb.cc.o[0m
[22.322s] [ 46%] [32mBuilding CXX object CMakeFiles/cartographer.dir/cartographer/mapping/proto/local_trajectory_builder_options_2d.pb.cc.o[0m
[22.525s] [ 46%] [32mBuilding CXX object CMakeFiles/cartographer.dir/cartographer/mapping/proto/local_trajectory_builder_options_3d.pb.cc.o[0m
[22.652s] [ 47%] [32mBuilding CXX object CMakeFiles/cartographer.dir/cartographer/mapping/proto/map_builder_options.pb.cc.o[0m
[22.659s] [ 47%] [32mBuilding CXX object CMakeFiles/cartographer.dir/cartographer/mapping/proto/map_limits.pb.cc.o[0m
[22.708s] [ 47%] [32mBuilding CXX object CMakeFiles/cartographer.dir/cartographer/mapping/proto/motion_filter_options.pb.cc.o[0m
[22.716s] [ 47%] [32mBuilding CXX object CMakeFiles/cartographer.dir/cartographer/mapping/proto/normal_estimation_options_2d.pb.cc.o[0m
[22.721s] [ 48%] [32mBuilding CXX object CMakeFiles/cartographer.dir/cartographer/mapping/proto/pose_extrapolator_options.pb.cc.o[0m
[22.739s] [ 48%] [32mBuilding CXX object CMakeFiles/cartographer.dir/cartographer/mapping/proto/pose_graph.pb.cc.o[0m
[22.782s] [ 48%] [32mBuilding CXX object CMakeFiles/cartographer.dir/cartographer/mapping/proto/pose_graph/constraint_builder_options.pb.cc.o[0m
[22.846s] [ 48%] [32mBuilding CXX object CMakeFiles/cartographer.dir/cartographer/mapping/proto/pose_graph/optimization_problem_options.pb.cc.o[0m
[22.944s] [ 49%] [32mBuilding CXX object CMakeFiles/cartographer.dir/cartographer/mapping/proto/pose_graph_options.pb.cc.o[0m
[22.996s] [ 49%] [32mBuilding CXX object CMakeFiles/cartographer.dir/cartographer/mapping/proto/probability_grid.pb.cc.o[0m
[23.239s] [ 49%] [32mBuilding CXX object CMakeFiles/cartographer.dir/cartographer/mapping/proto/probability_grid_range_data_inserter_options_2d.pb.cc.o[0m
[23.265s] [ 49%] [32mBuilding CXX object CMakeFiles/cartographer.dir/cartographer/mapping/proto/range_data_inserter_options.pb.cc.o[0m
[23.297s] [ 50%] [32mBuilding CXX object CMakeFiles/cartographer.dir/cartographer/mapping/proto/range_data_inserter_options_3d.pb.cc.o[0m
[23.479s] [ 50%] [32mBuilding CXX object CMakeFiles/cartographer.dir/cartographer/mapping/proto/scan_matching/ceres_scan_matcher_options_2d.pb.cc.o[0m
[23.536s] [ 50%] [32mBuilding CXX object CMakeFiles/cartographer.dir/cartographer/mapping/proto/scan_matching/ceres_scan_matcher_options_3d.pb.cc.o[0m
[23.590s] [ 50%] [32mBuilding CXX object CMakeFiles/cartographer.dir/cartographer/mapping/proto/scan_matching/fast_correlative_scan_matcher_options_2d.pb.cc.o[0m
[23.657s] [ 51%] [32mBuilding CXX object CMakeFiles/cartographer.dir/cartographer/mapping/proto/scan_matching/fast_correlative_scan_matcher_options_3d.pb.cc.o[0m
[23.683s] [ 51%] [32mBuilding CXX object CMakeFiles/cartographer.dir/cartographer/mapping/proto/scan_matching/real_time_correlative_scan_matcher_options.pb.cc.o[0m
[23.713s] [ 51%] [32mBuilding CXX object CMakeFiles/cartographer.dir/cartographer/mapping/proto/serialization.pb.cc.o[0m
[23.764s] [ 52%] [32mBuilding CXX object CMakeFiles/cartographer.dir/cartographer/mapping/proto/submap.pb.cc.o[0m
[23.784s] [ 52%] [32mBuilding CXX object CMakeFiles/cartographer.dir/cartographer/mapping/proto/submap_visualization.pb.cc.o[0m
[23.825s] [ 52%] [32mBuilding CXX object CMakeFiles/cartographer.dir/cartographer/mapping/proto/submaps_options_2d.pb.cc.o[0m
[23.903s] [ 52%] [32mBuilding CXX object CMakeFiles/cartographer.dir/cartographer/mapping/proto/submaps_options_3d.pb.cc.o[0m
[23.935s] [ 53%] [32mBuilding CXX object CMakeFiles/cartographer.dir/cartographer/mapping/proto/trajectory.pb.cc.o[0m
[23.957s] [ 53%] [32mBuilding CXX object CMakeFiles/cartographer.dir/cartographer/mapping/proto/trajectory_builder_options.pb.cc.o[0m
[23.997s] [ 53%] [32mBuilding CXX object CMakeFiles/cartographer.dir/cartographer/mapping/proto/trajectory_node_data.pb.cc.o[0m
[24.005s] [ 53%] [32mBuilding CXX object CMakeFiles/cartographer.dir/cartographer/mapping/proto/tsdf_2d.pb.cc.o[0m
[24.039s] [ 54%] [32mBuilding CXX object CMakeFiles/cartographer.dir/cartographer/mapping/proto/tsdf_range_data_inserter_options_2d.pb.cc.o[0m
[24.128s] [ 54%] [32mBuilding CXX object CMakeFiles/cartographer.dir/cartographer/sensor/proto/adaptive_voxel_filter_options.pb.cc.o[0m
[24.144s] [ 54%] [32mBuilding CXX object CMakeFiles/cartographer.dir/cartographer/sensor/proto/sensor.pb.cc.o[0m
[24.238s] [ 54%] [32mBuilding CXX object CMakeFiles/cartographer.dir/cartographer/transform/proto/timestamped_transform.pb.cc.o[0m
[24.283s] [ 55%] [32mBuilding CXX object CMakeFiles/cartographer.dir/cartographer/transform/proto/transform.pb.cc.o[0m
[27.783s] [ 55%] [32m[1mLinking CXX static library libcartographer.a[0m
[27.885s] [ 55%] Built target cartographer
[27.891s] [ 55%] [32mBuilding CXX object CMakeFiles/cartographer_compute_relations_metrics.dir/cartographer/ground_truth/compute_relations_metrics_main.cc.o[0m
[27.891s] [ 55%] [32mBuilding CXX object CMakeFiles/cartographer_pbstream.dir/cartographer/io/pbstream_main.cc.o[0m
[27.892s] [ 55%] [32mBuilding CXX object CMakeFiles/cartographer_autogenerate_ground_truth.dir/cartographer/ground_truth/autogenerate_ground_truth_main.cc.o[0m
[27.892s] [ 55%] [32mBuilding CXX object CMakeFiles/cartographer_print_configuration.dir/cartographer/common/print_configuration_main.cc.o[0m
[27.892s] [ 55%] [32mBuilding CXX object CMakeFiles/cartographer_test_library.dir/cartographer/io/fake_file_writer.cc.o[0m
[27.892s] [ 55%] [32mBuilding CXX object CMakeFiles/cartographer_test_library.dir/cartographer/io/internal/testing/test_helpers.cc.o[0m
[27.893s] [ 56%] [32mBuilding CXX object CMakeFiles/cartographer_test_library.dir/cartographer/io/fake_file_writer_test.cc.o[0m
[27.893s] [ 56%] [32mBuilding CXX object CMakeFiles/cartographer_test_library.dir/cartographer/mapping/internal/testing/test_helpers.cc.o[0m
[28.513s] [ 57%] [32m[1mLinking CXX executable cartographer_pbstream[0m
[28.706s] [ 57%] Built target cartographer_pbstream
[28.901s] [ 57%] [32m[1mLinking CXX executable cartographer_print_configuration[0m
[28.963s] [ 57%] Built target cartographer_print_configuration
[29.823s] [ 58%] [32m[1mLinking CXX executable cartographer_autogenerate_ground_truth[0m
[29.935s] [ 58%] Built target cartographer_autogenerate_ground_truth
[30.275s] [ 58%] [32m[1mLinking CXX executable cartographer_compute_relations_metrics[0m
[30.365s] [ 58%] Built target cartographer_compute_relations_metrics
[30.388s] [ 58%] [32m[1mLinking CXX static library libcartographer_test_library.a[0m
[30.414s] [ 58%] Built target cartographer_test_library
[30.421s] [ 58%] [32mBuilding CXX object CMakeFiles/cartographer.common.configuration_files_test.dir/cartographer/common/configuration_files_test.cc.o[0m
[30.422s] [ 60%] [32mBuilding CXX object CMakeFiles/cartographer.common.fixed_ratio_sampler_test.dir/cartographer/common/fixed_ratio_sampler_test.cc.o[0m
[30.422s] [ 60%] [32mBuilding CXX object CMakeFiles/cartographer.common.internal.rate_timer_test.dir/cartographer/common/internal/rate_timer_test.cc.o[0m
[30.422s] [ 60%] [32mBuilding CXX object CMakeFiles/cartographer.common.internal.blocking_queue_test.dir/cartographer/common/internal/blocking_queue_test.cc.o[0m
[30.422s] [ 61%] [32mBuilding CXX object CMakeFiles/cartographer.common.lua_parameter_dictionary_test.dir/cartographer/common/lua_parameter_dictionary_test.cc.o[0m
[30.422s] [ 61%] [32mBuilding CXX object CMakeFiles/cartographer.common.thread_pool_test.dir/cartographer/common/thread_pool_test.cc.o[0m
[30.423s] [ 62%] [32mBuilding CXX object CMakeFiles/cartographer.common.math_test.dir/cartographer/common/math_test.cc.o[0m
[30.423s] [ 62%] [32mBuilding CXX object CMakeFiles/cartographer.io.fake_file_writer_test.dir/cartographer/io/fake_file_writer_test.cc.o[0m
[30.423s] [ 62%] [32mBuilding CXX object CMakeFiles/cartographer.io.points_processor_pipeline_builder_test.dir/cartographer/io/points_processor_pipeline_builder_test.cc.o[0m
[30.423s] [ 62%] [32mBuilding CXX object CMakeFiles/cartographer.common.task_test.dir/cartographer/common/task_test.cc.o[0m
[30.424s] [ 63%] [32mBuilding CXX object CMakeFiles/cartographer.io.internal.in_memory_proto_stream_test.dir/cartographer/io/internal/in_memory_proto_stream_test.cc.o[0m
[30.424s] [ 63%] [32mBuilding CXX object CMakeFiles/cartographer.io.proto_stream_test.dir/cartographer/io/proto_stream_test.cc.o[0m
[30.424s] [ 63%] [32mBuilding CXX object CMakeFiles/cartographer.io.probability_grid_points_processor_test.dir/cartographer/io/probability_grid_points_processor_test.cc.o[0m
[30.428s] [ 63%] [32mBuilding CXX object CMakeFiles/cartographer.io.proto_stream_deserializer_test.dir/cartographer/io/proto_stream_deserializer_test.cc.o[0m
[30.428s] [ 63%] [32mBuilding CXX object CMakeFiles/cartographer.io.serialization_format_migration_test.dir/cartographer/io/serialization_format_migration_test.cc.o[0m
[30.428s] [ 63%] [32mBuilding CXX object CMakeFiles/cartographer.mapping.2d.map_limits_test.dir/cartographer/mapping/2d/map_limits_test.cc.o[0m
[30.428s] [ 63%] [32mBuilding CXX object CMakeFiles/cartographer.mapping.2d.probability_grid_test.dir/cartographer/mapping/2d/probability_grid_test.cc.o[0m
[30.428s] [ 63%] [32mBuilding CXX object CMakeFiles/cartographer.mapping.2d.range_data_inserter_2d_test.dir/cartographer/mapping/2d/range_data_inserter_2d_test.cc.o[0m
[30.428s] [ 63%] [32mBuilding CXX object CMakeFiles/cartographer.mapping.2d.submap_2d_test.dir/cartographer/mapping/2d/submap_2d_test.cc.o[0m
[30.428s] [ 63%] [32mBuilding CXX object CMakeFiles/cartographer.mapping.2d.xy_index_test.dir/cartographer/mapping/2d/xy_index_test.cc.o[0m
[30.431s] [ 63%] [32mBuilding CXX object CMakeFiles/cartographer.mapping.3d.range_data_inserter_3d_test.dir/cartographer/mapping/3d/range_data_inserter_3d_test.cc.o[0m
[30.432s] [ 63%] [32mBuilding CXX object CMakeFiles/cartographer.mapping.id_test.dir/cartographer/mapping/id_test.cc.o[0m
[30.444s] [ 63%] [32mBuilding CXX object CMakeFiles/cartographer.mapping.3d.hybrid_grid_test.dir/cartographer/mapping/3d/hybrid_grid_test.cc.o[0m
[30.444s] [ 63%] [32mBuilding CXX object CMakeFiles/cartographer.mapping.3d.submap_3d_test.dir/cartographer/mapping/3d/submap_3d_test.cc.o[0m
[32.904s] [ 63%] [32m[1mLinking CXX executable cartographer.common.fixed_ratio_sampler_test[0m
[33.118s] [ 63%] [32m[1mLinking CXX executable cartographer.common.thread_pool_test[0m
[33.198s] [ 63%] [32m[1mLinking CXX executable cartographer.io.proto_stream_test[0m
[33.217s] [ 63%] Built target cartographer.common.fixed_ratio_sampler_test
[33.230s] [ 63%] [32mBuilding CXX object CMakeFiles/cartographer.mapping.imu_tracker_test.dir/cartographer/mapping/imu_tracker_test.cc.o[0m
[33.369s] [ 63%] Built target cartographer.common.thread_pool_test
[33.380s] [ 63%] [32mBuilding CXX object CMakeFiles/cartographer.mapping.internal.2d.normal_estimation_2d_test.dir/cartographer/mapping/internal/2d/normal_estimation_2d_test.cc.o[0m
[33.476s] [ 63%] Built target cartographer.io.proto_stream_test
[33.532s] [ 64%] [32mBuilding CXX object CMakeFiles/cartographer.mapping.internal.2d.overlapping_submaps_trimmer_2d_test.dir/cartographer/mapping/internal/2d/overlapping_submaps_trimmer_2d_test.cc.o[0m
[33.595s] [ 64%] [32m[1mLinking CXX executable cartographer.io.fake_file_writer_test[0m
[33.784s] [ 64%] [32m[1mLinking CXX executable cartographer.io.internal.in_memory_proto_stream_test[0m
[33.945s] [ 64%] Built target cartographer.io.fake_file_writer_test
[33.995s] [ 64%] [32mBuilding CXX object CMakeFiles/cartographer.mapping.internal.2d.pose_graph_2d_test.dir/cartographer/mapping/internal/2d/pose_graph_2d_test.cc.o[0m
[34.075s] [ 64%] [32m[1mLinking CXX executable cartographer.common.math_test[0m
[34.180s] [ 64%] Built target cartographer.io.internal.in_memory_proto_stream_test
[34.186s] [ 64%] [32m[1mLinking CXX executable cartographer.common.internal.rate_timer_test[0m
[34.193s] [ 65%] [32mBuilding CXX object CMakeFiles/cartographer.mapping.internal.2d.ray_to_pixel_mask_test.dir/cartographer/mapping/internal/2d/ray_to_pixel_mask_test.cc.o[0m
[34.293s] [ 65%] [32m[1mLinking CXX executable cartographer.mapping.2d.xy_index_test[0m
[34.294s] [ 65%] Built target cartographer.common.math_test
[34.330s] [ 65%] [32mBuilding CXX object CMakeFiles/cartographer.mapping.internal.2d.scan_matching.ceres_scan_matcher_2d_test.dir/cartographer/mapping/internal/2d/scan_matching/ceres_scan_matcher_2d_test.cc.o[0m
[34.386s] [ 65%] [32m[1mLinking CXX executable cartographer.common.internal.blocking_queue_test[0m
[34.424s] [ 65%] [32m[1mLinking CXX executable cartographer.common.task_test[0m
[34.454s] [ 65%] Built target cartographer.common.internal.rate_timer_test
[34.529s] [ 66%] [32mBuilding CXX object CMakeFiles/cartographer.mapping.internal.2d.scan_matching.correlative_scan_matcher_test.dir/cartographer/mapping/internal/2d/scan_matching/correlative_scan_matcher_test.cc.o[0m
[34.619s] [ 66%] Built target cartographer.mapping.2d.xy_index_test
[34.628s] [ 66%] Built target cartographer.common.task_test
[34.630s] [ 66%] [32m[1mLinking CXX executable cartographer.common.lua_parameter_dictionary_test[0m
[34.638s] [ 66%] [32mBuilding CXX object CMakeFiles/cartographer.mapping.internal.2d.scan_matching.fast_correlative_scan_matcher_2d_test.dir/cartographer/mapping/internal/2d/scan_matching/fast_correlative_scan_matcher_2d_test.cc.o[0m
[34.689s] [ 67%] [32mBuilding CXX object CMakeFiles/cartographer.mapping.internal.2d.scan_matching.interpolated_tsdf_2d_test.dir/cartographer/mapping/internal/2d/scan_matching/interpolated_tsdf_2d_test.cc.o[0m
[34.703s] [ 67%] Built target cartographer.common.internal.blocking_queue_test
[34.770s] [ 67%] [32mBuilding CXX object CMakeFiles/cartographer.mapping.internal.2d.scan_matching.occupied_space_cost_function_2d_test.dir/cartographer/mapping/internal/2d/scan_matching/occupied_space_cost_function_2d_test.cc.o[0m
[34.772s] [ 68%] [32m[1mLinking CXX executable cartographer.io.points_processor_pipeline_builder_test[0m
[34.881s] [ 68%] Built target cartographer.common.lua_parameter_dictionary_test
[34.953s] [ 69%] [32mBuilding CXX object CMakeFiles/cartographer.mapping.internal.2d.scan_matching.real_time_correlative_scan_matcher_2d_test.dir/cartographer/mapping/internal/2d/scan_matching/real_time_correlative_scan_matcher_2d_test.cc.o[0m
[35.000s] [ 70%] [32m[1mLinking CXX executable cartographer.io.proto_stream_deserializer_test[0m
[35.159s] [ 70%] [32m[1mLinking CXX executable cartographer.common.configuration_files_test[0m
[35.312s] [ 70%] [32m[1mLinking CXX executable cartographer.mapping.2d.map_limits_test[0m
[35.341s] [ 70%] Built target cartographer.io.points_processor_pipeline_builder_test
[35.427s] [ 70%] [32mBuilding CXX object CMakeFiles/cartographer.mapping.internal.2d.scan_matching.tsdf_match_cost_function_2d_test.dir/cartographer/mapping/internal/2d/scan_matching/tsdf_match_cost_function_2d_test.cc.o[0m
[35.491s] [ 70%] Built target cartographer.io.proto_stream_deserializer_test
[35.533s] [ 71%] [32mBuilding CXX object CMakeFiles/cartographer.mapping.internal.2d.tsd_value_converter_test.dir/cartographer/mapping/internal/2d/tsd_value_converter_test.cc.o[0m
[35.580s] [ 71%] Built target cartographer.common.configuration_files_test
[35.598s] [ 71%] [32mBuilding CXX object CMakeFiles/cartographer.mapping.internal.2d.tsdf_2d_test.dir/cartographer/mapping/internal/2d/tsdf_2d_test.cc.o[0m
[35.630s] [ 71%] [32m[1mLinking CXX executable cartographer.mapping.2d.range_data_inserter_2d_test[0m
[35.630s] [ 71%] Built target cartographer.mapping.2d.map_limits_test
[35.641s] [ 72%] [32mBuilding CXX object CMakeFiles/cartographer.mapping.internal.2d.tsdf_range_data_inserter_2d_test.dir/cartographer/mapping/internal/2d/tsdf_range_data_inserter_2d_test.cc.o[0m
[35.886s] [ 72%] Built target cartographer.mapping.2d.range_data_inserter_2d_test
[35.898s] [ 72%] [32mBuilding CXX object CMakeFiles/cartographer.mapping.internal.3d.local_trajectory_builder_3d_test.dir/cartographer/mapping/internal/3d/local_trajectory_builder_3d_test.cc.o[0m
[36.052s] [ 73%] [32m[1mLinking CXX executable cartographer.mapping.2d.probability_grid_test[0m
[36.084s] [ 73%] [32m[1mLinking CXX executable cartographer.mapping.id_test[0m
[36.366s] [ 73%] Built target cartographer.mapping.2d.probability_grid_test
[36.432s] [ 74%] [32mBuilding CXX object CMakeFiles/cartographer.mapping.internal.3d.pose_graph_3d_test.dir/cartographer/mapping/internal/3d/pose_graph_3d_test.cc.o[0m
[36.491s] [ 75%] [32m[1mLinking CXX executable cartographer.io.serialization_format_migration_test[0m
[36.498s] [ 75%] Built target cartographer.mapping.id_test
[36.550s] [ 75%] [32mBuilding CXX object CMakeFiles/cartographer.mapping.internal.3d.scan_matching.ceres_scan_matcher_3d_test.dir/cartographer/mapping/internal/3d/scan_matching/ceres_scan_matcher_3d_test.cc.o[0m
[36.766s] [ 76%] [32m[1mLinking CXX executable cartographer.mapping.imu_tracker_test[0m
[36.870s] [ 77%] [32m[1mLinking CXX executable cartographer.mapping.2d.submap_2d_test[0m
[36.973s] [ 77%] Built target cartographer.mapping.imu_tracker_test
[37.011s] [ 77%] [32mBuilding CXX object CMakeFiles/cartographer.mapping.internal.3d.scan_matching.fast_correlative_scan_matcher_3d_test.dir/cartographer/mapping/internal/3d/scan_matching/fast_correlative_scan_matcher_3d_test.cc.o[0m
[37.067s] [ 77%] [32m[1mLinking CXX executable cartographer.mapping.3d.range_data_inserter_3d_test[0m
[37.109s] [ 77%] Built target cartographer.mapping.2d.submap_2d_test
[37.155s] [ 77%] [32mBuilding CXX object CMakeFiles/cartographer.mapping.internal.3d.scan_matching.intensity_cost_function_3d_test.dir/cartographer/mapping/internal/3d/scan_matching/intensity_cost_function_3d_test.cc.o[0m
[37.187s] [ 77%] [32m[1mLinking CXX executable cartographer.io.probability_grid_points_processor_test[0m
[37.248s] [ 77%] Built target cartographer.mapping.3d.range_data_inserter_3d_test
[37.287s] [ 77%] [32mBuilding CXX object CMakeFiles/cartographer.mapping.internal.3d.scan_matching.interpolated_grid_test.dir/cartographer/mapping/internal/3d/scan_matching/interpolated_grid_test.cc.o[0m
[37.291s] [ 78%] [32m[1mLinking CXX executable cartographer.mapping.3d.submap_3d_test[0m
[37.378s] [ 78%] Built target cartographer.io.serialization_format_migration_test
[37.389s] [ 78%] [32mBuilding CXX object CMakeFiles/cartographer.mapping.internal.3d.scan_matching.precomputation_grid_3d_test.dir/cartographer/mapping/internal/3d/scan_matching/precomputation_grid_3d_test.cc.o[0m
[37.465s] [ 78%] Built target cartographer.io.probability_grid_points_processor_test
[37.503s] [ 78%] [32mBuilding CXX object CMakeFiles/cartographer.mapping.internal.3d.scan_matching.real_time_correlative_scan_matcher_3d_test.dir/cartographer/mapping/internal/3d/scan_matching/real_time_correlative_scan_matcher_3d_test.cc.o[0m
[37.535s] [ 78%] Built target cartographer.mapping.3d.submap_3d_test
[37.579s] [ 78%] [32mBuilding CXX object CMakeFiles/cartographer.mapping.internal.3d.scan_matching.rotation_delta_cost_functor_3d_test.dir/cartographer/mapping/internal/3d/scan_matching/rotation_delta_cost_functor_3d_test.cc.o[0m
[38.241s] [ 79%] [32m[1mLinking CXX executable cartographer.mapping.3d.hybrid_grid_test[0m
[38.540s] [ 79%] Built target cartographer.mapping.3d.hybrid_grid_test
[38.553s] [ 79%] [32mBuilding CXX object CMakeFiles/cartographer.mapping.internal.3d.scan_matching.rotational_scan_matcher_test.dir/cartographer/mapping/internal/3d/scan_matching/rotational_scan_matcher_test.cc.o[0m
[38.754s] [ 79%] [32m[1mLinking CXX executable cartographer.mapping.internal.2d.normal_estimation_2d_test[0m
[38.939s] [ 79%] Built target cartographer.mapping.internal.2d.normal_estimation_2d_test
[38.969s] [ 79%] [32mBuilding CXX object CMakeFiles/cartographer.mapping.internal.connected_components_test.dir/cartographer/mapping/internal/connected_components_test.cc.o[0m
[39.241s] [ 79%] [32m[1mLinking CXX executable cartographer.mapping.internal.2d.tsd_value_converter_test[0m
[39.319s] [ 79%] [32m[1mLinking CXX executable cartographer.mapping.internal.2d.scan_matching.correlative_scan_matcher_test[0m
[39.405s] [ 79%] Built target cartographer.mapping.internal.2d.tsd_value_converter_test
[39.443s] [ 79%] [32mBuilding CXX object CMakeFiles/cartographer.mapping.internal.constraints.constraint_builder_2d_test.dir/cartographer/mapping/internal/constraints/constraint_builder_2d_test.cc.o[0m
[39.799s] [ 79%] Built target cartographer.mapping.internal.2d.scan_matching.correlative_scan_matcher_test
[39.880s] [ 79%] [32m[1mLinking CXX executable cartographer.mapping.internal.2d.scan_matching.real_time_correlative_scan_matcher_2d_test[0m
[39.887s] [ 79%] [32mBuilding CXX object CMakeFiles/cartographer.mapping.internal.constraints.constraint_builder_3d_test.dir/cartographer/mapping/internal/constraints/constraint_builder_3d_test.cc.o[0m
[40.229s] [ 79%] Built target cartographer.mapping.internal.2d.scan_matching.real_time_correlative_scan_matcher_2d_test
[40.239s] [ 79%] [32mBuilding CXX object CMakeFiles/cartographer.mapping.internal.motion_filter_test.dir/cartographer/mapping/internal/motion_filter_test.cc.o[0m
[40.323s] [ 79%] [32m[1mLinking CXX executable cartographer.mapping.internal.2d.scan_matching.interpolated_tsdf_2d_test[0m
[40.397s] [ 79%] [32m[1mLinking CXX executable cartographer.mapping.internal.2d.scan_matching.occupied_space_cost_function_2d_test[0m
[40.550s] [ 79%] Built target cartographer.mapping.internal.2d.scan_matching.interpolated_tsdf_2d_test
[40.577s] [ 79%] [32m[1mLinking CXX executable cartographer.mapping.internal.2d.scan_matching.ceres_scan_matcher_2d_test[0m
[40.589s] [ 79%] [32mBuilding CXX object CMakeFiles/cartographer.mapping.internal.optimization.cost_functions.landmark_cost_function_2d_test.dir/cartographer/mapping/internal/optimization/cost_functions/landmark_cost_function_2d_test.cc.o[0m
[40.769s] [ 79%] [32m[1mLinking CXX executable cartographer.mapping.internal.2d.ray_to_pixel_mask_test[0m
[40.799s] [ 79%] Built target cartographer.mapping.internal.2d.scan_matching.occupied_space_cost_function_2d_test
[40.813s] [ 79%] [32mBuilding CXX object CMakeFiles/cartographer.mapping.internal.optimization.cost_functions.landmark_cost_function_3d_test.dir/cartographer/mapping/internal/optimization/cost_functions/landmark_cost_function_3d_test.cc.o[0m
[41.024s] [ 79%] Built target cartographer.mapping.internal.2d.scan_matching.ceres_scan_matcher_2d_test
[41.075s] [ 79%] [32mBuilding CXX object CMakeFiles/cartographer.mapping.internal.optimization.cost_functions.spa_cost_function_2d_test.dir/cartographer/mapping/internal/optimization/cost_functions/spa_cost_function_2d_test.cc.o[0m
[41.116s] [ 79%] Built target cartographer.mapping.internal.2d.ray_to_pixel_mask_test
[41.129s] [ 79%] [32mBuilding CXX object CMakeFiles/cartographer.mapping.internal.optimization.optimization_problem_3d_test.dir/cartographer/mapping/internal/optimization/optimization_problem_3d_test.cc.o[0m
[41.188s] [ 79%] [32m[1mLinking CXX executable cartographer.mapping.internal.2d.tsdf_2d_test[0m
[41.530s] [ 79%] Built target cartographer.mapping.internal.2d.tsdf_2d_test
[41.535s] [ 80%] [32m[1mLinking CXX executable cartographer.mapping.internal.3d.scan_matching.rotation_delta_cost_functor_3d_test[0m
[41.541s] [ 80%] [32mBuilding CXX object CMakeFiles/cartographer.mapping.internal.range_data_collator_test.dir/cartographer/mapping/internal/range_data_collator_test.cc.o[0m
[41.680s] [ 80%] [32m[1mLinking CXX executable cartographer.mapping.internal.2d.overlapping_submaps_trimmer_2d_test[0m
[41.821s] [ 80%] Built target cartographer.mapping.internal.3d.scan_matching.rotation_delta_cost_functor_3d_test
[41.831s] [ 80%] [32mBuilding CXX object CMakeFiles/cartographer.mapping.internal.trajectory_connectivity_state_test.dir/cartographer/mapping/internal/trajectory_connectivity_state_test.cc.o[0m
[41.992s] [ 80%] Built target cartographer.mapping.internal.2d.overlapping_submaps_trimmer_2d_test
[42.013s] [ 81%] [32mBuilding CXX object CMakeFiles/cartographer.mapping.map_builder_test.dir/cartographer/mapping/map_builder_test.cc.o[0m
[42.047s] [ 81%] [32m[1mLinking CXX executable cartographer.mapping.internal.2d.scan_matching.fast_correlative_scan_matcher_2d_test[0m
[42.242s] [ 81%] [32m[1mLinking CXX executable cartographer.mapping.internal.2d.scan_matching.tsdf_match_cost_function_2d_test[0m
[42.418s] [ 81%] [32m[1mLinking CXX executable cartographer.mapping.internal.3d.scan_matching.interpolated_grid_test[0m
[42.431s] [ 81%] Built target cartographer.mapping.internal.2d.scan_matching.fast_correlative_scan_matcher_2d_test
[42.448s] [ 81%] [32mBuilding CXX object CMakeFiles/cartographer.mapping.pose_extrapolator_test.dir/cartographer/mapping/pose_extrapolator_test.cc.o[0m
[42.574s] [ 82%] [32m[1mLinking CXX executable cartographer.mapping.internal.3d.scan_matching.precomputation_grid_3d_test[0m
[42.648s] [ 82%] Built target cartographer.mapping.internal.2d.scan_matching.tsdf_match_cost_function_2d_test
[42.712s] [ 82%] [32m[1mLinking CXX executable cartographer.mapping.internal.2d.tsdf_range_data_inserter_2d_test[0m
[42.715s] [ 83%] [32mBuilding CXX object CMakeFiles/cartographer.mapping.pose_graph_test.dir/cartographer/mapping/pose_graph_test.cc.o[0m
[42.716s] [ 83%] Built target cartographer.mapping.internal.3d.scan_matching.interpolated_grid_test
[42.769s] [ 83%] [32mBuilding CXX object CMakeFiles/cartographer.mapping.pose_graph_trimmer_test.dir/cartographer/mapping/pose_graph_trimmer_test.cc.o[0m
[42.799s] [ 83%] Built target cartographer.mapping.internal.3d.scan_matching.precomputation_grid_3d_test
[42.812s] [ 84%] [32mBuilding CXX object CMakeFiles/cartographer.mapping.probability_values_test.dir/cartographer/mapping/probability_values_test.cc.o[0m
[42.999s] [ 84%] [32m[1mLinking CXX executable cartographer.mapping.internal.3d.scan_matching.rotational_scan_matcher_test[0m
[43.000s] [ 84%] Built target cartographer.mapping.internal.2d.tsdf_range_data_inserter_2d_test
[43.012s] [ 84%] [32mBuilding CXX object CMakeFiles/cartographer.mapping.submaps_test.dir/cartographer/mapping/submaps_test.cc.o[0m
[43.048s] [ 85%] [32m[1mLinking CXX executable cartographer.mapping.internal.3d.scan_matching.intensity_cost_function_3d_test[0m
[43.164s] [ 85%] Built target cartographer.mapping.internal.3d.scan_matching.rotational_scan_matcher_test
[43.184s] [ 86%] [32mBuilding CXX object CMakeFiles/cartographer.mapping.trajectory_node_test.dir/cartographer/mapping/trajectory_node_test.cc.o[0m
[43.271s] [ 86%] Built target cartographer.mapping.internal.3d.scan_matching.intensity_cost_function_3d_test
[43.282s] [ 86%] [32mBuilding CXX object CMakeFiles/cartographer.mapping.value_conversion_tables_test.dir/cartographer/mapping/value_conversion_tables_test.cc.o[0m
[43.952s] [ 87%] [32m[1mLinking CXX executable cartographer.mapping.internal.connected_components_test[0m
[44.114s] [ 87%] Built target cartographer.mapping.internal.connected_components_test
[44.124s] [ 88%] [32mBuilding CXX object CMakeFiles/cartographer.sensor.compressed_point_cloud_test.dir/cartographer/sensor/compressed_point_cloud_test.cc.o[0m
[44.441s] [ 88%] [32m[1mLinking CXX executable cartographer.mapping.internal.motion_filter_test[0m
[44.597s] [ 88%] [32m[1mLinking CXX executable cartographer.mapping.internal.3d.scan_matching.real_time_correlative_scan_matcher_3d_test[0m
[44.618s] [ 88%] [32m[1mLinking CXX executable cartographer.mapping.internal.2d.pose_graph_2d_test[0m
[44.634s] [ 88%] Built target cartographer.mapping.internal.motion_filter_test
[44.645s] [ 88%] [32mBuilding CXX object CMakeFiles/cartographer.sensor.internal.collator_test.dir/cartographer/sensor/internal/collator_test.cc.o[0m
[44.849s] [ 88%] Built target cartographer.mapping.internal.3d.scan_matching.real_time_correlative_scan_matcher_3d_test
[44.857s] [ 89%] [32m[1mLinking CXX executable cartographer.mapping.internal.3d.scan_matching.ceres_scan_matcher_3d_test[0m
[44.858s] [ 90%] [32mBuilding CXX object CMakeFiles/cartographer.sensor.internal.ordered_multi_queue_test.dir/cartographer/sensor/internal/ordered_multi_queue_test.cc.o[0m
[44.952s] [ 90%] [32m[1mLinking CXX executable cartographer.mapping.internal.3d.local_trajectory_builder_3d_test[0m
[45.050s] [ 90%] Built target cartographer.mapping.internal.2d.pose_graph_2d_test
[45.081s] [ 90%] Built target cartographer.mapping.internal.3d.scan_matching.ceres_scan_matcher_3d_test
[45.093s] [ 91%] [32mBuilding CXX object CMakeFiles/cartographer.sensor.internal.voxel_filter_test.dir/cartographer/sensor/internal/voxel_filter_test.cc.o[0m
[45.097s] [ 91%] [32mBuilding CXX object CMakeFiles/cartographer.sensor.internal.trajectory_collator_test.dir/cartographer/sensor/internal/trajectory_collator_test.cc.o[0m
[45.101s] [ 91%] [32m[1mLinking CXX executable cartographer.mapping.internal.3d.pose_graph_3d_test[0m
[45.145s] [ 91%] [32m[1mLinking CXX executable cartographer.mapping.internal.3d.scan_matching.fast_correlative_scan_matcher_3d_test[0m
[45.342s] [ 91%] Built target cartographer.mapping.internal.3d.scan_matching.fast_correlative_scan_matcher_3d_test
[45.371s] [ 91%] [32mBuilding CXX object CMakeFiles/cartographer.sensor.landmark_data_test.dir/cartographer/sensor/landmark_data_test.cc.o[0m
[45.394s] [ 91%] Built target cartographer.mapping.internal.3d.local_trajectory_builder_3d_test
[45.405s] [ 92%] [32mBuilding CXX object CMakeFiles/cartographer.sensor.map_by_time_test.dir/cartographer/sensor/map_by_time_test.cc.o[0m
[45.419s] [ 92%] Built target cartographer.mapping.internal.3d.pose_graph_3d_test
[45.459s] [ 92%] [32mBuilding CXX object CMakeFiles/cartographer.sensor.point_cloud_test.dir/cartographer/sensor/point_cloud_test.cc.o[0m
[45.500s] [ 92%] [32m[1mLinking CXX executable cartographer.mapping.value_conversion_tables_test[0m
[45.711s] [ 92%] Built target cartographer.mapping.value_conversion_tables_test
[45.752s] [ 92%] [32mBuilding CXX object CMakeFiles/cartographer.sensor.range_data_test.dir/cartographer/sensor/range_data_test.cc.o[0m
[46.168s] [ 92%] [32m[1mLinking CXX executable cartographer.mapping.probability_values_test[0m
[46.431s] [ 92%] Built target cartographer.mapping.probability_values_test
[46.442s] [ 92%] [32mBuilding CXX object CMakeFiles/cartographer.transform.rigid_transform_test.dir/cartographer/transform/rigid_transform_test.cc.o[0m
[46.542s] [ 92%] [32m[1mLinking CXX executable cartographer.mapping.internal.trajectory_connectivity_state_test[0m
[46.572s] [ 93%] [32m[1mLinking CXX executable cartographer.mapping.internal.range_data_collator_test[0m
[46.691s] [ 93%] [32m[1mLinking CXX executable cartographer.mapping.submaps_test[0m
[46.731s] [ 93%] [32m[1mLinking CXX executable cartographer.mapping.internal.constraints.constraint_builder_2d_test[0m
[46.807s] [ 93%] Built target cartographer.mapping.internal.range_data_collator_test
[46.818s] [ 93%] [32mBuilding CXX object CMakeFiles/cartographer.transform.timestamped_transform_test.dir/cartographer/transform/timestamped_transform_test.cc.o[0m
[46.860s] [ 93%] Built target cartographer.mapping.internal.trajectory_connectivity_state_test
[46.900s] [ 93%] [32mBuilding CXX object CMakeFiles/cartographer.transform.transform_interpolation_buffer_test.dir/cartographer/transform/transform_interpolation_buffer_test.cc.o[0m
[46.921s] [ 93%] Built target cartographer.mapping.submaps_test
[46.931s] [ 93%] [32mBuilding CXX object CMakeFiles/cartographer.transform.transform_test.dir/cartographer/transform/transform_test.cc.o[0m
[47.085s] [ 93%] Built target cartographer.mapping.internal.constraints.constraint_builder_2d_test
[47.213s] [ 93%] [32m[1mLinking CXX executable cartographer.mapping.pose_graph_test[0m
[47.284s] [ 93%] [32m[1mLinking CXX executable cartographer.mapping.pose_graph_trimmer_test[0m
[47.442s] [ 93%] Built target cartographer.mapping.pose_graph_trimmer_test
[47.507s] [ 93%] Built target cartographer.mapping.pose_graph_test
[47.562s] [ 93%] [32m[1mLinking CXX executable cartographer.mapping.internal.optimization.optimization_problem_3d_test[0m
[47.834s] [ 93%] Built target cartographer.mapping.internal.optimization.optimization_problem_3d_test
[47.869s] [ 94%] [32m[1mLinking CXX executable cartographer.mapping.internal.constraints.constraint_builder_3d_test[0m
[48.289s] [ 94%] Built target cartographer.mapping.internal.constraints.constraint_builder_3d_test
[48.409s] [ 95%] [32m[1mLinking CXX executable cartographer.mapping.internal.optimization.cost_functions.spa_cost_function_2d_test[0m
[48.486s] [ 95%] [32m[1mLinking CXX executable cartographer.sensor.map_by_time_test[0m
[48.556s] [ 95%] Built target cartographer.mapping.internal.optimization.cost_functions.spa_cost_function_2d_test
[48.590s] [ 95%] Built target cartographer.sensor.map_by_time_test
[48.660s] [ 95%] [32m[1mLinking CXX executable cartographer.mapping.internal.optimization.cost_functions.landmark_cost_function_3d_test[0m
[48.692s] [ 95%] [32m[1mLinking CXX executable cartographer.mapping.trajectory_node_test[0m
[48.859s] [ 95%] Built target cartographer.mapping.internal.optimization.cost_functions.landmark_cost_function_3d_test
[48.869s] [ 96%] [32m[1mLinking CXX executable cartographer.mapping.internal.optimization.cost_functions.landmark_cost_function_2d_test[0m
[48.904s] [ 96%] [32m[1mLinking CXX executable cartographer.sensor.compressed_point_cloud_test[0m
[48.921s] [ 96%] Built target cartographer.mapping.trajectory_node_test
[49.020s] [ 96%] Built target cartographer.sensor.compressed_point_cloud_test
[49.056s] [ 96%] Built target cartographer.mapping.internal.optimization.cost_functions.landmark_cost_function_2d_test
[49.156s] [ 96%] [32m[1mLinking CXX executable cartographer.mapping.pose_extrapolator_test[0m
[49.255s] [ 96%] [32m[1mLinking CXX executable cartographer.sensor.internal.voxel_filter_test[0m
[49.326s] [ 96%] Built target cartographer.mapping.pose_extrapolator_test
[49.356s] [ 96%] Built target cartographer.sensor.internal.voxel_filter_test
[49.359s] [ 96%] [32m[1mLinking CXX executable cartographer.sensor.internal.ordered_multi_queue_test[0m
[49.434s] [ 96%] Built target cartographer.sensor.internal.ordered_multi_queue_test
[49.658s] [ 96%] [32m[1mLinking CXX executable cartographer.sensor.internal.collator_test[0m
[49.732s] [ 96%] Built target cartographer.sensor.internal.collator_test
[50.103s] [ 96%] [32m[1mLinking CXX executable cartographer.sensor.range_data_test[0m
[50.166s] [ 96%] Built target cartographer.sensor.range_data_test
[50.167s] [ 96%] [32m[1mLinking CXX executable cartographer.sensor.internal.trajectory_collator_test[0m
[50.237s] [ 96%] Built target cartographer.sensor.internal.trajectory_collator_test
[50.510s] [ 96%] [32m[1mLinking CXX executable cartographer.mapping.map_builder_test[0m
[50.613s] [ 96%] [32m[1mLinking CXX executable cartographer.transform.timestamped_transform_test[0m
[50.695s] [ 96%] Built target cartographer.transform.timestamped_transform_test
[50.698s] [ 96%] Built target cartographer.mapping.map_builder_test
[50.723s] [ 97%] [32m[1mLinking CXX executable cartographer.transform.transform_interpolation_buffer_test[0m
[50.802s] [ 97%] Built target cartographer.transform.transform_interpolation_buffer_test
[50.890s] [ 98%] [32m[1mLinking CXX executable cartographer.sensor.point_cloud_test[0m
[50.953s] [ 98%] Built target cartographer.sensor.point_cloud_test
[50.969s] [ 98%] [32m[1mLinking CXX executable cartographer.sensor.landmark_data_test[0m
[51.047s] [ 98%] Built target cartographer.sensor.landmark_data_test
[51.191s] [ 98%] [32m[1mLinking CXX executable cartographer.transform.transform_test[0m
[51.248s] [ 98%] Built target cartographer.transform.transform_test
[52.442s] [100%] [32m[1mLinking CXX executable cartographer.transform.rigid_transform_test[0m
[52.499s] [100%] Built target cartographer.transform.rigid_transform_test
[52.506s] Invoked command in '/home/rick/ros_ws/build/cartographer' returned '0': CMAKE_PREFIX_PATH=/home/rick/ros_ws/install/imu_tools:/home/rick/ros_ws/install/rviz_imu_plugin:/home/rick/ros_ws/install/rosbot_nav:/home/rick/ros_ws/install/ros_bot:/home/rick/ros_ws/install/imu_filter_madgwick:/home/rick/ros_ws/install/imu_complementary_filter:/home/rick/ros_ws/install/ds4_driver:/home/rick/ros_ws/install/ds4_driver_msgs:/home/rick/ros_ws/install/cartographer_test:/home/rick/ros_ws/install/cartographer_rviz:/home/rick/ros_ws/install/cartographer_ros:/home/rick/ros_ws/install/ayuda_description:/opt/ros/humble:/home/rick/ros_ws/install/cartographer_ros_msgs /home/rick/.local/bin/cmake --build /home/rick/ros_ws/build/cartographer -- -j24 -l24
[54.411s] Invoking command in '/home/rick/ros_ws/build/cartographer': CMAKE_PREFIX_PATH=/home/rick/ros_ws/install/imu_tools:/home/rick/ros_ws/install/rviz_imu_plugin:/home/rick/ros_ws/install/rosbot_nav:/home/rick/ros_ws/install/ros_bot:/home/rick/ros_ws/install/imu_filter_madgwick:/home/rick/ros_ws/install/imu_complementary_filter:/home/rick/ros_ws/install/ds4_driver:/home/rick/ros_ws/install/ds4_driver_msgs:/home/rick/ros_ws/install/cartographer_test:/home/rick/ros_ws/install/cartographer_rviz:/home/rick/ros_ws/install/cartographer_ros:/home/rick/ros_ws/install/ayuda_description:/opt/ros/humble:/home/rick/ros_ws/install/cartographer_ros_msgs /home/rick/.local/bin/cmake --install /home/rick/ros_ws/build/cartographer
[54.442s] -- Install configuration: "Release"
[54.442s] -- Installing: /home/rick/ros_ws/install/cartographer/share/cartographer/package.xml
[54.442s] -- Installing: /home/rick/ros_ws/install/cartographer/share/cartographer//configuration_files
[54.442s] -- Installing: /home/rick/ros_ws/install/cartographer/share/cartographer//configuration_files/trajectory_builder_3d.lua
[54.442s] -- Installing: /home/rick/ros_ws/install/cartographer/share/cartographer//configuration_files/map_builder.lua
[54.442s] -- Installing: /home/rick/ros_ws/install/cartographer/share/cartographer//configuration_files/map_builder_server.lua
[54.443s] -- Installing: /home/rick/ros_ws/install/cartographer/share/cartographer//configuration_files/trajectory_builder.lua
[54.443s] -- Installing: /home/rick/ros_ws/install/cartographer/share/cartographer//configuration_files/trajectory_builder_2d.lua
[54.443s] -- Installing: /home/rick/ros_ws/install/cartographer/share/cartographer//configuration_files/pose_graph.lua
[54.443s] -- Installing: /home/rick/ros_ws/install/cartographer/share/cartographer//cmake
[54.443s] -- Installing: /home/rick/ros_ws/install/cartographer/share/cartographer//cmake/modules
[54.443s] -- Installing: /home/rick/ros_ws/install/cartographer/share/cartographer//cmake/modules/FindEigen3.cmake
[54.443s] -- Installing: /home/rick/ros_ws/install/cartographer/share/cartographer//cmake/modules/FindSphinx.cmake
[54.443s] -- Installing: /home/rick/ros_ws/install/cartographer/share/cartographer//cmake/modules/FindLuaGoogle.cmake
[54.443s] -- Installing: /home/rick/ros_ws/install/cartographer/share/cartographer//cmake/modules/FindGMock.cmake
[54.443s] -- Installing: /home/rick/ros_ws/install/cartographer/share/cartographer//cmake/functions.cmake
[54.443s] -- Installing: /home/rick/ros_ws/install/cartographer/bin/cartographer_autogenerate_ground_truth
[54.443s] -- Installing: /home/rick/ros_ws/install/cartographer/bin/cartographer_compute_relations_metrics
[54.444s] -- Installing: /home/rick/ros_ws/install/cartographer/bin/cartographer_pbstream
[54.446s] -- Installing: /home/rick/ros_ws/install/cartographer/bin/cartographer_print_configuration
[54.446s] -- Installing: /home/rick/ros_ws/install/cartographer/lib/libcartographer.a
[54.452s] -- Installing: /home/rick/ros_ws/install/cartographer/include/cartographer/common/configuration_file_resolver.h
[54.452s] -- Installing: /home/rick/ros_ws/install/cartographer/include/cartographer/common/fixed_ratio_sampler.h
[54.452s] -- Installing: /home/rick/ros_ws/install/cartographer/include/cartographer/common/histogram.h
[54.452s] -- Installing: /home/rick/ros_ws/install/cartographer/include/cartographer/common/lua.h
[54.452s] -- Installing: /home/rick/ros_ws/install/cartographer/include/cartographer/common/lua_parameter_dictionary.h
[54.452s] -- Installing: /home/rick/ros_ws/install/cartographer/include/cartographer/common/math.h
[54.452s] -- Installing: /home/rick/ros_ws/install/cartographer/include/cartographer/common/port.h
[54.452s] -- Installing: /home/rick/ros_ws/install/cartographer/include/cartographer/common/task.h
[54.452s] -- Installing: /home/rick/ros_ws/install/cartographer/include/cartographer/common/thread_pool.h
[54.452s] -- Installing: /home/rick/ros_ws/install/cartographer/include/cartographer/common/time.h
[54.452s] -- Installing: /home/rick/ros_ws/install/cartographer/include/cartographer/ground_truth/autogenerate_ground_truth.h
[54.452s] -- Installing: /home/rick/ros_ws/install/cartographer/include/cartographer/ground_truth/relations_text_file.h
[54.453s] -- Installing: /home/rick/ros_ws/install/cartographer/include/cartographer/io/color.h
[54.453s] -- Installing: /home/rick/ros_ws/install/cartographer/include/cartographer/io/coloring_points_processor.h
[54.453s] -- Installing: /home/rick/ros_ws/install/cartographer/include/cartographer/io/counting_points_processor.h
[54.453s] -- Installing: /home/rick/ros_ws/install/cartographer/include/cartographer/io/draw_trajectories.h
[54.453s] -- Installing: /home/rick/ros_ws/install/cartographer/include/cartographer/io/file_writer.h
[54.453s] -- Installing: /home/rick/ros_ws/install/cartographer/include/cartographer/io/fixed_ratio_sampling_points_processor.h
[54.453s] -- Installing: /home/rick/ros_ws/install/cartographer/include/cartographer/io/frame_id_filtering_points_processor.h
[54.453s] -- Installing: /home/rick/ros_ws/install/cartographer/include/cartographer/io/hybrid_grid_points_processor.h
[54.453s] -- Installing: /home/rick/ros_ws/install/cartographer/include/cartographer/io/image.h
[54.453s] -- Installing: /home/rick/ros_ws/install/cartographer/include/cartographer/io/intensity_to_color_points_processor.h
[54.453s] -- Installing: /home/rick/ros_ws/install/cartographer/include/cartographer/io/min_max_range_filtering_points_processor.h
[54.453s] -- Installing: /home/rick/ros_ws/install/cartographer/include/cartographer/io/null_points_processor.h
[54.453s] -- Installing: /home/rick/ros_ws/install/cartographer/include/cartographer/io/outlier_removing_points_processor.h
[54.453s] -- Installing: /home/rick/ros_ws/install/cartographer/include/cartographer/io/pcd_writing_points_processor.h
[54.453s] -- Installing: /home/rick/ros_ws/install/cartographer/include/cartographer/io/ply_writing_points_processor.h
[54.453s] -- Installing: /home/rick/ros_ws/install/cartographer/include/cartographer/io/points_batch.h
[54.453s] -- Installing: /home/rick/ros_ws/install/cartographer/include/cartographer/io/points_processor.h
[54.453s] -- Installing: /home/rick/ros_ws/install/cartographer/include/cartographer/io/points_processor_pipeline_builder.h
[54.453s] -- Installing: /home/rick/ros_ws/install/cartographer/include/cartographer/io/probability_grid_points_processor.h
[54.453s] -- Installing: /home/rick/ros_ws/install/cartographer/include/cartographer/io/proto_stream.h
[54.453s] -- Installing: /home/rick/ros_ws/install/cartographer/include/cartographer/io/proto_stream_deserializer.h
[54.453s] -- Installing: /home/rick/ros_ws/install/cartographer/include/cartographer/io/proto_stream_interface.h
[54.453s] -- Installing: /home/rick/ros_ws/install/cartographer/include/cartographer/io/serialization_format_migration.h
[54.453s] -- Installing: /home/rick/ros_ws/install/cartographer/include/cartographer/io/submap_painter.h
[54.453s] -- Installing: /home/rick/ros_ws/install/cartographer/include/cartographer/io/vertical_range_filtering_points_processor.h
[54.453s] -- Installing: /home/rick/ros_ws/install/cartographer/include/cartographer/io/xray_points_processor.h
[54.453s] -- Installing: /home/rick/ros_ws/install/cartographer/include/cartographer/io/xyz_writing_points_processor.h
[54.453s] -- Installing: /home/rick/ros_ws/install/cartographer/include/cartographer/mapping/2d/grid_2d.h
[54.453s] -- Installing: /home/rick/ros_ws/install/cartographer/include/cartographer/mapping/2d/map_limits.h
[54.453s] -- Installing: /home/rick/ros_ws/install/cartographer/include/cartographer/mapping/2d/probability_grid.h
[54.453s] -- Installing: /home/rick/ros_ws/install/cartographer/include/cartographer/mapping/2d/probability_grid_range_data_inserter_2d.h
[54.453s] -- Installing: /home/rick/ros_ws/install/cartographer/include/cartographer/mapping/2d/submap_2d.h
[54.453s] -- Installing: /home/rick/ros_ws/install/cartographer/include/cartographer/mapping/2d/xy_index.h
[54.453s] -- Installing: /home/rick/ros_ws/install/cartographer/include/cartographer/mapping/3d/hybrid_grid.h
[54.454s] -- Installing: /home/rick/ros_ws/install/cartographer/include/cartographer/mapping/3d/range_data_inserter_3d.h
[54.454s] -- Installing: /home/rick/ros_ws/install/cartographer/include/cartographer/mapping/3d/submap_3d.h
[54.454s] -- Installing: /home/rick/ros_ws/install/cartographer/include/cartographer/mapping/detect_floors.h
[54.454s] -- Installing: /home/rick/ros_ws/install/cartographer/include/cartographer/mapping/grid_interface.h
[54.454s] -- Installing: /home/rick/ros_ws/install/cartographer/include/cartographer/mapping/id.h
[54.454s] -- Installing: /home/rick/ros_ws/install/cartographer/include/cartographer/mapping/imu_tracker.h
[54.454s] -- Installing: /home/rick/ros_ws/install/cartographer/include/cartographer/mapping/map_builder.h
[54.454s] -- Installing: /home/rick/ros_ws/install/cartographer/include/cartographer/mapping/map_builder_interface.h
[54.454s] -- Installing: /home/rick/ros_ws/install/cartographer/include/cartographer/mapping/pose_extrapolator.h
[54.454s] -- Installing: /home/rick/ros_ws/install/cartographer/include/cartographer/mapping/pose_extrapolator_interface.h
[54.454s] -- Installing: /home/rick/ros_ws/install/cartographer/include/cartographer/mapping/pose_graph.h
[54.454s] -- Installing: /home/rick/ros_ws/install/cartographer/include/cartographer/mapping/pose_graph_interface.h
[54.454s] -- Installing: /home/rick/ros_ws/install/cartographer/include/cartographer/mapping/pose_graph_trimmer.h
[54.454s] -- Installing: /home/rick/ros_ws/install/cartographer/include/cartographer/mapping/probability_values.h
[54.454s] -- Installing: /home/rick/ros_ws/install/cartographer/include/cartographer/mapping/range_data_inserter_interface.h
[54.454s] -- Installing: /home/rick/ros_ws/install/cartographer/include/cartographer/mapping/submaps.h
[54.454s] -- Installing: /home/rick/ros_ws/install/cartographer/include/cartographer/mapping/trajectory_builder_interface.h
[54.454s] -- Installing: /home/rick/ros_ws/install/cartographer/include/cartographer/mapping/trajectory_node.h
[54.454s] -- Installing: /home/rick/ros_ws/install/cartographer/include/cartographer/mapping/value_conversion_tables.h
[54.454s] -- Installing: /home/rick/ros_ws/install/cartographer/include/cartographer/metrics/counter.h
[54.454s] -- Installing: /home/rick/ros_ws/install/cartographer/include/cartographer/metrics/family_factory.h
[54.454s] -- Installing: /home/rick/ros_ws/install/cartographer/include/cartographer/metrics/gauge.h
[54.454s] -- Installing: /home/rick/ros_ws/install/cartographer/include/cartographer/metrics/histogram.h
[54.454s] -- Installing: /home/rick/ros_ws/install/cartographer/include/cartographer/metrics/register.h
[54.454s] -- Installing: /home/rick/ros_ws/install/cartographer/include/cartographer/sensor/collator_interface.h
[54.454s] -- Installing: /home/rick/ros_ws/install/cartographer/include/cartographer/sensor/compressed_point_cloud.h
[54.454s] -- Installing: /home/rick/ros_ws/install/cartographer/include/cartographer/sensor/data.h
[54.455s] -- Installing: /home/rick/ros_ws/install/cartographer/include/cartographer/sensor/fixed_frame_pose_data.h
[54.455s] -- Installing: /home/rick/ros_ws/install/cartographer/include/cartographer/sensor/imu_data.h
[54.455s] -- Installing: /home/rick/ros_ws/install/cartographer/include/cartographer/sensor/landmark_data.h
[54.455s] -- Installing: /home/rick/ros_ws/install/cartographer/include/cartographer/sensor/map_by_time.h
[54.455s] -- Installing: /home/rick/ros_ws/install/cartographer/include/cartographer/sensor/odometry_data.h
[54.455s] -- Installing: /home/rick/ros_ws/install/cartographer/include/cartographer/sensor/point_cloud.h
[54.455s] -- Installing: /home/rick/ros_ws/install/cartographer/include/cartographer/sensor/range_data.h
[54.455s] -- Installing: /home/rick/ros_ws/install/cartographer/include/cartographer/sensor/rangefinder_point.h
[54.455s] -- Installing: /home/rick/ros_ws/install/cartographer/include/cartographer/sensor/timed_point_cloud_data.h
[54.455s] -- Installing: /home/rick/ros_ws/install/cartographer/include/cartographer/transform/rigid_transform.h
[54.455s] -- Installing: /home/rick/ros_ws/install/cartographer/include/cartographer/transform/timestamped_transform.h
[54.455s] -- Installing: /home/rick/ros_ws/install/cartographer/include/cartographer/transform/transform.h
[54.455s] -- Installing: /home/rick/ros_ws/install/cartographer/include/cartographer/transform/transform_interpolation_buffer.h
[54.455s] -- Installing: /home/rick/ros_ws/install/cartographer/include/cartographer/io/fake_file_writer.h
[54.455s] -- Installing: /home/rick/ros_ws/install/cartographer/include/cartographer/transform/rigid_transform_test_helpers.h
[54.455s] -- Installing: /home/rick/ros_ws/install/cartographer/include/cartographer/common/proto/ceres_solver_options.pb.h
[54.455s] -- Installing: /home/rick/ros_ws/install/cartographer/include/cartographer/ground_truth/proto/relations.pb.h
[54.455s] -- Installing: /home/rick/ros_ws/install/cartographer/include/cartographer/mapping/proto/cell_limits_2d.pb.h
[54.455s] -- Installing: /home/rick/ros_ws/install/cartographer/include/cartographer/mapping/proto/connected_components.pb.h
[54.455s] -- Installing: /home/rick/ros_ws/install/cartographer/include/cartographer/mapping/proto/grid_2d.pb.h
[54.455s] -- Installing: /home/rick/ros_ws/install/cartographer/include/cartographer/mapping/proto/grid_2d_options.pb.h
[54.455s] -- Installing: /home/rick/ros_ws/install/cartographer/include/cartographer/mapping/proto/hybrid_grid.pb.h
[54.455s] -- Installing: /home/rick/ros_ws/install/cartographer/include/cartographer/mapping/proto/local_trajectory_builder_options_2d.pb.h
[54.455s] -- Installing: /home/rick/ros_ws/install/cartographer/include/cartographer/mapping/proto/local_trajectory_builder_options_3d.pb.h
[54.456s] -- Installing: /home/rick/ros_ws/install/cartographer/include/cartographer/mapping/proto/map_builder_options.pb.h
[54.456s] -- Installing: /home/rick/ros_ws/install/cartographer/include/cartographer/mapping/proto/map_limits.pb.h
[54.456s] -- Installing: /home/rick/ros_ws/install/cartographer/include/cartographer/mapping/proto/motion_filter_options.pb.h
[54.456s] -- Installing: /home/rick/ros_ws/install/cartographer/include/cartographer/mapping/proto/normal_estimation_options_2d.pb.h
[54.456s] -- Installing: /home/rick/ros_ws/install/cartographer/include/cartographer/mapping/proto/pose_extrapolator_options.pb.h
[54.456s] -- Installing: /home/rick/ros_ws/install/cartographer/include/cartographer/mapping/proto/pose_graph.pb.h
[54.456s] -- Installing: /home/rick/ros_ws/install/cartographer/include/cartographer/mapping/proto/pose_graph/constraint_builder_options.pb.h
[54.456s] -- Installing: /home/rick/ros_ws/install/cartographer/include/cartographer/mapping/proto/pose_graph/optimization_problem_options.pb.h
[54.456s] -- Installing: /home/rick/ros_ws/install/cartographer/include/cartographer/mapping/proto/pose_graph_options.pb.h
[54.456s] -- Installing: /home/rick/ros_ws/install/cartographer/include/cartographer/mapping/proto/probability_grid.pb.h
[54.456s] -- Installing: /home/rick/ros_ws/install/cartographer/include/cartographer/mapping/proto/probability_grid_range_data_inserter_options_2d.pb.h
[54.456s] -- Installing: /home/rick/ros_ws/install/cartographer/include/cartographer/mapping/proto/range_data_inserter_options.pb.h
[54.456s] -- Installing: /home/rick/ros_ws/install/cartographer/include/cartographer/mapping/proto/range_data_inserter_options_3d.pb.h
[54.456s] -- Installing: /home/rick/ros_ws/install/cartographer/include/cartographer/mapping/proto/scan_matching/ceres_scan_matcher_options_2d.pb.h
[54.456s] -- Installing: /home/rick/ros_ws/install/cartographer/include/cartographer/mapping/proto/scan_matching/ceres_scan_matcher_options_3d.pb.h
[54.456s] -- Installing: /home/rick/ros_ws/install/cartographer/include/cartographer/mapping/proto/scan_matching/fast_correlative_scan_matcher_options_2d.pb.h
[54.456s] -- Installing: /home/rick/ros_ws/install/cartographer/include/cartographer/mapping/proto/scan_matching/fast_correlative_scan_matcher_options_3d.pb.h
[54.456s] -- Installing: /home/rick/ros_ws/install/cartographer/include/cartographer/mapping/proto/scan_matching/real_time_correlative_scan_matcher_options.pb.h
[54.456s] -- Installing: /home/rick/ros_ws/install/cartographer/include/cartographer/mapping/proto/serialization.pb.h
[54.457s] -- Installing: /home/rick/ros_ws/install/cartographer/include/cartographer/mapping/proto/submap.pb.h
[54.457s] -- Installing: /home/rick/ros_ws/install/cartographer/include/cartographer/mapping/proto/submap_visualization.pb.h
[54.457s] -- Installing: /home/rick/ros_ws/install/cartographer/include/cartographer/mapping/proto/submaps_options_2d.pb.h
[54.457s] -- Installing: /home/rick/ros_ws/install/cartographer/include/cartographer/mapping/proto/submaps_options_3d.pb.h
[54.457s] -- Installing: /home/rick/ros_ws/install/cartographer/include/cartographer/mapping/proto/trajectory.pb.h
[54.457s] -- Installing: /home/rick/ros_ws/install/cartographer/include/cartographer/mapping/proto/trajectory_builder_options.pb.h
[54.457s] -- Installing: /home/rick/ros_ws/install/cartographer/include/cartographer/mapping/proto/trajectory_node_data.pb.h
[54.457s] -- Installing: /home/rick/ros_ws/install/cartographer/include/cartographer/mapping/proto/tsdf_2d.pb.h
[54.457s] -- Installing: /home/rick/ros_ws/install/cartographer/include/cartographer/mapping/proto/tsdf_range_data_inserter_options_2d.pb.h
[54.457s] -- Installing: /home/rick/ros_ws/install/cartographer/include/cartographer/sensor/proto/adaptive_voxel_filter_options.pb.h
[54.457s] -- Installing: /home/rick/ros_ws/install/cartographer/include/cartographer/sensor/proto/sensor.pb.h
[54.457s] -- Installing: /home/rick/ros_ws/install/cartographer/include/cartographer/transform/proto/timestamped_transform.pb.h
[54.457s] -- Installing: /home/rick/ros_ws/install/cartographer/include/cartographer/transform/proto/transform.pb.h
[54.457s] -- Installing: /home/rick/ros_ws/install/cartographer/share/cartographer/cmake/CartographerTargets.cmake
[54.457s] -- Installing: /home/rick/ros_ws/install/cartographer/share/cartographer/cmake/CartographerTargets-release.cmake
[54.458s] -- Installing: /home/rick/ros_ws/install/cartographer/share/cartographer/cartographer-config.cmake
[54.461s] Invoked command in '/home/rick/ros_ws/build/cartographer' returned '0': CMAKE_PREFIX_PATH=/home/rick/ros_ws/install/imu_tools:/home/rick/ros_ws/install/rviz_imu_plugin:/home/rick/ros_ws/install/rosbot_nav:/home/rick/ros_ws/install/ros_bot:/home/rick/ros_ws/install/imu_filter_madgwick:/home/rick/ros_ws/install/imu_complementary_filter:/home/rick/ros_ws/install/ds4_driver:/home/rick/ros_ws/install/ds4_driver_msgs:/home/rick/ros_ws/install/cartographer_test:/home/rick/ros_ws/install/cartographer_rviz:/home/rick/ros_ws/install/cartographer_ros:/home/rick/ros_ws/install/ayuda_description:/opt/ros/humble:/home/rick/ros_ws/install/cartographer_ros_msgs /home/rick/.local/bin/cmake --install /home/rick/ros_ws/build/cartographer
