[0.510s] Invoking command in '/home/rick/ros_ws/build/ayuda_description': PYTHONPATH=/home/rick/ros_ws/build/ayuda_description/prefix_override:/home/rick/ros_ws/install/ayuda_description/lib/python3.10/site-packages:${PYTHONPATH} /usr/bin/python3 setup.py develop --editable --build-directory /home/rick/ros_ws/build/ayuda_description/build --no-deps install_data
[0.644s] running develop
[0.644s] /usr/lib/python3/dist-packages/setuptools/command/easy_install.py:158: EasyInstallDeprecationWarning: easy_install command is deprecated. Use build and pip and other standards-based tools.
[0.645s]   warnings.warn(
[0.646s] /usr/lib/python3/dist-packages/setuptools/command/install.py:34: SetuptoolsDeprecationWarning: setup.py install is deprecated. Use build and pip and other standards-based tools.
[0.646s]   warnings.warn(
[0.736s] running egg_info
[0.736s] writing ayuda_description.egg-info/PKG-INFO
[0.736s] writing dependency_links to ayuda_description.egg-info/dependency_links.txt
[0.736s] writing entry points to ayuda_description.egg-info/entry_points.txt
[0.736s] writing requirements to ayuda_description.egg-info/requires.txt
[0.736s] writing top-level names to ayuda_description.egg-info/top_level.txt
[0.737s] reading manifest file 'ayuda_description.egg-info/SOURCES.txt'
[0.737s] writing manifest file 'ayuda_description.egg-info/SOURCES.txt'
[0.738s] running build_ext
[0.738s] Creating /home/rick/ros_ws/install/ayuda_description/lib/python3.10/site-packages/ayuda-description.egg-link (link to .)
[0.738s] Installing state_publisher script to /home/rick/ros_ws/install/ayuda_description/lib/ayuda_description
[0.739s] 
[0.739s] Installed /home/rick/ros_ws/build/ayuda_description
[0.739s] running install_data
[0.739s] copying urdf/lidar.xacro -> /home/rick/ros_ws/install/ayuda_description/share/ayuda_description/urdf
[0.753s] Invoked command in '/home/rick/ros_ws/build/ayuda_description' returned '0': PYTHONPATH=/home/rick/ros_ws/build/ayuda_description/prefix_override:/home/rick/ros_ws/install/ayuda_description/lib/python3.10/site-packages:${PYTHONPATH} /usr/bin/python3 setup.py develop --editable --build-directory /home/rick/ros_ws/build/ayuda_description/build --no-deps install_data
