[  3%] Built target ds4_driver_msgs__cpp
[ 12%] Built target ds4_driver_msgs__rosidl_generator_c
[ 12%] Built target ament_cmake_python_symlink_ds4_driver_msgs
[ 56%] Built target ds4_driver_msgs__rosidl_typesupport_cpp
[ 56%] Built target ds4_driver_msgs__rosidl_typesupport_introspection_c
[ 56%] Built target ds4_driver_msgs__rosidl_typesupport_fastrtps_cpp
[ 56%] Built target ds4_driver_msgs__rosidl_typesupport_c
[ 69%] Built target ds4_driver_msgs__rosidl_typesupport_fastrtps_c
[ 78%] Built target ds4_driver_msgs__rosidl_typesupport_introspection_cpp
[ 78%] Built target ds4_driver_msgs
[ 80%] Built target ds4_driver_msgs__py
[ 89%] Built target ds4_driver_msgs__rosidl_generator_py
[100%] Built target ds4_driver_msgs__rosidl_typesupport_fastrtps_c__pyext
[100%] Built target ds4_driver_msgs__rosidl_typesupport_introspection_c__pyext
[100%] Built target ds4_driver_msgs__rosidl_typesupport_c__pyext
running egg_info
writing ds4_driver_msgs.egg-info/PKG-INFO
writing dependency_links to ds4_driver_msgs.egg-info/dependency_links.txt
writing top-level names to ds4_driver_msgs.egg-info/top_level.txt
reading manifest file 'ds4_driver_msgs.egg-info/SOURCES.txt'
writing manifest file 'ds4_driver_msgs.egg-info/SOURCES.txt'
[100%] Built target ament_cmake_python_build_ds4_driver_msgs_egg
