[0.107s] Invoking command in '/home/rick/ros_ws/build/ds4_driver_msgs': CMAKE_PREFIX_PATH=${CMAKE_PREFIX_PATH}:/opt/ros/humble /home/rick/.local/bin/cmake --build /home/rick/ros_ws/build/ds4_driver_msgs -- -j24 -l24
[0.150s] [  3%] Built target ds4_driver_msgs__cpp
[0.150s] [ 12%] Built target ds4_driver_msgs__rosidl_generator_c
[0.155s] [ 12%] Built target ament_cmake_python_symlink_ds4_driver_msgs
[0.165s] [ 56%] Built target ds4_driver_msgs__rosidl_typesupport_cpp
[0.165s] [ 56%] Built target ds4_driver_msgs__rosidl_typesupport_introspection_c
[0.166s] [ 56%] Built target ds4_driver_msgs__rosidl_typesupport_fastrtps_cpp
[0.166s] [ 56%] Built target ds4_driver_msgs__rosidl_typesupport_c
[0.166s] [ 69%] Built target ds4_driver_msgs__rosidl_typesupport_fastrtps_c
[0.166s] [ 78%] Built target ds4_driver_msgs__rosidl_typesupport_introspection_cpp
[0.179s] [ 78%] Built target ds4_driver_msgs
[0.192s] [ 80%] Built target ds4_driver_msgs__py
[0.207s] [ 89%] Built target ds4_driver_msgs__rosidl_generator_py
[0.221s] [100%] Built target ds4_driver_msgs__rosidl_typesupport_fastrtps_c__pyext
[0.221s] [100%] Built target ds4_driver_msgs__rosidl_typesupport_introspection_c__pyext
[0.221s] [100%] Built target ds4_driver_msgs__rosidl_typesupport_c__pyext
[0.294s] running egg_info
[0.295s] writing ds4_driver_msgs.egg-info/PKG-INFO
[0.295s] writing dependency_links to ds4_driver_msgs.egg-info/dependency_links.txt
[0.295s] writing top-level names to ds4_driver_msgs.egg-info/top_level.txt
[0.296s] reading manifest file 'ds4_driver_msgs.egg-info/SOURCES.txt'
[0.296s] writing manifest file 'ds4_driver_msgs.egg-info/SOURCES.txt'
[0.316s] [100%] Built target ament_cmake_python_build_ds4_driver_msgs_egg
