[0.155s] Invoking command in '/home/rick/ros_ws/build/imu_filter_madgwick': CMAKE_PREFIX_PATH=/opt/ros/humble /home/rick/.local/bin/cmake /home/rick/ros_ws/src/imu_tools/imu_filter_madgwick -DAMENT_CMAKE_SYMLINK_INSTALL=1 -DCMAKE_INSTALL_PREFIX=/home/rick/ros_ws/install/imu_filter_madgwick
[0.336s] -- The C compiler identification is GNU 11.4.0
[0.336s] -- The CXX compiler identification is GNU 11.4.0
[0.336s] -- Detecting C compiler ABI info
[0.354s] -- Detecting C compiler ABI info - done
[0.365s] -- Check for working C compiler: /usr/bin/cc - skipped
[0.365s] -- Detecting C compile features
[0.366s] -- Detecting C compile features - done
[0.373s] -- Detecting CXX compiler ABI info
[0.421s] -- Detecting CXX compiler ABI info - done
[0.429s] -- Check for working CXX compiler: /usr/bin/c++ - skipped
[0.429s] -- Detecting CXX compile features
[0.429s] -- Detecting CXX compile features - done
[0.431s] -- Found ament_cmake: 1.3.5 (/opt/ros/humble/share/ament_cmake/cmake)
[0.699s] -- Found Python3: /usr/bin/python3.10 (found version "3.10.12") found components: Interpreter 
[0.743s] -- Override CMake install command with custom implementation using symlinks instead of copying resources
[0.777s] -- Found rclcpp: 16.0.6 (/opt/ros/humble/share/rclcpp/cmake)
[0.813s] -- Found rosidl_generator_c: 3.1.5 (/opt/ros/humble/share/rosidl_generator_c/cmake)
[0.819s] -- Found rosidl_adapter: 3.1.5 (/opt/ros/humble/share/rosidl_adapter/cmake)
[0.829s] -- Found rosidl_generator_cpp: 3.1.5 (/opt/ros/humble/share/rosidl_generator_cpp/cmake)
[0.845s] -- Using all available rosidl_typesupport_c: rosidl_typesupport_fastrtps_c;rosidl_typesupport_introspection_c
[0.866s] -- Using all available rosidl_typesupport_cpp: rosidl_typesupport_fastrtps_cpp;rosidl_typesupport_introspection_cpp
[0.946s] -- Found rmw_implementation_cmake: 6.1.1 (/opt/ros/humble/share/rmw_implementation_cmake/cmake)
[0.949s] -- Found rmw_cyclonedds_cpp: 1.3.4 (/opt/ros/humble/share/rmw_cyclonedds_cpp/cmake)
[0.991s] -- Using RMW implementation 'rmw_cyclonedds_cpp' as default
[1.005s] -- Performing Test CMAKE_HAVE_LIBC_PTHREAD
[1.059s] -- Performing Test CMAKE_HAVE_LIBC_PTHREAD - Success
[1.060s] -- Found Threads: TRUE  
[1.193s] -- Found rclcpp_components: 16.0.6 (/opt/ros/humble/share/rclcpp_components/cmake)
[1.253s] -- Found geometry_msgs: 4.2.3 (/opt/ros/humble/share/geometry_msgs/cmake)
[1.286s] -- Found tf2_geometry_msgs: 0.25.4 (/opt/ros/humble/share/tf2_geometry_msgs/cmake)
[1.301s] -- Found eigen3_cmake_module: 0.1.1 (/opt/ros/humble/share/eigen3_cmake_module/cmake)
[1.303s] -- Found Eigen3: TRUE (found version "3.4.0") 
[1.303s] -- Ensuring Eigen3 include directory is part of orocos-kdl CMake target
[1.524s] -- Found sensor_msgs: 4.2.3 (/opt/ros/humble/share/sensor_msgs/cmake)
[1.584s] -- Found ament_cmake_gtest: 1.3.5 (/opt/ros/humble/share/ament_cmake_gtest/cmake)
[1.588s] -- Found gtest sources under '/opt/ros/humble/src/gtest_vendor': C++ tests using 'Google Test' will be built
[1.637s] -- Configuring done (1.5s)
[1.655s] -- Generating done (0.0s)
[1.657s] -- Build files have been written to: /home/rick/ros_ws/build/imu_filter_madgwick
[1.665s] Invoked command in '/home/rick/ros_ws/build/imu_filter_madgwick' returned '0': CMAKE_PREFIX_PATH=/opt/ros/humble /home/rick/.local/bin/cmake /home/rick/ros_ws/src/imu_tools/imu_filter_madgwick -DAMENT_CMAKE_SYMLINK_INSTALL=1 -DCMAKE_INSTALL_PREFIX=/home/rick/ros_ws/install/imu_filter_madgwick
[1.666s] Invoking command in '/home/rick/ros_ws/build/imu_filter_madgwick': CMAKE_PREFIX_PATH=/opt/ros/humble /home/rick/.local/bin/cmake --build /home/rick/ros_ws/build/imu_filter_madgwick -- -j24 -l24
[1.693s] [  7%] [32mBuilding CXX object gtest/CMakeFiles/gtest_main.dir/src/gtest_main.cc.o[0m
[1.693s] [ 14%] [32mBuilding CXX object gtest/CMakeFiles/gtest.dir/src/gtest-all.cc.o[0m
[1.694s] [ 21%] [32mBuilding CXX object CMakeFiles/imu_filter_madgwick.dir/src/imu_filter.cpp.o[0m
[1.694s] [ 28%] [32mBuilding CXX object CMakeFiles/imu_filter_madgwick.dir/src/imu_filter_ros.cpp.o[0m
[1.694s] [ 35%] [32mBuilding CXX object CMakeFiles/imu_filter_madgwick.dir/src/stateless_orientation.cpp.o[0m
[2.189s] [ 42%] [32m[1mLinking CXX static library libgtest_main.a[0m
[2.285s] [ 42%] Built target gtest_main
[4.030s] [ 50%] [32m[1mLinking CXX static library libgtest.a[0m
[4.089s] [ 50%] Built target gtest
[11.569s] [ 57%] [32m[1mLinking CXX shared library libimu_filter_madgwick.so[0m
[12.099s] [ 57%] Built target imu_filter_madgwick
[12.104s] [ 64%] [32mBuilding CXX object test/CMakeFiles/madgwick_test.dir/madgwick_test.cpp.o[0m
[12.104s] [ 71%] [32mBuilding CXX object CMakeFiles/imu_filter_madgwick_node.dir/src/imu_filter_node.cpp.o[0m
[12.104s] [ 78%] [32mBuilding CXX object test/CMakeFiles/stateless_orientation_test.dir/stateless_orientation_test.cpp.o[0m
[12.807s] [ 85%] [32m[1mLinking CXX executable madgwick_test[0m
[12.850s] [ 92%] [32m[1mLinking CXX executable stateless_orientation_test[0m
[13.060s] [ 92%] Built target madgwick_test
[13.093s] [ 92%] Built target stateless_orientation_test
[13.643s] [100%] [32m[1mLinking CXX executable imu_filter_madgwick_node[0m
[13.831s] [100%] Built target imu_filter_madgwick_node
[13.838s] Invoked command in '/home/rick/ros_ws/build/imu_filter_madgwick' returned '0': CMAKE_PREFIX_PATH=/opt/ros/humble /home/rick/.local/bin/cmake --build /home/rick/ros_ws/build/imu_filter_madgwick -- -j24 -l24
[13.899s] Invoking command in '/home/rick/ros_ws/build/imu_filter_madgwick': CMAKE_PREFIX_PATH=/opt/ros/humble /home/rick/.local/bin/cmake --install /home/rick/ros_ws/build/imu_filter_madgwick
[13.926s] -- Install configuration: ""
[13.926s] -- Execute custom install script
[13.926s] -- Symlinking: /home/rick/ros_ws/install/imu_filter_madgwick/include/imu_filter_madgwick/base_node.hpp
[13.928s] -- Symlinking: /home/rick/ros_ws/install/imu_filter_madgwick/include/imu_filter_madgwick/imu_filter.h
[13.929s] -- Symlinking: /home/rick/ros_ws/install/imu_filter_madgwick/include/imu_filter_madgwick/imu_filter_ros.h
[13.931s] -- Symlinking: /home/rick/ros_ws/install/imu_filter_madgwick/include/imu_filter_madgwick/stateless_orientation.h
[13.933s] -- Symlinking: /home/rick/ros_ws/install/imu_filter_madgwick/include/imu_filter_madgwick/visibility_control.h
[13.934s] -- Symlinking: /home/rick/ros_ws/install/imu_filter_madgwick/include/imu_filter_madgwick/world_frame.h
[13.937s] -- Symlinking: /home/rick/ros_ws/install/imu_filter_madgwick/lib/imu_filter_madgwick/imu_filter_madgwick_node
[13.939s] -- Symlinking: /home/rick/ros_ws/install/imu_filter_madgwick/share/imu_filter_madgwick/launch/imu_filter.launch.py
[13.942s] -- Symlinking: /home/rick/ros_ws/install/imu_filter_madgwick/share/imu_filter_madgwick/launch/imu_filter_component.launch.py
[13.946s] -- Symlinking: /home/rick/ros_ws/install/imu_filter_madgwick/share/imu_filter_madgwick/config/imu_filter.yaml
[13.950s] -- Symlinking: /home/rick/ros_ws/install/imu_filter_madgwick/share/imu_filter_madgwick/environment/library_path.sh
[13.954s] -- Symlinking: /home/rick/ros_ws/install/imu_filter_madgwick/share/imu_filter_madgwick/environment/library_path.dsv
[13.958s] -- Symlinking: /home/rick/ros_ws/install/imu_filter_madgwick/share/ament_index/resource_index/package_run_dependencies/imu_filter_madgwick
[13.963s] -- Symlinking: /home/rick/ros_ws/install/imu_filter_madgwick/share/ament_index/resource_index/parent_prefix_path/imu_filter_madgwick
[13.968s] -- Symlinking: /home/rick/ros_ws/install/imu_filter_madgwick/share/imu_filter_madgwick/environment/ament_prefix_path.sh
[13.972s] -- Symlinking: /home/rick/ros_ws/install/imu_filter_madgwick/share/imu_filter_madgwick/environment/ament_prefix_path.dsv
[13.977s] -- Symlinking: /home/rick/ros_ws/install/imu_filter_madgwick/share/imu_filter_madgwick/environment/path.sh
[13.982s] -- Symlinking: /home/rick/ros_ws/install/imu_filter_madgwick/share/imu_filter_madgwick/environment/path.dsv
[13.987s] -- Symlinking: /home/rick/ros_ws/install/imu_filter_madgwick/share/imu_filter_madgwick/local_setup.bash
[13.993s] -- Symlinking: /home/rick/ros_ws/install/imu_filter_madgwick/share/imu_filter_madgwick/local_setup.sh
[13.999s] -- Symlinking: /home/rick/ros_ws/install/imu_filter_madgwick/share/imu_filter_madgwick/local_setup.zsh
[14.004s] -- Symlinking: /home/rick/ros_ws/install/imu_filter_madgwick/share/imu_filter_madgwick/local_setup.dsv
[14.010s] -- Symlinking: /home/rick/ros_ws/install/imu_filter_madgwick/share/imu_filter_madgwick/package.dsv
[14.016s] -- Symlinking: /home/rick/ros_ws/install/imu_filter_madgwick/share/ament_index/resource_index/packages/imu_filter_madgwick
[14.023s] -- Symlinking: /home/rick/ros_ws/install/imu_filter_madgwick/share/ament_index/resource_index/rclcpp_components/imu_filter_madgwick
[14.029s] -- Symlinking: /home/rick/ros_ws/install/imu_filter_madgwick/share/imu_filter_madgwick/cmake/ament_cmake_export_include_directories-extras.cmake
[14.036s] -- Symlinking: /home/rick/ros_ws/install/imu_filter_madgwick/share/imu_filter_madgwick/cmake/ament_cmake_export_libraries-extras.cmake
[14.042s] -- Symlinking: /home/rick/ros_ws/install/imu_filter_madgwick/share/imu_filter_madgwick/cmake/ament_cmake_export_targets-extras.cmake
[14.048s] -- Symlinking: /home/rick/ros_ws/install/imu_filter_madgwick/share/imu_filter_madgwick/cmake/imu_filter_madgwickConfig.cmake
[14.055s] -- Symlinking: /home/rick/ros_ws/install/imu_filter_madgwick/share/imu_filter_madgwick/cmake/imu_filter_madgwickConfig-version.cmake
[14.061s] -- Symlinking: /home/rick/ros_ws/install/imu_filter_madgwick/share/imu_filter_madgwick/package.xml
[14.067s] -- Installing: /home/rick/ros_ws/install/imu_filter_madgwick/lib/libimu_filter_madgwick.so
[14.089s] -- Set runtime path of "/home/rick/ros_ws/install/imu_filter_madgwick/lib/libimu_filter_madgwick.so" to ""
[14.090s] -- Installing: /home/rick/ros_ws/install/imu_filter_madgwick/share/imu_filter_madgwick/cmake/export_imu_filter_madgwickExport.cmake
[14.090s] -- Installing: /home/rick/ros_ws/install/imu_filter_madgwick/share/imu_filter_madgwick/cmake/export_imu_filter_madgwickExport-noconfig.cmake
[14.095s] Invoked command in '/home/rick/ros_ws/build/imu_filter_madgwick' returned '0': CMAKE_PREFIX_PATH=/opt/ros/humble /home/rick/.local/bin/cmake --install /home/rick/ros_ws/build/imu_filter_madgwick
