[0.153s] Invoking command in '/home/rick/ros_ws/build/ds4_driver': AMENT_PREFIX_PATH=/home/rick/ros_ws/install/ds4_driver_msgs:${AMENT_PREFIX_PATH} CMAKE_PREFIX_PATH=/home/rick/ros_ws/install/ds4_driver_msgs:/opt/ros/humble LD_LIBRARY_PATH=/home/rick/ros_ws/install/ds4_driver_msgs/lib:/usr/lib/x86_64-linux-gnu/gazebo-11/plugins:/opt/ros/humble/opt/rviz_ogre_vendor/lib:/opt/ros/humble/lib/x86_64-linux-gnu:/opt/ros/humble/lib:/usr/local/cuda/lib64 PYTHONPATH=/home/rick/ros_ws/install/ds4_driver_msgs/local/lib/python3.10/dist-packages:${PYTHONPATH} /home/rick/.local/bin/cmake --build /home/rick/ros_ws/build/ds4_driver -- -j24 -l24
[0.237s] Built target ament_cmake_python_symlink_ds4_driver
[0.531s] running egg_info
[0.532s] writing ds4_driver.egg-info/PKG-INFO
[0.533s] writing dependency_links to ds4_driver.egg-info/dependency_links.txt
[0.533s] writing top-level names to ds4_driver.egg-info/top_level.txt
[0.535s] reading manifest file 'ds4_driver.egg-info/SOURCES.txt'
[0.536s] writing manifest file 'ds4_driver.egg-info/SOURCES.txt'
[0.572s] Built target ament_cmake_python_build_ds4_driver_egg
[0.584s] Invoked command in '/home/rick/ros_ws/build/ds4_driver' returned '0': AMENT_PREFIX_PATH=/home/rick/ros_ws/install/ds4_driver_msgs:${AMENT_PREFIX_PATH} CMAKE_PREFIX_PATH=/home/rick/ros_ws/install/ds4_driver_msgs:/opt/ros/humble LD_LIBRARY_PATH=/home/rick/ros_ws/install/ds4_driver_msgs/lib:/usr/lib/x86_64-linux-gnu/gazebo-11/plugins:/opt/ros/humble/opt/rviz_ogre_vendor/lib:/opt/ros/humble/lib/x86_64-linux-gnu:/opt/ros/humble/lib:/usr/local/cuda/lib64 PYTHONPATH=/home/rick/ros_ws/install/ds4_driver_msgs/local/lib/python3.10/dist-packages:${PYTHONPATH} /home/rick/.local/bin/cmake --build /home/rick/ros_ws/build/ds4_driver -- -j24 -l24
[0.630s] Invoking command in '/home/rick/ros_ws/build/ds4_driver': AMENT_PREFIX_PATH=/home/rick/ros_ws/install/ds4_driver_msgs:${AMENT_PREFIX_PATH} CMAKE_PREFIX_PATH=/home/rick/ros_ws/install/ds4_driver_msgs:/opt/ros/humble LD_LIBRARY_PATH=/home/rick/ros_ws/install/ds4_driver_msgs/lib:/usr/lib/x86_64-linux-gnu/gazebo-11/plugins:/opt/ros/humble/opt/rviz_ogre_vendor/lib:/opt/ros/humble/lib/x86_64-linux-gnu:/opt/ros/humble/lib:/usr/local/cuda/lib64 PYTHONPATH=/home/rick/ros_ws/install/ds4_driver_msgs/local/lib/python3.10/dist-packages:${PYTHONPATH} /home/rick/.local/bin/cmake --install /home/rick/ros_ws/build/ds4_driver
[0.657s] -- Install configuration: ""
[0.659s] -- Execute custom install script
[0.659s] -- Up-to-date symlink: /home/rick/ros_ws/install/ds4_driver/share/ds4_driver/environment/pythonpath.sh
[0.660s] -- Up-to-date symlink: /home/rick/ros_ws/install/ds4_driver/share/ds4_driver/environment/pythonpath.dsv
[0.661s] -- Up-to-date symlink: /home/rick/ros_ws/install/ds4_driver/local/lib/python3.10/dist-packages/ds4_driver-0.2.1-py3.10.egg-info/PKG-INFO
[0.662s] -- Up-to-date symlink: /home/rick/ros_ws/install/ds4_driver/local/lib/python3.10/dist-packages/ds4_driver-0.2.1-py3.10.egg-info/SOURCES.txt
[0.663s] -- Up-to-date symlink: /home/rick/ros_ws/install/ds4_driver/local/lib/python3.10/dist-packages/ds4_driver-0.2.1-py3.10.egg-info/dependency_links.txt
[0.664s] -- Up-to-date symlink: /home/rick/ros_ws/install/ds4_driver/local/lib/python3.10/dist-packages/ds4_driver-0.2.1-py3.10.egg-info/top_level.txt
[0.664s] -- Up-to-date symlink: /home/rick/ros_ws/install/ds4_driver/local/lib/python3.10/dist-packages/ds4_driver/__init__.py
[0.665s] -- Up-to-date symlink: /home/rick/ros_ws/install/ds4_driver/local/lib/python3.10/dist-packages/ds4_driver/controller.py
[0.666s] -- Up-to-date symlink: /home/rick/ros_ws/install/ds4_driver/local/lib/python3.10/dist-packages/ds4_driver/controller_ros.py
[0.667s] -- Up-to-date symlink: /home/rick/ros_ws/install/ds4_driver/local/lib/python3.10/dist-packages/ds4_driver/logger.py
[0.667s] -- Up-to-date symlink: /home/rick/ros_ws/install/ds4_driver/share/ds4_driver//config/params.yaml
[0.668s] -- Up-to-date symlink: /home/rick/ros_ws/install/ds4_driver/share/ds4_driver//config/twist_2dof.yaml
[0.669s] -- Up-to-date symlink: /home/rick/ros_ws/install/ds4_driver/share/ds4_driver//config/twist_6dof.yaml
[0.670s] -- Up-to-date symlink: /home/rick/ros_ws/install/ds4_driver/share/ds4_driver//launch/demo.launch.xml
[0.670s] -- Up-to-date symlink: /home/rick/ros_ws/install/ds4_driver/share/ds4_driver//launch/ds4_driver.launch.xml
[0.671s] -- Up-to-date symlink: /home/rick/ros_ws/install/ds4_driver/share/ds4_driver//launch/ds4_twist.launch.xml
[0.672s] -- Up-to-date symlink: /home/rick/ros_ws/install/ds4_driver/lib/ds4_driver/demo.py
[0.672s] -- Up-to-date symlink: /home/rick/ros_ws/install/ds4_driver/lib/ds4_driver/ds4_driver_node.py
[0.673s] -- Up-to-date symlink: /home/rick/ros_ws/install/ds4_driver/lib/ds4_driver/ds4_twist_node.py
[0.674s] -- Up-to-date symlink: /home/rick/ros_ws/install/ds4_driver/share/ament_index/resource_index/package_run_dependencies/ds4_driver
[0.675s] -- Up-to-date symlink: /home/rick/ros_ws/install/ds4_driver/share/ament_index/resource_index/parent_prefix_path/ds4_driver
[0.675s] -- Up-to-date symlink: /home/rick/ros_ws/install/ds4_driver/share/ds4_driver/environment/ament_prefix_path.sh
[0.676s] -- Up-to-date symlink: /home/rick/ros_ws/install/ds4_driver/share/ds4_driver/environment/ament_prefix_path.dsv
[0.677s] -- Up-to-date symlink: /home/rick/ros_ws/install/ds4_driver/share/ds4_driver/environment/path.sh
[0.678s] -- Up-to-date symlink: /home/rick/ros_ws/install/ds4_driver/share/ds4_driver/environment/path.dsv
[0.678s] -- Up-to-date symlink: /home/rick/ros_ws/install/ds4_driver/share/ds4_driver/local_setup.bash
[0.679s] -- Up-to-date symlink: /home/rick/ros_ws/install/ds4_driver/share/ds4_driver/local_setup.sh
[0.679s] -- Up-to-date symlink: /home/rick/ros_ws/install/ds4_driver/share/ds4_driver/local_setup.zsh
[0.680s] -- Up-to-date symlink: /home/rick/ros_ws/install/ds4_driver/share/ds4_driver/local_setup.dsv
[0.680s] -- Symlinking: /home/rick/ros_ws/install/ds4_driver/share/ds4_driver/package.dsv
[0.684s] -- Up-to-date symlink: /home/rick/ros_ws/install/ds4_driver/share/ament_index/resource_index/packages/ds4_driver
[0.685s] -- Up-to-date symlink: /home/rick/ros_ws/install/ds4_driver/share/ds4_driver/cmake/ds4_driverConfig.cmake
[0.685s] -- Up-to-date symlink: /home/rick/ros_ws/install/ds4_driver/share/ds4_driver/cmake/ds4_driverConfig-version.cmake
[0.686s] -- Up-to-date symlink: /home/rick/ros_ws/install/ds4_driver/share/ds4_driver/package.xml
[0.719s] Listing '/home/rick/ros_ws/install/ds4_driver/local/lib/python3.10/dist-packages/ds4_driver'...
[0.741s] Invoked command in '/home/rick/ros_ws/build/ds4_driver' returned '0': AMENT_PREFIX_PATH=/home/rick/ros_ws/install/ds4_driver_msgs:${AMENT_PREFIX_PATH} CMAKE_PREFIX_PATH=/home/rick/ros_ws/install/ds4_driver_msgs:/opt/ros/humble LD_LIBRARY_PATH=/home/rick/ros_ws/install/ds4_driver_msgs/lib:/usr/lib/x86_64-linux-gnu/gazebo-11/plugins:/opt/ros/humble/opt/rviz_ogre_vendor/lib:/opt/ros/humble/lib/x86_64-linux-gnu:/opt/ros/humble/lib:/usr/local/cuda/lib64 PYTHONPATH=/home/rick/ros_ws/install/ds4_driver_msgs/local/lib/python3.10/dist-packages:${PYTHONPATH} /home/rick/.local/bin/cmake --install /home/rick/ros_ws/build/ds4_driver
