[0.145s] Invoking command in '/home/rick/ros_ws/build/rviz_imu_plugin': CMAKE_PREFIX_PATH=${CMAKE_PREFIX_PATH}:/home/rick/ros_ws/install/ayuda_description:/opt/ros/humble /home/rick/.local/bin/cmake /home/rick/ros_ws/src/imu_tools/rviz_imu_plugin -DAMENT_CMAKE_SYMLINK_INSTALL=1 -DCMAKE_INSTALL_PREFIX=/home/rick/ros_ws/install/rviz_imu_plugin
[0.339s] -- The C compiler identification is GNU 11.4.0
[0.339s] -- The CXX compiler identification is GNU 11.4.0
[0.339s] -- Detecting C compiler ABI info
[0.339s] -- Detecting C compiler ABI info - done
[0.339s] -- Check for working C compiler: /usr/bin/cc - skipped
[0.339s] -- Detecting C compile features
[0.339s] -- Detecting C compile features - done
[0.339s] -- Detecting CXX compiler ABI info
[0.352s] -- Detecting CXX compiler ABI info - done
[0.360s] -- Check for working CXX compiler: /usr/bin/c++ - skipped
[0.361s] -- Detecting CXX compile features
[0.361s] -- Detecting CXX compile features - done
[0.362s] -- Found ament_cmake: 1.3.5 (/opt/ros/humble/share/ament_cmake/cmake)
[0.689s] -- Found Python3: /usr/bin/python3.10 (found version "3.10.12") found components: Interpreter 
[0.690s] -- Override CMake install command with custom implementation using symlinks instead of copying resources
[0.714s] -- Found message_filters: 4.3.3 (/opt/ros/humble/share/message_filters/cmake)
[0.752s] -- Found rosidl_generator_c: 3.1.5 (/opt/ros/humble/share/rosidl_generator_c/cmake)
[0.757s] -- Found rosidl_adapter: 3.1.5 (/opt/ros/humble/share/rosidl_adapter/cmake)
[0.766s] -- Found rosidl_generator_cpp: 3.1.5 (/opt/ros/humble/share/rosidl_generator_cpp/cmake)
[0.780s] -- Using all available rosidl_typesupport_c: rosidl_typesupport_fastrtps_c;rosidl_typesupport_introspection_c
[0.799s] -- Using all available rosidl_typesupport_cpp: rosidl_typesupport_fastrtps_cpp;rosidl_typesupport_introspection_cpp
[0.866s] -- Found rmw_implementation_cmake: 6.1.1 (/opt/ros/humble/share/rmw_implementation_cmake/cmake)
[0.869s] -- Found rmw_cyclonedds_cpp: 1.3.4 (/opt/ros/humble/share/rmw_cyclonedds_cpp/cmake)
[0.897s] -- Using RMW implementation 'rmw_cyclonedds_cpp' as default
[0.907s] -- Performing Test CMAKE_HAVE_LIBC_PTHREAD
[0.943s] -- Performing Test CMAKE_HAVE_LIBC_PTHREAD - Success
[0.944s] -- Found Threads: TRUE  
[1.078s] -- Found rviz_common: 11.2.8 (/opt/ros/humble/share/rviz_common/cmake)
[1.089s] -- Setting OGRE_DIR to: '/opt/ros/humble/share/rviz_ogre_vendor/cmake/../../../opt/rviz_ogre_vendor/lib/OGRE/cmake'
[1.091s] -- Found OGRE
[1.091s] --   static     : OFF
[1.091s] --   components : HLMS;MeshLodGenerator;Overlay;Paging;Property;RTShaderSystem;Terrain;Volume
[1.091s] --   plugins    : Plugin_BSPSceneManager;Plugin_OctreeSceneManager;Plugin_PCZSceneManager;Plugin_ParticleFX;RenderSystem_GL;RenderSystem_GL3Plus;Codec_STBI
[1.091s] --   media      : /opt/ros/humble/opt/rviz_ogre_vendor/share/OGRE/Media
[1.091s] -- OGRE_LIBRARIES: OgreHLMS;OgreMeshLodGenerator;OgreOverlay;OgrePaging;OgreProperty;OgreRTShaderSystem;OgreTerrain;OgreVolume;OgreMain
[1.091s] -- OGRE_LIBRARY_DIRS: /opt/ros/humble/opt/rviz_ogre_vendor/lib
[1.091s] -- OGRE_PLUGINS: Plugin_BSPSceneManager;Plugin_OctreeSceneManager;Plugin_PCZSceneManager;Plugin_ParticleFX;RenderSystem_GL;RenderSystem_GL3Plus;Codec_STBI
[1.091s] -- OGRE_PLUGIN_DIR: /opt/ros/humble/opt/rviz_ogre_vendor/lib/OGRE
[1.091s] -- rviz_ogre_vendor::OgreOverlay for IMPORTED_LOCATION_RELEASE: /opt/ros/humble/opt/rviz_ogre_vendor/lib/libOgreOverlay.so
[1.091s] -- rviz_ogre_vendor::OgreOverlay for IMPORTED_LOCATION_DEBUG: /opt/ros/humble/opt/rviz_ogre_vendor/lib/libOgreOverlay.so
[1.091s] -- rviz_ogre_vendor::OgreMain for IMPORTED_LOCATION_RELEASE: /opt/ros/humble/opt/rviz_ogre_vendor/lib/libOgreMain.so
[1.091s] -- rviz_ogre_vendor::OgreMain for IMPORTED_LOCATION_DEBUG: /opt/ros/humble/opt/rviz_ogre_vendor/lib/libOgreMain.so
[1.116s] -- Found ZLIB: /usr/lib/x86_64-linux-gnu/libz.so (found version "1.2.11")  
[1.123s] -- Found OpenGL: /usr/lib/x86_64-linux-gnu/libOpenGL.so   
[1.214s] -- Found X11: /usr/include   
[1.214s] -- Looking for XOpenDisplay in /usr/lib/x86_64-linux-gnu/libX11.so;/usr/lib/x86_64-linux-gnu/libXext.so
[1.250s] -- Looking for XOpenDisplay in /usr/lib/x86_64-linux-gnu/libX11.so;/usr/lib/x86_64-linux-gnu/libXext.so - found
[1.251s] -- Looking for gethostbyname
[1.282s] -- Looking for gethostbyname - found
[1.283s] -- Looking for connect
[1.315s] -- Looking for connect - found
[1.315s] -- Looking for remove
[1.346s] -- Looking for remove - found
[1.346s] -- Looking for shmat
[1.377s] -- Looking for shmat - found
[1.377s] -- Looking for IceConnectionNumber in ICE
[1.411s] -- Looking for IceConnectionNumber in ICE - found
[1.413s] -- rviz_ogre_vendor::RenderSystem_GL for IMPORTED_LOCATION_RELEASE: _render_system_gl_static_library_abs-NOTFOUND
[1.413s] -- rviz_ogre_vendor::RenderSystem_GL for IMPORTED_LOCATION_DEBUG: _render_system_gl_static_library_abs-NOTFOUND
[1.462s] -- library: /usr/lib/x86_64-linux-gnu/libcurl.so
[1.604s] -- Found Eigen3: TRUE (found version "3.4.0") 
[1.604s] -- Ensuring Eigen3 include directory is part of orocos-kdl CMake target
[1.910s] -- Configuring done (1.7s)
[1.935s] -- Generating done (0.0s)
[1.936s] -- Build files have been written to: /home/rick/ros_ws/build/rviz_imu_plugin
[1.949s] Invoked command in '/home/rick/ros_ws/build/rviz_imu_plugin' returned '0': CMAKE_PREFIX_PATH=${CMAKE_PREFIX_PATH}:/home/rick/ros_ws/install/ayuda_description:/opt/ros/humble /home/rick/.local/bin/cmake /home/rick/ros_ws/src/imu_tools/rviz_imu_plugin -DAMENT_CMAKE_SYMLINK_INSTALL=1 -DCMAKE_INSTALL_PREFIX=/home/rick/ros_ws/install/rviz_imu_plugin
[1.949s] Invoking command in '/home/rick/ros_ws/build/rviz_imu_plugin': CMAKE_PREFIX_PATH=${CMAKE_PREFIX_PATH}:/home/rick/ros_ws/install/ayuda_description:/opt/ros/humble /home/rick/.local/bin/cmake --build /home/rick/ros_ws/build/rviz_imu_plugin -- -j24 -l24
[1.979s] [ 11%] [34m[1mAutomatic MOC for target rviz_imu_plugin[0m
[2.208s] [ 11%] Built target rviz_imu_plugin_autogen
[2.214s] [ 22%] [32mBuilding CXX object CMakeFiles/rviz_imu_plugin.dir/rviz_imu_plugin_autogen/mocs_compilation.cpp.o[0m
[2.214s] [ 33%] [32mBuilding CXX object CMakeFiles/rviz_imu_plugin.dir/src/imu_display.cpp.o[0m
[2.214s] [ 44%] [32mBuilding CXX object CMakeFiles/rviz_imu_plugin.dir/src/imu_orientation_visual.cpp.o[0m
[2.214s] [ 55%] [32mBuilding CXX object CMakeFiles/rviz_imu_plugin.dir/src/imu_axes_visual.cpp.o[0m
[2.215s] [ 66%] [32mBuilding CXX object CMakeFiles/rviz_imu_plugin.dir/src/imu_acc_visual.cpp.o[0m
[2.215s] [ 77%] [32mBuilding CXX object CMakeFiles/rviz_imu_plugin.dir/src/mag_display.cpp.o[0m
[2.215s] [ 88%] [32mBuilding CXX object CMakeFiles/rviz_imu_plugin.dir/src/mag_visual.cpp.o[0m
[10.231s] [100%] [32m[1mLinking CXX shared library librviz_imu_plugin.so[0m
[11.286s] [100%] Built target rviz_imu_plugin
[11.292s] Invoked command in '/home/rick/ros_ws/build/rviz_imu_plugin' returned '0': CMAKE_PREFIX_PATH=${CMAKE_PREFIX_PATH}:/home/rick/ros_ws/install/ayuda_description:/opt/ros/humble /home/rick/.local/bin/cmake --build /home/rick/ros_ws/build/rviz_imu_plugin -- -j24 -l24
[11.329s] Invoking command in '/home/rick/ros_ws/build/rviz_imu_plugin': CMAKE_PREFIX_PATH=${CMAKE_PREFIX_PATH}:/home/rick/ros_ws/install/ayuda_description:/opt/ros/humble /home/rick/.local/bin/cmake --install /home/rick/ros_ws/build/rviz_imu_plugin
[11.344s] -- Install configuration: ""
[11.344s] -- Execute custom install script
[11.345s] -- Symlinking: /home/rick/ros_ws/install/rviz_imu_plugin/share/rviz_imu_plugin//plugin_description.xml
[11.347s] -- Symlinking: /home/rick/ros_ws/install/rviz_imu_plugin/share/rviz_imu_plugin/environment/library_path.sh
[11.349s] -- Symlinking: /home/rick/ros_ws/install/rviz_imu_plugin/share/rviz_imu_plugin/environment/library_path.dsv
[11.350s] -- Symlinking: /home/rick/ros_ws/install/rviz_imu_plugin/share/ament_index/resource_index/package_run_dependencies/rviz_imu_plugin
[11.352s] -- Symlinking: /home/rick/ros_ws/install/rviz_imu_plugin/share/ament_index/resource_index/parent_prefix_path/rviz_imu_plugin
[11.353s] -- Symlinking: /home/rick/ros_ws/install/rviz_imu_plugin/share/rviz_imu_plugin/environment/ament_prefix_path.sh
[11.355s] -- Symlinking: /home/rick/ros_ws/install/rviz_imu_plugin/share/rviz_imu_plugin/environment/ament_prefix_path.dsv
[11.357s] -- Symlinking: /home/rick/ros_ws/install/rviz_imu_plugin/share/rviz_imu_plugin/environment/path.sh
[11.358s] -- Symlinking: /home/rick/ros_ws/install/rviz_imu_plugin/share/rviz_imu_plugin/environment/path.dsv
[11.360s] -- Symlinking: /home/rick/ros_ws/install/rviz_imu_plugin/share/rviz_imu_plugin/local_setup.bash
[11.361s] -- Symlinking: /home/rick/ros_ws/install/rviz_imu_plugin/share/rviz_imu_plugin/local_setup.sh
[11.363s] -- Symlinking: /home/rick/ros_ws/install/rviz_imu_plugin/share/rviz_imu_plugin/local_setup.zsh
[11.365s] -- Symlinking: /home/rick/ros_ws/install/rviz_imu_plugin/share/rviz_imu_plugin/local_setup.dsv
[11.366s] -- Symlinking: /home/rick/ros_ws/install/rviz_imu_plugin/share/rviz_imu_plugin/package.dsv
[11.368s] -- Symlinking: /home/rick/ros_ws/install/rviz_imu_plugin/share/ament_index/resource_index/packages/rviz_imu_plugin
[11.370s] -- Symlinking: /home/rick/ros_ws/install/rviz_imu_plugin/share/ament_index/resource_index/rviz_common__pluginlib__plugin/rviz_imu_plugin
[11.371s] -- Symlinking: /home/rick/ros_ws/install/rviz_imu_plugin/share/rviz_imu_plugin/cmake/ament_cmake_export_include_directories-extras.cmake
[11.373s] -- Symlinking: /home/rick/ros_ws/install/rviz_imu_plugin/share/rviz_imu_plugin/cmake/ament_cmake_export_libraries-extras.cmake
[11.375s] -- Symlinking: /home/rick/ros_ws/install/rviz_imu_plugin/share/rviz_imu_plugin/cmake/ament_cmake_export_dependencies-extras.cmake
[11.376s] -- Symlinking: /home/rick/ros_ws/install/rviz_imu_plugin/share/rviz_imu_plugin/cmake/rviz_imu_pluginConfig.cmake
[11.378s] -- Symlinking: /home/rick/ros_ws/install/rviz_imu_plugin/share/rviz_imu_plugin/cmake/rviz_imu_pluginConfig-version.cmake
[11.379s] -- Symlinking: /home/rick/ros_ws/install/rviz_imu_plugin/share/rviz_imu_plugin/package.xml
[11.381s] -- Installing: /home/rick/ros_ws/install/rviz_imu_plugin/lib/librviz_imu_plugin.so
[11.388s] -- Set runtime path of "/home/rick/ros_ws/install/rviz_imu_plugin/lib/librviz_imu_plugin.so" to ""
[11.391s] Invoked command in '/home/rick/ros_ws/build/rviz_imu_plugin' returned '0': CMAKE_PREFIX_PATH=${CMAKE_PREFIX_PATH}:/home/rick/ros_ws/install/ayuda_description:/opt/ros/humble /home/rick/.local/bin/cmake --install /home/rick/ros_ws/build/rviz_imu_plugin
