[0.076s] Invoking command in '/home/rick/ros_ws/build/cartographer': CMAKE_PREFIX_PATH=${CMAKE_PREFIX_PATH}:/opt/ros/humble /home/rick/.local/bin/cmake --build /home/rick/ros_ws/build/cartographer -- -j24 -l24
[0.102s] Invoked command in '/home/rick/ros_ws/build/cartographer' returned '0': CMAKE_PREFIX_PATH=${CMAKE_PREFIX_PATH}:/opt/ros/humble /home/rick/.local/bin/cmake --build /home/rick/ros_ws/build/cartographer -- -j24 -l24
[0.150s] Invoking command in '/home/rick/ros_ws/build/cartographer': CMAKE_PREFIX_PATH=${CMAKE_PREFIX_PATH}:/opt/ros/humble /home/rick/.local/bin/cmake --install /home/rick/ros_ws/build/cartographer
[0.167s] -- Install configuration: ""
[0.167s] -- Execute custom install script
[0.167s] -- Up-to-date symlink: /home/rick/ros_ws/install/cartographer/share/ament_index/resource_index/package_run_dependencies/cartographer
[0.167s] -- Up-to-date symlink: /home/rick/ros_ws/install/cartographer/share/ament_index/resource_index/parent_prefix_path/cartographer
[0.167s] -- Up-to-date symlink: /home/rick/ros_ws/install/cartographer/share/cartographer/environment/ament_prefix_path.sh
[0.167s] -- Up-to-date symlink: /home/rick/ros_ws/install/cartographer/share/cartographer/environment/ament_prefix_path.dsv
[0.167s] -- Up-to-date symlink: /home/rick/ros_ws/install/cartographer/share/cartographer/environment/path.sh
[0.167s] -- Up-to-date symlink: /home/rick/ros_ws/install/cartographer/share/cartographer/environment/path.dsv
[0.167s] -- Up-to-date symlink: /home/rick/ros_ws/install/cartographer/share/cartographer/local_setup.bash
[0.168s] -- Up-to-date symlink: /home/rick/ros_ws/install/cartographer/share/cartographer/local_setup.sh
[0.168s] -- Up-to-date symlink: /home/rick/ros_ws/install/cartographer/share/cartographer/local_setup.zsh
[0.168s] -- Up-to-date symlink: /home/rick/ros_ws/install/cartographer/share/cartographer/local_setup.dsv
[0.168s] -- Symlinking: /home/rick/ros_ws/install/cartographer/share/cartographer/package.dsv
[0.171s] -- Up-to-date symlink: /home/rick/ros_ws/install/cartographer/share/ament_index/resource_index/packages/cartographer
[0.171s] -- Up-to-date symlink: /home/rick/ros_ws/install/cartographer/share/cartographer/cmake/cartographerConfig.cmake
[0.171s] -- Up-to-date symlink: /home/rick/ros_ws/install/cartographer/share/cartographer/cmake/cartographerConfig-version.cmake
[0.171s] -- Up-to-date symlink: /home/rick/ros_ws/install/cartographer/share/cartographer/package.xml
[0.172s] -- Up-to-date symlink: /home/rick/ros_ws/install/cartographer/share/cartographer/config/2d.lua
[0.172s] -- Up-to-date symlink: /home/rick/ros_ws/install/cartographer/share/cartographer/launch/cartographer.launch.py
[0.175s] Invoked command in '/home/rick/ros_ws/build/cartographer' returned '0': CMAKE_PREFIX_PATH=${CMAKE_PREFIX_PATH}:/opt/ros/humble /home/rick/.local/bin/cmake --install /home/rick/ros_ws/build/cartographer
