[0.681s] Invoking command in '/home/rick/ros_ws/build/ayuda_description': PYTHONPATH=/home/rick/ros_ws/build/ayuda_description/prefix_override:/home/rick/ros_ws/install/ayuda_description/lib/python3.10/site-packages:${PYTHONPATH} /usr/bin/python3 setup.py develop --editable --build-directory /home/rick/ros_ws/build/ayuda_description/build --no-deps install_data
[0.903s] running develop
[0.903s] /usr/lib/python3/dist-packages/setuptools/command/easy_install.py:158: EasyInstallDeprecationWarning: easy_install command is deprecated. Use build and pip and other standards-based tools.
[0.904s]   warnings.warn(
[0.905s] /usr/lib/python3/dist-packages/setuptools/command/install.py:34: SetuptoolsDeprecationWarning: setup.py install is deprecated. Use build and pip and other standards-based tools.
[0.905s]   warnings.warn(
[1.082s] running egg_info
[1.082s] writing ayuda_description.egg-info/PKG-INFO
[1.083s] writing dependency_links to ayuda_description.egg-info/dependency_links.txt
[1.083s] writing entry points to ayuda_description.egg-info/entry_points.txt
[1.083s] writing requirements to ayuda_description.egg-info/requires.txt
[1.083s] writing top-level names to ayuda_description.egg-info/top_level.txt
[1.085s] reading manifest file 'ayuda_description.egg-info/SOURCES.txt'
[1.085s] writing manifest file 'ayuda_description.egg-info/SOURCES.txt'
[1.086s] running build_ext
[1.087s] Creating /home/rick/ros_ws/install/ayuda_description/lib/python3.10/site-packages/ayuda-description.egg-link (link to .)
[1.087s] Installing state_publisher script to /home/rick/ros_ws/install/ayuda_description/lib/ayuda_description
[1.088s] 
[1.088s] Installed /home/rick/ros_ws/build/ayuda_description
[1.088s] running install_data
[1.125s] Invoked command in '/home/rick/ros_ws/build/ayuda_description' returned '0': PYTHONPATH=/home/rick/ros_ws/build/ayuda_description/prefix_override:/home/rick/ros_ws/install/ayuda_description/lib/python3.10/site-packages:${PYTHONPATH} /usr/bin/python3 setup.py develop --editable --build-directory /home/rick/ros_ws/build/ayuda_description/build --no-deps install_data
