[0.177s] Invoking command in '/home/rick/ros_ws/build/imu_filter_madgwick': CMAKE_PREFIX_PATH=${CMAKE_PREFIX_PATH}:/home/rick/ros_ws/install/ayuda_description:/opt/ros/humble /home/rick/.local/bin/cmake /home/rick/ros_ws/src/imu_tools/imu_filter_madgwick -DAMENT_CMAKE_SYMLINK_INSTALL=1 -DCMAKE_INSTALL_PREFIX=/home/rick/ros_ws/install/imu_filter_madgwick
[0.370s] -- The C compiler identification is GNU 11.4.0
[0.370s] -- The CXX compiler identification is GNU 11.4.0
[0.370s] -- Detecting C compiler ABI info
[0.370s] -- Detecting C compiler ABI info - done
[0.370s] -- Check for working C compiler: /usr/bin/cc - skipped
[0.370s] -- Detecting C compile features
[0.370s] -- Detecting C compile features - done
[0.370s] -- Detecting CXX compiler ABI info
[0.384s] -- Detecting CXX compiler ABI info - done
[0.395s] -- Check for working CXX compiler: /usr/bin/c++ - skipped
[0.395s] -- Detecting CXX compile features
[0.395s] -- Detecting CXX compile features - done
[0.397s] -- Found ament_cmake: 1.3.5 (/opt/ros/humble/share/ament_cmake/cmake)
[0.721s] -- Found Python3: /usr/bin/python3.10 (found version "3.10.12") found components: Interpreter 
[0.722s] -- Override CMake install command with custom implementation using symlinks instead of copying resources
[0.746s] -- Found rclcpp: 16.0.6 (/opt/ros/humble/share/rclcpp/cmake)
[0.784s] -- Found rosidl_generator_c: 3.1.5 (/opt/ros/humble/share/rosidl_generator_c/cmake)
[0.789s] -- Found rosidl_adapter: 3.1.5 (/opt/ros/humble/share/rosidl_adapter/cmake)
[0.800s] -- Found rosidl_generator_cpp: 3.1.5 (/opt/ros/humble/share/rosidl_generator_cpp/cmake)
[0.814s] -- Using all available rosidl_typesupport_c: rosidl_typesupport_fastrtps_c;rosidl_typesupport_introspection_c
[0.831s] -- Using all available rosidl_typesupport_cpp: rosidl_typesupport_fastrtps_cpp;rosidl_typesupport_introspection_cpp
[0.898s] -- Found rmw_implementation_cmake: 6.1.1 (/opt/ros/humble/share/rmw_implementation_cmake/cmake)
[0.901s] -- Found rmw_cyclonedds_cpp: 1.3.4 (/opt/ros/humble/share/rmw_cyclonedds_cpp/cmake)
[0.929s] -- Using RMW implementation 'rmw_cyclonedds_cpp' as default
[0.938s] -- Performing Test CMAKE_HAVE_LIBC_PTHREAD
[0.976s] -- Performing Test CMAKE_HAVE_LIBC_PTHREAD - Success
[0.976s] -- Found Threads: TRUE  
[1.093s] -- Found rclcpp_components: 16.0.6 (/opt/ros/humble/share/rclcpp_components/cmake)
[1.143s] -- Found geometry_msgs: 4.2.3 (/opt/ros/humble/share/geometry_msgs/cmake)
[1.172s] -- Found tf2_geometry_msgs: 0.25.4 (/opt/ros/humble/share/tf2_geometry_msgs/cmake)
[1.184s] -- Found eigen3_cmake_module: 0.1.1 (/opt/ros/humble/share/eigen3_cmake_module/cmake)
[1.185s] -- Found Eigen3: TRUE (found version "3.4.0") 
[1.185s] -- Ensuring Eigen3 include directory is part of orocos-kdl CMake target
[1.390s] -- Found sensor_msgs: 4.2.3 (/opt/ros/humble/share/sensor_msgs/cmake)
[1.448s] -- Found ament_cmake_gtest: 1.3.5 (/opt/ros/humble/share/ament_cmake_gtest/cmake)
[1.456s] -- Found gtest sources under '/opt/ros/humble/src/gtest_vendor': C++ tests using 'Google Test' will be built
[1.496s] -- Configuring done (1.3s)
[1.512s] -- Generating done (0.0s)
[1.513s] -- Build files have been written to: /home/rick/ros_ws/build/imu_filter_madgwick
[1.522s] Invoked command in '/home/rick/ros_ws/build/imu_filter_madgwick' returned '0': CMAKE_PREFIX_PATH=${CMAKE_PREFIX_PATH}:/home/rick/ros_ws/install/ayuda_description:/opt/ros/humble /home/rick/.local/bin/cmake /home/rick/ros_ws/src/imu_tools/imu_filter_madgwick -DAMENT_CMAKE_SYMLINK_INSTALL=1 -DCMAKE_INSTALL_PREFIX=/home/rick/ros_ws/install/imu_filter_madgwick
[1.523s] Invoking command in '/home/rick/ros_ws/build/imu_filter_madgwick': CMAKE_PREFIX_PATH=${CMAKE_PREFIX_PATH}:/home/rick/ros_ws/install/ayuda_description:/opt/ros/humble /home/rick/.local/bin/cmake --build /home/rick/ros_ws/build/imu_filter_madgwick -- -j24 -l24
[1.550s] [  7%] [32mBuilding CXX object gtest/CMakeFiles/gtest_main.dir/src/gtest_main.cc.o[0m
[1.550s] [ 14%] [32mBuilding CXX object CMakeFiles/imu_filter_madgwick.dir/src/imu_filter_ros.cpp.o[0m
[1.551s] [ 28%] [32mBuilding CXX object CMakeFiles/imu_filter_madgwick.dir/src/imu_filter.cpp.o[0m
[1.551s] [ 28%] [32mBuilding CXX object gtest/CMakeFiles/gtest.dir/src/gtest-all.cc.o[0m
[1.551s] [ 35%] [32mBuilding CXX object CMakeFiles/imu_filter_madgwick.dir/src/stateless_orientation.cpp.o[0m
[2.017s] [ 42%] [32m[1mLinking CXX static library libgtest_main.a[0m
[2.046s] [ 42%] Built target gtest_main
[3.339s] [ 50%] [32m[1mLinking CXX static library libgtest.a[0m
[3.387s] [ 50%] Built target gtest
[10.996s] [ 57%] [32m[1mLinking CXX shared library libimu_filter_madgwick.so[0m
[11.505s] [ 57%] Built target imu_filter_madgwick
[11.511s] [ 64%] [32mBuilding CXX object CMakeFiles/imu_filter_madgwick_node.dir/src/imu_filter_node.cpp.o[0m
[11.512s] [ 71%] [32mBuilding CXX object test/CMakeFiles/madgwick_test.dir/madgwick_test.cpp.o[0m
[11.512s] [ 78%] [32mBuilding CXX object test/CMakeFiles/stateless_orientation_test.dir/stateless_orientation_test.cpp.o[0m
[12.190s] [ 85%] [32m[1mLinking CXX executable madgwick_test[0m
[12.227s] [ 92%] [32m[1mLinking CXX executable stateless_orientation_test[0m
[12.436s] [ 92%] Built target madgwick_test
[12.463s] [ 92%] Built target stateless_orientation_test
[12.953s] [100%] [32m[1mLinking CXX executable imu_filter_madgwick_node[0m
[13.138s] [100%] Built target imu_filter_madgwick_node
[13.144s] Invoked command in '/home/rick/ros_ws/build/imu_filter_madgwick' returned '0': CMAKE_PREFIX_PATH=${CMAKE_PREFIX_PATH}:/home/rick/ros_ws/install/ayuda_description:/opt/ros/humble /home/rick/.local/bin/cmake --build /home/rick/ros_ws/build/imu_filter_madgwick -- -j24 -l24
[13.181s] Invoking command in '/home/rick/ros_ws/build/imu_filter_madgwick': CMAKE_PREFIX_PATH=${CMAKE_PREFIX_PATH}:/home/rick/ros_ws/install/ayuda_description:/opt/ros/humble /home/rick/.local/bin/cmake --install /home/rick/ros_ws/build/imu_filter_madgwick
[13.199s] -- Install configuration: ""
[13.199s] -- Execute custom install script
[13.200s] -- Symlinking: /home/rick/ros_ws/install/imu_filter_madgwick/include/imu_filter_madgwick/base_node.hpp
[13.201s] -- Symlinking: /home/rick/ros_ws/install/imu_filter_madgwick/include/imu_filter_madgwick/imu_filter.h
[13.203s] -- Symlinking: /home/rick/ros_ws/install/imu_filter_madgwick/include/imu_filter_madgwick/imu_filter_ros.h
[13.204s] -- Symlinking: /home/rick/ros_ws/install/imu_filter_madgwick/include/imu_filter_madgwick/stateless_orientation.h
[13.206s] -- Symlinking: /home/rick/ros_ws/install/imu_filter_madgwick/include/imu_filter_madgwick/visibility_control.h
[13.208s] -- Symlinking: /home/rick/ros_ws/install/imu_filter_madgwick/include/imu_filter_madgwick/world_frame.h
[13.211s] -- Symlinking: /home/rick/ros_ws/install/imu_filter_madgwick/lib/imu_filter_madgwick/imu_filter_madgwick_node
[13.215s] -- Symlinking: /home/rick/ros_ws/install/imu_filter_madgwick/share/imu_filter_madgwick/launch/imu_filter.launch.py
[13.219s] -- Symlinking: /home/rick/ros_ws/install/imu_filter_madgwick/share/imu_filter_madgwick/launch/imu_filter_component.launch.py
[13.224s] -- Symlinking: /home/rick/ros_ws/install/imu_filter_madgwick/share/imu_filter_madgwick/config/imu_filter.yaml
[13.230s] -- Symlinking: /home/rick/ros_ws/install/imu_filter_madgwick/share/imu_filter_madgwick/environment/library_path.sh
[13.236s] -- Symlinking: /home/rick/ros_ws/install/imu_filter_madgwick/share/imu_filter_madgwick/environment/library_path.dsv
[13.243s] -- Symlinking: /home/rick/ros_ws/install/imu_filter_madgwick/share/ament_index/resource_index/package_run_dependencies/imu_filter_madgwick
[13.250s] -- Symlinking: /home/rick/ros_ws/install/imu_filter_madgwick/share/ament_index/resource_index/parent_prefix_path/imu_filter_madgwick
[13.254s] -- Symlinking: /home/rick/ros_ws/install/imu_filter_madgwick/share/imu_filter_madgwick/environment/ament_prefix_path.sh
[13.259s] -- Symlinking: /home/rick/ros_ws/install/imu_filter_madgwick/share/imu_filter_madgwick/environment/ament_prefix_path.dsv
[13.264s] -- Symlinking: /home/rick/ros_ws/install/imu_filter_madgwick/share/imu_filter_madgwick/environment/path.sh
[13.269s] -- Symlinking: /home/rick/ros_ws/install/imu_filter_madgwick/share/imu_filter_madgwick/environment/path.dsv
[13.274s] -- Symlinking: /home/rick/ros_ws/install/imu_filter_madgwick/share/imu_filter_madgwick/local_setup.bash
[13.279s] -- Symlinking: /home/rick/ros_ws/install/imu_filter_madgwick/share/imu_filter_madgwick/local_setup.sh
[13.284s] -- Symlinking: /home/rick/ros_ws/install/imu_filter_madgwick/share/imu_filter_madgwick/local_setup.zsh
[13.288s] -- Symlinking: /home/rick/ros_ws/install/imu_filter_madgwick/share/imu_filter_madgwick/local_setup.dsv
[13.293s] -- Symlinking: /home/rick/ros_ws/install/imu_filter_madgwick/share/imu_filter_madgwick/package.dsv
[13.298s] -- Symlinking: /home/rick/ros_ws/install/imu_filter_madgwick/share/ament_index/resource_index/packages/imu_filter_madgwick
[13.302s] -- Symlinking: /home/rick/ros_ws/install/imu_filter_madgwick/share/ament_index/resource_index/rclcpp_components/imu_filter_madgwick
[13.305s] -- Symlinking: /home/rick/ros_ws/install/imu_filter_madgwick/share/imu_filter_madgwick/cmake/ament_cmake_export_include_directories-extras.cmake
[13.308s] -- Symlinking: /home/rick/ros_ws/install/imu_filter_madgwick/share/imu_filter_madgwick/cmake/ament_cmake_export_libraries-extras.cmake
[13.311s] -- Symlinking: /home/rick/ros_ws/install/imu_filter_madgwick/share/imu_filter_madgwick/cmake/ament_cmake_export_targets-extras.cmake
[13.314s] -- Symlinking: /home/rick/ros_ws/install/imu_filter_madgwick/share/imu_filter_madgwick/cmake/imu_filter_madgwickConfig.cmake
[13.318s] -- Symlinking: /home/rick/ros_ws/install/imu_filter_madgwick/share/imu_filter_madgwick/cmake/imu_filter_madgwickConfig-version.cmake
[13.320s] -- Symlinking: /home/rick/ros_ws/install/imu_filter_madgwick/share/imu_filter_madgwick/package.xml
[13.323s] -- Installing: /home/rick/ros_ws/install/imu_filter_madgwick/lib/libimu_filter_madgwick.so
[13.340s] -- Set runtime path of "/home/rick/ros_ws/install/imu_filter_madgwick/lib/libimu_filter_madgwick.so" to ""
[13.340s] -- Installing: /home/rick/ros_ws/install/imu_filter_madgwick/share/imu_filter_madgwick/cmake/export_imu_filter_madgwickExport.cmake
[13.340s] -- Installing: /home/rick/ros_ws/install/imu_filter_madgwick/share/imu_filter_madgwick/cmake/export_imu_filter_madgwickExport-noconfig.cmake
[13.344s] Invoked command in '/home/rick/ros_ws/build/imu_filter_madgwick' returned '0': CMAKE_PREFIX_PATH=${CMAKE_PREFIX_PATH}:/home/rick/ros_ws/install/ayuda_description:/opt/ros/humble /home/rick/.local/bin/cmake --install /home/rick/ros_ws/build/imu_filter_madgwick
