-- The C compiler identification is GNU 11.4.0
-- The CXX compiler identification is GNU 11.4.0
-- Detecting C compiler ABI info
-- Detecting C compiler ABI info - done
-- Check for working C compiler: /usr/bin/cc - skipped
-- Detecting C compile features
-- Detecting C compile features - done
-- Detecting CXX compiler ABI info
-- Detecting CXX compiler ABI info - done
-- Check for working CXX compiler: /usr/bin/c++ - skipped
-- Detecting CXX compile features
-- Detecting CXX compile features - done
-- Found ament_cmake: 1.3.5 (/opt/ros/humble/share/ament_cmake/cmake)
-- Found Python3: /usr/bin/python3.10 (found version "3.10.12") found components: Interpreter 
-- Override CMake install command with custom implementation using symlinks instead of copying resources
-- Found sensor_msgs: 4.2.3 (/opt/ros/humble/share/sensor_msgs/cmake)
-- Found rosidl_generator_c: 3.1.5 (/opt/ros/humble/share/rosidl_generator_c/cmake)
-- Found rosidl_adapter: 3.1.5 (/opt/ros/humble/share/rosidl_adapter/cmake)
-- Found rosidl_generator_cpp: 3.1.5 (/opt/ros/humble/share/rosidl_generator_cpp/cmake)
-- Using all available rosidl_typesupport_c: rosidl_typesupport_fastrtps_c;rosidl_typesupport_introspection_c
-- Using all available rosidl_typesupport_cpp: rosidl_typesupport_fastrtps_cpp;rosidl_typesupport_introspection_cpp
-- Found ds4_driver_msgs: 0.0.0 (/home/rick/ros_ws/install/ds4_driver_msgs/share/ds4_driver_msgs/cmake)
-- Found ament_lint_auto: 0.12.8 (/opt/ros/humble/share/ament_lint_auto/cmake)
-- Added test 'copyright' to check source files copyright and LICENSE
-- Added test 'flake8' to check Python code syntax and style conventions
-- Added test 'lint_cmake' to check CMake code style
-- Added test 'pep257' to check Python code against some of the docstring style conventions in PEP 257
-- Added test 'xmllint' to check XML markup files
-- Configuring done (0.8s)
-- Generating done (0.0s)
-- Build files have been written to: /home/rick/ros_ws/build/ds4_driver
Built target ament_cmake_python_symlink_ds4_driver
running egg_info
creating ds4_driver.egg-info
writing ds4_driver.egg-info/PKG-INFO
writing dependency_links to ds4_driver.egg-info/dependency_links.txt
writing top-level names to ds4_driver.egg-info/top_level.txt
writing manifest file 'ds4_driver.egg-info/SOURCES.txt'
reading manifest file 'ds4_driver.egg-info/SOURCES.txt'
writing manifest file 'ds4_driver.egg-info/SOURCES.txt'
Built target ament_cmake_python_build_ds4_driver_egg
-- Install configuration: ""
-- Execute custom install script
-- Symlinking: /home/rick/ros_ws/install/ds4_driver/share/ds4_driver/environment/pythonpath.sh
-- Symlinking: /home/rick/ros_ws/install/ds4_driver/share/ds4_driver/environment/pythonpath.dsv
-- Symlinking: /home/rick/ros_ws/install/ds4_driver/local/lib/python3.10/dist-packages/ds4_driver-0.2.1-py3.10.egg-info/PKG-INFO
-- Symlinking: /home/rick/ros_ws/install/ds4_driver/local/lib/python3.10/dist-packages/ds4_driver-0.2.1-py3.10.egg-info/SOURCES.txt
-- Symlinking: /home/rick/ros_ws/install/ds4_driver/local/lib/python3.10/dist-packages/ds4_driver-0.2.1-py3.10.egg-info/dependency_links.txt
-- Symlinking: /home/rick/ros_ws/install/ds4_driver/local/lib/python3.10/dist-packages/ds4_driver-0.2.1-py3.10.egg-info/top_level.txt
-- Symlinking: /home/rick/ros_ws/install/ds4_driver/local/lib/python3.10/dist-packages/ds4_driver/__init__.py
-- Symlinking: /home/rick/ros_ws/install/ds4_driver/local/lib/python3.10/dist-packages/ds4_driver/controller.py
-- Symlinking: /home/rick/ros_ws/install/ds4_driver/local/lib/python3.10/dist-packages/ds4_driver/controller_ros.py
-- Symlinking: /home/rick/ros_ws/install/ds4_driver/local/lib/python3.10/dist-packages/ds4_driver/logger.py
-- Symlinking: /home/rick/ros_ws/install/ds4_driver/share/ds4_driver//config/params.yaml
-- Symlinking: /home/rick/ros_ws/install/ds4_driver/share/ds4_driver//config/twist_2dof.yaml
-- Symlinking: /home/rick/ros_ws/install/ds4_driver/share/ds4_driver//config/twist_6dof.yaml
-- Symlinking: /home/rick/ros_ws/install/ds4_driver/share/ds4_driver//launch/demo.launch.xml
-- Symlinking: /home/rick/ros_ws/install/ds4_driver/share/ds4_driver//launch/ds4_driver.launch.xml
-- Symlinking: /home/rick/ros_ws/install/ds4_driver/share/ds4_driver//launch/ds4_twist.launch.xml
-- Symlinking: /home/rick/ros_ws/install/ds4_driver/lib/ds4_driver/demo.py
-- Symlinking: /home/rick/ros_ws/install/ds4_driver/lib/ds4_driver/ds4_driver_node.py
-- Symlinking: /home/rick/ros_ws/install/ds4_driver/lib/ds4_driver/ds4_twist_node.py
-- Symlinking: /home/rick/ros_ws/install/ds4_driver/share/ament_index/resource_index/package_run_dependencies/ds4_driver
-- Symlinking: /home/rick/ros_ws/install/ds4_driver/share/ament_index/resource_index/parent_prefix_path/ds4_driver
-- Symlinking: /home/rick/ros_ws/install/ds4_driver/share/ds4_driver/environment/ament_prefix_path.sh
-- Symlinking: /home/rick/ros_ws/install/ds4_driver/share/ds4_driver/environment/ament_prefix_path.dsv
-- Symlinking: /home/rick/ros_ws/install/ds4_driver/share/ds4_driver/environment/path.sh
-- Symlinking: /home/rick/ros_ws/install/ds4_driver/share/ds4_driver/environment/path.dsv
-- Symlinking: /home/rick/ros_ws/install/ds4_driver/share/ds4_driver/local_setup.bash
-- Symlinking: /home/rick/ros_ws/install/ds4_driver/share/ds4_driver/local_setup.sh
-- Symlinking: /home/rick/ros_ws/install/ds4_driver/share/ds4_driver/local_setup.zsh
-- Symlinking: /home/rick/ros_ws/install/ds4_driver/share/ds4_driver/local_setup.dsv
-- Symlinking: /home/rick/ros_ws/install/ds4_driver/share/ds4_driver/package.dsv
-- Symlinking: /home/rick/ros_ws/install/ds4_driver/share/ament_index/resource_index/packages/ds4_driver
-- Symlinking: /home/rick/ros_ws/install/ds4_driver/share/ds4_driver/cmake/ds4_driverConfig.cmake
-- Symlinking: /home/rick/ros_ws/install/ds4_driver/share/ds4_driver/cmake/ds4_driverConfig-version.cmake
-- Symlinking: /home/rick/ros_ws/install/ds4_driver/share/ds4_driver/package.xml
Listing '/home/rick/ros_ws/install/ds4_driver/local/lib/python3.10/dist-packages/ds4_driver'...
Compiling '/home/rick/ros_ws/install/ds4_driver/local/lib/python3.10/dist-packages/ds4_driver/__init__.py'...
Compiling '/home/rick/ros_ws/install/ds4_driver/local/lib/python3.10/dist-packages/ds4_driver/controller.py'...
Compiling '/home/rick/ros_ws/install/ds4_driver/local/lib/python3.10/dist-packages/ds4_driver/controller_ros.py'...
Compiling '/home/rick/ros_ws/install/ds4_driver/local/lib/python3.10/dist-packages/ds4_driver/logger.py'...
