[0.034s] Invoking command in '/home/rick/ros_ws/build/ds4_driver': AMENT_PREFIX_PATH=/home/rick/ros_ws/install/ds4_driver_msgs:${AMENT_PREFIX_PATH} CMAKE_PREFIX_PATH=/home/rick/ros_ws/install/ds4_driver_msgs:/opt/ros/humble LD_LIBRARY_PATH=/home/rick/ros_ws/install/ds4_driver_msgs/lib:/usr/lib/x86_64-linux-gnu/gazebo-11/plugins:/opt/ros/humble/opt/rviz_ogre_vendor/lib:/opt/ros/humble/lib/x86_64-linux-gnu:/opt/ros/humble/lib:/usr/local/cuda/lib64 PYTHONPATH=/home/rick/ros_ws/install/ds4_driver_msgs/local/lib/python3.10/dist-packages:${PYTHONPATH} /home/rick/.local/bin/cmake /home/rick/ros_ws/src/ds4_driver/ds4_driver -DAMENT_CMAKE_SYMLINK_INSTALL=1 -DCMAKE_INSTALL_PREFIX=/home/rick/ros_ws/install/ds4_driver
[0.072s] -- The C compiler identification is GNU 11.4.0
[0.102s] -- The CXX compiler identification is GNU 11.4.0
[0.110s] -- Detecting C compiler ABI info
[0.144s] -- Detecting C compiler ABI info - done
[0.149s] -- Check for working C compiler: /usr/bin/cc - skipped
[0.150s] -- Detecting C compile features
[0.150s] -- Detecting C compile features - done
[0.155s] -- Detecting CXX compiler ABI info
[0.194s] -- Detecting CXX compiler ABI info - done
[0.200s] -- Check for working CXX compiler: /usr/bin/c++ - skipped
[0.200s] -- Detecting CXX compile features
[0.201s] -- Detecting CXX compile features - done
[0.202s] -- Found ament_cmake: 1.3.5 (/opt/ros/humble/share/ament_cmake/cmake)
[0.441s] -- Found Python3: /usr/bin/python3.10 (found version "3.10.12") found components: Interpreter 
[0.473s] -- Override CMake install command with custom implementation using symlinks instead of copying resources
[0.487s] -- Found sensor_msgs: 4.2.3 (/opt/ros/humble/share/sensor_msgs/cmake)
[0.508s] -- Found rosidl_generator_c: 3.1.5 (/opt/ros/humble/share/rosidl_generator_c/cmake)
[0.511s] -- Found rosidl_adapter: 3.1.5 (/opt/ros/humble/share/rosidl_adapter/cmake)
[0.516s] -- Found rosidl_generator_cpp: 3.1.5 (/opt/ros/humble/share/rosidl_generator_cpp/cmake)
[0.524s] -- Using all available rosidl_typesupport_c: rosidl_typesupport_fastrtps_c;rosidl_typesupport_introspection_c
[0.537s] -- Using all available rosidl_typesupport_cpp: rosidl_typesupport_fastrtps_cpp;rosidl_typesupport_introspection_cpp
[0.661s] -- Found ds4_driver_msgs: 0.0.0 (/home/rick/ros_ws/install/ds4_driver_msgs/share/ds4_driver_msgs/cmake)
[0.715s] -- Found ament_lint_auto: 0.12.8 (/opt/ros/humble/share/ament_lint_auto/cmake)
[0.795s] -- Added test 'copyright' to check source files copyright and LICENSE
[0.797s] -- Added test 'flake8' to check Python code syntax and style conventions
[0.797s] -- Added test 'lint_cmake' to check CMake code style
[0.797s] -- Added test 'pep257' to check Python code against some of the docstring style conventions in PEP 257
[0.798s] -- Added test 'xmllint' to check XML markup files
[0.798s] -- Configuring done (0.8s)
[0.801s] -- Generating done (0.0s)
[0.802s] -- Build files have been written to: /home/rick/ros_ws/build/ds4_driver
[0.808s] Invoked command in '/home/rick/ros_ws/build/ds4_driver' returned '0': AMENT_PREFIX_PATH=/home/rick/ros_ws/install/ds4_driver_msgs:${AMENT_PREFIX_PATH} CMAKE_PREFIX_PATH=/home/rick/ros_ws/install/ds4_driver_msgs:/opt/ros/humble LD_LIBRARY_PATH=/home/rick/ros_ws/install/ds4_driver_msgs/lib:/usr/lib/x86_64-linux-gnu/gazebo-11/plugins:/opt/ros/humble/opt/rviz_ogre_vendor/lib:/opt/ros/humble/lib/x86_64-linux-gnu:/opt/ros/humble/lib:/usr/local/cuda/lib64 PYTHONPATH=/home/rick/ros_ws/install/ds4_driver_msgs/local/lib/python3.10/dist-packages:${PYTHONPATH} /home/rick/.local/bin/cmake /home/rick/ros_ws/src/ds4_driver/ds4_driver -DAMENT_CMAKE_SYMLINK_INSTALL=1 -DCMAKE_INSTALL_PREFIX=/home/rick/ros_ws/install/ds4_driver
[0.808s] Invoking command in '/home/rick/ros_ws/build/ds4_driver': AMENT_PREFIX_PATH=/home/rick/ros_ws/install/ds4_driver_msgs:${AMENT_PREFIX_PATH} CMAKE_PREFIX_PATH=/home/rick/ros_ws/install/ds4_driver_msgs:/opt/ros/humble LD_LIBRARY_PATH=/home/rick/ros_ws/install/ds4_driver_msgs/lib:/usr/lib/x86_64-linux-gnu/gazebo-11/plugins:/opt/ros/humble/opt/rviz_ogre_vendor/lib:/opt/ros/humble/lib/x86_64-linux-gnu:/opt/ros/humble/lib:/usr/local/cuda/lib64 PYTHONPATH=/home/rick/ros_ws/install/ds4_driver_msgs/local/lib/python3.10/dist-packages:${PYTHONPATH} /home/rick/.local/bin/cmake --build /home/rick/ros_ws/build/ds4_driver -- -j24 -l24
[0.834s] Built target ament_cmake_python_symlink_ds4_driver
[0.953s] running egg_info
[0.953s] creating ds4_driver.egg-info
[0.953s] writing ds4_driver.egg-info/PKG-INFO
[0.953s] writing dependency_links to ds4_driver.egg-info/dependency_links.txt
[0.953s] writing top-level names to ds4_driver.egg-info/top_level.txt
[0.953s] writing manifest file 'ds4_driver.egg-info/SOURCES.txt'
[0.954s] reading manifest file 'ds4_driver.egg-info/SOURCES.txt'
[0.954s] writing manifest file 'ds4_driver.egg-info/SOURCES.txt'
[0.965s] Built target ament_cmake_python_build_ds4_driver_egg
[0.971s] Invoked command in '/home/rick/ros_ws/build/ds4_driver' returned '0': AMENT_PREFIX_PATH=/home/rick/ros_ws/install/ds4_driver_msgs:${AMENT_PREFIX_PATH} CMAKE_PREFIX_PATH=/home/rick/ros_ws/install/ds4_driver_msgs:/opt/ros/humble LD_LIBRARY_PATH=/home/rick/ros_ws/install/ds4_driver_msgs/lib:/usr/lib/x86_64-linux-gnu/gazebo-11/plugins:/opt/ros/humble/opt/rviz_ogre_vendor/lib:/opt/ros/humble/lib/x86_64-linux-gnu:/opt/ros/humble/lib:/usr/local/cuda/lib64 PYTHONPATH=/home/rick/ros_ws/install/ds4_driver_msgs/local/lib/python3.10/dist-packages:${PYTHONPATH} /home/rick/.local/bin/cmake --build /home/rick/ros_ws/build/ds4_driver -- -j24 -l24
[0.995s] Invoking command in '/home/rick/ros_ws/build/ds4_driver': AMENT_PREFIX_PATH=/home/rick/ros_ws/install/ds4_driver_msgs:${AMENT_PREFIX_PATH} CMAKE_PREFIX_PATH=/home/rick/ros_ws/install/ds4_driver_msgs:/opt/ros/humble LD_LIBRARY_PATH=/home/rick/ros_ws/install/ds4_driver_msgs/lib:/usr/lib/x86_64-linux-gnu/gazebo-11/plugins:/opt/ros/humble/opt/rviz_ogre_vendor/lib:/opt/ros/humble/lib/x86_64-linux-gnu:/opt/ros/humble/lib:/usr/local/cuda/lib64 PYTHONPATH=/home/rick/ros_ws/install/ds4_driver_msgs/local/lib/python3.10/dist-packages:${PYTHONPATH} /home/rick/.local/bin/cmake --install /home/rick/ros_ws/build/ds4_driver
[1.008s] -- Install configuration: ""
[1.009s] -- Execute custom install script
[1.009s] -- Symlinking: /home/rick/ros_ws/install/ds4_driver/share/ds4_driver/environment/pythonpath.sh
[1.011s] -- Symlinking: /home/rick/ros_ws/install/ds4_driver/share/ds4_driver/environment/pythonpath.dsv
[1.012s] -- Symlinking: /home/rick/ros_ws/install/ds4_driver/local/lib/python3.10/dist-packages/ds4_driver-0.2.1-py3.10.egg-info/PKG-INFO
[1.014s] -- Symlinking: /home/rick/ros_ws/install/ds4_driver/local/lib/python3.10/dist-packages/ds4_driver-0.2.1-py3.10.egg-info/SOURCES.txt
[1.016s] -- Symlinking: /home/rick/ros_ws/install/ds4_driver/local/lib/python3.10/dist-packages/ds4_driver-0.2.1-py3.10.egg-info/dependency_links.txt
[1.017s] -- Symlinking: /home/rick/ros_ws/install/ds4_driver/local/lib/python3.10/dist-packages/ds4_driver-0.2.1-py3.10.egg-info/top_level.txt
[1.019s] -- Symlinking: /home/rick/ros_ws/install/ds4_driver/local/lib/python3.10/dist-packages/ds4_driver/__init__.py
[1.020s] -- Symlinking: /home/rick/ros_ws/install/ds4_driver/local/lib/python3.10/dist-packages/ds4_driver/controller.py
[1.022s] -- Symlinking: /home/rick/ros_ws/install/ds4_driver/local/lib/python3.10/dist-packages/ds4_driver/controller_ros.py
[1.023s] -- Symlinking: /home/rick/ros_ws/install/ds4_driver/local/lib/python3.10/dist-packages/ds4_driver/logger.py
[1.025s] -- Symlinking: /home/rick/ros_ws/install/ds4_driver/share/ds4_driver//config/params.yaml
[1.026s] -- Symlinking: /home/rick/ros_ws/install/ds4_driver/share/ds4_driver//config/twist_2dof.yaml
[1.028s] -- Symlinking: /home/rick/ros_ws/install/ds4_driver/share/ds4_driver//config/twist_6dof.yaml
[1.029s] -- Symlinking: /home/rick/ros_ws/install/ds4_driver/share/ds4_driver//launch/demo.launch.xml
[1.031s] -- Symlinking: /home/rick/ros_ws/install/ds4_driver/share/ds4_driver//launch/ds4_driver.launch.xml
[1.032s] -- Symlinking: /home/rick/ros_ws/install/ds4_driver/share/ds4_driver//launch/ds4_twist.launch.xml
[1.034s] -- Symlinking: /home/rick/ros_ws/install/ds4_driver/lib/ds4_driver/demo.py
[1.035s] -- Symlinking: /home/rick/ros_ws/install/ds4_driver/lib/ds4_driver/ds4_driver_node.py
[1.037s] -- Symlinking: /home/rick/ros_ws/install/ds4_driver/lib/ds4_driver/ds4_twist_node.py
[1.038s] -- Symlinking: /home/rick/ros_ws/install/ds4_driver/share/ament_index/resource_index/package_run_dependencies/ds4_driver
[1.040s] -- Symlinking: /home/rick/ros_ws/install/ds4_driver/share/ament_index/resource_index/parent_prefix_path/ds4_driver
[1.041s] -- Symlinking: /home/rick/ros_ws/install/ds4_driver/share/ds4_driver/environment/ament_prefix_path.sh
[1.043s] -- Symlinking: /home/rick/ros_ws/install/ds4_driver/share/ds4_driver/environment/ament_prefix_path.dsv
[1.044s] -- Symlinking: /home/rick/ros_ws/install/ds4_driver/share/ds4_driver/environment/path.sh
[1.046s] -- Symlinking: /home/rick/ros_ws/install/ds4_driver/share/ds4_driver/environment/path.dsv
[1.047s] -- Symlinking: /home/rick/ros_ws/install/ds4_driver/share/ds4_driver/local_setup.bash
[1.049s] -- Symlinking: /home/rick/ros_ws/install/ds4_driver/share/ds4_driver/local_setup.sh
[1.051s] -- Symlinking: /home/rick/ros_ws/install/ds4_driver/share/ds4_driver/local_setup.zsh
[1.052s] -- Symlinking: /home/rick/ros_ws/install/ds4_driver/share/ds4_driver/local_setup.dsv
[1.054s] -- Symlinking: /home/rick/ros_ws/install/ds4_driver/share/ds4_driver/package.dsv
[1.055s] -- Symlinking: /home/rick/ros_ws/install/ds4_driver/share/ament_index/resource_index/packages/ds4_driver
[1.057s] -- Symlinking: /home/rick/ros_ws/install/ds4_driver/share/ds4_driver/cmake/ds4_driverConfig.cmake
[1.058s] -- Symlinking: /home/rick/ros_ws/install/ds4_driver/share/ds4_driver/cmake/ds4_driverConfig-version.cmake
[1.060s] -- Symlinking: /home/rick/ros_ws/install/ds4_driver/share/ds4_driver/package.xml
[1.079s] Listing '/home/rick/ros_ws/install/ds4_driver/local/lib/python3.10/dist-packages/ds4_driver'...
[1.079s] Compiling '/home/rick/ros_ws/install/ds4_driver/local/lib/python3.10/dist-packages/ds4_driver/__init__.py'...
[1.079s] Compiling '/home/rick/ros_ws/install/ds4_driver/local/lib/python3.10/dist-packages/ds4_driver/controller.py'...
[1.079s] Compiling '/home/rick/ros_ws/install/ds4_driver/local/lib/python3.10/dist-packages/ds4_driver/controller_ros.py'...
[1.079s] Compiling '/home/rick/ros_ws/install/ds4_driver/local/lib/python3.10/dist-packages/ds4_driver/logger.py'...
[1.084s] Invoked command in '/home/rick/ros_ws/build/ds4_driver' returned '0': AMENT_PREFIX_PATH=/home/rick/ros_ws/install/ds4_driver_msgs:${AMENT_PREFIX_PATH} CMAKE_PREFIX_PATH=/home/rick/ros_ws/install/ds4_driver_msgs:/opt/ros/humble LD_LIBRARY_PATH=/home/rick/ros_ws/install/ds4_driver_msgs/lib:/usr/lib/x86_64-linux-gnu/gazebo-11/plugins:/opt/ros/humble/opt/rviz_ogre_vendor/lib:/opt/ros/humble/lib/x86_64-linux-gnu:/opt/ros/humble/lib:/usr/local/cuda/lib64 PYTHONPATH=/home/rick/ros_ws/install/ds4_driver_msgs/local/lib/python3.10/dist-packages:${PYTHONPATH} /home/rick/.local/bin/cmake --install /home/rick/ros_ws/build/ds4_driver
