[0.194s] Invoking command in '/home/rick/ros_ws/build/cartographer_ros_msgs': CMAKE_PREFIX_PATH=${CMAKE_PREFIX_PATH}:/home/rick/ros_ws/install/ayuda_description:/opt/ros/humble /home/rick/.local/bin/cmake --build /home/rick/ros_ws/build/cartographer_ros_msgs -- -j24 -l24
[0.459s] [  0%] Built target cartographer_ros_msgs__cpp
[0.459s] [  0%] Built target ament_cmake_python_symlink_cartographer_ros_msgs
[0.459s] [ 12%] Built target cartographer_ros_msgs__rosidl_generator_c
[0.459s] [ 24%] Built target cartographer_ros_msgs__rosidl_typesupport_cpp
[0.459s] [ 36%] Built target cartographer_ros_msgs__rosidl_typesupport_fastrtps_cpp
[0.459s] [ 48%] Built target cartographer_ros_msgs__rosidl_typesupport_c
[0.459s] [ 71%] Built target cartographer_ros_msgs__rosidl_typesupport_introspection_cpp
[0.459s] [ 73%] Built target cartographer_ros_msgs__rosidl_typesupport_introspection_c
[0.459s] [ 85%] Built target cartographer_ros_msgs__rosidl_typesupport_fastrtps_c
[0.459s] [ 85%] Built target cartographer_ros_msgs
[0.459s] [ 86%] Built target cartographer_ros_msgs__py
[0.459s] [ 97%] Built target cartographer_ros_msgs__rosidl_generator_py
[0.459s] [ 99%] Built target cartographer_ros_msgs__rosidl_typesupport_introspection_c__pyext
[0.459s] [100%] Built target cartographer_ros_msgs__rosidl_typesupport_c__pyext
[0.459s] [100%] Built target cartographer_ros_msgs__rosidl_typesupport_fastrtps_c__pyext
[0.459s] running egg_info
[0.460s] writing cartographer_ros_msgs.egg-info/PKG-INFO
[0.460s] writing dependency_links to cartographer_ros_msgs.egg-info/dependency_links.txt
[0.460s] writing top-level names to cartographer_ros_msgs.egg-info/top_level.txt
[0.460s] reading manifest file 'cartographer_ros_msgs.egg-info/SOURCES.txt'
[0.460s] writing manifest file 'cartographer_ros_msgs.egg-info/SOURCES.txt'
[0.466s] [100%] Built target ament_cmake_python_build_cartographer_ros_msgs_egg
[0.476s] Invoked command in '/home/rick/ros_ws/build/cartographer_ros_msgs' returned '0': CMAKE_PREFIX_PATH=${CMAKE_PREFIX_PATH}:/home/rick/ros_ws/install/ayuda_description:/opt/ros/humble /home/rick/.local/bin/cmake --build /home/rick/ros_ws/build/cartographer_ros_msgs -- -j24 -l24
[0.928s] Invoking command in '/home/rick/ros_ws/build/cartographer_ros_msgs': CMAKE_PREFIX_PATH=${CMAKE_PREFIX_PATH}:/home/rick/ros_ws/install/ayuda_description:/opt/ros/humble /home/rick/.local/bin/cmake --install /home/rick/ros_ws/build/cartographer_ros_msgs
[0.954s] -- Install configuration: ""
[0.955s] -- Execute custom install script
[0.955s] -- Up-to-date symlink: /home/rick/ros_ws/install/cartographer_ros_msgs/share/ament_index/resource_index/rosidl_interfaces/cartographer_ros_msgs
[0.956s] -- Up-to-date symlink: /home/rick/ros_ws/install/cartographer_ros_msgs/include/cartographer_ros_msgs/cartographer_ros_msgs/msg/bagfile_progress.h
[0.956s] -- Up-to-date symlink: /home/rick/ros_ws/install/cartographer_ros_msgs/include/cartographer_ros_msgs/cartographer_ros_msgs/msg/detail/bagfile_progress__functions.h
[0.956s] -- Up-to-date symlink: /home/rick/ros_ws/install/cartographer_ros_msgs/include/cartographer_ros_msgs/cartographer_ros_msgs/msg/detail/bagfile_progress__struct.h
[0.956s] -- Up-to-date symlink: /home/rick/ros_ws/install/cartographer_ros_msgs/include/cartographer_ros_msgs/cartographer_ros_msgs/msg/detail/bagfile_progress__type_support.h
[0.957s] -- Up-to-date symlink: /home/rick/ros_ws/install/cartographer_ros_msgs/include/cartographer_ros_msgs/cartographer_ros_msgs/msg/detail/histogram_bucket__functions.h
[0.957s] -- Up-to-date symlink: /home/rick/ros_ws/install/cartographer_ros_msgs/include/cartographer_ros_msgs/cartographer_ros_msgs/msg/detail/histogram_bucket__struct.h
[0.958s] -- Up-to-date symlink: /home/rick/ros_ws/install/cartographer_ros_msgs/include/cartographer_ros_msgs/cartographer_ros_msgs/msg/detail/histogram_bucket__type_support.h
[0.959s] -- Up-to-date symlink: /home/rick/ros_ws/install/cartographer_ros_msgs/include/cartographer_ros_msgs/cartographer_ros_msgs/msg/detail/landmark_entry__functions.h
[0.960s] -- Up-to-date symlink: /home/rick/ros_ws/install/cartographer_ros_msgs/include/cartographer_ros_msgs/cartographer_ros_msgs/msg/detail/landmark_entry__struct.h
[0.961s] -- Up-to-date symlink: /home/rick/ros_ws/install/cartographer_ros_msgs/include/cartographer_ros_msgs/cartographer_ros_msgs/msg/detail/landmark_entry__type_support.h
[0.963s] -- Up-to-date symlink: /home/rick/ros_ws/install/cartographer_ros_msgs/include/cartographer_ros_msgs/cartographer_ros_msgs/msg/detail/landmark_list__functions.h
[0.963s] -- Up-to-date symlink: /home/rick/ros_ws/install/cartographer_ros_msgs/include/cartographer_ros_msgs/cartographer_ros_msgs/msg/detail/landmark_list__struct.h
[0.963s] -- Up-to-date symlink: /home/rick/ros_ws/install/cartographer_ros_msgs/include/cartographer_ros_msgs/cartographer_ros_msgs/msg/detail/landmark_list__type_support.h
[0.964s] -- Up-to-date symlink: /home/rick/ros_ws/install/cartographer_ros_msgs/include/cartographer_ros_msgs/cartographer_ros_msgs/msg/detail/metric__functions.h
[0.964s] -- Up-to-date symlink: /home/rick/ros_ws/install/cartographer_ros_msgs/include/cartographer_ros_msgs/cartographer_ros_msgs/msg/detail/metric__struct.h
[0.964s] -- Up-to-date symlink: /home/rick/ros_ws/install/cartographer_ros_msgs/include/cartographer_ros_msgs/cartographer_ros_msgs/msg/detail/metric__type_support.h
[0.964s] -- Up-to-date symlink: /home/rick/ros_ws/install/cartographer_ros_msgs/include/cartographer_ros_msgs/cartographer_ros_msgs/msg/detail/metric_family__functions.h
[0.965s] -- Up-to-date symlink: /home/rick/ros_ws/install/cartographer_ros_msgs/include/cartographer_ros_msgs/cartographer_ros_msgs/msg/detail/metric_family__struct.h
[0.965s] -- Up-to-date symlink: /home/rick/ros_ws/install/cartographer_ros_msgs/include/cartographer_ros_msgs/cartographer_ros_msgs/msg/detail/metric_family__type_support.h
[0.965s] -- Up-to-date symlink: /home/rick/ros_ws/install/cartographer_ros_msgs/include/cartographer_ros_msgs/cartographer_ros_msgs/msg/detail/metric_label__functions.h
[0.965s] -- Up-to-date symlink: /home/rick/ros_ws/install/cartographer_ros_msgs/include/cartographer_ros_msgs/cartographer_ros_msgs/msg/detail/metric_label__struct.h
[0.965s] -- Up-to-date symlink: /home/rick/ros_ws/install/cartographer_ros_msgs/include/cartographer_ros_msgs/cartographer_ros_msgs/msg/detail/metric_label__type_support.h
[0.965s] -- Up-to-date symlink: /home/rick/ros_ws/install/cartographer_ros_msgs/include/cartographer_ros_msgs/cartographer_ros_msgs/msg/detail/status_code__functions.h
[0.966s] -- Up-to-date symlink: /home/rick/ros_ws/install/cartographer_ros_msgs/include/cartographer_ros_msgs/cartographer_ros_msgs/msg/detail/status_code__struct.h
[0.966s] -- Up-to-date symlink: /home/rick/ros_ws/install/cartographer_ros_msgs/include/cartographer_ros_msgs/cartographer_ros_msgs/msg/detail/status_code__type_support.h
[0.966s] -- Up-to-date symlink: /home/rick/ros_ws/install/cartographer_ros_msgs/include/cartographer_ros_msgs/cartographer_ros_msgs/msg/detail/status_response__functions.h
[0.966s] -- Up-to-date symlink: /home/rick/ros_ws/install/cartographer_ros_msgs/include/cartographer_ros_msgs/cartographer_ros_msgs/msg/detail/status_response__struct.h
[0.966s] -- Up-to-date symlink: /home/rick/ros_ws/install/cartographer_ros_msgs/include/cartographer_ros_msgs/cartographer_ros_msgs/msg/detail/status_response__type_support.h
[0.967s] -- Up-to-date symlink: /home/rick/ros_ws/install/cartographer_ros_msgs/include/cartographer_ros_msgs/cartographer_ros_msgs/msg/detail/submap_entry__functions.h
[0.967s] -- Up-to-date symlink: /home/rick/ros_ws/install/cartographer_ros_msgs/include/cartographer_ros_msgs/cartographer_ros_msgs/msg/detail/submap_entry__struct.h
[0.967s] -- Up-to-date symlink: /home/rick/ros_ws/install/cartographer_ros_msgs/include/cartographer_ros_msgs/cartographer_ros_msgs/msg/detail/submap_entry__type_support.h
[0.968s] -- Up-to-date symlink: /home/rick/ros_ws/install/cartographer_ros_msgs/include/cartographer_ros_msgs/cartographer_ros_msgs/msg/detail/submap_list__functions.h
[0.968s] -- Up-to-date symlink: /home/rick/ros_ws/install/cartographer_ros_msgs/include/cartographer_ros_msgs/cartographer_ros_msgs/msg/detail/submap_list__struct.h
[0.968s] -- Up-to-date symlink: /home/rick/ros_ws/install/cartographer_ros_msgs/include/cartographer_ros_msgs/cartographer_ros_msgs/msg/detail/submap_list__type_support.h
[0.969s] -- Up-to-date symlink: /home/rick/ros_ws/install/cartographer_ros_msgs/include/cartographer_ros_msgs/cartographer_ros_msgs/msg/detail/submap_texture__functions.h
[0.969s] -- Up-to-date symlink: /home/rick/ros_ws/install/cartographer_ros_msgs/include/cartographer_ros_msgs/cartographer_ros_msgs/msg/detail/submap_texture__struct.h
[0.969s] -- Up-to-date symlink: /home/rick/ros_ws/install/cartographer_ros_msgs/include/cartographer_ros_msgs/cartographer_ros_msgs/msg/detail/submap_texture__type_support.h
[0.969s] -- Up-to-date symlink: /home/rick/ros_ws/install/cartographer_ros_msgs/include/cartographer_ros_msgs/cartographer_ros_msgs/msg/detail/trajectory_states__functions.h
[0.969s] -- Up-to-date symlink: /home/rick/ros_ws/install/cartographer_ros_msgs/include/cartographer_ros_msgs/cartographer_ros_msgs/msg/detail/trajectory_states__struct.h
[0.969s] -- Up-to-date symlink: /home/rick/ros_ws/install/cartographer_ros_msgs/include/cartographer_ros_msgs/cartographer_ros_msgs/msg/detail/trajectory_states__type_support.h
[0.970s] -- Up-to-date symlink: /home/rick/ros_ws/install/cartographer_ros_msgs/include/cartographer_ros_msgs/cartographer_ros_msgs/msg/histogram_bucket.h
[0.970s] -- Up-to-date symlink: /home/rick/ros_ws/install/cartographer_ros_msgs/include/cartographer_ros_msgs/cartographer_ros_msgs/msg/landmark_entry.h
[0.970s] -- Up-to-date symlink: /home/rick/ros_ws/install/cartographer_ros_msgs/include/cartographer_ros_msgs/cartographer_ros_msgs/msg/landmark_list.h
[0.970s] -- Up-to-date symlink: /home/rick/ros_ws/install/cartographer_ros_msgs/include/cartographer_ros_msgs/cartographer_ros_msgs/msg/metric.h
[0.970s] -- Up-to-date symlink: /home/rick/ros_ws/install/cartographer_ros_msgs/include/cartographer_ros_msgs/cartographer_ros_msgs/msg/metric_family.h
[0.970s] -- Up-to-date symlink: /home/rick/ros_ws/install/cartographer_ros_msgs/include/cartographer_ros_msgs/cartographer_ros_msgs/msg/metric_label.h
[0.970s] -- Up-to-date symlink: /home/rick/ros_ws/install/cartographer_ros_msgs/include/cartographer_ros_msgs/cartographer_ros_msgs/msg/rosidl_generator_c__visibility_control.h
[0.970s] -- Up-to-date symlink: /home/rick/ros_ws/install/cartographer_ros_msgs/include/cartographer_ros_msgs/cartographer_ros_msgs/msg/status_code.h
[0.970s] -- Up-to-date symlink: /home/rick/ros_ws/install/cartographer_ros_msgs/include/cartographer_ros_msgs/cartographer_ros_msgs/msg/status_response.h
[0.970s] -- Up-to-date symlink: /home/rick/ros_ws/install/cartographer_ros_msgs/include/cartographer_ros_msgs/cartographer_ros_msgs/msg/submap_entry.h
[0.970s] -- Up-to-date symlink: /home/rick/ros_ws/install/cartographer_ros_msgs/include/cartographer_ros_msgs/cartographer_ros_msgs/msg/submap_list.h
[0.970s] -- Up-to-date symlink: /home/rick/ros_ws/install/cartographer_ros_msgs/include/cartographer_ros_msgs/cartographer_ros_msgs/msg/submap_texture.h
[0.970s] -- Up-to-date symlink: /home/rick/ros_ws/install/cartographer_ros_msgs/include/cartographer_ros_msgs/cartographer_ros_msgs/msg/trajectory_states.h
[0.970s] -- Up-to-date symlink: /home/rick/ros_ws/install/cartographer_ros_msgs/include/cartographer_ros_msgs/cartographer_ros_msgs/srv/detail/finish_trajectory__functions.h
[0.970s] -- Up-to-date symlink: /home/rick/ros_ws/install/cartographer_ros_msgs/include/cartographer_ros_msgs/cartographer_ros_msgs/srv/detail/finish_trajectory__struct.h
[0.970s] -- Up-to-date symlink: /home/rick/ros_ws/install/cartographer_ros_msgs/include/cartographer_ros_msgs/cartographer_ros_msgs/srv/detail/finish_trajectory__type_support.h
[0.970s] -- Up-to-date symlink: /home/rick/ros_ws/install/cartographer_ros_msgs/include/cartographer_ros_msgs/cartographer_ros_msgs/srv/detail/get_trajectory_states__functions.h
[0.970s] -- Up-to-date symlink: /home/rick/ros_ws/install/cartographer_ros_msgs/include/cartographer_ros_msgs/cartographer_ros_msgs/srv/detail/get_trajectory_states__struct.h
[0.971s] -- Up-to-date symlink: /home/rick/ros_ws/install/cartographer_ros_msgs/include/cartographer_ros_msgs/cartographer_ros_msgs/srv/detail/get_trajectory_states__type_support.h
[0.971s] -- Up-to-date symlink: /home/rick/ros_ws/install/cartographer_ros_msgs/include/cartographer_ros_msgs/cartographer_ros_msgs/srv/detail/read_metrics__functions.h
[0.971s] -- Up-to-date symlink: /home/rick/ros_ws/install/cartographer_ros_msgs/include/cartographer_ros_msgs/cartographer_ros_msgs/srv/detail/read_metrics__struct.h
[0.971s] -- Up-to-date symlink: /home/rick/ros_ws/install/cartographer_ros_msgs/include/cartographer_ros_msgs/cartographer_ros_msgs/srv/detail/read_metrics__type_support.h
[0.971s] -- Up-to-date symlink: /home/rick/ros_ws/install/cartographer_ros_msgs/include/cartographer_ros_msgs/cartographer_ros_msgs/srv/detail/start_trajectory__functions.h
[0.971s] -- Up-to-date symlink: /home/rick/ros_ws/install/cartographer_ros_msgs/include/cartographer_ros_msgs/cartographer_ros_msgs/srv/detail/start_trajectory__struct.h
[0.971s] -- Up-to-date symlink: /home/rick/ros_ws/install/cartographer_ros_msgs/include/cartographer_ros_msgs/cartographer_ros_msgs/srv/detail/start_trajectory__type_support.h
[0.971s] -- Up-to-date symlink: /home/rick/ros_ws/install/cartographer_ros_msgs/include/cartographer_ros_msgs/cartographer_ros_msgs/srv/detail/submap_query__functions.h
[0.971s] -- Up-to-date symlink: /home/rick/ros_ws/install/cartographer_ros_msgs/include/cartographer_ros_msgs/cartographer_ros_msgs/srv/detail/submap_query__struct.h
[0.971s] -- Up-to-date symlink: /home/rick/ros_ws/install/cartographer_ros_msgs/include/cartographer_ros_msgs/cartographer_ros_msgs/srv/detail/submap_query__type_support.h
[0.971s] -- Up-to-date symlink: /home/rick/ros_ws/install/cartographer_ros_msgs/include/cartographer_ros_msgs/cartographer_ros_msgs/srv/detail/trajectory_query__functions.h
[0.971s] -- Up-to-date symlink: /home/rick/ros_ws/install/cartographer_ros_msgs/include/cartographer_ros_msgs/cartographer_ros_msgs/srv/detail/trajectory_query__struct.h
[0.971s] -- Up-to-date symlink: /home/rick/ros_ws/install/cartographer_ros_msgs/include/cartographer_ros_msgs/cartographer_ros_msgs/srv/detail/trajectory_query__type_support.h
[0.971s] -- Up-to-date symlink: /home/rick/ros_ws/install/cartographer_ros_msgs/include/cartographer_ros_msgs/cartographer_ros_msgs/srv/detail/write_state__functions.h
[0.971s] -- Up-to-date symlink: /home/rick/ros_ws/install/cartographer_ros_msgs/include/cartographer_ros_msgs/cartographer_ros_msgs/srv/detail/write_state__struct.h
[0.971s] -- Up-to-date symlink: /home/rick/ros_ws/install/cartographer_ros_msgs/include/cartographer_ros_msgs/cartographer_ros_msgs/srv/detail/write_state__type_support.h
[0.971s] -- Up-to-date symlink: /home/rick/ros_ws/install/cartographer_ros_msgs/include/cartographer_ros_msgs/cartographer_ros_msgs/srv/finish_trajectory.h
[0.971s] -- Up-to-date symlink: /home/rick/ros_ws/install/cartographer_ros_msgs/include/cartographer_ros_msgs/cartographer_ros_msgs/srv/get_trajectory_states.h
[0.971s] -- Up-to-date symlink: /home/rick/ros_ws/install/cartographer_ros_msgs/include/cartographer_ros_msgs/cartographer_ros_msgs/srv/read_metrics.h
[0.972s] -- Up-to-date symlink: /home/rick/ros_ws/install/cartographer_ros_msgs/include/cartographer_ros_msgs/cartographer_ros_msgs/srv/start_trajectory.h
[0.972s] -- Up-to-date symlink: /home/rick/ros_ws/install/cartographer_ros_msgs/include/cartographer_ros_msgs/cartographer_ros_msgs/srv/submap_query.h
[0.972s] -- Up-to-date symlink: /home/rick/ros_ws/install/cartographer_ros_msgs/include/cartographer_ros_msgs/cartographer_ros_msgs/srv/trajectory_query.h
[0.972s] -- Up-to-date symlink: /home/rick/ros_ws/install/cartographer_ros_msgs/include/cartographer_ros_msgs/cartographer_ros_msgs/srv/write_state.h
[0.972s] -- Up-to-date symlink: /home/rick/ros_ws/install/cartographer_ros_msgs/share/cartographer_ros_msgs/environment/library_path.sh
[0.972s] -- Up-to-date symlink: /home/rick/ros_ws/install/cartographer_ros_msgs/share/cartographer_ros_msgs/environment/library_path.dsv
[0.972s] -- Up-to-date symlink: /home/rick/ros_ws/install/cartographer_ros_msgs/include/cartographer_ros_msgs/cartographer_ros_msgs/msg/detail/bagfile_progress__rosidl_typesupport_fastrtps_c.h
[0.972s] -- Up-to-date symlink: /home/rick/ros_ws/install/cartographer_ros_msgs/include/cartographer_ros_msgs/cartographer_ros_msgs/msg/detail/histogram_bucket__rosidl_typesupport_fastrtps_c.h
[0.972s] -- Up-to-date symlink: /home/rick/ros_ws/install/cartographer_ros_msgs/include/cartographer_ros_msgs/cartographer_ros_msgs/msg/detail/landmark_entry__rosidl_typesupport_fastrtps_c.h
[0.972s] -- Up-to-date symlink: /home/rick/ros_ws/install/cartographer_ros_msgs/include/cartographer_ros_msgs/cartographer_ros_msgs/msg/detail/landmark_list__rosidl_typesupport_fastrtps_c.h
[0.972s] -- Up-to-date symlink: /home/rick/ros_ws/install/cartographer_ros_msgs/include/cartographer_ros_msgs/cartographer_ros_msgs/msg/detail/metric__rosidl_typesupport_fastrtps_c.h
[0.972s] -- Up-to-date symlink: /home/rick/ros_ws/install/cartographer_ros_msgs/include/cartographer_ros_msgs/cartographer_ros_msgs/msg/detail/metric_family__rosidl_typesupport_fastrtps_c.h
[0.972s] -- Up-to-date symlink: /home/rick/ros_ws/install/cartographer_ros_msgs/include/cartographer_ros_msgs/cartographer_ros_msgs/msg/detail/metric_label__rosidl_typesupport_fastrtps_c.h
[0.972s] -- Up-to-date symlink: /home/rick/ros_ws/install/cartographer_ros_msgs/include/cartographer_ros_msgs/cartographer_ros_msgs/msg/detail/status_code__rosidl_typesupport_fastrtps_c.h
[0.972s] -- Up-to-date symlink: /home/rick/ros_ws/install/cartographer_ros_msgs/include/cartographer_ros_msgs/cartographer_ros_msgs/msg/detail/status_response__rosidl_typesupport_fastrtps_c.h
[0.972s] -- Up-to-date symlink: /home/rick/ros_ws/install/cartographer_ros_msgs/include/cartographer_ros_msgs/cartographer_ros_msgs/msg/detail/submap_entry__rosidl_typesupport_fastrtps_c.h
[0.972s] -- Up-to-date symlink: /home/rick/ros_ws/install/cartographer_ros_msgs/include/cartographer_ros_msgs/cartographer_ros_msgs/msg/detail/submap_list__rosidl_typesupport_fastrtps_c.h
[0.972s] -- Up-to-date symlink: /home/rick/ros_ws/install/cartographer_ros_msgs/include/cartographer_ros_msgs/cartographer_ros_msgs/msg/detail/submap_texture__rosidl_typesupport_fastrtps_c.h
[0.972s] -- Up-to-date symlink: /home/rick/ros_ws/install/cartographer_ros_msgs/include/cartographer_ros_msgs/cartographer_ros_msgs/msg/detail/trajectory_states__rosidl_typesupport_fastrtps_c.h
[0.972s] -- Up-to-date symlink: /home/rick/ros_ws/install/cartographer_ros_msgs/include/cartographer_ros_msgs/cartographer_ros_msgs/msg/rosidl_typesupport_fastrtps_c__visibility_control.h
[0.973s] -- Up-to-date symlink: /home/rick/ros_ws/install/cartographer_ros_msgs/include/cartographer_ros_msgs/cartographer_ros_msgs/srv/detail/finish_trajectory__rosidl_typesupport_fastrtps_c.h
[0.973s] -- Up-to-date symlink: /home/rick/ros_ws/install/cartographer_ros_msgs/include/cartographer_ros_msgs/cartographer_ros_msgs/srv/detail/get_trajectory_states__rosidl_typesupport_fastrtps_c.h
[0.973s] -- Up-to-date symlink: /home/rick/ros_ws/install/cartographer_ros_msgs/include/cartographer_ros_msgs/cartographer_ros_msgs/srv/detail/read_metrics__rosidl_typesupport_fastrtps_c.h
[0.973s] -- Up-to-date symlink: /home/rick/ros_ws/install/cartographer_ros_msgs/include/cartographer_ros_msgs/cartographer_ros_msgs/srv/detail/start_trajectory__rosidl_typesupport_fastrtps_c.h
[0.973s] -- Up-to-date symlink: /home/rick/ros_ws/install/cartographer_ros_msgs/include/cartographer_ros_msgs/cartographer_ros_msgs/srv/detail/submap_query__rosidl_typesupport_fastrtps_c.h
[0.973s] -- Up-to-date symlink: /home/rick/ros_ws/install/cartographer_ros_msgs/include/cartographer_ros_msgs/cartographer_ros_msgs/srv/detail/trajectory_query__rosidl_typesupport_fastrtps_c.h
[0.973s] -- Up-to-date symlink: /home/rick/ros_ws/install/cartographer_ros_msgs/include/cartographer_ros_msgs/cartographer_ros_msgs/srv/detail/write_state__rosidl_typesupport_fastrtps_c.h
[0.973s] -- Up-to-date symlink: /home/rick/ros_ws/install/cartographer_ros_msgs/include/cartographer_ros_msgs/cartographer_ros_msgs/msg/detail/bagfile_progress__rosidl_typesupport_introspection_c.h
[0.973s] -- Up-to-date symlink: /home/rick/ros_ws/install/cartographer_ros_msgs/include/cartographer_ros_msgs/cartographer_ros_msgs/msg/detail/histogram_bucket__rosidl_typesupport_introspection_c.h
[0.973s] -- Up-to-date symlink: /home/rick/ros_ws/install/cartographer_ros_msgs/include/cartographer_ros_msgs/cartographer_ros_msgs/msg/detail/landmark_entry__rosidl_typesupport_introspection_c.h
[0.973s] -- Up-to-date symlink: /home/rick/ros_ws/install/cartographer_ros_msgs/include/cartographer_ros_msgs/cartographer_ros_msgs/msg/detail/landmark_list__rosidl_typesupport_introspection_c.h
[0.973s] -- Up-to-date symlink: /home/rick/ros_ws/install/cartographer_ros_msgs/include/cartographer_ros_msgs/cartographer_ros_msgs/msg/detail/metric__rosidl_typesupport_introspection_c.h
[0.973s] -- Up-to-date symlink: /home/rick/ros_ws/install/cartographer_ros_msgs/include/cartographer_ros_msgs/cartographer_ros_msgs/msg/detail/metric_family__rosidl_typesupport_introspection_c.h
[0.973s] -- Up-to-date symlink: /home/rick/ros_ws/install/cartographer_ros_msgs/include/cartographer_ros_msgs/cartographer_ros_msgs/msg/detail/metric_label__rosidl_typesupport_introspection_c.h
[0.973s] -- Up-to-date symlink: /home/rick/ros_ws/install/cartographer_ros_msgs/include/cartographer_ros_msgs/cartographer_ros_msgs/msg/detail/status_code__rosidl_typesupport_introspection_c.h
[0.973s] -- Up-to-date symlink: /home/rick/ros_ws/install/cartographer_ros_msgs/include/cartographer_ros_msgs/cartographer_ros_msgs/msg/detail/status_response__rosidl_typesupport_introspection_c.h
[0.973s] -- Up-to-date symlink: /home/rick/ros_ws/install/cartographer_ros_msgs/include/cartographer_ros_msgs/cartographer_ros_msgs/msg/detail/submap_entry__rosidl_typesupport_introspection_c.h
[0.974s] -- Up-to-date symlink: /home/rick/ros_ws/install/cartographer_ros_msgs/include/cartographer_ros_msgs/cartographer_ros_msgs/msg/detail/submap_list__rosidl_typesupport_introspection_c.h
[0.974s] -- Up-to-date symlink: /home/rick/ros_ws/install/cartographer_ros_msgs/include/cartographer_ros_msgs/cartographer_ros_msgs/msg/detail/submap_texture__rosidl_typesupport_introspection_c.h
[0.974s] -- Up-to-date symlink: /home/rick/ros_ws/install/cartographer_ros_msgs/include/cartographer_ros_msgs/cartographer_ros_msgs/msg/detail/trajectory_states__rosidl_typesupport_introspection_c.h
[0.974s] -- Up-to-date symlink: /home/rick/ros_ws/install/cartographer_ros_msgs/include/cartographer_ros_msgs/cartographer_ros_msgs/msg/rosidl_typesupport_introspection_c__visibility_control.h
[0.974s] -- Up-to-date symlink: /home/rick/ros_ws/install/cartographer_ros_msgs/include/cartographer_ros_msgs/cartographer_ros_msgs/srv/detail/finish_trajectory__rosidl_typesupport_introspection_c.h
[0.974s] -- Up-to-date symlink: /home/rick/ros_ws/install/cartographer_ros_msgs/include/cartographer_ros_msgs/cartographer_ros_msgs/srv/detail/get_trajectory_states__rosidl_typesupport_introspection_c.h
[0.974s] -- Up-to-date symlink: /home/rick/ros_ws/install/cartographer_ros_msgs/include/cartographer_ros_msgs/cartographer_ros_msgs/srv/detail/read_metrics__rosidl_typesupport_introspection_c.h
[0.974s] -- Up-to-date symlink: /home/rick/ros_ws/install/cartographer_ros_msgs/include/cartographer_ros_msgs/cartographer_ros_msgs/srv/detail/start_trajectory__rosidl_typesupport_introspection_c.h
[0.974s] -- Up-to-date symlink: /home/rick/ros_ws/install/cartographer_ros_msgs/include/cartographer_ros_msgs/cartographer_ros_msgs/srv/detail/submap_query__rosidl_typesupport_introspection_c.h
[0.974s] -- Up-to-date symlink: /home/rick/ros_ws/install/cartographer_ros_msgs/include/cartographer_ros_msgs/cartographer_ros_msgs/srv/detail/trajectory_query__rosidl_typesupport_introspection_c.h
[0.974s] -- Up-to-date symlink: /home/rick/ros_ws/install/cartographer_ros_msgs/include/cartographer_ros_msgs/cartographer_ros_msgs/srv/detail/write_state__rosidl_typesupport_introspection_c.h
[0.974s] -- Up-to-date symlink: /home/rick/ros_ws/install/cartographer_ros_msgs/include/cartographer_ros_msgs/cartographer_ros_msgs/msg/bagfile_progress.hpp
[0.974s] -- Up-to-date symlink: /home/rick/ros_ws/install/cartographer_ros_msgs/include/cartographer_ros_msgs/cartographer_ros_msgs/msg/detail/bagfile_progress__builder.hpp
[0.974s] -- Up-to-date symlink: /home/rick/ros_ws/install/cartographer_ros_msgs/include/cartographer_ros_msgs/cartographer_ros_msgs/msg/detail/bagfile_progress__struct.hpp
[0.975s] -- Up-to-date symlink: /home/rick/ros_ws/install/cartographer_ros_msgs/include/cartographer_ros_msgs/cartographer_ros_msgs/msg/detail/bagfile_progress__traits.hpp
[0.975s] -- Up-to-date symlink: /home/rick/ros_ws/install/cartographer_ros_msgs/include/cartographer_ros_msgs/cartographer_ros_msgs/msg/detail/histogram_bucket__builder.hpp
[0.975s] -- Up-to-date symlink: /home/rick/ros_ws/install/cartographer_ros_msgs/include/cartographer_ros_msgs/cartographer_ros_msgs/msg/detail/histogram_bucket__struct.hpp
[0.975s] -- Up-to-date symlink: /home/rick/ros_ws/install/cartographer_ros_msgs/include/cartographer_ros_msgs/cartographer_ros_msgs/msg/detail/histogram_bucket__traits.hpp
[0.975s] -- Up-to-date symlink: /home/rick/ros_ws/install/cartographer_ros_msgs/include/cartographer_ros_msgs/cartographer_ros_msgs/msg/detail/landmark_entry__builder.hpp
[0.975s] -- Up-to-date symlink: /home/rick/ros_ws/install/cartographer_ros_msgs/include/cartographer_ros_msgs/cartographer_ros_msgs/msg/detail/landmark_entry__struct.hpp
[0.975s] -- Up-to-date symlink: /home/rick/ros_ws/install/cartographer_ros_msgs/include/cartographer_ros_msgs/cartographer_ros_msgs/msg/detail/landmark_entry__traits.hpp
[0.975s] -- Up-to-date symlink: /home/rick/ros_ws/install/cartographer_ros_msgs/include/cartographer_ros_msgs/cartographer_ros_msgs/msg/detail/landmark_list__builder.hpp
[0.975s] -- Up-to-date symlink: /home/rick/ros_ws/install/cartographer_ros_msgs/include/cartographer_ros_msgs/cartographer_ros_msgs/msg/detail/landmark_list__struct.hpp
[0.975s] -- Up-to-date symlink: /home/rick/ros_ws/install/cartographer_ros_msgs/include/cartographer_ros_msgs/cartographer_ros_msgs/msg/detail/landmark_list__traits.hpp
[0.975s] -- Up-to-date symlink: /home/rick/ros_ws/install/cartographer_ros_msgs/include/cartographer_ros_msgs/cartographer_ros_msgs/msg/detail/metric__builder.hpp
[0.975s] -- Up-to-date symlink: /home/rick/ros_ws/install/cartographer_ros_msgs/include/cartographer_ros_msgs/cartographer_ros_msgs/msg/detail/metric__struct.hpp
[0.975s] -- Up-to-date symlink: /home/rick/ros_ws/install/cartographer_ros_msgs/include/cartographer_ros_msgs/cartographer_ros_msgs/msg/detail/metric__traits.hpp
[0.975s] -- Up-to-date symlink: /home/rick/ros_ws/install/cartographer_ros_msgs/include/cartographer_ros_msgs/cartographer_ros_msgs/msg/detail/metric_family__builder.hpp
[0.975s] -- Up-to-date symlink: /home/rick/ros_ws/install/cartographer_ros_msgs/include/cartographer_ros_msgs/cartographer_ros_msgs/msg/detail/metric_family__struct.hpp
[0.975s] -- Up-to-date symlink: /home/rick/ros_ws/install/cartographer_ros_msgs/include/cartographer_ros_msgs/cartographer_ros_msgs/msg/detail/metric_family__traits.hpp
[0.975s] -- Up-to-date symlink: /home/rick/ros_ws/install/cartographer_ros_msgs/include/cartographer_ros_msgs/cartographer_ros_msgs/msg/detail/metric_label__builder.hpp
[0.975s] -- Up-to-date symlink: /home/rick/ros_ws/install/cartographer_ros_msgs/include/cartographer_ros_msgs/cartographer_ros_msgs/msg/detail/metric_label__struct.hpp
[0.975s] -- Up-to-date symlink: /home/rick/ros_ws/install/cartographer_ros_msgs/include/cartographer_ros_msgs/cartographer_ros_msgs/msg/detail/metric_label__traits.hpp
[0.975s] -- Up-to-date symlink: /home/rick/ros_ws/install/cartographer_ros_msgs/include/cartographer_ros_msgs/cartographer_ros_msgs/msg/detail/status_code__builder.hpp
[0.976s] -- Up-to-date symlink: /home/rick/ros_ws/install/cartographer_ros_msgs/include/cartographer_ros_msgs/cartographer_ros_msgs/msg/detail/status_code__struct.hpp
[0.976s] -- Up-to-date symlink: /home/rick/ros_ws/install/cartographer_ros_msgs/include/cartographer_ros_msgs/cartographer_ros_msgs/msg/detail/status_code__traits.hpp
[0.976s] -- Up-to-date symlink: /home/rick/ros_ws/install/cartographer_ros_msgs/include/cartographer_ros_msgs/cartographer_ros_msgs/msg/detail/status_response__builder.hpp
[0.976s] -- Up-to-date symlink: /home/rick/ros_ws/install/cartographer_ros_msgs/include/cartographer_ros_msgs/cartographer_ros_msgs/msg/detail/status_response__struct.hpp
[0.976s] -- Up-to-date symlink: /home/rick/ros_ws/install/cartographer_ros_msgs/include/cartographer_ros_msgs/cartographer_ros_msgs/msg/detail/status_response__traits.hpp
[0.976s] -- Up-to-date symlink: /home/rick/ros_ws/install/cartographer_ros_msgs/include/cartographer_ros_msgs/cartographer_ros_msgs/msg/detail/submap_entry__builder.hpp
[0.976s] -- Up-to-date symlink: /home/rick/ros_ws/install/cartographer_ros_msgs/include/cartographer_ros_msgs/cartographer_ros_msgs/msg/detail/submap_entry__struct.hpp
[0.976s] -- Up-to-date symlink: /home/rick/ros_ws/install/cartographer_ros_msgs/include/cartographer_ros_msgs/cartographer_ros_msgs/msg/detail/submap_entry__traits.hpp
[0.976s] -- Up-to-date symlink: /home/rick/ros_ws/install/cartographer_ros_msgs/include/cartographer_ros_msgs/cartographer_ros_msgs/msg/detail/submap_list__builder.hpp
[0.976s] -- Up-to-date symlink: /home/rick/ros_ws/install/cartographer_ros_msgs/include/cartographer_ros_msgs/cartographer_ros_msgs/msg/detail/submap_list__struct.hpp
[0.976s] -- Up-to-date symlink: /home/rick/ros_ws/install/cartographer_ros_msgs/include/cartographer_ros_msgs/cartographer_ros_msgs/msg/detail/submap_list__traits.hpp
[0.976s] -- Up-to-date symlink: /home/rick/ros_ws/install/cartographer_ros_msgs/include/cartographer_ros_msgs/cartographer_ros_msgs/msg/detail/submap_texture__builder.hpp
[0.976s] -- Up-to-date symlink: /home/rick/ros_ws/install/cartographer_ros_msgs/include/cartographer_ros_msgs/cartographer_ros_msgs/msg/detail/submap_texture__struct.hpp
[0.976s] -- Up-to-date symlink: /home/rick/ros_ws/install/cartographer_ros_msgs/include/cartographer_ros_msgs/cartographer_ros_msgs/msg/detail/submap_texture__traits.hpp
[0.976s] -- Up-to-date symlink: /home/rick/ros_ws/install/cartographer_ros_msgs/include/cartographer_ros_msgs/cartographer_ros_msgs/msg/detail/trajectory_states__builder.hpp
[0.976s] -- Up-to-date symlink: /home/rick/ros_ws/install/cartographer_ros_msgs/include/cartographer_ros_msgs/cartographer_ros_msgs/msg/detail/trajectory_states__struct.hpp
[0.977s] -- Up-to-date symlink: /home/rick/ros_ws/install/cartographer_ros_msgs/include/cartographer_ros_msgs/cartographer_ros_msgs/msg/detail/trajectory_states__traits.hpp
[0.977s] -- Up-to-date symlink: /home/rick/ros_ws/install/cartographer_ros_msgs/include/cartographer_ros_msgs/cartographer_ros_msgs/msg/histogram_bucket.hpp
[0.977s] -- Up-to-date symlink: /home/rick/ros_ws/install/cartographer_ros_msgs/include/cartographer_ros_msgs/cartographer_ros_msgs/msg/landmark_entry.hpp
[0.977s] -- Up-to-date symlink: /home/rick/ros_ws/install/cartographer_ros_msgs/include/cartographer_ros_msgs/cartographer_ros_msgs/msg/landmark_list.hpp
[0.977s] -- Up-to-date symlink: /home/rick/ros_ws/install/cartographer_ros_msgs/include/cartographer_ros_msgs/cartographer_ros_msgs/msg/metric.hpp
[0.977s] -- Up-to-date symlink: /home/rick/ros_ws/install/cartographer_ros_msgs/include/cartographer_ros_msgs/cartographer_ros_msgs/msg/metric_family.hpp
[0.977s] -- Up-to-date symlink: /home/rick/ros_ws/install/cartographer_ros_msgs/include/cartographer_ros_msgs/cartographer_ros_msgs/msg/metric_label.hpp
[0.977s] -- Up-to-date symlink: /home/rick/ros_ws/install/cartographer_ros_msgs/include/cartographer_ros_msgs/cartographer_ros_msgs/msg/status_code.hpp
[0.977s] -- Up-to-date symlink: /home/rick/ros_ws/install/cartographer_ros_msgs/include/cartographer_ros_msgs/cartographer_ros_msgs/msg/status_response.hpp
[0.977s] -- Up-to-date symlink: /home/rick/ros_ws/install/cartographer_ros_msgs/include/cartographer_ros_msgs/cartographer_ros_msgs/msg/submap_entry.hpp
[0.977s] -- Up-to-date symlink: /home/rick/ros_ws/install/cartographer_ros_msgs/include/cartographer_ros_msgs/cartographer_ros_msgs/msg/submap_list.hpp
[0.977s] -- Up-to-date symlink: /home/rick/ros_ws/install/cartographer_ros_msgs/include/cartographer_ros_msgs/cartographer_ros_msgs/msg/submap_texture.hpp
[0.977s] -- Up-to-date symlink: /home/rick/ros_ws/install/cartographer_ros_msgs/include/cartographer_ros_msgs/cartographer_ros_msgs/msg/trajectory_states.hpp
[0.977s] -- Up-to-date symlink: /home/rick/ros_ws/install/cartographer_ros_msgs/include/cartographer_ros_msgs/cartographer_ros_msgs/srv/detail/finish_trajectory__builder.hpp
[0.977s] -- Up-to-date symlink: /home/rick/ros_ws/install/cartographer_ros_msgs/include/cartographer_ros_msgs/cartographer_ros_msgs/srv/detail/finish_trajectory__struct.hpp
[0.977s] -- Up-to-date symlink: /home/rick/ros_ws/install/cartographer_ros_msgs/include/cartographer_ros_msgs/cartographer_ros_msgs/srv/detail/finish_trajectory__traits.hpp
[0.977s] -- Up-to-date symlink: /home/rick/ros_ws/install/cartographer_ros_msgs/include/cartographer_ros_msgs/cartographer_ros_msgs/srv/detail/get_trajectory_states__builder.hpp
[0.978s] -- Up-to-date symlink: /home/rick/ros_ws/install/cartographer_ros_msgs/include/cartographer_ros_msgs/cartographer_ros_msgs/srv/detail/get_trajectory_states__struct.hpp
[0.978s] -- Up-to-date symlink: /home/rick/ros_ws/install/cartographer_ros_msgs/include/cartographer_ros_msgs/cartographer_ros_msgs/srv/detail/get_trajectory_states__traits.hpp
[0.978s] -- Up-to-date symlink: /home/rick/ros_ws/install/cartographer_ros_msgs/include/cartographer_ros_msgs/cartographer_ros_msgs/srv/detail/read_metrics__builder.hpp
[0.978s] -- Up-to-date symlink: /home/rick/ros_ws/install/cartographer_ros_msgs/include/cartographer_ros_msgs/cartographer_ros_msgs/srv/detail/read_metrics__struct.hpp
[0.978s] -- Up-to-date symlink: /home/rick/ros_ws/install/cartographer_ros_msgs/include/cartographer_ros_msgs/cartographer_ros_msgs/srv/detail/read_metrics__traits.hpp
[0.978s] -- Up-to-date symlink: /home/rick/ros_ws/install/cartographer_ros_msgs/include/cartographer_ros_msgs/cartographer_ros_msgs/srv/detail/start_trajectory__builder.hpp
[0.978s] -- Up-to-date symlink: /home/rick/ros_ws/install/cartographer_ros_msgs/include/cartographer_ros_msgs/cartographer_ros_msgs/srv/detail/start_trajectory__struct.hpp
[0.978s] -- Up-to-date symlink: /home/rick/ros_ws/install/cartographer_ros_msgs/include/cartographer_ros_msgs/cartographer_ros_msgs/srv/detail/start_trajectory__traits.hpp
[0.978s] -- Up-to-date symlink: /home/rick/ros_ws/install/cartographer_ros_msgs/include/cartographer_ros_msgs/cartographer_ros_msgs/srv/detail/submap_query__builder.hpp
[0.978s] -- Up-to-date symlink: /home/rick/ros_ws/install/cartographer_ros_msgs/include/cartographer_ros_msgs/cartographer_ros_msgs/srv/detail/submap_query__struct.hpp
[0.978s] -- Up-to-date symlink: /home/rick/ros_ws/install/cartographer_ros_msgs/include/cartographer_ros_msgs/cartographer_ros_msgs/srv/detail/submap_query__traits.hpp
[0.978s] -- Up-to-date symlink: /home/rick/ros_ws/install/cartographer_ros_msgs/include/cartographer_ros_msgs/cartographer_ros_msgs/srv/detail/trajectory_query__builder.hpp
[0.978s] -- Up-to-date symlink: /home/rick/ros_ws/install/cartographer_ros_msgs/include/cartographer_ros_msgs/cartographer_ros_msgs/srv/detail/trajectory_query__struct.hpp
[0.978s] -- Up-to-date symlink: /home/rick/ros_ws/install/cartographer_ros_msgs/include/cartographer_ros_msgs/cartographer_ros_msgs/srv/detail/trajectory_query__traits.hpp
[0.978s] -- Up-to-date symlink: /home/rick/ros_ws/install/cartographer_ros_msgs/include/cartographer_ros_msgs/cartographer_ros_msgs/srv/detail/write_state__builder.hpp
[0.979s] -- Up-to-date symlink: /home/rick/ros_ws/install/cartographer_ros_msgs/include/cartographer_ros_msgs/cartographer_ros_msgs/srv/detail/write_state__struct.hpp
[0.979s] -- Up-to-date symlink: /home/rick/ros_ws/install/cartographer_ros_msgs/include/cartographer_ros_msgs/cartographer_ros_msgs/srv/detail/write_state__traits.hpp
[0.979s] -- Up-to-date symlink: /home/rick/ros_ws/install/cartographer_ros_msgs/include/cartographer_ros_msgs/cartographer_ros_msgs/srv/finish_trajectory.hpp
[0.980s] -- Up-to-date symlink: /home/rick/ros_ws/install/cartographer_ros_msgs/include/cartographer_ros_msgs/cartographer_ros_msgs/srv/get_trajectory_states.hpp
[0.980s] -- Up-to-date symlink: /home/rick/ros_ws/install/cartographer_ros_msgs/include/cartographer_ros_msgs/cartographer_ros_msgs/srv/read_metrics.hpp
[0.981s] -- Up-to-date symlink: /home/rick/ros_ws/install/cartographer_ros_msgs/include/cartographer_ros_msgs/cartographer_ros_msgs/srv/start_trajectory.hpp
[0.981s] -- Up-to-date symlink: /home/rick/ros_ws/install/cartographer_ros_msgs/include/cartographer_ros_msgs/cartographer_ros_msgs/srv/submap_query.hpp
[0.981s] -- Up-to-date symlink: /home/rick/ros_ws/install/cartographer_ros_msgs/include/cartographer_ros_msgs/cartographer_ros_msgs/srv/trajectory_query.hpp
[0.982s] -- Up-to-date symlink: /home/rick/ros_ws/install/cartographer_ros_msgs/include/cartographer_ros_msgs/cartographer_ros_msgs/srv/write_state.hpp
[0.982s] -- Up-to-date symlink: /home/rick/ros_ws/install/cartographer_ros_msgs/include/cartographer_ros_msgs/cartographer_ros_msgs/msg/detail/bagfile_progress__rosidl_typesupport_fastrtps_cpp.hpp
[0.982s] -- Up-to-date symlink: /home/rick/ros_ws/install/cartographer_ros_msgs/include/cartographer_ros_msgs/cartographer_ros_msgs/msg/detail/histogram_bucket__rosidl_typesupport_fastrtps_cpp.hpp
[0.983s] -- Up-to-date symlink: /home/rick/ros_ws/install/cartographer_ros_msgs/include/cartographer_ros_msgs/cartographer_ros_msgs/msg/detail/landmark_entry__rosidl_typesupport_fastrtps_cpp.hpp
[0.983s] -- Up-to-date symlink: /home/rick/ros_ws/install/cartographer_ros_msgs/include/cartographer_ros_msgs/cartographer_ros_msgs/msg/detail/landmark_list__rosidl_typesupport_fastrtps_cpp.hpp
[0.983s] -- Up-to-date symlink: /home/rick/ros_ws/install/cartographer_ros_msgs/include/cartographer_ros_msgs/cartographer_ros_msgs/msg/detail/metric__rosidl_typesupport_fastrtps_cpp.hpp
[0.983s] -- Up-to-date symlink: /home/rick/ros_ws/install/cartographer_ros_msgs/include/cartographer_ros_msgs/cartographer_ros_msgs/msg/detail/metric_family__rosidl_typesupport_fastrtps_cpp.hpp
[0.983s] -- Up-to-date symlink: /home/rick/ros_ws/install/cartographer_ros_msgs/include/cartographer_ros_msgs/cartographer_ros_msgs/msg/detail/metric_label__rosidl_typesupport_fastrtps_cpp.hpp
[0.983s] -- Up-to-date symlink: /home/rick/ros_ws/install/cartographer_ros_msgs/include/cartographer_ros_msgs/cartographer_ros_msgs/msg/detail/status_code__rosidl_typesupport_fastrtps_cpp.hpp
[0.983s] -- Up-to-date symlink: /home/rick/ros_ws/install/cartographer_ros_msgs/include/cartographer_ros_msgs/cartographer_ros_msgs/msg/detail/status_response__rosidl_typesupport_fastrtps_cpp.hpp
[0.983s] -- Up-to-date symlink: /home/rick/ros_ws/install/cartographer_ros_msgs/include/cartographer_ros_msgs/cartographer_ros_msgs/msg/detail/submap_entry__rosidl_typesupport_fastrtps_cpp.hpp
[0.983s] -- Up-to-date symlink: /home/rick/ros_ws/install/cartographer_ros_msgs/include/cartographer_ros_msgs/cartographer_ros_msgs/msg/detail/submap_list__rosidl_typesupport_fastrtps_cpp.hpp
[0.983s] -- Up-to-date symlink: /home/rick/ros_ws/install/cartographer_ros_msgs/include/cartographer_ros_msgs/cartographer_ros_msgs/msg/detail/submap_texture__rosidl_typesupport_fastrtps_cpp.hpp
[0.984s] -- Up-to-date symlink: /home/rick/ros_ws/install/cartographer_ros_msgs/include/cartographer_ros_msgs/cartographer_ros_msgs/msg/detail/trajectory_states__rosidl_typesupport_fastrtps_cpp.hpp
[0.984s] -- Up-to-date symlink: /home/rick/ros_ws/install/cartographer_ros_msgs/include/cartographer_ros_msgs/cartographer_ros_msgs/msg/rosidl_typesupport_fastrtps_cpp__visibility_control.h
[0.984s] -- Up-to-date symlink: /home/rick/ros_ws/install/cartographer_ros_msgs/include/cartographer_ros_msgs/cartographer_ros_msgs/srv/detail/finish_trajectory__rosidl_typesupport_fastrtps_cpp.hpp
[0.984s] -- Up-to-date symlink: /home/rick/ros_ws/install/cartographer_ros_msgs/include/cartographer_ros_msgs/cartographer_ros_msgs/srv/detail/get_trajectory_states__rosidl_typesupport_fastrtps_cpp.hpp
[0.984s] -- Up-to-date symlink: /home/rick/ros_ws/install/cartographer_ros_msgs/include/cartographer_ros_msgs/cartographer_ros_msgs/srv/detail/read_metrics__rosidl_typesupport_fastrtps_cpp.hpp
[0.984s] -- Up-to-date symlink: /home/rick/ros_ws/install/cartographer_ros_msgs/include/cartographer_ros_msgs/cartographer_ros_msgs/srv/detail/start_trajectory__rosidl_typesupport_fastrtps_cpp.hpp
[0.984s] -- Up-to-date symlink: /home/rick/ros_ws/install/cartographer_ros_msgs/include/cartographer_ros_msgs/cartographer_ros_msgs/srv/detail/submap_query__rosidl_typesupport_fastrtps_cpp.hpp
[0.984s] -- Up-to-date symlink: /home/rick/ros_ws/install/cartographer_ros_msgs/include/cartographer_ros_msgs/cartographer_ros_msgs/srv/detail/trajectory_query__rosidl_typesupport_fastrtps_cpp.hpp
[0.985s] -- Up-to-date symlink: /home/rick/ros_ws/install/cartographer_ros_msgs/include/cartographer_ros_msgs/cartographer_ros_msgs/srv/detail/write_state__rosidl_typesupport_fastrtps_cpp.hpp
[0.985s] -- Up-to-date symlink: /home/rick/ros_ws/install/cartographer_ros_msgs/include/cartographer_ros_msgs/cartographer_ros_msgs/msg/detail/bagfile_progress__rosidl_typesupport_introspection_cpp.hpp
[0.985s] -- Up-to-date symlink: /home/rick/ros_ws/install/cartographer_ros_msgs/include/cartographer_ros_msgs/cartographer_ros_msgs/msg/detail/histogram_bucket__rosidl_typesupport_introspection_cpp.hpp
[0.986s] -- Up-to-date symlink: /home/rick/ros_ws/install/cartographer_ros_msgs/include/cartographer_ros_msgs/cartographer_ros_msgs/msg/detail/landmark_entry__rosidl_typesupport_introspection_cpp.hpp
[0.986s] -- Up-to-date symlink: /home/rick/ros_ws/install/cartographer_ros_msgs/include/cartographer_ros_msgs/cartographer_ros_msgs/msg/detail/landmark_list__rosidl_typesupport_introspection_cpp.hpp
[0.986s] -- Up-to-date symlink: /home/rick/ros_ws/install/cartographer_ros_msgs/include/cartographer_ros_msgs/cartographer_ros_msgs/msg/detail/metric__rosidl_typesupport_introspection_cpp.hpp
[0.987s] -- Up-to-date symlink: /home/rick/ros_ws/install/cartographer_ros_msgs/include/cartographer_ros_msgs/cartographer_ros_msgs/msg/detail/metric_family__rosidl_typesupport_introspection_cpp.hpp
[0.987s] -- Up-to-date symlink: /home/rick/ros_ws/install/cartographer_ros_msgs/include/cartographer_ros_msgs/cartographer_ros_msgs/msg/detail/metric_label__rosidl_typesupport_introspection_cpp.hpp
[0.988s] -- Up-to-date symlink: /home/rick/ros_ws/install/cartographer_ros_msgs/include/cartographer_ros_msgs/cartographer_ros_msgs/msg/detail/status_code__rosidl_typesupport_introspection_cpp.hpp
[0.988s] -- Up-to-date symlink: /home/rick/ros_ws/install/cartographer_ros_msgs/include/cartographer_ros_msgs/cartographer_ros_msgs/msg/detail/status_response__rosidl_typesupport_introspection_cpp.hpp
[0.989s] -- Up-to-date symlink: /home/rick/ros_ws/install/cartographer_ros_msgs/include/cartographer_ros_msgs/cartographer_ros_msgs/msg/detail/submap_entry__rosidl_typesupport_introspection_cpp.hpp
[0.989s] -- Up-to-date symlink: /home/rick/ros_ws/install/cartographer_ros_msgs/include/cartographer_ros_msgs/cartographer_ros_msgs/msg/detail/submap_list__rosidl_typesupport_introspection_cpp.hpp
[0.990s] -- Up-to-date symlink: /home/rick/ros_ws/install/cartographer_ros_msgs/include/cartographer_ros_msgs/cartographer_ros_msgs/msg/detail/submap_texture__rosidl_typesupport_introspection_cpp.hpp
[0.990s] -- Up-to-date symlink: /home/rick/ros_ws/install/cartographer_ros_msgs/include/cartographer_ros_msgs/cartographer_ros_msgs/msg/detail/trajectory_states__rosidl_typesupport_introspection_cpp.hpp
[0.991s] -- Up-to-date symlink: /home/rick/ros_ws/install/cartographer_ros_msgs/include/cartographer_ros_msgs/cartographer_ros_msgs/srv/detail/finish_trajectory__rosidl_typesupport_introspection_cpp.hpp
[0.991s] -- Up-to-date symlink: /home/rick/ros_ws/install/cartographer_ros_msgs/include/cartographer_ros_msgs/cartographer_ros_msgs/srv/detail/get_trajectory_states__rosidl_typesupport_introspection_cpp.hpp
[0.992s] -- Up-to-date symlink: /home/rick/ros_ws/install/cartographer_ros_msgs/include/cartographer_ros_msgs/cartographer_ros_msgs/srv/detail/read_metrics__rosidl_typesupport_introspection_cpp.hpp
[0.992s] -- Up-to-date symlink: /home/rick/ros_ws/install/cartographer_ros_msgs/include/cartographer_ros_msgs/cartographer_ros_msgs/srv/detail/start_trajectory__rosidl_typesupport_introspection_cpp.hpp
[0.993s] -- Up-to-date symlink: /home/rick/ros_ws/install/cartographer_ros_msgs/include/cartographer_ros_msgs/cartographer_ros_msgs/srv/detail/submap_query__rosidl_typesupport_introspection_cpp.hpp
[0.993s] -- Up-to-date symlink: /home/rick/ros_ws/install/cartographer_ros_msgs/include/cartographer_ros_msgs/cartographer_ros_msgs/srv/detail/trajectory_query__rosidl_typesupport_introspection_cpp.hpp
[0.993s] -- Up-to-date symlink: /home/rick/ros_ws/install/cartographer_ros_msgs/include/cartographer_ros_msgs/cartographer_ros_msgs/srv/detail/write_state__rosidl_typesupport_introspection_cpp.hpp
[0.993s] -- Up-to-date symlink: /home/rick/ros_ws/install/cartographer_ros_msgs/share/cartographer_ros_msgs/environment/pythonpath.sh
[0.993s] -- Up-to-date symlink: /home/rick/ros_ws/install/cartographer_ros_msgs/share/cartographer_ros_msgs/environment/pythonpath.dsv
[0.993s] -- Up-to-date symlink: /home/rick/ros_ws/install/cartographer_ros_msgs/local/lib/python3.10/dist-packages/cartographer_ros_msgs-2.0.9001-py3.10.egg-info/PKG-INFO
[0.993s] -- Up-to-date symlink: /home/rick/ros_ws/install/cartographer_ros_msgs/local/lib/python3.10/dist-packages/cartographer_ros_msgs-2.0.9001-py3.10.egg-info/SOURCES.txt
[0.994s] -- Up-to-date symlink: /home/rick/ros_ws/install/cartographer_ros_msgs/local/lib/python3.10/dist-packages/cartographer_ros_msgs-2.0.9001-py3.10.egg-info/dependency_links.txt
[0.994s] -- Up-to-date symlink: /home/rick/ros_ws/install/cartographer_ros_msgs/local/lib/python3.10/dist-packages/cartographer_ros_msgs-2.0.9001-py3.10.egg-info/top_level.txt
[0.994s] -- Up-to-date symlink: /home/rick/ros_ws/install/cartographer_ros_msgs/local/lib/python3.10/dist-packages/cartographer_ros_msgs/__init__.py
[0.994s] -- Up-to-date symlink: /home/rick/ros_ws/install/cartographer_ros_msgs/local/lib/python3.10/dist-packages/cartographer_ros_msgs/_cartographer_ros_msgs_s.ep.rosidl_typesupport_c.c
[0.994s] -- Up-to-date symlink: /home/rick/ros_ws/install/cartographer_ros_msgs/local/lib/python3.10/dist-packages/cartographer_ros_msgs/_cartographer_ros_msgs_s.ep.rosidl_typesupport_fastrtps_c.c
[0.994s] -- Up-to-date symlink: /home/rick/ros_ws/install/cartographer_ros_msgs/local/lib/python3.10/dist-packages/cartographer_ros_msgs/_cartographer_ros_msgs_s.ep.rosidl_typesupport_introspection_c.c
[0.994s] -- Up-to-date symlink: /home/rick/ros_ws/install/cartographer_ros_msgs/local/lib/python3.10/dist-packages/cartographer_ros_msgs/cartographer_ros_msgs_s__rosidl_typesupport_c.cpython-310-x86_64-linux-gnu.so
[0.994s] -- Up-to-date symlink: /home/rick/ros_ws/install/cartographer_ros_msgs/local/lib/python3.10/dist-packages/cartographer_ros_msgs/cartographer_ros_msgs_s__rosidl_typesupport_fastrtps_c.cpython-310-x86_64-linux-gnu.so
[0.994s] -- Up-to-date symlink: /home/rick/ros_ws/install/cartographer_ros_msgs/local/lib/python3.10/dist-packages/cartographer_ros_msgs/cartographer_ros_msgs_s__rosidl_typesupport_introspection_c.cpython-310-x86_64-linux-gnu.so
[0.994s] -- Up-to-date symlink: /home/rick/ros_ws/install/cartographer_ros_msgs/local/lib/python3.10/dist-packages/cartographer_ros_msgs/libcartographer_ros_msgs__rosidl_generator_py.so
[0.994s] -- Up-to-date symlink: /home/rick/ros_ws/install/cartographer_ros_msgs/local/lib/python3.10/dist-packages/cartographer_ros_msgs/msg/__init__.py
[0.994s] -- Up-to-date symlink: /home/rick/ros_ws/install/cartographer_ros_msgs/local/lib/python3.10/dist-packages/cartographer_ros_msgs/msg/_bagfile_progress.py
[0.994s] -- Up-to-date symlink: /home/rick/ros_ws/install/cartographer_ros_msgs/local/lib/python3.10/dist-packages/cartographer_ros_msgs/msg/_bagfile_progress_s.c
[0.994s] -- Up-to-date symlink: /home/rick/ros_ws/install/cartographer_ros_msgs/local/lib/python3.10/dist-packages/cartographer_ros_msgs/msg/_histogram_bucket.py
[0.995s] -- Up-to-date symlink: /home/rick/ros_ws/install/cartographer_ros_msgs/local/lib/python3.10/dist-packages/cartographer_ros_msgs/msg/_histogram_bucket_s.c
[0.995s] -- Up-to-date symlink: /home/rick/ros_ws/install/cartographer_ros_msgs/local/lib/python3.10/dist-packages/cartographer_ros_msgs/msg/_landmark_entry.py
[0.995s] -- Up-to-date symlink: /home/rick/ros_ws/install/cartographer_ros_msgs/local/lib/python3.10/dist-packages/cartographer_ros_msgs/msg/_landmark_entry_s.c
[0.995s] -- Up-to-date symlink: /home/rick/ros_ws/install/cartographer_ros_msgs/local/lib/python3.10/dist-packages/cartographer_ros_msgs/msg/_landmark_list.py
[0.995s] -- Up-to-date symlink: /home/rick/ros_ws/install/cartographer_ros_msgs/local/lib/python3.10/dist-packages/cartographer_ros_msgs/msg/_landmark_list_s.c
[0.995s] -- Up-to-date symlink: /home/rick/ros_ws/install/cartographer_ros_msgs/local/lib/python3.10/dist-packages/cartographer_ros_msgs/msg/_metric.py
[0.995s] -- Up-to-date symlink: /home/rick/ros_ws/install/cartographer_ros_msgs/local/lib/python3.10/dist-packages/cartographer_ros_msgs/msg/_metric_family.py
[0.995s] -- Up-to-date symlink: /home/rick/ros_ws/install/cartographer_ros_msgs/local/lib/python3.10/dist-packages/cartographer_ros_msgs/msg/_metric_family_s.c
[0.995s] -- Up-to-date symlink: /home/rick/ros_ws/install/cartographer_ros_msgs/local/lib/python3.10/dist-packages/cartographer_ros_msgs/msg/_metric_label.py
[0.995s] -- Up-to-date symlink: /home/rick/ros_ws/install/cartographer_ros_msgs/local/lib/python3.10/dist-packages/cartographer_ros_msgs/msg/_metric_label_s.c
[0.995s] -- Up-to-date symlink: /home/rick/ros_ws/install/cartographer_ros_msgs/local/lib/python3.10/dist-packages/cartographer_ros_msgs/msg/_metric_s.c
[0.995s] -- Up-to-date symlink: /home/rick/ros_ws/install/cartographer_ros_msgs/local/lib/python3.10/dist-packages/cartographer_ros_msgs/msg/_status_code.py
[0.995s] -- Up-to-date symlink: /home/rick/ros_ws/install/cartographer_ros_msgs/local/lib/python3.10/dist-packages/cartographer_ros_msgs/msg/_status_code_s.c
[0.995s] -- Up-to-date symlink: /home/rick/ros_ws/install/cartographer_ros_msgs/local/lib/python3.10/dist-packages/cartographer_ros_msgs/msg/_status_response.py
[0.995s] -- Up-to-date symlink: /home/rick/ros_ws/install/cartographer_ros_msgs/local/lib/python3.10/dist-packages/cartographer_ros_msgs/msg/_status_response_s.c
[0.995s] -- Up-to-date symlink: /home/rick/ros_ws/install/cartographer_ros_msgs/local/lib/python3.10/dist-packages/cartographer_ros_msgs/msg/_submap_entry.py
[0.995s] -- Up-to-date symlink: /home/rick/ros_ws/install/cartographer_ros_msgs/local/lib/python3.10/dist-packages/cartographer_ros_msgs/msg/_submap_entry_s.c
[0.995s] -- Up-to-date symlink: /home/rick/ros_ws/install/cartographer_ros_msgs/local/lib/python3.10/dist-packages/cartographer_ros_msgs/msg/_submap_list.py
[0.995s] -- Up-to-date symlink: /home/rick/ros_ws/install/cartographer_ros_msgs/local/lib/python3.10/dist-packages/cartographer_ros_msgs/msg/_submap_list_s.c
[0.995s] -- Up-to-date symlink: /home/rick/ros_ws/install/cartographer_ros_msgs/local/lib/python3.10/dist-packages/cartographer_ros_msgs/msg/_submap_texture.py
[0.996s] -- Up-to-date symlink: /home/rick/ros_ws/install/cartographer_ros_msgs/local/lib/python3.10/dist-packages/cartographer_ros_msgs/msg/_submap_texture_s.c
[0.996s] -- Up-to-date symlink: /home/rick/ros_ws/install/cartographer_ros_msgs/local/lib/python3.10/dist-packages/cartographer_ros_msgs/msg/_trajectory_states.py
[0.996s] -- Up-to-date symlink: /home/rick/ros_ws/install/cartographer_ros_msgs/local/lib/python3.10/dist-packages/cartographer_ros_msgs/msg/_trajectory_states_s.c
[0.996s] -- Up-to-date symlink: /home/rick/ros_ws/install/cartographer_ros_msgs/local/lib/python3.10/dist-packages/cartographer_ros_msgs/srv/__init__.py
[0.996s] -- Up-to-date symlink: /home/rick/ros_ws/install/cartographer_ros_msgs/local/lib/python3.10/dist-packages/cartographer_ros_msgs/srv/_finish_trajectory.py
[0.996s] -- Up-to-date symlink: /home/rick/ros_ws/install/cartographer_ros_msgs/local/lib/python3.10/dist-packages/cartographer_ros_msgs/srv/_finish_trajectory_s.c
[0.996s] -- Up-to-date symlink: /home/rick/ros_ws/install/cartographer_ros_msgs/local/lib/python3.10/dist-packages/cartographer_ros_msgs/srv/_get_trajectory_states.py
[0.996s] -- Up-to-date symlink: /home/rick/ros_ws/install/cartographer_ros_msgs/local/lib/python3.10/dist-packages/cartographer_ros_msgs/srv/_get_trajectory_states_s.c
[0.996s] -- Up-to-date symlink: /home/rick/ros_ws/install/cartographer_ros_msgs/local/lib/python3.10/dist-packages/cartographer_ros_msgs/srv/_read_metrics.py
[0.996s] -- Up-to-date symlink: /home/rick/ros_ws/install/cartographer_ros_msgs/local/lib/python3.10/dist-packages/cartographer_ros_msgs/srv/_read_metrics_s.c
[0.996s] -- Up-to-date symlink: /home/rick/ros_ws/install/cartographer_ros_msgs/local/lib/python3.10/dist-packages/cartographer_ros_msgs/srv/_start_trajectory.py
[0.996s] -- Up-to-date symlink: /home/rick/ros_ws/install/cartographer_ros_msgs/local/lib/python3.10/dist-packages/cartographer_ros_msgs/srv/_start_trajectory_s.c
[0.996s] -- Up-to-date symlink: /home/rick/ros_ws/install/cartographer_ros_msgs/local/lib/python3.10/dist-packages/cartographer_ros_msgs/srv/_submap_query.py
[0.996s] -- Up-to-date symlink: /home/rick/ros_ws/install/cartographer_ros_msgs/local/lib/python3.10/dist-packages/cartographer_ros_msgs/srv/_submap_query_s.c
[0.996s] -- Up-to-date symlink: /home/rick/ros_ws/install/cartographer_ros_msgs/local/lib/python3.10/dist-packages/cartographer_ros_msgs/srv/_trajectory_query.py
[0.997s] -- Up-to-date symlink: /home/rick/ros_ws/install/cartographer_ros_msgs/local/lib/python3.10/dist-packages/cartographer_ros_msgs/srv/_trajectory_query_s.c
[0.997s] -- Up-to-date symlink: /home/rick/ros_ws/install/cartographer_ros_msgs/local/lib/python3.10/dist-packages/cartographer_ros_msgs/srv/_write_state.py
[0.997s] -- Up-to-date symlink: /home/rick/ros_ws/install/cartographer_ros_msgs/local/lib/python3.10/dist-packages/cartographer_ros_msgs/srv/_write_state_s.c
[0.997s] -- Up-to-date symlink: /home/rick/ros_ws/install/cartographer_ros_msgs/local/lib/python3.10/dist-packages/cartographer_ros_msgs/cartographer_ros_msgs_s__rosidl_typesupport_fastrtps_c.cpython-310-x86_64-linux-gnu.so
[0.998s] -- Up-to-date symlink: /home/rick/ros_ws/install/cartographer_ros_msgs/local/lib/python3.10/dist-packages/cartographer_ros_msgs/cartographer_ros_msgs_s__rosidl_typesupport_introspection_c.cpython-310-x86_64-linux-gnu.so
[0.998s] -- Up-to-date symlink: /home/rick/ros_ws/install/cartographer_ros_msgs/local/lib/python3.10/dist-packages/cartographer_ros_msgs/cartographer_ros_msgs_s__rosidl_typesupport_c.cpython-310-x86_64-linux-gnu.so
[0.998s] -- Up-to-date symlink: /home/rick/ros_ws/install/cartographer_ros_msgs/share/cartographer_ros_msgs/msg/BagfileProgress.idl
[0.998s] -- Up-to-date symlink: /home/rick/ros_ws/install/cartographer_ros_msgs/share/cartographer_ros_msgs/msg/HistogramBucket.idl
[0.998s] -- Up-to-date symlink: /home/rick/ros_ws/install/cartographer_ros_msgs/share/cartographer_ros_msgs/msg/LandmarkEntry.idl
[0.998s] -- Up-to-date symlink: /home/rick/ros_ws/install/cartographer_ros_msgs/share/cartographer_ros_msgs/msg/LandmarkList.idl
[0.998s] -- Up-to-date symlink: /home/rick/ros_ws/install/cartographer_ros_msgs/share/cartographer_ros_msgs/msg/MetricFamily.idl
[0.998s] -- Up-to-date symlink: /home/rick/ros_ws/install/cartographer_ros_msgs/share/cartographer_ros_msgs/msg/MetricLabel.idl
[0.998s] -- Up-to-date symlink: /home/rick/ros_ws/install/cartographer_ros_msgs/share/cartographer_ros_msgs/msg/Metric.idl
[0.998s] -- Up-to-date symlink: /home/rick/ros_ws/install/cartographer_ros_msgs/share/cartographer_ros_msgs/msg/StatusCode.idl
[0.998s] -- Up-to-date symlink: /home/rick/ros_ws/install/cartographer_ros_msgs/share/cartographer_ros_msgs/msg/StatusResponse.idl
[0.999s] -- Up-to-date symlink: /home/rick/ros_ws/install/cartographer_ros_msgs/share/cartographer_ros_msgs/msg/SubmapEntry.idl
[0.999s] -- Up-to-date symlink: /home/rick/ros_ws/install/cartographer_ros_msgs/share/cartographer_ros_msgs/msg/SubmapList.idl
[0.999s] -- Up-to-date symlink: /home/rick/ros_ws/install/cartographer_ros_msgs/share/cartographer_ros_msgs/msg/SubmapTexture.idl
[0.999s] -- Up-to-date symlink: /home/rick/ros_ws/install/cartographer_ros_msgs/share/cartographer_ros_msgs/msg/TrajectoryStates.idl
[0.999s] -- Up-to-date symlink: /home/rick/ros_ws/install/cartographer_ros_msgs/share/cartographer_ros_msgs/srv/FinishTrajectory.idl
[0.999s] -- Up-to-date symlink: /home/rick/ros_ws/install/cartographer_ros_msgs/share/cartographer_ros_msgs/srv/GetTrajectoryStates.idl
[0.999s] -- Up-to-date symlink: /home/rick/ros_ws/install/cartographer_ros_msgs/share/cartographer_ros_msgs/srv/ReadMetrics.idl
[0.999s] -- Up-to-date symlink: /home/rick/ros_ws/install/cartographer_ros_msgs/share/cartographer_ros_msgs/srv/StartTrajectory.idl
[1.000s] -- Up-to-date symlink: /home/rick/ros_ws/install/cartographer_ros_msgs/share/cartographer_ros_msgs/srv/TrajectoryQuery.idl
[1.000s] -- Up-to-date symlink: /home/rick/ros_ws/install/cartographer_ros_msgs/share/cartographer_ros_msgs/srv/SubmapQuery.idl
[1.000s] -- Up-to-date symlink: /home/rick/ros_ws/install/cartographer_ros_msgs/share/cartographer_ros_msgs/srv/WriteState.idl
[1.000s] -- Up-to-date symlink: /home/rick/ros_ws/install/cartographer_ros_msgs/share/cartographer_ros_msgs/msg/BagfileProgress.msg
[1.000s] -- Up-to-date symlink: /home/rick/ros_ws/install/cartographer_ros_msgs/share/cartographer_ros_msgs/msg/HistogramBucket.msg
[1.000s] -- Up-to-date symlink: /home/rick/ros_ws/install/cartographer_ros_msgs/share/cartographer_ros_msgs/msg/LandmarkEntry.msg
[1.000s] -- Up-to-date symlink: /home/rick/ros_ws/install/cartographer_ros_msgs/share/cartographer_ros_msgs/msg/LandmarkList.msg
[1.000s] -- Up-to-date symlink: /home/rick/ros_ws/install/cartographer_ros_msgs/share/cartographer_ros_msgs/msg/MetricFamily.msg
[1.000s] -- Up-to-date symlink: /home/rick/ros_ws/install/cartographer_ros_msgs/share/cartographer_ros_msgs/msg/MetricLabel.msg
[1.001s] -- Up-to-date symlink: /home/rick/ros_ws/install/cartographer_ros_msgs/share/cartographer_ros_msgs/msg/Metric.msg
[1.001s] -- Up-to-date symlink: /home/rick/ros_ws/install/cartographer_ros_msgs/share/cartographer_ros_msgs/msg/StatusCode.msg
[1.001s] -- Up-to-date symlink: /home/rick/ros_ws/install/cartographer_ros_msgs/share/cartographer_ros_msgs/msg/StatusResponse.msg
[1.001s] -- Up-to-date symlink: /home/rick/ros_ws/install/cartographer_ros_msgs/share/cartographer_ros_msgs/msg/SubmapEntry.msg
[1.001s] -- Up-to-date symlink: /home/rick/ros_ws/install/cartographer_ros_msgs/share/cartographer_ros_msgs/msg/SubmapList.msg
[1.001s] -- Up-to-date symlink: /home/rick/ros_ws/install/cartographer_ros_msgs/share/cartographer_ros_msgs/msg/SubmapTexture.msg
[1.002s] -- Up-to-date symlink: /home/rick/ros_ws/install/cartographer_ros_msgs/share/cartographer_ros_msgs/msg/TrajectoryStates.msg
[1.002s] -- Up-to-date symlink: /home/rick/ros_ws/install/cartographer_ros_msgs/share/cartographer_ros_msgs/srv/FinishTrajectory.srv
[1.002s] -- Up-to-date symlink: /home/rick/ros_ws/install/cartographer_ros_msgs/share/cartographer_ros_msgs/srv/FinishTrajectory_Request.msg
[1.002s] -- Up-to-date symlink: /home/rick/ros_ws/install/cartographer_ros_msgs/share/cartographer_ros_msgs/srv/FinishTrajectory_Response.msg
[1.002s] -- Up-to-date symlink: /home/rick/ros_ws/install/cartographer_ros_msgs/share/cartographer_ros_msgs/srv/GetTrajectoryStates.srv
[1.002s] -- Up-to-date symlink: /home/rick/ros_ws/install/cartographer_ros_msgs/share/cartographer_ros_msgs/srv/GetTrajectoryStates_Request.msg
[1.002s] -- Up-to-date symlink: /home/rick/ros_ws/install/cartographer_ros_msgs/share/cartographer_ros_msgs/srv/GetTrajectoryStates_Response.msg
[1.002s] -- Up-to-date symlink: /home/rick/ros_ws/install/cartographer_ros_msgs/share/cartographer_ros_msgs/srv/ReadMetrics.srv
[1.003s] -- Up-to-date symlink: /home/rick/ros_ws/install/cartographer_ros_msgs/share/cartographer_ros_msgs/srv/ReadMetrics_Request.msg
[1.003s] -- Up-to-date symlink: /home/rick/ros_ws/install/cartographer_ros_msgs/share/cartographer_ros_msgs/srv/ReadMetrics_Response.msg
[1.003s] -- Up-to-date symlink: /home/rick/ros_ws/install/cartographer_ros_msgs/share/cartographer_ros_msgs/srv/StartTrajectory.srv
[1.004s] -- Up-to-date symlink: /home/rick/ros_ws/install/cartographer_ros_msgs/share/cartographer_ros_msgs/srv/StartTrajectory_Request.msg
[1.004s] -- Up-to-date symlink: /home/rick/ros_ws/install/cartographer_ros_msgs/share/cartographer_ros_msgs/srv/StartTrajectory_Response.msg
[1.004s] -- Up-to-date symlink: /home/rick/ros_ws/install/cartographer_ros_msgs/share/cartographer_ros_msgs/srv/TrajectoryQuery.srv
[1.005s] -- Up-to-date symlink: /home/rick/ros_ws/install/cartographer_ros_msgs/share/cartographer_ros_msgs/srv/TrajectoryQuery_Request.msg
[1.005s] -- Up-to-date symlink: /home/rick/ros_ws/install/cartographer_ros_msgs/share/cartographer_ros_msgs/srv/TrajectoryQuery_Response.msg
[1.005s] -- Up-to-date symlink: /home/rick/ros_ws/install/cartographer_ros_msgs/share/cartographer_ros_msgs/srv/SubmapQuery.srv
[1.005s] -- Up-to-date symlink: /home/rick/ros_ws/install/cartographer_ros_msgs/share/cartographer_ros_msgs/srv/SubmapQuery_Request.msg
[1.005s] -- Up-to-date symlink: /home/rick/ros_ws/install/cartographer_ros_msgs/share/cartographer_ros_msgs/srv/SubmapQuery_Response.msg
[1.005s] -- Up-to-date symlink: /home/rick/ros_ws/install/cartographer_ros_msgs/share/cartographer_ros_msgs/srv/WriteState.srv
[1.005s] -- Up-to-date symlink: /home/rick/ros_ws/install/cartographer_ros_msgs/share/cartographer_ros_msgs/srv/WriteState_Request.msg
[1.005s] -- Up-to-date symlink: /home/rick/ros_ws/install/cartographer_ros_msgs/share/cartographer_ros_msgs/srv/WriteState_Response.msg
[1.005s] -- Up-to-date symlink: /home/rick/ros_ws/install/cartographer_ros_msgs/share/ament_index/resource_index/package_run_dependencies/cartographer_ros_msgs
[1.006s] -- Up-to-date symlink: /home/rick/ros_ws/install/cartographer_ros_msgs/share/ament_index/resource_index/parent_prefix_path/cartographer_ros_msgs
[1.006s] -- Up-to-date symlink: /home/rick/ros_ws/install/cartographer_ros_msgs/share/cartographer_ros_msgs/environment/ament_prefix_path.sh
[1.006s] -- Up-to-date symlink: /home/rick/ros_ws/install/cartographer_ros_msgs/share/cartographer_ros_msgs/environment/ament_prefix_path.dsv
[1.006s] -- Up-to-date symlink: /home/rick/ros_ws/install/cartographer_ros_msgs/share/cartographer_ros_msgs/environment/path.sh
[1.006s] -- Up-to-date symlink: /home/rick/ros_ws/install/cartographer_ros_msgs/share/cartographer_ros_msgs/environment/path.dsv
[1.006s] -- Up-to-date symlink: /home/rick/ros_ws/install/cartographer_ros_msgs/share/cartographer_ros_msgs/local_setup.bash
[1.006s] -- Up-to-date symlink: /home/rick/ros_ws/install/cartographer_ros_msgs/share/cartographer_ros_msgs/local_setup.sh
[1.006s] -- Up-to-date symlink: /home/rick/ros_ws/install/cartographer_ros_msgs/share/cartographer_ros_msgs/local_setup.zsh
[1.006s] -- Up-to-date symlink: /home/rick/ros_ws/install/cartographer_ros_msgs/share/cartographer_ros_msgs/local_setup.dsv
[1.006s] -- Symlinking: /home/rick/ros_ws/install/cartographer_ros_msgs/share/cartographer_ros_msgs/package.dsv
[1.006s] -- Up-to-date symlink: /home/rick/ros_ws/install/cartographer_ros_msgs/share/ament_index/resource_index/packages/cartographer_ros_msgs
[1.006s] -- Up-to-date symlink: /home/rick/ros_ws/install/cartographer_ros_msgs/share/cartographer_ros_msgs/cmake/rosidl_cmake-extras.cmake
[1.006s] -- Up-to-date symlink: /home/rick/ros_ws/install/cartographer_ros_msgs/share/cartographer_ros_msgs/cmake/ament_cmake_export_dependencies-extras.cmake
[1.006s] -- Up-to-date symlink: /home/rick/ros_ws/install/cartographer_ros_msgs/share/cartographer_ros_msgs/cmake/ament_cmake_export_include_directories-extras.cmake
[1.006s] -- Up-to-date symlink: /home/rick/ros_ws/install/cartographer_ros_msgs/share/cartographer_ros_msgs/cmake/ament_cmake_export_libraries-extras.cmake
[1.006s] -- Up-to-date symlink: /home/rick/ros_ws/install/cartographer_ros_msgs/share/cartographer_ros_msgs/cmake/ament_cmake_export_targets-extras.cmake
[1.006s] -- Up-to-date symlink: /home/rick/ros_ws/install/cartographer_ros_msgs/share/cartographer_ros_msgs/cmake/rosidl_cmake_export_typesupport_targets-extras.cmake
[1.007s] -- Up-to-date symlink: /home/rick/ros_ws/install/cartographer_ros_msgs/share/cartographer_ros_msgs/cmake/rosidl_cmake_export_typesupport_libraries-extras.cmake
[1.007s] -- Up-to-date symlink: /home/rick/ros_ws/install/cartographer_ros_msgs/share/cartographer_ros_msgs/cmake/cartographer_ros_msgsConfig.cmake
[1.007s] -- Up-to-date symlink: /home/rick/ros_ws/install/cartographer_ros_msgs/share/cartographer_ros_msgs/cmake/cartographer_ros_msgsConfig-version.cmake
[1.007s] -- Up-to-date symlink: /home/rick/ros_ws/install/cartographer_ros_msgs/share/cartographer_ros_msgs/package.xml
[1.007s] -- Up-to-date: /home/rick/ros_ws/install/cartographer_ros_msgs/lib/libcartographer_ros_msgs__rosidl_generator_c.so
[1.007s] -- Up-to-date: /home/rick/ros_ws/install/cartographer_ros_msgs/lib/libcartographer_ros_msgs__rosidl_typesupport_fastrtps_c.so
[1.007s] -- Up-to-date: /home/rick/ros_ws/install/cartographer_ros_msgs/lib/libcartographer_ros_msgs__rosidl_typesupport_introspection_c.so
[1.007s] -- Up-to-date: /home/rick/ros_ws/install/cartographer_ros_msgs/lib/libcartographer_ros_msgs__rosidl_typesupport_c.so
[1.007s] -- Up-to-date: /home/rick/ros_ws/install/cartographer_ros_msgs/lib/libcartographer_ros_msgs__rosidl_typesupport_fastrtps_cpp.so
[1.007s] -- Up-to-date: /home/rick/ros_ws/install/cartographer_ros_msgs/lib/libcartographer_ros_msgs__rosidl_typesupport_introspection_cpp.so
[1.007s] -- Up-to-date: /home/rick/ros_ws/install/cartographer_ros_msgs/lib/libcartographer_ros_msgs__rosidl_typesupport_cpp.so
[1.031s] Listing '/home/rick/ros_ws/install/cartographer_ros_msgs/local/lib/python3.10/dist-packages/cartographer_ros_msgs'...
[1.031s] Listing '/home/rick/ros_ws/install/cartographer_ros_msgs/local/lib/python3.10/dist-packages/cartographer_ros_msgs/msg'...
[1.031s] Listing '/home/rick/ros_ws/install/cartographer_ros_msgs/local/lib/python3.10/dist-packages/cartographer_ros_msgs/srv'...
[1.036s] -- Up-to-date: /home/rick/ros_ws/install/cartographer_ros_msgs/lib/libcartographer_ros_msgs__rosidl_generator_py.so
[1.036s] -- Up-to-date: /home/rick/ros_ws/install/cartographer_ros_msgs/share/cartographer_ros_msgs/cmake/export_cartographer_ros_msgs__rosidl_generator_cExport.cmake
[1.036s] -- Up-to-date: /home/rick/ros_ws/install/cartographer_ros_msgs/share/cartographer_ros_msgs/cmake/export_cartographer_ros_msgs__rosidl_generator_cExport-noconfig.cmake
[1.036s] -- Up-to-date: /home/rick/ros_ws/install/cartographer_ros_msgs/share/cartographer_ros_msgs/cmake/export_cartographer_ros_msgs__rosidl_typesupport_fastrtps_cExport.cmake
[1.036s] -- Up-to-date: /home/rick/ros_ws/install/cartographer_ros_msgs/share/cartographer_ros_msgs/cmake/export_cartographer_ros_msgs__rosidl_typesupport_fastrtps_cExport-noconfig.cmake
[1.036s] -- Up-to-date: /home/rick/ros_ws/install/cartographer_ros_msgs/share/cartographer_ros_msgs/cmake/cartographer_ros_msgs__rosidl_typesupport_introspection_cExport.cmake
[1.036s] -- Up-to-date: /home/rick/ros_ws/install/cartographer_ros_msgs/share/cartographer_ros_msgs/cmake/cartographer_ros_msgs__rosidl_typesupport_introspection_cExport-noconfig.cmake
[1.036s] -- Up-to-date: /home/rick/ros_ws/install/cartographer_ros_msgs/share/cartographer_ros_msgs/cmake/cartographer_ros_msgs__rosidl_typesupport_cExport.cmake
[1.036s] -- Up-to-date: /home/rick/ros_ws/install/cartographer_ros_msgs/share/cartographer_ros_msgs/cmake/cartographer_ros_msgs__rosidl_typesupport_cExport-noconfig.cmake
[1.036s] -- Up-to-date: /home/rick/ros_ws/install/cartographer_ros_msgs/share/cartographer_ros_msgs/cmake/export_cartographer_ros_msgs__rosidl_generator_cppExport.cmake
[1.036s] -- Up-to-date: /home/rick/ros_ws/install/cartographer_ros_msgs/share/cartographer_ros_msgs/cmake/export_cartographer_ros_msgs__rosidl_typesupport_fastrtps_cppExport.cmake
[1.036s] -- Up-to-date: /home/rick/ros_ws/install/cartographer_ros_msgs/share/cartographer_ros_msgs/cmake/export_cartographer_ros_msgs__rosidl_typesupport_fastrtps_cppExport-noconfig.cmake
[1.036s] -- Up-to-date: /home/rick/ros_ws/install/cartographer_ros_msgs/share/cartographer_ros_msgs/cmake/cartographer_ros_msgs__rosidl_typesupport_introspection_cppExport.cmake
[1.037s] -- Up-to-date: /home/rick/ros_ws/install/cartographer_ros_msgs/share/cartographer_ros_msgs/cmake/cartographer_ros_msgs__rosidl_typesupport_introspection_cppExport-noconfig.cmake
[1.037s] -- Up-to-date: /home/rick/ros_ws/install/cartographer_ros_msgs/share/cartographer_ros_msgs/cmake/cartographer_ros_msgs__rosidl_typesupport_cppExport.cmake
[1.037s] -- Up-to-date: /home/rick/ros_ws/install/cartographer_ros_msgs/share/cartographer_ros_msgs/cmake/cartographer_ros_msgs__rosidl_typesupport_cppExport-noconfig.cmake
[1.037s] -- Up-to-date: /home/rick/ros_ws/install/cartographer_ros_msgs/share/cartographer_ros_msgs/cmake/export_cartographer_ros_msgs__rosidl_generator_pyExport.cmake
[1.037s] -- Up-to-date: /home/rick/ros_ws/install/cartographer_ros_msgs/share/cartographer_ros_msgs/cmake/export_cartographer_ros_msgs__rosidl_generator_pyExport-noconfig.cmake
[1.121s] Invoked command in '/home/rick/ros_ws/build/cartographer_ros_msgs' returned '0': CMAKE_PREFIX_PATH=${CMAKE_PREFIX_PATH}:/home/rick/ros_ws/install/ayuda_description:/opt/ros/humble /home/rick/.local/bin/cmake --install /home/rick/ros_ws/build/cartographer_ros_msgs
