[0.203s] Invoking command in '/home/rick/ros_ws/build/imu_filter_madgwick': CMAKE_PREFIX_PATH=${CMAKE_PREFIX_PATH}:/home/rick/ros_ws/install/ayuda_description:/opt/ros/humble /home/rick/.local/bin/cmake --build /home/rick/ros_ws/build/imu_filter_madgwick -- -j24 -l24
[0.399s] [ 14%] Built target gtest_main
[0.399s] [ 28%] Built target gtest
[0.399s] [ 57%] Built target imu_filter_madgwick
[0.399s] [ 71%] Built target madgwick_test
[0.399s] [ 85%] Built target imu_filter_madgwick_node
[0.399s] [100%] Built target stateless_orientation_test
[0.402s] Invoked command in '/home/rick/ros_ws/build/imu_filter_madgwick' returned '0': CMAKE_PREFIX_PATH=${CMAKE_PREFIX_PATH}:/home/rick/ros_ws/install/ayuda_description:/opt/ros/humble /home/rick/.local/bin/cmake --build /home/rick/ros_ws/build/imu_filter_madgwick -- -j24 -l24
[0.461s] Invoking command in '/home/rick/ros_ws/build/imu_filter_madgwick': CMAKE_PREFIX_PATH=${CMAKE_PREFIX_PATH}:/home/rick/ros_ws/install/ayuda_description:/opt/ros/humble /home/rick/.local/bin/cmake --install /home/rick/ros_ws/build/imu_filter_madgwick
[0.478s] -- Install configuration: ""
[0.478s] -- Execute custom install script
[0.479s] -- Up-to-date symlink: /home/rick/ros_ws/install/imu_filter_madgwick/include/imu_filter_madgwick/base_node.hpp
[0.479s] -- Up-to-date symlink: /home/rick/ros_ws/install/imu_filter_madgwick/include/imu_filter_madgwick/imu_filter.h
[0.479s] -- Up-to-date symlink: /home/rick/ros_ws/install/imu_filter_madgwick/include/imu_filter_madgwick/imu_filter_ros.h
[0.479s] -- Up-to-date symlink: /home/rick/ros_ws/install/imu_filter_madgwick/include/imu_filter_madgwick/stateless_orientation.h
[0.479s] -- Up-to-date symlink: /home/rick/ros_ws/install/imu_filter_madgwick/include/imu_filter_madgwick/visibility_control.h
[0.479s] -- Up-to-date symlink: /home/rick/ros_ws/install/imu_filter_madgwick/include/imu_filter_madgwick/world_frame.h
[0.480s] -- Up-to-date symlink: /home/rick/ros_ws/install/imu_filter_madgwick/lib/imu_filter_madgwick/imu_filter_madgwick_node
[0.480s] -- Up-to-date symlink: /home/rick/ros_ws/install/imu_filter_madgwick/share/imu_filter_madgwick/launch/imu_filter.launch.py
[0.480s] -- Up-to-date symlink: /home/rick/ros_ws/install/imu_filter_madgwick/share/imu_filter_madgwick/launch/imu_filter_component.launch.py
[0.481s] -- Up-to-date symlink: /home/rick/ros_ws/install/imu_filter_madgwick/share/imu_filter_madgwick/config/imu_filter.yaml
[0.481s] -- Up-to-date symlink: /home/rick/ros_ws/install/imu_filter_madgwick/share/imu_filter_madgwick/environment/library_path.sh
[0.481s] -- Up-to-date symlink: /home/rick/ros_ws/install/imu_filter_madgwick/share/imu_filter_madgwick/environment/library_path.dsv
[0.481s] -- Up-to-date symlink: /home/rick/ros_ws/install/imu_filter_madgwick/share/ament_index/resource_index/package_run_dependencies/imu_filter_madgwick
[0.482s] -- Up-to-date symlink: /home/rick/ros_ws/install/imu_filter_madgwick/share/ament_index/resource_index/parent_prefix_path/imu_filter_madgwick
[0.482s] -- Up-to-date symlink: /home/rick/ros_ws/install/imu_filter_madgwick/share/imu_filter_madgwick/environment/ament_prefix_path.sh
[0.482s] -- Up-to-date symlink: /home/rick/ros_ws/install/imu_filter_madgwick/share/imu_filter_madgwick/environment/ament_prefix_path.dsv
[0.482s] -- Up-to-date symlink: /home/rick/ros_ws/install/imu_filter_madgwick/share/imu_filter_madgwick/environment/path.sh
[0.482s] -- Up-to-date symlink: /home/rick/ros_ws/install/imu_filter_madgwick/share/imu_filter_madgwick/environment/path.dsv
[0.483s] -- Up-to-date symlink: /home/rick/ros_ws/install/imu_filter_madgwick/share/imu_filter_madgwick/local_setup.bash
[0.484s] -- Up-to-date symlink: /home/rick/ros_ws/install/imu_filter_madgwick/share/imu_filter_madgwick/local_setup.sh
[0.485s] -- Up-to-date symlink: /home/rick/ros_ws/install/imu_filter_madgwick/share/imu_filter_madgwick/local_setup.zsh
[0.485s] -- Up-to-date symlink: /home/rick/ros_ws/install/imu_filter_madgwick/share/imu_filter_madgwick/local_setup.dsv
[0.486s] -- Symlinking: /home/rick/ros_ws/install/imu_filter_madgwick/share/imu_filter_madgwick/package.dsv
[0.489s] -- Up-to-date symlink: /home/rick/ros_ws/install/imu_filter_madgwick/share/ament_index/resource_index/packages/imu_filter_madgwick
[0.489s] -- Up-to-date symlink: /home/rick/ros_ws/install/imu_filter_madgwick/share/ament_index/resource_index/rclcpp_components/imu_filter_madgwick
[0.489s] -- Up-to-date symlink: /home/rick/ros_ws/install/imu_filter_madgwick/share/imu_filter_madgwick/cmake/ament_cmake_export_include_directories-extras.cmake
[0.489s] -- Up-to-date symlink: /home/rick/ros_ws/install/imu_filter_madgwick/share/imu_filter_madgwick/cmake/ament_cmake_export_libraries-extras.cmake
[0.489s] -- Up-to-date symlink: /home/rick/ros_ws/install/imu_filter_madgwick/share/imu_filter_madgwick/cmake/ament_cmake_export_targets-extras.cmake
[0.490s] -- Up-to-date symlink: /home/rick/ros_ws/install/imu_filter_madgwick/share/imu_filter_madgwick/cmake/imu_filter_madgwickConfig.cmake
[0.490s] -- Up-to-date symlink: /home/rick/ros_ws/install/imu_filter_madgwick/share/imu_filter_madgwick/cmake/imu_filter_madgwickConfig-version.cmake
[0.490s] -- Up-to-date symlink: /home/rick/ros_ws/install/imu_filter_madgwick/share/imu_filter_madgwick/package.xml
[0.490s] -- Up-to-date: /home/rick/ros_ws/install/imu_filter_madgwick/lib/libimu_filter_madgwick.so
[0.491s] -- Up-to-date: /home/rick/ros_ws/install/imu_filter_madgwick/share/imu_filter_madgwick/cmake/export_imu_filter_madgwickExport.cmake
[0.491s] -- Up-to-date: /home/rick/ros_ws/install/imu_filter_madgwick/share/imu_filter_madgwick/cmake/export_imu_filter_madgwickExport-noconfig.cmake
[0.622s] Invoked command in '/home/rick/ros_ws/build/imu_filter_madgwick' returned '0': CMAKE_PREFIX_PATH=${CMAKE_PREFIX_PATH}:/home/rick/ros_ws/install/ayuda_description:/opt/ros/humble /home/rick/.local/bin/cmake --install /home/rick/ros_ws/build/imu_filter_madgwick
