[0.065s] Invoking command in '/home/rick/ros_ws/build/cartographer': CMAKE_PREFIX_PATH=${CMAKE_PREFIX_PATH}:/opt/ros/humble /home/rick/.local/bin/cmake /home/rick/ros_ws/src/cartographer -DAMENT_CMAKE_SYMLINK_INSTALL=1 -DCMAKE_INSTALL_PREFIX=/home/rick/ros_ws/install/cartographer
[0.139s] -- The C compiler identification is GNU 11.4.0
[0.192s] -- The CXX compiler identification is GNU 11.4.0
[0.203s] -- Detecting C compiler ABI info
[0.239s] -- Detecting C compiler ABI info - done
[0.246s] -- Check for working C compiler: /usr/bin/cc - skipped
[0.246s] -- Detecting C compile features
[0.246s] -- Detecting C compile features - done
[0.252s] -- Detecting CXX compiler ABI info
[0.293s] -- Detecting CXX compiler ABI info - done
[0.300s] -- Check for working CXX compiler: /usr/bin/c++ - skipped
[0.300s] -- Detecting CXX compile features
[0.300s] -- Detecting CXX compile features - done
[0.302s] -- Found ament_cmake: 1.3.5 (/opt/ros/humble/share/ament_cmake/cmake)
[0.576s] -- Found Python3: /usr/bin/python3.10 (found version "3.10.12") found components: Interpreter 
[0.612s] -- Override CMake install command with custom implementation using symlinks instead of copying resources
[0.641s] -- Found ament_lint_auto: 0.12.8 (/opt/ros/humble/share/ament_lint_auto/cmake)
[0.689s] -- Added test 'flake8' to check Python code syntax and style conventions
[0.690s] -- Added test 'lint_cmake' to check CMake code style
[0.690s] -- Added test 'pep257' to check Python code against some of the docstring style conventions in PEP 257
[0.690s] -- Added test 'xmllint' to check XML markup files
[0.692s] -- Configuring done (0.6s)
[0.693s] -- Generating done (0.0s)
[0.693s] -- Build files have been written to: /home/rick/ros_ws/build/cartographer
[0.698s] Invoked command in '/home/rick/ros_ws/build/cartographer' returned '0': CMAKE_PREFIX_PATH=${CMAKE_PREFIX_PATH}:/opt/ros/humble /home/rick/.local/bin/cmake /home/rick/ros_ws/src/cartographer -DAMENT_CMAKE_SYMLINK_INSTALL=1 -DCMAKE_INSTALL_PREFIX=/home/rick/ros_ws/install/cartographer
[0.699s] Invoking command in '/home/rick/ros_ws/build/cartographer': CMAKE_PREFIX_PATH=${CMAKE_PREFIX_PATH}:/opt/ros/humble /home/rick/.local/bin/cmake --build /home/rick/ros_ws/build/cartographer -- -j24 -l24
[0.724s] Invoked command in '/home/rick/ros_ws/build/cartographer' returned '0': CMAKE_PREFIX_PATH=${CMAKE_PREFIX_PATH}:/opt/ros/humble /home/rick/.local/bin/cmake --build /home/rick/ros_ws/build/cartographer -- -j24 -l24
[0.748s] Invoking command in '/home/rick/ros_ws/build/cartographer': CMAKE_PREFIX_PATH=${CMAKE_PREFIX_PATH}:/opt/ros/humble /home/rick/.local/bin/cmake --install /home/rick/ros_ws/build/cartographer
[0.761s] -- Install configuration: ""
[0.762s] -- Execute custom install script
[0.762s] -- Symlinking: /home/rick/ros_ws/install/cartographer/share/ament_index/resource_index/package_run_dependencies/cartographer
[0.764s] -- Symlinking: /home/rick/ros_ws/install/cartographer/share/ament_index/resource_index/parent_prefix_path/cartographer
[0.765s] -- Symlinking: /home/rick/ros_ws/install/cartographer/share/cartographer/environment/ament_prefix_path.sh
[0.767s] -- Symlinking: /home/rick/ros_ws/install/cartographer/share/cartographer/environment/ament_prefix_path.dsv
[0.768s] -- Symlinking: /home/rick/ros_ws/install/cartographer/share/cartographer/environment/path.sh
[0.770s] -- Symlinking: /home/rick/ros_ws/install/cartographer/share/cartographer/environment/path.dsv
[0.772s] -- Symlinking: /home/rick/ros_ws/install/cartographer/share/cartographer/local_setup.bash
[0.773s] -- Symlinking: /home/rick/ros_ws/install/cartographer/share/cartographer/local_setup.sh
[0.775s] -- Symlinking: /home/rick/ros_ws/install/cartographer/share/cartographer/local_setup.zsh
[0.776s] -- Symlinking: /home/rick/ros_ws/install/cartographer/share/cartographer/local_setup.dsv
[0.778s] -- Symlinking: /home/rick/ros_ws/install/cartographer/share/cartographer/package.dsv
[0.779s] -- Symlinking: /home/rick/ros_ws/install/cartographer/share/ament_index/resource_index/packages/cartographer
[0.781s] -- Symlinking: /home/rick/ros_ws/install/cartographer/share/cartographer/cmake/cartographerConfig.cmake
[0.782s] -- Symlinking: /home/rick/ros_ws/install/cartographer/share/cartographer/cmake/cartographerConfig-version.cmake
[0.785s] -- Symlinking: /home/rick/ros_ws/install/cartographer/share/cartographer/package.xml
[0.785s] -- Symlinking: /home/rick/ros_ws/install/cartographer/share/cartographer/config/2d.lua
[0.787s] -- Symlinking: /home/rick/ros_ws/install/cartographer/share/cartographer/launch/cartographer.launch.py
[0.792s] Invoked command in '/home/rick/ros_ws/build/cartographer' returned '0': CMAKE_PREFIX_PATH=${CMAKE_PREFIX_PATH}:/opt/ros/humble /home/rick/.local/bin/cmake --install /home/rick/ros_ws/build/cartographer
