[0.032s] Invoking command in '/home/rick/ros_ws/build/ds4_driver': AMENT_PREFIX_PATH=/home/rick/ros_ws/install/ds4_driver_msgs:${AMENT_PREFIX_PATH} CMAKE_PREFIX_PATH=/home/rick/ros_ws/install/ds4_driver_msgs:/home/rick/ros_ws/install/ros_bot:/opt/ros/humble LD_LIBRARY_PATH=/home/rick/ros_ws/install/ds4_driver_msgs/lib:/opt/ros/humble/opt/rviz_ogre_vendor/lib:/opt/ros/humble/lib/x86_64-linux-gnu:/opt/ros/humble/lib:/usr/local/cuda/lib64 PYTHONPATH=/home/rick/ros_ws/install/ds4_driver_msgs/local/lib/python3.10/dist-packages:${PYTHONPATH} /usr/bin/cmake /home/rick/ros_ws/src/ds4_driver/ds4_driver -DAMENT_CMAKE_SYMLINK_INSTALL=1 -DCMAKE_INSTALL_PREFIX=/home/rick/ros_ws/install/ds4_driver
[0.060s] -- The C compiler identification is GNU 11.4.0
[0.094s] -- The CXX compiler identification is GNU 11.4.0
[0.098s] -- Detecting C compiler ABI info
[0.135s] -- Detecting C compiler ABI info - done
[0.139s] -- Check for working C compiler: /usr/bin/cc - skipped
[0.139s] -- Detecting C compile features
[0.139s] -- Detecting C compile features - done
[0.141s] -- Detecting CXX compiler ABI info
[0.185s] -- Detecting CXX compiler ABI info - done
[0.189s] -- Check for working CXX compiler: /usr/bin/c++ - skipped
[0.189s] -- Detecting CXX compile features
[0.189s] -- Detecting CXX compile features - done
[0.190s] -- Found ament_cmake: 1.3.5 (/opt/ros/humble/share/ament_cmake/cmake)
[0.288s] -- Found Python3: /usr/bin/python3.10 (found version "3.10.12") found components: Interpreter 
[0.323s] -- Override CMake install command with custom implementation using symlinks instead of copying resources
[0.335s] -- Found sensor_msgs: 4.2.3 (/opt/ros/humble/share/sensor_msgs/cmake)
[0.353s] -- Found rosidl_generator_c: 3.1.5 (/opt/ros/humble/share/rosidl_generator_c/cmake)
[0.356s] -- Found rosidl_adapter: 3.1.5 (/opt/ros/humble/share/rosidl_adapter/cmake)
[0.360s] -- Found rosidl_generator_cpp: 3.1.5 (/opt/ros/humble/share/rosidl_generator_cpp/cmake)
[0.368s] -- Using all available rosidl_typesupport_c: rosidl_typesupport_fastrtps_c;rosidl_typesupport_introspection_c
[0.378s] -- Using all available rosidl_typesupport_cpp: rosidl_typesupport_fastrtps_cpp;rosidl_typesupport_introspection_cpp
[0.497s] -- Found ds4_driver_msgs: 0.0.0 (/home/rick/ros_ws/install/ds4_driver_msgs/share/ds4_driver_msgs/cmake)
[0.550s] -- Found ament_lint_auto: 0.12.8 (/opt/ros/humble/share/ament_lint_auto/cmake)
[0.632s] -- Added test 'copyright' to check source files copyright and LICENSE
[0.633s] -- Added test 'flake8' to check Python code syntax and style conventions
[0.633s] -- Added test 'lint_cmake' to check CMake code style
[0.633s] -- Added test 'pep257' to check Python code against some of the docstring style conventions in PEP 257
[0.634s] -- Added test 'xmllint' to check XML markup files
[0.634s] -- Configuring done
[0.636s] -- Generating done
[0.637s] -- Build files have been written to: /home/rick/ros_ws/build/ds4_driver
[0.641s] Invoked command in '/home/rick/ros_ws/build/ds4_driver' returned '0': AMENT_PREFIX_PATH=/home/rick/ros_ws/install/ds4_driver_msgs:${AMENT_PREFIX_PATH} CMAKE_PREFIX_PATH=/home/rick/ros_ws/install/ds4_driver_msgs:/home/rick/ros_ws/install/ros_bot:/opt/ros/humble LD_LIBRARY_PATH=/home/rick/ros_ws/install/ds4_driver_msgs/lib:/opt/ros/humble/opt/rviz_ogre_vendor/lib:/opt/ros/humble/lib/x86_64-linux-gnu:/opt/ros/humble/lib:/usr/local/cuda/lib64 PYTHONPATH=/home/rick/ros_ws/install/ds4_driver_msgs/local/lib/python3.10/dist-packages:${PYTHONPATH} /usr/bin/cmake /home/rick/ros_ws/src/ds4_driver/ds4_driver -DAMENT_CMAKE_SYMLINK_INSTALL=1 -DCMAKE_INSTALL_PREFIX=/home/rick/ros_ws/install/ds4_driver
[0.641s] Invoking command in '/home/rick/ros_ws/build/ds4_driver': AMENT_PREFIX_PATH=/home/rick/ros_ws/install/ds4_driver_msgs:${AMENT_PREFIX_PATH} CMAKE_PREFIX_PATH=/home/rick/ros_ws/install/ds4_driver_msgs:/home/rick/ros_ws/install/ros_bot:/opt/ros/humble LD_LIBRARY_PATH=/home/rick/ros_ws/install/ds4_driver_msgs/lib:/opt/ros/humble/opt/rviz_ogre_vendor/lib:/opt/ros/humble/lib/x86_64-linux-gnu:/opt/ros/humble/lib:/usr/local/cuda/lib64 PYTHONPATH=/home/rick/ros_ws/install/ds4_driver_msgs/local/lib/python3.10/dist-packages:${PYTHONPATH} /usr/bin/cmake --build /home/rick/ros_ws/build/ds4_driver -- -j24 -l24
[0.677s] Built target ament_cmake_python_symlink_ds4_driver
[0.800s] running egg_info
[0.800s] creating ds4_driver.egg-info
[0.800s] writing ds4_driver.egg-info/PKG-INFO
[0.800s] writing dependency_links to ds4_driver.egg-info/dependency_links.txt
[0.800s] writing top-level names to ds4_driver.egg-info/top_level.txt
[0.800s] writing manifest file 'ds4_driver.egg-info/SOURCES.txt'
[0.801s] reading manifest file 'ds4_driver.egg-info/SOURCES.txt'
[0.801s] writing manifest file 'ds4_driver.egg-info/SOURCES.txt'
[0.817s] Built target ament_cmake_python_build_ds4_driver_egg
[0.822s] Invoked command in '/home/rick/ros_ws/build/ds4_driver' returned '0': AMENT_PREFIX_PATH=/home/rick/ros_ws/install/ds4_driver_msgs:${AMENT_PREFIX_PATH} CMAKE_PREFIX_PATH=/home/rick/ros_ws/install/ds4_driver_msgs:/home/rick/ros_ws/install/ros_bot:/opt/ros/humble LD_LIBRARY_PATH=/home/rick/ros_ws/install/ds4_driver_msgs/lib:/opt/ros/humble/opt/rviz_ogre_vendor/lib:/opt/ros/humble/lib/x86_64-linux-gnu:/opt/ros/humble/lib:/usr/local/cuda/lib64 PYTHONPATH=/home/rick/ros_ws/install/ds4_driver_msgs/local/lib/python3.10/dist-packages:${PYTHONPATH} /usr/bin/cmake --build /home/rick/ros_ws/build/ds4_driver -- -j24 -l24
[0.835s] Invoking command in '/home/rick/ros_ws/build/ds4_driver': AMENT_PREFIX_PATH=/home/rick/ros_ws/install/ds4_driver_msgs:${AMENT_PREFIX_PATH} CMAKE_PREFIX_PATH=/home/rick/ros_ws/install/ds4_driver_msgs:/home/rick/ros_ws/install/ros_bot:/opt/ros/humble LD_LIBRARY_PATH=/home/rick/ros_ws/install/ds4_driver_msgs/lib:/opt/ros/humble/opt/rviz_ogre_vendor/lib:/opt/ros/humble/lib/x86_64-linux-gnu:/opt/ros/humble/lib:/usr/local/cuda/lib64 PYTHONPATH=/home/rick/ros_ws/install/ds4_driver_msgs/local/lib/python3.10/dist-packages:${PYTHONPATH} /usr/bin/cmake --install /home/rick/ros_ws/build/ds4_driver
[0.838s] -- Install configuration: ""
[0.838s] -- Execute custom install script
[0.839s] -- Symlinking: /home/rick/ros_ws/install/ds4_driver/share/ds4_driver/environment/pythonpath.sh
[0.844s] -- Symlinking: /home/rick/ros_ws/install/ds4_driver/share/ds4_driver/environment/pythonpath.dsv
[0.849s] -- Symlinking: /home/rick/ros_ws/install/ds4_driver/local/lib/python3.10/dist-packages/ds4_driver-0.2.1-py3.10.egg-info/PKG-INFO
[0.853s] -- Symlinking: /home/rick/ros_ws/install/ds4_driver/local/lib/python3.10/dist-packages/ds4_driver-0.2.1-py3.10.egg-info/SOURCES.txt
[0.858s] -- Symlinking: /home/rick/ros_ws/install/ds4_driver/local/lib/python3.10/dist-packages/ds4_driver-0.2.1-py3.10.egg-info/dependency_links.txt
[0.863s] -- Symlinking: /home/rick/ros_ws/install/ds4_driver/local/lib/python3.10/dist-packages/ds4_driver-0.2.1-py3.10.egg-info/top_level.txt
[0.867s] -- Symlinking: /home/rick/ros_ws/install/ds4_driver/local/lib/python3.10/dist-packages/ds4_driver/__init__.py
[0.872s] -- Symlinking: /home/rick/ros_ws/install/ds4_driver/local/lib/python3.10/dist-packages/ds4_driver/controller.py
[0.877s] -- Symlinking: /home/rick/ros_ws/install/ds4_driver/local/lib/python3.10/dist-packages/ds4_driver/controller_ros.py
[0.881s] -- Symlinking: /home/rick/ros_ws/install/ds4_driver/local/lib/python3.10/dist-packages/ds4_driver/logger.py
[0.885s] -- Symlinking: /home/rick/ros_ws/install/ds4_driver/share/ds4_driver//config/params.yaml
[0.890s] -- Symlinking: /home/rick/ros_ws/install/ds4_driver/share/ds4_driver//config/twist_2dof.yaml
[0.895s] -- Symlinking: /home/rick/ros_ws/install/ds4_driver/share/ds4_driver//config/twist_6dof.yaml
[0.899s] -- Symlinking: /home/rick/ros_ws/install/ds4_driver/share/ds4_driver//launch/demo.launch.xml
[0.904s] -- Symlinking: /home/rick/ros_ws/install/ds4_driver/share/ds4_driver//launch/ds4_driver.launch.xml
[0.908s] -- Symlinking: /home/rick/ros_ws/install/ds4_driver/share/ds4_driver//launch/ds4_twist.launch.xml
[0.913s] -- Symlinking: /home/rick/ros_ws/install/ds4_driver/lib/ds4_driver/demo.py
[0.918s] -- Symlinking: /home/rick/ros_ws/install/ds4_driver/lib/ds4_driver/ds4_driver_node.py
[0.922s] -- Symlinking: /home/rick/ros_ws/install/ds4_driver/lib/ds4_driver/ds4_twist_node.py
[0.927s] -- Symlinking: /home/rick/ros_ws/install/ds4_driver/share/ament_index/resource_index/package_run_dependencies/ds4_driver
[0.931s] -- Symlinking: /home/rick/ros_ws/install/ds4_driver/share/ament_index/resource_index/parent_prefix_path/ds4_driver
[0.936s] -- Symlinking: /home/rick/ros_ws/install/ds4_driver/share/ds4_driver/environment/ament_prefix_path.sh
[0.941s] -- Symlinking: /home/rick/ros_ws/install/ds4_driver/share/ds4_driver/environment/ament_prefix_path.dsv
[0.946s] -- Symlinking: /home/rick/ros_ws/install/ds4_driver/share/ds4_driver/environment/path.sh
[0.950s] -- Symlinking: /home/rick/ros_ws/install/ds4_driver/share/ds4_driver/environment/path.dsv
[0.955s] -- Symlinking: /home/rick/ros_ws/install/ds4_driver/share/ds4_driver/local_setup.bash
[0.959s] -- Symlinking: /home/rick/ros_ws/install/ds4_driver/share/ds4_driver/local_setup.sh
[0.964s] -- Symlinking: /home/rick/ros_ws/install/ds4_driver/share/ds4_driver/local_setup.zsh
[0.968s] -- Symlinking: /home/rick/ros_ws/install/ds4_driver/share/ds4_driver/local_setup.dsv
[0.973s] -- Symlinking: /home/rick/ros_ws/install/ds4_driver/share/ds4_driver/package.dsv
[0.978s] -- Symlinking: /home/rick/ros_ws/install/ds4_driver/share/ament_index/resource_index/packages/ds4_driver
[0.982s] -- Symlinking: /home/rick/ros_ws/install/ds4_driver/share/ds4_driver/cmake/ds4_driverConfig.cmake
[0.986s] -- Symlinking: /home/rick/ros_ws/install/ds4_driver/share/ds4_driver/cmake/ds4_driverConfig-version.cmake
[0.991s] -- Symlinking: /home/rick/ros_ws/install/ds4_driver/share/ds4_driver/package.xml
[1.015s] Listing '/home/rick/ros_ws/install/ds4_driver/local/lib/python3.10/dist-packages/ds4_driver'...
[1.015s] Compiling '/home/rick/ros_ws/install/ds4_driver/local/lib/python3.10/dist-packages/ds4_driver/__init__.py'...
[1.015s] Compiling '/home/rick/ros_ws/install/ds4_driver/local/lib/python3.10/dist-packages/ds4_driver/controller.py'...
[1.015s] Compiling '/home/rick/ros_ws/install/ds4_driver/local/lib/python3.10/dist-packages/ds4_driver/controller_ros.py'...
[1.015s] Compiling '/home/rick/ros_ws/install/ds4_driver/local/lib/python3.10/dist-packages/ds4_driver/logger.py'...
[1.019s] Invoked command in '/home/rick/ros_ws/build/ds4_driver' returned '0': AMENT_PREFIX_PATH=/home/rick/ros_ws/install/ds4_driver_msgs:${AMENT_PREFIX_PATH} CMAKE_PREFIX_PATH=/home/rick/ros_ws/install/ds4_driver_msgs:/home/rick/ros_ws/install/ros_bot:/opt/ros/humble LD_LIBRARY_PATH=/home/rick/ros_ws/install/ds4_driver_msgs/lib:/opt/ros/humble/opt/rviz_ogre_vendor/lib:/opt/ros/humble/lib/x86_64-linux-gnu:/opt/ros/humble/lib:/usr/local/cuda/lib64 PYTHONPATH=/home/rick/ros_ws/install/ds4_driver_msgs/local/lib/python3.10/dist-packages:${PYTHONPATH} /usr/bin/cmake --install /home/rick/ros_ws/build/ds4_driver
