[0.341s] Invoking command in '/home/rick/ros_ws/build/cartographer_ros_msgs': /home/rick/.local/bin/cmake /home/rick/ros_ws/src/cartographer_ros/cartographer_ros_msgs -DCATKIN_INSTALL_INTO_PREFIX_ROOT=0 -DCATKIN_SYMLINK_INSTALL=ON -DCMAKE_INSTALL_PREFIX=/home/rick/ros_ws/install/cartographer_ros_msgs
[0.551s] -- Configuring incomplete, errors occurred!
[0.555s] [0mCMake Deprecation Warning at CMakeLists.txt:15 (cmake_minimum_required):
[0.555s]   Compatibility with CMake < 3.5 will be removed from a future version of
[0.555s]   CMake.
[0.555s] 
[0.555s]   Update the VERSION argument <min> value or use a ...<max> suffix to tell
[0.556s]   CMake that the project does not need compatibility with older versions.
[0.556s] 
[0.556s] [0m
[0.556s] [31mCMake Error at CMakeLists.txt:24 (find_package):
[0.556s]   By not providing "Findcatkin.cmake" in CMAKE_MODULE_PATH this project has
[0.556s]   asked CMake to find a package configuration file provided by "catkin", but
[0.556s]   CMake did not find one.
[0.556s] 
[0.556s]   Could not find a package configuration file provided by "catkin" with any
[0.556s]   of the following names:
[0.556s] 
[0.556s]     catkinConfig.cmake
[0.556s]     catkin-config.cmake
[0.556s] 
[0.556s]   Add the installation prefix of "catkin" to CMAKE_PREFIX_PATH or set
[0.557s]   "catkin_DIR" to a directory containing one of the above files.  If "catkin"
[0.557s]   provides a separate development package or SDK, be sure it has been
[0.557s]   installed.
[0.557s] 
[0.557s] [0m
[0.562s] Invoked command in '/home/rick/ros_ws/build/cartographer_ros_msgs' returned '1': /home/rick/.local/bin/cmake /home/rick/ros_ws/src/cartographer_ros/cartographer_ros_msgs -DCATKIN_INSTALL_INTO_PREFIX_ROOT=0 -DCATKIN_SYMLINK_INSTALL=ON -DCMAKE_INSTALL_PREFIX=/home/rick/ros_ws/install/cartographer_ros_msgs
