-- Found ament_cmake: 1.3.5 (/opt/ros/humble/share/ament_cmake/cmake)
-- Override CMake install command with custom implementation using symlinks instead of copying resources
-- Found builtin_interfaces: 1.2.1 (/opt/ros/humble/share/builtin_interfaces/cmake)
-- Found rosidl_generator_c: 3.1.5 (/opt/ros/humble/share/rosidl_generator_c/cmake)
-- Found rosidl_adapter: 3.1.5 (/opt/ros/humble/share/rosidl_adapter/cmake)
-- Found rosidl_generator_cpp: 3.1.5 (/opt/ros/humble/share/rosidl_generator_cpp/cmake)
-- Using all available rosidl_typesupport_c: rosidl_typesupport_fastrtps_c;rosidl_typesupport_introspection_c
-- Using all available rosidl_typesupport_cpp: rosidl_typesupport_fastrtps_cpp;rosidl_typesupport_introspection_cpp
-- Found required Ceres dependency: Eigen version 3.4.0 in /usr/include/eigen3
-- Found required Ceres dependency: glog
-- Found required Ceres dependency: gflags
-- Found Ceres version: 2.0.0 installed in: /usr with components: [EigenSparse, SparseLinearAlgebraLibrary, LAPACK, SuiteSparse, CXSparse, SchurSpecializations, Multithreading]
-- Found cartographer_ros_msgs: 2.0.9001 (/home/rick/ros_ws/install/cartographer_ros_msgs/share/cartographer_ros_msgs/cmake)
-- Eigen found (include: /usr/include/eigen3, version: 3.4.0)
-- looking for PCL_COMMON
-- Found nav_msgs: 4.2.3 (/opt/ros/humble/share/nav_msgs/cmake)
-- Found pcl_conversions: 2.4.0 (/opt/ros/humble/share/pcl_conversions/cmake)
-- Found rmw_implementation_cmake: 6.1.1 (/opt/ros/humble/share/rmw_implementation_cmake/cmake)
-- Found rmw_cyclonedds_cpp: 1.3.4 (/opt/ros/humble/share/rmw_cyclonedds_cpp/cmake)
-- Using RMW implementation 'rmw_cyclonedds_cpp' as default
-- Found rosbag2_cpp: 0.15.8 (/opt/ros/humble/share/rosbag2_cpp/cmake)
-- Found tf2: 0.25.4 (/opt/ros/humble/share/tf2/cmake)
-- Found tf2_eigen: 0.25.4 (/opt/ros/humble/share/tf2_eigen/cmake)
-- Found urdf: 2.6.0 (/opt/ros/humble/share/urdf/cmake)
-- Found visualization_msgs: 4.2.3 (/opt/ros/humble/share/visualization_msgs/cmake)
-- Configuring done (1.6s)
-- Generating done (0.1s)
-- Build files have been written to: /home/rick/ros_ws/build/cartographer_ros
[  2%] [32mBuilding CXX object CMakeFiles/cartographer_ros.dir/src/assets_writer.cpp.o[0m
[  5%] [32mBuilding CXX object CMakeFiles/cartographer_ros.dir/src/map_builder_bridge.cpp.o[0m
[  8%] [32mBuilding CXX object CMakeFiles/cartographer_ros.dir/src/msg_conversion.cpp.o[0m
[ 11%] [32mBuilding CXX object CMakeFiles/cartographer_ros.dir/src/node_constants.cpp.o[0m
[ 14%] [32mBuilding CXX object CMakeFiles/cartographer_ros.dir/src/node.cpp.o[0m
[ 17%] [32mBuilding CXX object CMakeFiles/cartographer_ros.dir/src/node_options.cpp.o[0m
[ 20%] [32mBuilding CXX object CMakeFiles/cartographer_ros.dir/src/offline_node.cpp.o[0m
[ 22%] [32mBuilding CXX object CMakeFiles/cartographer_ros.dir/src/playable_bag.cpp.o[0m
[ 25%] [32mBuilding CXX object CMakeFiles/cartographer_ros.dir/src/ros_map.cpp.o[0m
[ 28%] [32mBuilding CXX object CMakeFiles/cartographer_ros.dir/src/ros_log_sink.cpp.o[0m
[ 31%] [32mBuilding CXX object CMakeFiles/cartographer_ros.dir/src/ros_map_writing_points_processor.cpp.o[0m
[ 34%] [32mBuilding CXX object CMakeFiles/cartographer_ros.dir/src/sensor_bridge.cpp.o[0m
[ 37%] [32mBuilding CXX object CMakeFiles/cartographer_ros.dir/src/submap.cpp.o[0m
[ 40%] [32mBuilding CXX object CMakeFiles/cartographer_ros.dir/src/tf_bridge.cpp.o[0m
[ 42%] [32mBuilding CXX object CMakeFiles/cartographer_ros.dir/src/time_conversion.cpp.o[0m
[ 45%] [32mBuilding CXX object CMakeFiles/cartographer_ros.dir/src/trajectory_options.cpp.o[0m
[ 48%] [32mBuilding CXX object CMakeFiles/cartographer_ros.dir/src/urdf_reader.cpp.o[0m
[ 51%] [32mBuilding CXX object CMakeFiles/cartographer_ros.dir/src/metrics/family_factory.cpp.o[0m
[ 54%] [32mBuilding CXX object CMakeFiles/cartographer_ros.dir/src/metrics/internal/family.cpp.o[0m
[ 57%] [32mBuilding CXX object CMakeFiles/cartographer_ros.dir/src/metrics/internal/histogram.cpp.o[0m
[ 60%] [32m[1mLinking CXX static library libcartographer_ros.a[0m
[ 60%] Built target cartographer_ros
[ 65%] [32mBuilding CXX object CMakeFiles/cartographer_offline_node.dir/src/offline_node_main.cpp.o[0m
[ 65%] [32mBuilding CXX object CMakeFiles/cartographer_assets_writer.dir/src/assets_writer_main.cpp.o[0m
[ 71%] [32mBuilding CXX object CMakeFiles/cartographer_pbstream_to_ros_map.dir/src/pbstream_to_ros_map_main.cpp.o[0m
[ 74%] [32mBuilding CXX object CMakeFiles/cartographer_occupancy_grid_node.dir/src/occupancy_grid_node_main.cpp.o[0m
[ 74%] [32mBuilding CXX object CMakeFiles/cartographer_pbstream_map_publisher.dir/src/pbstream_map_publisher_main.cpp.o[0m
[ 77%] [32mBuilding CXX object CMakeFiles/cartographer_node.dir/src/node_main.cpp.o[0m
[ 80%] [32mBuilding CXX object CMakeFiles/cartographer_rosbag_validate.dir/src/rosbag_validate_main.cpp.o[0m
[ 82%] [32m[1mLinking CXX executable cartographer_offline_node[0m
[ 85%] [32m[1mLinking CXX executable cartographer_pbstream_to_ros_map[0m
[ 85%] Built target cartographer_pbstream_to_ros_map
[ 88%] [32m[1mLinking CXX executable cartographer_assets_writer[0m
[ 88%] Built target cartographer_assets_writer
[ 91%] [32m[1mLinking CXX executable cartographer_node[0m
[ 94%] [32m[1mLinking CXX executable cartographer_pbstream_map_publisher[0m
[ 94%] Built target cartographer_pbstream_map_publisher
[ 97%] [32m[1mLinking CXX executable cartographer_rosbag_validate[0m
[ 97%] Built target cartographer_rosbag_validate
[ 97%] Built target cartographer_offline_node
[ 97%] Built target cartographer_node
[100%] [32m[1mLinking CXX executable cartographer_occupancy_grid_node[0m
[100%] Built target cartographer_occupancy_grid_node
-- Install configuration: ""
-- Execute custom install script
-- Up-to-date symlink: /home/rick/ros_ws/install/cartographer_ros/lib/libcartographer_ros.a
-- Up-to-date symlink: /home/rick/ros_ws/install/cartographer_ros/lib/cartographer_ros/cartographer_node
-- Up-to-date symlink: /home/rick/ros_ws/install/cartographer_ros/lib/cartographer_ros/cartographer_occupancy_grid_node
-- Up-to-date symlink: /home/rick/ros_ws/install/cartographer_ros/lib/cartographer_ros/cartographer_offline_node
-- Up-to-date symlink: /home/rick/ros_ws/install/cartographer_ros/lib/cartographer_ros/cartographer_assets_writer
-- Up-to-date symlink: /home/rick/ros_ws/install/cartographer_ros/lib/cartographer_ros/cartographer_pbstream_map_publisher
-- Up-to-date symlink: /home/rick/ros_ws/install/cartographer_ros/lib/cartographer_ros/cartographer_pbstream_to_ros_map
-- Up-to-date symlink: /home/rick/ros_ws/install/cartographer_ros/lib/cartographer_ros/cartographer_rosbag_validate
-- Up-to-date symlink: /home/rick/ros_ws/install/cartographer_ros/include//cartographer_ros/assets_writer.h
-- Up-to-date symlink: /home/rick/ros_ws/install/cartographer_ros/include//cartographer_ros/map_builder_bridge.h
-- Up-to-date symlink: /home/rick/ros_ws/install/cartographer_ros/include//cartographer_ros/metrics/family_factory.h
-- Up-to-date symlink: /home/rick/ros_ws/install/cartographer_ros/include//cartographer_ros/metrics/internal/counter.h
-- Up-to-date symlink: /home/rick/ros_ws/install/cartographer_ros/include//cartographer_ros/metrics/internal/family.h
-- Up-to-date symlink: /home/rick/ros_ws/install/cartographer_ros/include//cartographer_ros/metrics/internal/gauge.h
-- Up-to-date symlink: /home/rick/ros_ws/install/cartographer_ros/include//cartographer_ros/metrics/internal/histogram.h
-- Up-to-date symlink: /home/rick/ros_ws/install/cartographer_ros/include//cartographer_ros/msg_conversion.h
-- Up-to-date symlink: /home/rick/ros_ws/install/cartographer_ros/include//cartographer_ros/node.h
-- Up-to-date symlink: /home/rick/ros_ws/install/cartographer_ros/include//cartographer_ros/node_constants.h
-- Up-to-date symlink: /home/rick/ros_ws/install/cartographer_ros/include//cartographer_ros/node_options.h
-- Up-to-date symlink: /home/rick/ros_ws/install/cartographer_ros/include//cartographer_ros/offline_node.h
-- Up-to-date symlink: /home/rick/ros_ws/install/cartographer_ros/include//cartographer_ros/playable_bag.h
-- Up-to-date symlink: /home/rick/ros_ws/install/cartographer_ros/include//cartographer_ros/ros_log_sink.h
-- Up-to-date symlink: /home/rick/ros_ws/install/cartographer_ros/include//cartographer_ros/ros_map.h
-- Up-to-date symlink: /home/rick/ros_ws/install/cartographer_ros/include//cartographer_ros/ros_map_writing_points_processor.h
-- Up-to-date symlink: /home/rick/ros_ws/install/cartographer_ros/include//cartographer_ros/sensor_bridge.h
-- Up-to-date symlink: /home/rick/ros_ws/install/cartographer_ros/include//cartographer_ros/submap.h
-- Up-to-date symlink: /home/rick/ros_ws/install/cartographer_ros/include//cartographer_ros/tf_bridge.h
-- Up-to-date symlink: /home/rick/ros_ws/install/cartographer_ros/include//cartographer_ros/time_conversion.h
-- Up-to-date symlink: /home/rick/ros_ws/install/cartographer_ros/include//cartographer_ros/trajectory_options.h
-- Up-to-date symlink: /home/rick/ros_ws/install/cartographer_ros/include//cartographer_ros/urdf_reader.h
-- Up-to-date symlink: /home/rick/ros_ws/install/cartographer_ros/share/cartographer_ros//configuration_files/assets_writer_backpack_2d.lua
-- Up-to-date symlink: /home/rick/ros_ws/install/cartographer_ros/share/cartographer_ros//configuration_files/assets_writer_backpack_2d_ci.lua
-- Up-to-date symlink: /home/rick/ros_ws/install/cartographer_ros/share/cartographer_ros//configuration_files/assets_writer_backpack_3d.lua
-- Up-to-date symlink: /home/rick/ros_ws/install/cartographer_ros/share/cartographer_ros//configuration_files/assets_writer_ros_map.lua
-- Up-to-date symlink: /home/rick/ros_ws/install/cartographer_ros/share/cartographer_ros//configuration_files/backpack_2d.lua
-- Up-to-date symlink: /home/rick/ros_ws/install/cartographer_ros/share/cartographer_ros//configuration_files/backpack_2d_localization.lua
-- Up-to-date symlink: /home/rick/ros_ws/install/cartographer_ros/share/cartographer_ros//configuration_files/backpack_2d_localization_evaluation.lua
-- Up-to-date symlink: /home/rick/ros_ws/install/cartographer_ros/share/cartographer_ros//configuration_files/backpack_2d_server.lua
-- Up-to-date symlink: /home/rick/ros_ws/install/cartographer_ros/share/cartographer_ros//configuration_files/backpack_3d.lua
-- Up-to-date symlink: /home/rick/ros_ws/install/cartographer_ros/share/cartographer_ros//configuration_files/backpack_3d_localization.lua
-- Up-to-date symlink: /home/rick/ros_ws/install/cartographer_ros/share/cartographer_ros//configuration_files/demo_2d.rviz
-- Up-to-date symlink: /home/rick/ros_ws/install/cartographer_ros/share/cartographer_ros//configuration_files/demo_3d.rviz
-- Up-to-date symlink: /home/rick/ros_ws/install/cartographer_ros/share/cartographer_ros//configuration_files/mir-100-mapping.lua
-- Up-to-date symlink: /home/rick/ros_ws/install/cartographer_ros/share/cartographer_ros//configuration_files/pr2.lua
-- Up-to-date symlink: /home/rick/ros_ws/install/cartographer_ros/share/cartographer_ros//configuration_files/revo_lds.lua
-- Up-to-date symlink: /home/rick/ros_ws/install/cartographer_ros/share/cartographer_ros//configuration_files/taurob_tracker.lua
-- Up-to-date symlink: /home/rick/ros_ws/install/cartographer_ros/share/cartographer_ros//configuration_files/transform.lua
-- Up-to-date symlink: /home/rick/ros_ws/install/cartographer_ros/share/cartographer_ros//configuration_files/visualize_pbstream.lua
-- Up-to-date symlink: /home/rick/ros_ws/install/cartographer_ros/share/cartographer_ros//urdf/backpack_2d.urdf
-- Up-to-date symlink: /home/rick/ros_ws/install/cartographer_ros/share/cartographer_ros//urdf/backpack_3d.urdf
-- Up-to-date symlink: /home/rick/ros_ws/install/cartographer_ros/share/cartographer_ros//urdf/mir-100.urdf
-- Up-to-date symlink: /home/rick/ros_ws/install/cartographer_ros/share/cartographer_ros//launch/assets_writer_backpack_2d.launch.py
-- Up-to-date symlink: /home/rick/ros_ws/install/cartographer_ros/share/cartographer_ros//launch/assets_writer_backpack_3d.launch.py
-- Up-to-date symlink: /home/rick/ros_ws/install/cartographer_ros/share/cartographer_ros//launch/assets_writer_ros_map.launch.py
-- Up-to-date symlink: /home/rick/ros_ws/install/cartographer_ros/share/cartographer_ros//launch/backpack_2d.launch.py
-- Up-to-date symlink: /home/rick/ros_ws/install/cartographer_ros/share/cartographer_ros//launch/backpack_3d.launch.py
-- Up-to-date symlink: /home/rick/ros_ws/install/cartographer_ros/share/cartographer_ros//launch/demo_backpack_2d.launch.py
-- Up-to-date symlink: /home/rick/ros_ws/install/cartographer_ros/share/cartographer_ros//launch/demo_backpack_2d_localization.launch.py
-- Up-to-date symlink: /home/rick/ros_ws/install/cartographer_ros/share/cartographer_ros//launch/demo_backpack_3d.launch.py
-- Up-to-date symlink: /home/rick/ros_ws/install/cartographer_ros/share/cartographer_ros//launch/demo_backpack_3d_localization.launch.py
-- Up-to-date symlink: /home/rick/ros_ws/install/cartographer_ros/share/cartographer_ros//launch/demo_pr2.launch
-- Up-to-date symlink: /home/rick/ros_ws/install/cartographer_ros/share/cartographer_ros//launch/demo_revo_lds.launch.py
-- Up-to-date symlink: /home/rick/ros_ws/install/cartographer_ros/share/cartographer_ros//launch/demo_taurob_tracker.launch.py
-- Up-to-date symlink: /home/rick/ros_ws/install/cartographer_ros/share/cartographer_ros//launch/grpc_demo_backpack_2d.launch
-- Up-to-date symlink: /home/rick/ros_ws/install/cartographer_ros/share/cartographer_ros//launch/grpc_demo_backpack_2d_localization.launch
-- Up-to-date symlink: /home/rick/ros_ws/install/cartographer_ros/share/cartographer_ros//launch/offline_backpack_2d.launch.py
-- Up-to-date symlink: /home/rick/ros_ws/install/cartographer_ros/share/cartographer_ros//launch/offline_backpack_3d.launch.py
-- Up-to-date symlink: /home/rick/ros_ws/install/cartographer_ros/share/cartographer_ros//launch/offline_mir_100_rviz.launch.py
-- Up-to-date symlink: /home/rick/ros_ws/install/cartographer_ros/share/cartographer_ros//launch/offline_node.launch.py
-- Up-to-date symlink: /home/rick/ros_ws/install/cartographer_ros/share/cartographer_ros//launch/taurob_tracker.launch.py
-- Up-to-date symlink: /home/rick/ros_ws/install/cartographer_ros/share/cartographer_ros//launch/visualize_pbstream.launch.py
-- Up-to-date symlink: /home/rick/ros_ws/install/cartographer_ros/share/cartographer_ros/environment/library_path.sh
-- Up-to-date symlink: /home/rick/ros_ws/install/cartographer_ros/share/cartographer_ros/environment/library_path.dsv
-- Up-to-date symlink: /home/rick/ros_ws/install/cartographer_ros/share/ament_index/resource_index/package_run_dependencies/cartographer_ros
-- Up-to-date symlink: /home/rick/ros_ws/install/cartographer_ros/share/ament_index/resource_index/parent_prefix_path/cartographer_ros
-- Up-to-date symlink: /home/rick/ros_ws/install/cartographer_ros/share/cartographer_ros/environment/ament_prefix_path.sh
-- Up-to-date symlink: /home/rick/ros_ws/install/cartographer_ros/share/cartographer_ros/environment/ament_prefix_path.dsv
-- Up-to-date symlink: /home/rick/ros_ws/install/cartographer_ros/share/cartographer_ros/environment/path.sh
-- Up-to-date symlink: /home/rick/ros_ws/install/cartographer_ros/share/cartographer_ros/environment/path.dsv
-- Up-to-date symlink: /home/rick/ros_ws/install/cartographer_ros/share/cartographer_ros/local_setup.bash
-- Up-to-date symlink: /home/rick/ros_ws/install/cartographer_ros/share/cartographer_ros/local_setup.sh
-- Up-to-date symlink: /home/rick/ros_ws/install/cartographer_ros/share/cartographer_ros/local_setup.zsh
-- Up-to-date symlink: /home/rick/ros_ws/install/cartographer_ros/share/cartographer_ros/local_setup.dsv
-- Symlinking: /home/rick/ros_ws/install/cartographer_ros/share/cartographer_ros/package.dsv
-- Up-to-date symlink: /home/rick/ros_ws/install/cartographer_ros/share/ament_index/resource_index/packages/cartographer_ros
-- Up-to-date symlink: /home/rick/ros_ws/install/cartographer_ros/share/cartographer_ros/cmake/ament_cmake_export_include_directories-extras.cmake
-- Up-to-date symlink: /home/rick/ros_ws/install/cartographer_ros/share/cartographer_ros/cmake/ament_cmake_export_libraries-extras.cmake
-- Up-to-date symlink: /home/rick/ros_ws/install/cartographer_ros/share/cartographer_ros/cmake/ament_cmake_export_dependencies-extras.cmake
-- Up-to-date symlink: /home/rick/ros_ws/install/cartographer_ros/share/cartographer_ros/cmake/cartographer_rosConfig.cmake
-- Up-to-date symlink: /home/rick/ros_ws/install/cartographer_ros/share/cartographer_ros/cmake/cartographer_rosConfig-version.cmake
-- Up-to-date symlink: /home/rick/ros_ws/install/cartographer_ros/share/cartographer_ros/package.xml
