[0.372s] DEBUG:colcon:Command line arguments: ['/usr/bin/colcon', 'build', '--symlink-install']
[0.372s] DEBUG:colcon:Parsed command line arguments: Namespace(log_base=None, log_level=None, verb_name='build', build_base='build', install_base='install', merge_install=False, symlink_install=True, test_result_base=None, continue_on_error=False, executor='parallel', parallel_workers=24, event_handlers=None, ignore_user_meta=False, metas=['./colcon.meta'], base_paths=['.'], packages_ignore=None, packages_ignore_regex=None, paths=None, packages_up_to=None, packages_up_to_regex=None, packages_above=None, packages_above_and_dependencies=None, packages_above_depth=None, packages_select_by_dep=None, packages_skip_by_dep=None, packages_skip_up_to=None, packages_select_build_failed=False, packages_skip_build_finished=False, packages_select_test_failures=False, packages_skip_test_passed=False, packages_select=None, packages_skip=None, packages_select_regex=None, packages_skip_regex=None, packages_start=None, packages_end=None, allow_overriding=[], cmake_args=None, cmake_target=None, cmake_target_skip_unavailable=False, cmake_clean_cache=False, cmake_clean_first=False, cmake_force_configure=False, ament_cmake_args=None, catkin_cmake_args=None, catkin_skip_building_tests=False, verb_parser=<colcon_defaults.argument_parser.defaults.DefaultArgumentsDecorator object at 0x7fe66f5a6f50>, verb_extension=<colcon_core.verb.build.BuildVerb object at 0x7fe66f5a1cc0>, main=<bound method BuildVerb.main of <colcon_core.verb.build.BuildVerb object at 0x7fe66f5a1cc0>>)
[0.396s] Level 1:colcon.colcon_core.package_discovery:discover_packages(colcon_meta) check parameters
[0.396s] Level 1:colcon.colcon_core.package_discovery:discover_packages(recursive) check parameters
[0.396s] Level 1:colcon.colcon_core.package_discovery:discover_packages(ignore) check parameters
[0.396s] Level 1:colcon.colcon_core.package_discovery:discover_packages(path) check parameters
[0.396s] Level 1:colcon.colcon_core.package_discovery:discover_packages(colcon_meta) discover
[0.396s] Level 1:colcon.colcon_core.package_discovery:discover_packages(recursive) discover
[0.396s] INFO:colcon.colcon_core.package_discovery:Crawling recursively for packages in '/home/rick/ros_ws'
[0.396s] Level 1:colcon.colcon_core.package_identification:_identify(.) by extensions ['ignore', 'ignore_ament_install']
[0.396s] Level 1:colcon.colcon_core.package_identification:_identify(.) by extension 'ignore'
[0.396s] Level 1:colcon.colcon_core.package_identification:_identify(.) by extension 'ignore_ament_install'
[0.396s] Level 1:colcon.colcon_core.package_identification:_identify(.) by extensions ['colcon_pkg']
[0.396s] Level 1:colcon.colcon_core.package_identification:_identify(.) by extension 'colcon_pkg'
[0.396s] Level 1:colcon.colcon_core.package_identification:_identify(.) by extensions ['colcon_meta']
[0.396s] Level 1:colcon.colcon_core.package_identification:_identify(.) by extension 'colcon_meta'
[0.396s] Level 1:colcon.colcon_core.package_identification:_identify(.) by extensions ['ros']
[0.396s] Level 1:colcon.colcon_core.package_identification:_identify(.) by extension 'ros'
[0.402s] Level 1:colcon.colcon_core.package_identification:_identify(.) by extensions ['cmake', 'python']
[0.402s] Level 1:colcon.colcon_core.package_identification:_identify(.) by extension 'cmake'
[0.402s] Level 1:colcon.colcon_core.package_identification:_identify(.) by extension 'python'
[0.402s] Level 1:colcon.colcon_core.package_identification:_identify(.) by extensions ['python_setup_py']
[0.402s] Level 1:colcon.colcon_core.package_identification:_identify(.) by extension 'python_setup_py'
[0.402s] Level 1:colcon.colcon_core.package_identification:_identify(build) by extensions ['ignore', 'ignore_ament_install']
[0.402s] Level 1:colcon.colcon_core.package_identification:_identify(build) by extension 'ignore'
[0.402s] Level 1:colcon.colcon_core.package_identification:_identify(build) ignored
[0.402s] Level 1:colcon.colcon_core.package_identification:_identify(install) by extensions ['ignore', 'ignore_ament_install']
[0.402s] Level 1:colcon.colcon_core.package_identification:_identify(install) by extension 'ignore'
[0.402s] Level 1:colcon.colcon_core.package_identification:_identify(install) ignored
[0.402s] Level 1:colcon.colcon_core.package_identification:_identify(log) by extensions ['ignore', 'ignore_ament_install']
[0.402s] Level 1:colcon.colcon_core.package_identification:_identify(log) by extension 'ignore'
[0.402s] Level 1:colcon.colcon_core.package_identification:_identify(log) ignored
[0.402s] Level 1:colcon.colcon_core.package_identification:_identify(src) by extensions ['ignore', 'ignore_ament_install']
[0.402s] Level 1:colcon.colcon_core.package_identification:_identify(src) by extension 'ignore'
[0.402s] Level 1:colcon.colcon_core.package_identification:_identify(src) by extension 'ignore_ament_install'
[0.402s] Level 1:colcon.colcon_core.package_identification:_identify(src) by extensions ['colcon_pkg']
[0.402s] Level 1:colcon.colcon_core.package_identification:_identify(src) by extension 'colcon_pkg'
[0.402s] Level 1:colcon.colcon_core.package_identification:_identify(src) by extensions ['colcon_meta']
[0.402s] Level 1:colcon.colcon_core.package_identification:_identify(src) by extension 'colcon_meta'
[0.402s] Level 1:colcon.colcon_core.package_identification:_identify(src) by extensions ['ros']
[0.402s] Level 1:colcon.colcon_core.package_identification:_identify(src) by extension 'ros'
[0.402s] Level 1:colcon.colcon_core.package_identification:_identify(src) by extensions ['cmake', 'python']
[0.402s] Level 1:colcon.colcon_core.package_identification:_identify(src) by extension 'cmake'
[0.402s] Level 1:colcon.colcon_core.package_identification:_identify(src) by extension 'python'
[0.402s] Level 1:colcon.colcon_core.package_identification:_identify(src) by extensions ['python_setup_py']
[0.402s] Level 1:colcon.colcon_core.package_identification:_identify(src) by extension 'python_setup_py'
[0.402s] Level 1:colcon.colcon_core.package_identification:_identify(src/ros_bot) by extensions ['ignore', 'ignore_ament_install']
[0.403s] Level 1:colcon.colcon_core.package_identification:_identify(src/ros_bot) by extension 'ignore'
[0.403s] Level 1:colcon.colcon_core.package_identification:_identify(src/ros_bot) by extension 'ignore_ament_install'
[0.403s] Level 1:colcon.colcon_core.package_identification:_identify(src/ros_bot) by extensions ['colcon_pkg']
[0.403s] Level 1:colcon.colcon_core.package_identification:_identify(src/ros_bot) by extension 'colcon_pkg'
[0.403s] Level 1:colcon.colcon_core.package_identification:_identify(src/ros_bot) by extensions ['colcon_meta']
[0.403s] Level 1:colcon.colcon_core.package_identification:_identify(src/ros_bot) by extension 'colcon_meta'
[0.403s] Level 1:colcon.colcon_core.package_identification:_identify(src/ros_bot) by extensions ['ros']
[0.403s] Level 1:colcon.colcon_core.package_identification:_identify(src/ros_bot) by extension 'ros'
[0.404s] DEBUG:colcon.colcon_core.package_identification:Package 'src/ros_bot' with type 'ros.ament_cmake' and name 'ros_bot'
[0.404s] Level 1:colcon.colcon_core.package_discovery:discover_packages(recursive) using defaults
[0.404s] Level 1:colcon.colcon_core.package_discovery:discover_packages(ignore) discover
[0.404s] Level 1:colcon.colcon_core.package_discovery:discover_packages(ignore) using defaults
[0.404s] Level 1:colcon.colcon_core.package_discovery:discover_packages(path) discover
[0.404s] Level 1:colcon.colcon_core.package_discovery:discover_packages(path) using defaults
[0.439s] Level 1:colcon.colcon_core.package_discovery:discover_packages(prefix_path) check parameters
[0.439s] Level 1:colcon.colcon_core.package_discovery:discover_packages(prefix_path) discover
[0.449s] DEBUG:colcon.colcon_installed_package_information.package_discovery:Found 270 installed packages in /opt/ros/humble
[0.450s] Level 1:colcon.colcon_core.package_discovery:discover_packages(prefix_path) using defaults
[0.486s] Level 5:colcon.colcon_core.verb:set package 'ros_bot' build argument 'cmake_args' from command line to 'None'
[0.486s] Level 5:colcon.colcon_core.verb:set package 'ros_bot' build argument 'cmake_target' from command line to 'None'
[0.486s] Level 5:colcon.colcon_core.verb:set package 'ros_bot' build argument 'cmake_target_skip_unavailable' from command line to 'False'
[0.486s] Level 5:colcon.colcon_core.verb:set package 'ros_bot' build argument 'cmake_clean_cache' from command line to 'False'
[0.486s] Level 5:colcon.colcon_core.verb:set package 'ros_bot' build argument 'cmake_clean_first' from command line to 'False'
[0.486s] Level 5:colcon.colcon_core.verb:set package 'ros_bot' build argument 'cmake_force_configure' from command line to 'False'
[0.486s] Level 5:colcon.colcon_core.verb:set package 'ros_bot' build argument 'ament_cmake_args' from command line to 'None'
[0.486s] Level 5:colcon.colcon_core.verb:set package 'ros_bot' build argument 'catkin_cmake_args' from command line to 'None'
[0.486s] Level 5:colcon.colcon_core.verb:set package 'ros_bot' build argument 'catkin_skip_building_tests' from command line to 'False'
[0.486s] DEBUG:colcon.colcon_core.verb:Building package 'ros_bot' with the following arguments: {'ament_cmake_args': None, 'build_base': '/home/rick/ros_ws/build/ros_bot', 'catkin_cmake_args': None, 'catkin_skip_building_tests': False, 'cmake_args': None, 'cmake_clean_cache': False, 'cmake_clean_first': False, 'cmake_force_configure': False, 'cmake_target': None, 'cmake_target_skip_unavailable': False, 'install_base': '/home/rick/ros_ws/install/ros_bot', 'merge_install': False, 'path': '/home/rick/ros_ws/src/ros_bot', 'symlink_install': True, 'test_result_base': None}
[0.490s] INFO:colcon.colcon_core.executor:Executing jobs using 'parallel' executor
[0.495s] DEBUG:colcon.colcon_parallel_executor.executor.parallel:run_until_complete
[0.495s] INFO:colcon.colcon_ros.task.ament_cmake.build:Building ROS package in '/home/rick/ros_ws/src/ros_bot' with build type 'ament_cmake'
[0.496s] INFO:colcon.colcon_cmake.task.cmake.build:Building CMake package in '/home/rick/ros_ws/src/ros_bot'
[0.501s] INFO:colcon.colcon_core.plugin_system:Skipping extension 'colcon_core.shell.bat': Not used on non-Windows systems
[0.501s] INFO:colcon.colcon_core.shell:Skip shell extension 'powershell' for command environment: Not usable outside of PowerShell
[0.501s] DEBUG:colcon.colcon_core.shell:Skip shell extension 'dsv' for command environment
[0.514s] DEBUG:colcon.colcon_core.event_handler.log_command:Invoking command in '/home/rick/ros_ws/build/ros_bot': CMAKE_PREFIX_PATH=/opt/ros/humble /usr/bin/cmake /home/rick/ros_ws/src/ros_bot -DAMENT_CMAKE_SYMLINK_INSTALL=1 -DCMAKE_INSTALL_PREFIX=/home/rick/ros_ws/install/ros_bot
[1.046s] DEBUG:colcon.colcon_core.event_handler.log_command:Invoked command in '/home/rick/ros_ws/build/ros_bot' returned '0': CMAKE_PREFIX_PATH=/opt/ros/humble /usr/bin/cmake /home/rick/ros_ws/src/ros_bot -DAMENT_CMAKE_SYMLINK_INSTALL=1 -DCMAKE_INSTALL_PREFIX=/home/rick/ros_ws/install/ros_bot
[1.048s] DEBUG:colcon.colcon_core.event_handler.log_command:Invoking command in '/home/rick/ros_ws/build/ros_bot': CMAKE_PREFIX_PATH=/opt/ros/humble /usr/bin/cmake --build /home/rick/ros_ws/build/ros_bot -- -j24 -l24
[1.074s] DEBUG:colcon.colcon_core.event_handler.log_command:Invoked command in '/home/rick/ros_ws/build/ros_bot' returned '0': CMAKE_PREFIX_PATH=/opt/ros/humble /usr/bin/cmake --build /home/rick/ros_ws/build/ros_bot -- -j24 -l24
[1.134s] DEBUG:colcon.colcon_core.event_handler.log_command:Invoking command in '/home/rick/ros_ws/build/ros_bot': CMAKE_PREFIX_PATH=/opt/ros/humble /usr/bin/cmake --install /home/rick/ros_ws/build/ros_bot
[1.465s] Level 1:colcon.colcon_core.environment:create_environment_scripts_only(ros_bot)
[1.466s] DEBUG:colcon.colcon_core.event_handler.log_command:Invoked command in '/home/rick/ros_ws/build/ros_bot' returned '0': CMAKE_PREFIX_PATH=/opt/ros/humble /usr/bin/cmake --install /home/rick/ros_ws/build/ros_bot
[1.477s] Level 1:colcon.colcon_core.environment:checking '/home/rick/ros_ws/install/ros_bot' for CMake module files
[1.477s] Level 1:colcon.colcon_core.environment:checking '/home/rick/ros_ws/install/ros_bot' for CMake config files
[1.477s] Level 1:colcon.colcon_core.shell:create_environment_hook('ros_bot', 'cmake_prefix_path')
[1.483s] INFO:colcon.colcon_core.shell:Creating environment hook '/home/rick/ros_ws/install/ros_bot/share/ros_bot/hook/cmake_prefix_path.ps1'
[1.484s] INFO:colcon.colcon_core.shell:Creating environment descriptor '/home/rick/ros_ws/install/ros_bot/share/ros_bot/hook/cmake_prefix_path.dsv'
[1.484s] INFO:colcon.colcon_core.shell:Creating environment hook '/home/rick/ros_ws/install/ros_bot/share/ros_bot/hook/cmake_prefix_path.sh'
[1.484s] Level 1:colcon.colcon_core.environment:checking '/home/rick/ros_ws/install/ros_bot/bin'
[1.484s] Level 1:colcon.colcon_core.environment:checking '/home/rick/ros_ws/install/ros_bot/lib/pkgconfig/ros_bot.pc'
[1.484s] Level 1:colcon.colcon_core.environment:checking '/home/rick/ros_ws/install/ros_bot/lib/python3.10/site-packages'
[1.484s] Level 1:colcon.colcon_core.environment:checking '/home/rick/ros_ws/install/ros_bot/bin'
[1.489s] INFO:colcon.colcon_core.shell:Creating package script '/home/rick/ros_ws/install/ros_bot/share/ros_bot/package.ps1'
[1.489s] INFO:colcon.colcon_core.shell:Creating package descriptor '/home/rick/ros_ws/install/ros_bot/share/ros_bot/package.dsv'
[1.490s] INFO:colcon.colcon_core.shell:Creating package script '/home/rick/ros_ws/install/ros_bot/share/ros_bot/package.sh'
[1.490s] INFO:colcon.colcon_core.shell:Creating package script '/home/rick/ros_ws/install/ros_bot/share/ros_bot/package.bash'
[1.490s] INFO:colcon.colcon_core.shell:Creating package script '/home/rick/ros_ws/install/ros_bot/share/ros_bot/package.zsh'
[1.490s] Level 1:colcon.colcon_core.environment:create_file_with_runtime_dependencies(/home/rick/ros_ws/install/ros_bot/share/colcon-core/packages/ros_bot)
[1.508s] Level 1:colcon.colcon_core.environment:create_environment_scripts_only(ros_bot)
[1.516s] Level 1:colcon.colcon_core.environment:checking '/home/rick/ros_ws/install/ros_bot' for CMake module files
[1.516s] Level 1:colcon.colcon_core.environment:checking '/home/rick/ros_ws/install/ros_bot' for CMake config files
[1.516s] Level 1:colcon.colcon_core.shell:create_environment_hook('ros_bot', 'cmake_prefix_path')
[1.521s] INFO:colcon.colcon_core.shell:Creating environment hook '/home/rick/ros_ws/install/ros_bot/share/ros_bot/hook/cmake_prefix_path.ps1'
[1.522s] INFO:colcon.colcon_core.shell:Creating environment descriptor '/home/rick/ros_ws/install/ros_bot/share/ros_bot/hook/cmake_prefix_path.dsv'
[1.522s] INFO:colcon.colcon_core.shell:Creating environment hook '/home/rick/ros_ws/install/ros_bot/share/ros_bot/hook/cmake_prefix_path.sh'
[1.522s] Level 1:colcon.colcon_core.environment:checking '/home/rick/ros_ws/install/ros_bot/bin'
[1.522s] Level 1:colcon.colcon_core.environment:checking '/home/rick/ros_ws/install/ros_bot/lib/pkgconfig/ros_bot.pc'
[1.522s] Level 1:colcon.colcon_core.environment:checking '/home/rick/ros_ws/install/ros_bot/lib/python3.10/site-packages'
[1.522s] Level 1:colcon.colcon_core.environment:checking '/home/rick/ros_ws/install/ros_bot/bin'
[1.527s] INFO:colcon.colcon_core.shell:Creating package script '/home/rick/ros_ws/install/ros_bot/share/ros_bot/package.ps1'
[1.527s] INFO:colcon.colcon_core.shell:Creating package descriptor '/home/rick/ros_ws/install/ros_bot/share/ros_bot/package.dsv'
[1.527s] INFO:colcon.colcon_core.shell:Creating package script '/home/rick/ros_ws/install/ros_bot/share/ros_bot/package.sh'
[1.528s] INFO:colcon.colcon_core.shell:Creating package script '/home/rick/ros_ws/install/ros_bot/share/ros_bot/package.bash'
[1.528s] INFO:colcon.colcon_core.shell:Creating package script '/home/rick/ros_ws/install/ros_bot/share/ros_bot/package.zsh'
[1.528s] Level 1:colcon.colcon_core.environment:create_file_with_runtime_dependencies(/home/rick/ros_ws/install/ros_bot/share/colcon-core/packages/ros_bot)
[1.528s] DEBUG:colcon.colcon_parallel_executor.executor.parallel:closing loop
[1.528s] DEBUG:colcon.colcon_parallel_executor.executor.parallel:loop closed
[1.528s] DEBUG:colcon.colcon_parallel_executor.executor.parallel:run_until_complete finished with '0'
[1.528s] DEBUG:colcon.colcon_core.event_reactor:joining thread
[1.535s] INFO:colcon.colcon_core.plugin_system:Skipping extension 'colcon_notification.desktop_notification.terminal_notifier': Not used on non-Darwin systems
[1.535s] INFO:colcon.colcon_core.plugin_system:Skipping extension 'colcon_notification.desktop_notification.win32': Not used on non-Windows systems
[1.535s] INFO:colcon.colcon_notification.desktop_notification:Sending desktop notification using 'notify2'
[1.549s] DEBUG:colcon.colcon_core.event_reactor:joined thread
[1.555s] INFO:colcon.colcon_core.shell:Creating prefix script '/home/rick/ros_ws/install/local_setup.ps1'
[1.555s] INFO:colcon.colcon_core.shell:Creating prefix util module '/home/rick/ros_ws/install/_local_setup_util_ps1.py'
[1.555s] INFO:colcon.colcon_core.shell:Creating prefix chain script '/home/rick/ros_ws/install/setup.ps1'
[1.561s] INFO:colcon.colcon_core.shell:Creating prefix script '/home/rick/ros_ws/install/local_setup.sh'
[1.561s] INFO:colcon.colcon_core.shell:Creating prefix util module '/home/rick/ros_ws/install/_local_setup_util_sh.py'
[1.562s] INFO:colcon.colcon_core.shell:Creating prefix chain script '/home/rick/ros_ws/install/setup.sh'
[1.567s] INFO:colcon.colcon_core.shell:Creating prefix script '/home/rick/ros_ws/install/local_setup.bash'
[1.567s] INFO:colcon.colcon_core.shell:Creating prefix chain script '/home/rick/ros_ws/install/setup.bash'
[1.572s] INFO:colcon.colcon_core.shell:Creating prefix script '/home/rick/ros_ws/install/local_setup.zsh'
[1.572s] INFO:colcon.colcon_core.shell:Creating prefix chain script '/home/rick/ros_ws/install/setup.zsh'
