[0.894s] Invoking command in '/home/rick/ros_ws/build/ayuda_description': PYTHONPATH=/home/rick/ros_ws/build/ayuda_description/prefix_override:/home/rick/ros_ws/install/ayuda_description/lib/python3.10/site-packages:${PYTHONPATH} /usr/bin/python3 setup.py develop --editable --build-directory /home/rick/ros_ws/build/ayuda_description/build --no-deps install_data
[1.151s] running develop
[1.152s] /usr/lib/python3/dist-packages/setuptools/command/easy_install.py:158: EasyInstallDeprecationWarning: easy_install command is deprecated. Use build and pip and other standards-based tools.
[1.152s]   warnings.warn(
[1.153s] /usr/lib/python3/dist-packages/setuptools/command/install.py:34: SetuptoolsDeprecationWarning: setup.py install is deprecated. Use build and pip and other standards-based tools.
[1.153s]   warnings.warn(
[1.319s] running egg_info
[1.319s] writing ayuda_description.egg-info/PKG-INFO
[1.320s] writing dependency_links to ayuda_description.egg-info/dependency_links.txt
[1.320s] writing entry points to ayuda_description.egg-info/entry_points.txt
[1.320s] writing requirements to ayuda_description.egg-info/requires.txt
[1.320s] writing top-level names to ayuda_description.egg-info/top_level.txt
[1.321s] reading manifest file 'ayuda_description.egg-info/SOURCES.txt'
[1.322s] writing manifest file 'ayuda_description.egg-info/SOURCES.txt'
[1.323s] running build_ext
[1.324s] Creating /home/rick/ros_ws/install/ayuda_description/lib/python3.10/site-packages/ayuda-description.egg-link (link to .)
[1.324s] Installing state_publisher script to /home/rick/ros_ws/install/ayuda_description/lib/ayuda_description
[1.325s] 
[1.325s] Installed /home/rick/ros_ws/build/ayuda_description
[1.325s] running install_data
[1.325s] copying urdf/camera.xacro -> /home/rick/ros_ws/install/ayuda_description/share/ayuda_description/urdf
[1.355s] Invoked command in '/home/rick/ros_ws/build/ayuda_description' returned '0': PYTHONPATH=/home/rick/ros_ws/build/ayuda_description/prefix_override:/home/rick/ros_ws/install/ayuda_description/lib/python3.10/site-packages:${PYTHONPATH} /usr/bin/python3 setup.py develop --editable --build-directory /home/rick/ros_ws/build/ayuda_description/build --no-deps install_data
