[0.473s] DEBUG:colcon:Command line arguments: ['/usr/bin/colcon', 'build', '--symlink-install']
[0.473s] DEBUG:colcon:Parsed command line arguments: Namespace(log_base=None, log_level=None, verb_name='build', build_base='build', install_base='install', merge_install=False, symlink_install=True, test_result_base=None, continue_on_error=False, executor='parallel', parallel_workers=24, event_handlers=None, ignore_user_meta=False, metas=['./colcon.meta'], base_paths=['.'], packages_ignore=None, packages_ignore_regex=None, paths=None, packages_up_to=None, packages_up_to_regex=None, packages_above=None, packages_above_and_dependencies=None, packages_above_depth=None, packages_select_by_dep=None, packages_skip_by_dep=None, packages_skip_up_to=None, packages_select_build_failed=False, packages_skip_build_finished=False, packages_select_test_failures=False, packages_skip_test_passed=False, packages_select=None, packages_skip=None, packages_select_regex=None, packages_skip_regex=None, packages_start=None, packages_end=None, allow_overriding=[], cmake_args=None, cmake_target=None, cmake_target_skip_unavailable=False, cmake_clean_cache=False, cmake_clean_first=False, cmake_force_configure=False, ament_cmake_args=None, catkin_cmake_args=None, catkin_skip_building_tests=False, verb_parser=<colcon_defaults.argument_parser.defaults.DefaultArgumentsDecorator object at 0x7f7e8ac05450>, verb_extension=<colcon_core.verb.build.BuildVerb object at 0x7f7e8ad731c0>, main=<bound method BuildVerb.main of <colcon_core.verb.build.BuildVerb object at 0x7f7e8ad731c0>>)
[0.495s] Level 1:colcon.colcon_core.package_discovery:discover_packages(colcon_meta) check parameters
[0.495s] Level 1:colcon.colcon_core.package_discovery:discover_packages(recursive) check parameters
[0.495s] Level 1:colcon.colcon_core.package_discovery:discover_packages(ignore) check parameters
[0.495s] Level 1:colcon.colcon_core.package_discovery:discover_packages(path) check parameters
[0.495s] Level 1:colcon.colcon_core.package_discovery:discover_packages(colcon_meta) discover
[0.495s] Level 1:colcon.colcon_core.package_discovery:discover_packages(recursive) discover
[0.495s] INFO:colcon.colcon_core.package_discovery:Crawling recursively for packages in '/home/rick/ros_ws'
[0.495s] Level 1:colcon.colcon_core.package_identification:_identify(.) by extensions ['ignore', 'ignore_ament_install']
[0.495s] Level 1:colcon.colcon_core.package_identification:_identify(.) by extension 'ignore'
[0.495s] Level 1:colcon.colcon_core.package_identification:_identify(.) by extension 'ignore_ament_install'
[0.495s] Level 1:colcon.colcon_core.package_identification:_identify(.) by extensions ['colcon_pkg']
[0.495s] Level 1:colcon.colcon_core.package_identification:_identify(.) by extension 'colcon_pkg'
[0.495s] Level 1:colcon.colcon_core.package_identification:_identify(.) by extensions ['colcon_meta']
[0.495s] Level 1:colcon.colcon_core.package_identification:_identify(.) by extension 'colcon_meta'
[0.495s] Level 1:colcon.colcon_core.package_identification:_identify(.) by extensions ['ros']
[0.495s] Level 1:colcon.colcon_core.package_identification:_identify(.) by extension 'ros'
[0.501s] Level 1:colcon.colcon_core.package_identification:_identify(.) by extensions ['cmake', 'python']
[0.501s] Level 1:colcon.colcon_core.package_identification:_identify(.) by extension 'cmake'
[0.501s] Level 1:colcon.colcon_core.package_identification:_identify(.) by extension 'python'
[0.501s] Level 1:colcon.colcon_core.package_identification:_identify(.) by extensions ['python_setup_py']
[0.501s] Level 1:colcon.colcon_core.package_identification:_identify(.) by extension 'python_setup_py'
[0.501s] Level 1:colcon.colcon_core.package_identification:_identify(build) by extensions ['ignore', 'ignore_ament_install']
[0.501s] Level 1:colcon.colcon_core.package_identification:_identify(build) by extension 'ignore'
[0.501s] Level 1:colcon.colcon_core.package_identification:_identify(build) ignored
[0.501s] Level 1:colcon.colcon_core.package_identification:_identify(install) by extensions ['ignore', 'ignore_ament_install']
[0.501s] Level 1:colcon.colcon_core.package_identification:_identify(install) by extension 'ignore'
[0.501s] Level 1:colcon.colcon_core.package_identification:_identify(install) ignored
[0.501s] Level 1:colcon.colcon_core.package_identification:_identify(log) by extensions ['ignore', 'ignore_ament_install']
[0.501s] Level 1:colcon.colcon_core.package_identification:_identify(log) by extension 'ignore'
[0.501s] Level 1:colcon.colcon_core.package_identification:_identify(log) ignored
[0.501s] Level 1:colcon.colcon_core.package_identification:_identify(src) by extensions ['ignore', 'ignore_ament_install']
[0.501s] Level 1:colcon.colcon_core.package_identification:_identify(src) by extension 'ignore'
[0.501s] Level 1:colcon.colcon_core.package_identification:_identify(src) by extension 'ignore_ament_install'
[0.501s] Level 1:colcon.colcon_core.package_identification:_identify(src) by extensions ['colcon_pkg']
[0.501s] Level 1:colcon.colcon_core.package_identification:_identify(src) by extension 'colcon_pkg'
[0.501s] Level 1:colcon.colcon_core.package_identification:_identify(src) by extensions ['colcon_meta']
[0.501s] Level 1:colcon.colcon_core.package_identification:_identify(src) by extension 'colcon_meta'
[0.502s] Level 1:colcon.colcon_core.package_identification:_identify(src) by extensions ['ros']
[0.502s] Level 1:colcon.colcon_core.package_identification:_identify(src) by extension 'ros'
[0.502s] Level 1:colcon.colcon_core.package_identification:_identify(src) by extensions ['cmake', 'python']
[0.502s] Level 1:colcon.colcon_core.package_identification:_identify(src) by extension 'cmake'
[0.502s] Level 1:colcon.colcon_core.package_identification:_identify(src) by extension 'python'
[0.502s] Level 1:colcon.colcon_core.package_identification:_identify(src) by extensions ['python_setup_py']
[0.502s] Level 1:colcon.colcon_core.package_identification:_identify(src) by extension 'python_setup_py'
[0.502s] Level 1:colcon.colcon_core.package_identification:_identify(src/ayuda_description) by extensions ['ignore', 'ignore_ament_install']
[0.502s] Level 1:colcon.colcon_core.package_identification:_identify(src/ayuda_description) by extension 'ignore'
[0.502s] Level 1:colcon.colcon_core.package_identification:_identify(src/ayuda_description) by extension 'ignore_ament_install'
[0.502s] Level 1:colcon.colcon_core.package_identification:_identify(src/ayuda_description) by extensions ['colcon_pkg']
[0.502s] Level 1:colcon.colcon_core.package_identification:_identify(src/ayuda_description) by extension 'colcon_pkg'
[0.502s] Level 1:colcon.colcon_core.package_identification:_identify(src/ayuda_description) by extensions ['colcon_meta']
[0.502s] Level 1:colcon.colcon_core.package_identification:_identify(src/ayuda_description) by extension 'colcon_meta'
[0.502s] Level 1:colcon.colcon_core.package_identification:_identify(src/ayuda_description) by extensions ['ros']
[0.502s] Level 1:colcon.colcon_core.package_identification:_identify(src/ayuda_description) by extension 'ros'
[0.503s] DEBUG:colcon.colcon_core.package_identification:Package 'src/ayuda_description' with type 'ros.ament_python' and name 'ayuda_description'
[0.503s] Level 1:colcon.colcon_core.package_identification:_identify(src/cartographer_ros) by extensions ['ignore', 'ignore_ament_install']
[0.503s] Level 1:colcon.colcon_core.package_identification:_identify(src/cartographer_ros) by extension 'ignore'
[0.503s] Level 1:colcon.colcon_core.package_identification:_identify(src/cartographer_ros) by extension 'ignore_ament_install'
[0.503s] Level 1:colcon.colcon_core.package_identification:_identify(src/cartographer_ros) by extensions ['colcon_pkg']
[0.503s] Level 1:colcon.colcon_core.package_identification:_identify(src/cartographer_ros) by extension 'colcon_pkg'
[0.503s] Level 1:colcon.colcon_core.package_identification:_identify(src/cartographer_ros) by extensions ['colcon_meta']
[0.503s] Level 1:colcon.colcon_core.package_identification:_identify(src/cartographer_ros) by extension 'colcon_meta'
[0.503s] Level 1:colcon.colcon_core.package_identification:_identify(src/cartographer_ros) by extensions ['ros']
[0.503s] Level 1:colcon.colcon_core.package_identification:_identify(src/cartographer_ros) by extension 'ros'
[0.503s] Level 1:colcon.colcon_core.package_identification:_identify(src/cartographer_ros) by extensions ['cmake', 'python']
[0.503s] Level 1:colcon.colcon_core.package_identification:_identify(src/cartographer_ros) by extension 'cmake'
[0.503s] Level 1:colcon.colcon_core.package_identification:_identify(src/cartographer_ros) by extension 'python'
[0.503s] Level 1:colcon.colcon_core.package_identification:_identify(src/cartographer_ros) by extensions ['python_setup_py']
[0.503s] Level 1:colcon.colcon_core.package_identification:_identify(src/cartographer_ros) by extension 'python_setup_py'
[0.503s] Level 1:colcon.colcon_core.package_identification:_identify(src/cartographer_ros/cartographer_ros) by extensions ['ignore', 'ignore_ament_install']
[0.503s] Level 1:colcon.colcon_core.package_identification:_identify(src/cartographer_ros/cartographer_ros) by extension 'ignore'
[0.503s] Level 1:colcon.colcon_core.package_identification:_identify(src/cartographer_ros/cartographer_ros) by extension 'ignore_ament_install'
[0.503s] Level 1:colcon.colcon_core.package_identification:_identify(src/cartographer_ros/cartographer_ros) by extensions ['colcon_pkg']
[0.503s] Level 1:colcon.colcon_core.package_identification:_identify(src/cartographer_ros/cartographer_ros) by extension 'colcon_pkg'
[0.503s] Level 1:colcon.colcon_core.package_identification:_identify(src/cartographer_ros/cartographer_ros) by extensions ['colcon_meta']
[0.503s] Level 1:colcon.colcon_core.package_identification:_identify(src/cartographer_ros/cartographer_ros) by extension 'colcon_meta'
[0.503s] Level 1:colcon.colcon_core.package_identification:_identify(src/cartographer_ros/cartographer_ros) by extensions ['ros']
[0.503s] Level 1:colcon.colcon_core.package_identification:_identify(src/cartographer_ros/cartographer_ros) by extension 'ros'
[0.504s] DEBUG:colcon.colcon_core.package_identification:Package 'src/cartographer_ros/cartographer_ros' with type 'ros.ament_cmake' and name 'cartographer_ros'
[0.505s] Level 1:colcon.colcon_core.package_identification:_identify(src/cartographer_ros/cartographer_ros_msgs) by extensions ['ignore', 'ignore_ament_install']
[0.505s] Level 1:colcon.colcon_core.package_identification:_identify(src/cartographer_ros/cartographer_ros_msgs) by extension 'ignore'
[0.505s] Level 1:colcon.colcon_core.package_identification:_identify(src/cartographer_ros/cartographer_ros_msgs) by extension 'ignore_ament_install'
[0.505s] Level 1:colcon.colcon_core.package_identification:_identify(src/cartographer_ros/cartographer_ros_msgs) by extensions ['colcon_pkg']
[0.505s] Level 1:colcon.colcon_core.package_identification:_identify(src/cartographer_ros/cartographer_ros_msgs) by extension 'colcon_pkg'
[0.505s] Level 1:colcon.colcon_core.package_identification:_identify(src/cartographer_ros/cartographer_ros_msgs) by extensions ['colcon_meta']
[0.505s] Level 1:colcon.colcon_core.package_identification:_identify(src/cartographer_ros/cartographer_ros_msgs) by extension 'colcon_meta'
[0.505s] Level 1:colcon.colcon_core.package_identification:_identify(src/cartographer_ros/cartographer_ros_msgs) by extensions ['ros']
[0.505s] Level 1:colcon.colcon_core.package_identification:_identify(src/cartographer_ros/cartographer_ros_msgs) by extension 'ros'
[0.505s] DEBUG:colcon.colcon_core.package_identification:Package 'src/cartographer_ros/cartographer_ros_msgs' with type 'ros.ament_cmake' and name 'cartographer_ros_msgs'
[0.505s] Level 1:colcon.colcon_core.package_identification:_identify(src/cartographer_ros/cartographer_rviz) by extensions ['ignore', 'ignore_ament_install']
[0.505s] Level 1:colcon.colcon_core.package_identification:_identify(src/cartographer_ros/cartographer_rviz) by extension 'ignore'
[0.505s] Level 1:colcon.colcon_core.package_identification:_identify(src/cartographer_ros/cartographer_rviz) by extension 'ignore_ament_install'
[0.505s] Level 1:colcon.colcon_core.package_identification:_identify(src/cartographer_ros/cartographer_rviz) by extensions ['colcon_pkg']
[0.505s] Level 1:colcon.colcon_core.package_identification:_identify(src/cartographer_ros/cartographer_rviz) by extension 'colcon_pkg'
[0.505s] Level 1:colcon.colcon_core.package_identification:_identify(src/cartographer_ros/cartographer_rviz) by extensions ['colcon_meta']
[0.505s] Level 1:colcon.colcon_core.package_identification:_identify(src/cartographer_ros/cartographer_rviz) by extension 'colcon_meta'
[0.505s] Level 1:colcon.colcon_core.package_identification:_identify(src/cartographer_ros/cartographer_rviz) by extensions ['ros']
[0.505s] Level 1:colcon.colcon_core.package_identification:_identify(src/cartographer_ros/cartographer_rviz) by extension 'ros'
[0.506s] DEBUG:colcon.colcon_core.package_identification:Package 'src/cartographer_ros/cartographer_rviz' with type 'ros.ament_cmake' and name 'cartographer_rviz'
[0.506s] Level 1:colcon.colcon_core.package_identification:_identify(src/cartographer_ros/docs) by extensions ['ignore', 'ignore_ament_install']
[0.506s] Level 1:colcon.colcon_core.package_identification:_identify(src/cartographer_ros/docs) by extension 'ignore'
[0.506s] Level 1:colcon.colcon_core.package_identification:_identify(src/cartographer_ros/docs) ignored
[0.506s] Level 1:colcon.colcon_core.package_identification:_identify(src/cartographer_ros/scripts) by extensions ['ignore', 'ignore_ament_install']
[0.506s] Level 1:colcon.colcon_core.package_identification:_identify(src/cartographer_ros/scripts) by extension 'ignore'
[0.506s] Level 1:colcon.colcon_core.package_identification:_identify(src/cartographer_ros/scripts) by extension 'ignore_ament_install'
[0.506s] Level 1:colcon.colcon_core.package_identification:_identify(src/cartographer_ros/scripts) by extensions ['colcon_pkg']
[0.506s] Level 1:colcon.colcon_core.package_identification:_identify(src/cartographer_ros/scripts) by extension 'colcon_pkg'
[0.506s] Level 1:colcon.colcon_core.package_identification:_identify(src/cartographer_ros/scripts) by extensions ['colcon_meta']
[0.506s] Level 1:colcon.colcon_core.package_identification:_identify(src/cartographer_ros/scripts) by extension 'colcon_meta'
[0.506s] Level 1:colcon.colcon_core.package_identification:_identify(src/cartographer_ros/scripts) by extensions ['ros']
[0.506s] Level 1:colcon.colcon_core.package_identification:_identify(src/cartographer_ros/scripts) by extension 'ros'
[0.506s] Level 1:colcon.colcon_core.package_identification:_identify(src/cartographer_ros/scripts) by extensions ['cmake', 'python']
[0.506s] Level 1:colcon.colcon_core.package_identification:_identify(src/cartographer_ros/scripts) by extension 'cmake'
[0.506s] Level 1:colcon.colcon_core.package_identification:_identify(src/cartographer_ros/scripts) by extension 'python'
[0.506s] Level 1:colcon.colcon_core.package_identification:_identify(src/cartographer_ros/scripts) by extensions ['python_setup_py']
[0.506s] Level 1:colcon.colcon_core.package_identification:_identify(src/cartographer_ros/scripts) by extension 'python_setup_py'
[0.506s] Level 1:colcon.colcon_core.package_identification:_identify(src/ds4_driver) by extensions ['ignore', 'ignore_ament_install']
[0.506s] Level 1:colcon.colcon_core.package_identification:_identify(src/ds4_driver) by extension 'ignore'
[0.506s] Level 1:colcon.colcon_core.package_identification:_identify(src/ds4_driver) by extension 'ignore_ament_install'
[0.506s] Level 1:colcon.colcon_core.package_identification:_identify(src/ds4_driver) by extensions ['colcon_pkg']
[0.506s] Level 1:colcon.colcon_core.package_identification:_identify(src/ds4_driver) by extension 'colcon_pkg'
[0.506s] Level 1:colcon.colcon_core.package_identification:_identify(src/ds4_driver) by extensions ['colcon_meta']
[0.506s] Level 1:colcon.colcon_core.package_identification:_identify(src/ds4_driver) by extension 'colcon_meta'
[0.506s] Level 1:colcon.colcon_core.package_identification:_identify(src/ds4_driver) by extensions ['ros']
[0.506s] Level 1:colcon.colcon_core.package_identification:_identify(src/ds4_driver) by extension 'ros'
[0.506s] Level 1:colcon.colcon_core.package_identification:_identify(src/ds4_driver) by extensions ['cmake', 'python']
[0.506s] Level 1:colcon.colcon_core.package_identification:_identify(src/ds4_driver) by extension 'cmake'
[0.506s] Level 1:colcon.colcon_core.package_identification:_identify(src/ds4_driver) by extension 'python'
[0.506s] Level 1:colcon.colcon_core.package_identification:_identify(src/ds4_driver) by extensions ['python_setup_py']
[0.506s] Level 1:colcon.colcon_core.package_identification:_identify(src/ds4_driver) by extension 'python_setup_py'
[0.507s] Level 1:colcon.colcon_core.package_identification:_identify(src/ds4_driver/docker) by extensions ['ignore', 'ignore_ament_install']
[0.507s] Level 1:colcon.colcon_core.package_identification:_identify(src/ds4_driver/docker) by extension 'ignore'
[0.507s] Level 1:colcon.colcon_core.package_identification:_identify(src/ds4_driver/docker) by extension 'ignore_ament_install'
[0.507s] Level 1:colcon.colcon_core.package_identification:_identify(src/ds4_driver/docker) by extensions ['colcon_pkg']
[0.507s] Level 1:colcon.colcon_core.package_identification:_identify(src/ds4_driver/docker) by extension 'colcon_pkg'
[0.507s] Level 1:colcon.colcon_core.package_identification:_identify(src/ds4_driver/docker) by extensions ['colcon_meta']
[0.507s] Level 1:colcon.colcon_core.package_identification:_identify(src/ds4_driver/docker) by extension 'colcon_meta'
[0.507s] Level 1:colcon.colcon_core.package_identification:_identify(src/ds4_driver/docker) by extensions ['ros']
[0.507s] Level 1:colcon.colcon_core.package_identification:_identify(src/ds4_driver/docker) by extension 'ros'
[0.507s] Level 1:colcon.colcon_core.package_identification:_identify(src/ds4_driver/docker) by extensions ['cmake', 'python']
[0.507s] Level 1:colcon.colcon_core.package_identification:_identify(src/ds4_driver/docker) by extension 'cmake'
[0.507s] Level 1:colcon.colcon_core.package_identification:_identify(src/ds4_driver/docker) by extension 'python'
[0.507s] Level 1:colcon.colcon_core.package_identification:_identify(src/ds4_driver/docker) by extensions ['python_setup_py']
[0.507s] Level 1:colcon.colcon_core.package_identification:_identify(src/ds4_driver/docker) by extension 'python_setup_py'
[0.507s] Level 1:colcon.colcon_core.package_identification:_identify(src/ds4_driver/ds4_driver) by extensions ['ignore', 'ignore_ament_install']
[0.507s] Level 1:colcon.colcon_core.package_identification:_identify(src/ds4_driver/ds4_driver) by extension 'ignore'
[0.507s] Level 1:colcon.colcon_core.package_identification:_identify(src/ds4_driver/ds4_driver) by extension 'ignore_ament_install'
[0.507s] Level 1:colcon.colcon_core.package_identification:_identify(src/ds4_driver/ds4_driver) by extensions ['colcon_pkg']
[0.507s] Level 1:colcon.colcon_core.package_identification:_identify(src/ds4_driver/ds4_driver) by extension 'colcon_pkg'
[0.507s] Level 1:colcon.colcon_core.package_identification:_identify(src/ds4_driver/ds4_driver) by extensions ['colcon_meta']
[0.507s] Level 1:colcon.colcon_core.package_identification:_identify(src/ds4_driver/ds4_driver) by extension 'colcon_meta'
[0.507s] Level 1:colcon.colcon_core.package_identification:_identify(src/ds4_driver/ds4_driver) by extensions ['ros']
[0.507s] Level 1:colcon.colcon_core.package_identification:_identify(src/ds4_driver/ds4_driver) by extension 'ros'
[0.507s] DEBUG:colcon.colcon_core.package_identification:Package 'src/ds4_driver/ds4_driver' with type 'ros.ament_cmake' and name 'ds4_driver'
[0.507s] Level 1:colcon.colcon_core.package_identification:_identify(src/ds4_driver/ds4_driver_msgs) by extensions ['ignore', 'ignore_ament_install']
[0.507s] Level 1:colcon.colcon_core.package_identification:_identify(src/ds4_driver/ds4_driver_msgs) by extension 'ignore'
[0.507s] Level 1:colcon.colcon_core.package_identification:_identify(src/ds4_driver/ds4_driver_msgs) by extension 'ignore_ament_install'
[0.507s] Level 1:colcon.colcon_core.package_identification:_identify(src/ds4_driver/ds4_driver_msgs) by extensions ['colcon_pkg']
[0.507s] Level 1:colcon.colcon_core.package_identification:_identify(src/ds4_driver/ds4_driver_msgs) by extension 'colcon_pkg'
[0.507s] Level 1:colcon.colcon_core.package_identification:_identify(src/ds4_driver/ds4_driver_msgs) by extensions ['colcon_meta']
[0.507s] Level 1:colcon.colcon_core.package_identification:_identify(src/ds4_driver/ds4_driver_msgs) by extension 'colcon_meta'
[0.507s] Level 1:colcon.colcon_core.package_identification:_identify(src/ds4_driver/ds4_driver_msgs) by extensions ['ros']
[0.507s] Level 1:colcon.colcon_core.package_identification:_identify(src/ds4_driver/ds4_driver_msgs) by extension 'ros'
[0.508s] DEBUG:colcon.colcon_core.package_identification:Package 'src/ds4_driver/ds4_driver_msgs' with type 'ros.ament_cmake' and name 'ds4_driver_msgs'
[0.508s] Level 1:colcon.colcon_core.package_identification:_identify(src/ros_bot) by extensions ['ignore', 'ignore_ament_install']
[0.508s] Level 1:colcon.colcon_core.package_identification:_identify(src/ros_bot) by extension 'ignore'
[0.508s] Level 1:colcon.colcon_core.package_identification:_identify(src/ros_bot) by extension 'ignore_ament_install'
[0.508s] Level 1:colcon.colcon_core.package_identification:_identify(src/ros_bot) by extensions ['colcon_pkg']
[0.508s] Level 1:colcon.colcon_core.package_identification:_identify(src/ros_bot) by extension 'colcon_pkg'
[0.508s] Level 1:colcon.colcon_core.package_identification:_identify(src/ros_bot) by extensions ['colcon_meta']
[0.508s] Level 1:colcon.colcon_core.package_identification:_identify(src/ros_bot) by extension 'colcon_meta'
[0.508s] Level 1:colcon.colcon_core.package_identification:_identify(src/ros_bot) by extensions ['ros']
[0.508s] Level 1:colcon.colcon_core.package_identification:_identify(src/ros_bot) by extension 'ros'
[0.508s] DEBUG:colcon.colcon_core.package_identification:Package 'src/ros_bot' with type 'ros.ament_cmake' and name 'ros_bot'
[0.508s] Level 1:colcon.colcon_core.package_discovery:discover_packages(recursive) using defaults
[0.508s] Level 1:colcon.colcon_core.package_discovery:discover_packages(ignore) discover
[0.508s] Level 1:colcon.colcon_core.package_discovery:discover_packages(ignore) using defaults
[0.508s] Level 1:colcon.colcon_core.package_discovery:discover_packages(path) discover
[0.508s] Level 1:colcon.colcon_core.package_discovery:discover_packages(path) using defaults
[0.552s] Level 1:colcon.colcon_core.package_discovery:discover_packages(prefix_path) check parameters
[0.552s] Level 1:colcon.colcon_core.package_discovery:discover_packages(prefix_path) discover
[0.571s] DEBUG:colcon.colcon_installed_package_information.package_discovery:Found 372 installed packages in /opt/ros/humble
[0.572s] Level 1:colcon.colcon_core.package_discovery:discover_packages(prefix_path) using defaults
[0.620s] Level 5:colcon.colcon_core.verb:set package 'ayuda_description' build argument 'cmake_args' from command line to 'None'
[0.620s] Level 5:colcon.colcon_core.verb:set package 'ayuda_description' build argument 'cmake_target' from command line to 'None'
[0.620s] Level 5:colcon.colcon_core.verb:set package 'ayuda_description' build argument 'cmake_target_skip_unavailable' from command line to 'False'
[0.620s] Level 5:colcon.colcon_core.verb:set package 'ayuda_description' build argument 'cmake_clean_cache' from command line to 'False'
[0.620s] Level 5:colcon.colcon_core.verb:set package 'ayuda_description' build argument 'cmake_clean_first' from command line to 'False'
[0.620s] Level 5:colcon.colcon_core.verb:set package 'ayuda_description' build argument 'cmake_force_configure' from command line to 'False'
[0.620s] Level 5:colcon.colcon_core.verb:set package 'ayuda_description' build argument 'ament_cmake_args' from command line to 'None'
[0.620s] Level 5:colcon.colcon_core.verb:set package 'ayuda_description' build argument 'catkin_cmake_args' from command line to 'None'
[0.620s] Level 5:colcon.colcon_core.verb:set package 'ayuda_description' build argument 'catkin_skip_building_tests' from command line to 'False'
[0.620s] DEBUG:colcon.colcon_core.verb:Building package 'ayuda_description' with the following arguments: {'ament_cmake_args': None, 'build_base': '/home/rick/ros_ws/build/ayuda_description', 'catkin_cmake_args': None, 'catkin_skip_building_tests': False, 'cmake_args': None, 'cmake_clean_cache': False, 'cmake_clean_first': False, 'cmake_force_configure': False, 'cmake_target': None, 'cmake_target_skip_unavailable': False, 'install_base': '/home/rick/ros_ws/install/ayuda_description', 'merge_install': False, 'path': '/home/rick/ros_ws/src/ayuda_description', 'symlink_install': True, 'test_result_base': None}
[0.627s] Level 5:colcon.colcon_core.verb:set package 'cartographer_ros_msgs' build argument 'cmake_args' from command line to 'None'
[0.627s] Level 5:colcon.colcon_core.verb:set package 'cartographer_ros_msgs' build argument 'cmake_target' from command line to 'None'
[0.627s] Level 5:colcon.colcon_core.verb:set package 'cartographer_ros_msgs' build argument 'cmake_target_skip_unavailable' from command line to 'False'
[0.627s] Level 5:colcon.colcon_core.verb:set package 'cartographer_ros_msgs' build argument 'cmake_clean_cache' from command line to 'False'
[0.627s] Level 5:colcon.colcon_core.verb:set package 'cartographer_ros_msgs' build argument 'cmake_clean_first' from command line to 'False'
[0.627s] Level 5:colcon.colcon_core.verb:set package 'cartographer_ros_msgs' build argument 'cmake_force_configure' from command line to 'False'
[0.627s] Level 5:colcon.colcon_core.verb:set package 'cartographer_ros_msgs' build argument 'ament_cmake_args' from command line to 'None'
[0.627s] Level 5:colcon.colcon_core.verb:set package 'cartographer_ros_msgs' build argument 'catkin_cmake_args' from command line to 'None'
[0.627s] Level 5:colcon.colcon_core.verb:set package 'cartographer_ros_msgs' build argument 'catkin_skip_building_tests' from command line to 'False'
[0.627s] DEBUG:colcon.colcon_core.verb:Building package 'cartographer_ros_msgs' with the following arguments: {'ament_cmake_args': None, 'build_base': '/home/rick/ros_ws/build/cartographer_ros_msgs', 'catkin_cmake_args': None, 'catkin_skip_building_tests': False, 'cmake_args': None, 'cmake_clean_cache': False, 'cmake_clean_first': False, 'cmake_force_configure': False, 'cmake_target': None, 'cmake_target_skip_unavailable': False, 'install_base': '/home/rick/ros_ws/install/cartographer_ros_msgs', 'merge_install': False, 'path': '/home/rick/ros_ws/src/cartographer_ros/cartographer_ros_msgs', 'symlink_install': True, 'test_result_base': None}
[0.634s] Level 5:colcon.colcon_core.verb:set package 'ds4_driver_msgs' build argument 'cmake_args' from command line to 'None'
[0.634s] Level 5:colcon.colcon_core.verb:set package 'ds4_driver_msgs' build argument 'cmake_target' from command line to 'None'
[0.634s] Level 5:colcon.colcon_core.verb:set package 'ds4_driver_msgs' build argument 'cmake_target_skip_unavailable' from command line to 'False'
[0.634s] Level 5:colcon.colcon_core.verb:set package 'ds4_driver_msgs' build argument 'cmake_clean_cache' from command line to 'False'
[0.634s] Level 5:colcon.colcon_core.verb:set package 'ds4_driver_msgs' build argument 'cmake_clean_first' from command line to 'False'
[0.634s] Level 5:colcon.colcon_core.verb:set package 'ds4_driver_msgs' build argument 'cmake_force_configure' from command line to 'False'
[0.634s] Level 5:colcon.colcon_core.verb:set package 'ds4_driver_msgs' build argument 'ament_cmake_args' from command line to 'None'
[0.634s] Level 5:colcon.colcon_core.verb:set package 'ds4_driver_msgs' build argument 'catkin_cmake_args' from command line to 'None'
[0.634s] Level 5:colcon.colcon_core.verb:set package 'ds4_driver_msgs' build argument 'catkin_skip_building_tests' from command line to 'False'
[0.634s] DEBUG:colcon.colcon_core.verb:Building package 'ds4_driver_msgs' with the following arguments: {'ament_cmake_args': None, 'build_base': '/home/rick/ros_ws/build/ds4_driver_msgs', 'catkin_cmake_args': None, 'catkin_skip_building_tests': False, 'cmake_args': None, 'cmake_clean_cache': False, 'cmake_clean_first': False, 'cmake_force_configure': False, 'cmake_target': None, 'cmake_target_skip_unavailable': False, 'install_base': '/home/rick/ros_ws/install/ds4_driver_msgs', 'merge_install': False, 'path': '/home/rick/ros_ws/src/ds4_driver/ds4_driver_msgs', 'symlink_install': True, 'test_result_base': None}
[0.641s] Level 5:colcon.colcon_core.verb:set package 'ros_bot' build argument 'cmake_args' from command line to 'None'
[0.641s] Level 5:colcon.colcon_core.verb:set package 'ros_bot' build argument 'cmake_target' from command line to 'None'
[0.641s] Level 5:colcon.colcon_core.verb:set package 'ros_bot' build argument 'cmake_target_skip_unavailable' from command line to 'False'
[0.641s] Level 5:colcon.colcon_core.verb:set package 'ros_bot' build argument 'cmake_clean_cache' from command line to 'False'
[0.641s] Level 5:colcon.colcon_core.verb:set package 'ros_bot' build argument 'cmake_clean_first' from command line to 'False'
[0.641s] Level 5:colcon.colcon_core.verb:set package 'ros_bot' build argument 'cmake_force_configure' from command line to 'False'
[0.641s] Level 5:colcon.colcon_core.verb:set package 'ros_bot' build argument 'ament_cmake_args' from command line to 'None'
[0.641s] Level 5:colcon.colcon_core.verb:set package 'ros_bot' build argument 'catkin_cmake_args' from command line to 'None'
[0.641s] Level 5:colcon.colcon_core.verb:set package 'ros_bot' build argument 'catkin_skip_building_tests' from command line to 'False'
[0.641s] DEBUG:colcon.colcon_core.verb:Building package 'ros_bot' with the following arguments: {'ament_cmake_args': None, 'build_base': '/home/rick/ros_ws/build/ros_bot', 'catkin_cmake_args': None, 'catkin_skip_building_tests': False, 'cmake_args': None, 'cmake_clean_cache': False, 'cmake_clean_first': False, 'cmake_force_configure': False, 'cmake_target': None, 'cmake_target_skip_unavailable': False, 'install_base': '/home/rick/ros_ws/install/ros_bot', 'merge_install': False, 'path': '/home/rick/ros_ws/src/ros_bot', 'symlink_install': True, 'test_result_base': None}
[0.648s] Level 5:colcon.colcon_core.verb:set package 'cartographer_ros' build argument 'cmake_args' from command line to 'None'
[0.648s] Level 5:colcon.colcon_core.verb:set package 'cartographer_ros' build argument 'cmake_target' from command line to 'None'
[0.648s] Level 5:colcon.colcon_core.verb:set package 'cartographer_ros' build argument 'cmake_target_skip_unavailable' from command line to 'False'
[0.648s] Level 5:colcon.colcon_core.verb:set package 'cartographer_ros' build argument 'cmake_clean_cache' from command line to 'False'
[0.648s] Level 5:colcon.colcon_core.verb:set package 'cartographer_ros' build argument 'cmake_clean_first' from command line to 'False'
[0.648s] Level 5:colcon.colcon_core.verb:set package 'cartographer_ros' build argument 'cmake_force_configure' from command line to 'False'
[0.648s] Level 5:colcon.colcon_core.verb:set package 'cartographer_ros' build argument 'ament_cmake_args' from command line to 'None'
[0.648s] Level 5:colcon.colcon_core.verb:set package 'cartographer_ros' build argument 'catkin_cmake_args' from command line to 'None'
[0.648s] Level 5:colcon.colcon_core.verb:set package 'cartographer_ros' build argument 'catkin_skip_building_tests' from command line to 'False'
[0.648s] DEBUG:colcon.colcon_core.verb:Building package 'cartographer_ros' with the following arguments: {'ament_cmake_args': None, 'build_base': '/home/rick/ros_ws/build/cartographer_ros', 'catkin_cmake_args': None, 'catkin_skip_building_tests': False, 'cmake_args': None, 'cmake_clean_cache': False, 'cmake_clean_first': False, 'cmake_force_configure': False, 'cmake_target': None, 'cmake_target_skip_unavailable': False, 'install_base': '/home/rick/ros_ws/install/cartographer_ros', 'merge_install': False, 'path': '/home/rick/ros_ws/src/cartographer_ros/cartographer_ros', 'symlink_install': True, 'test_result_base': None}
[0.655s] Level 5:colcon.colcon_core.verb:set package 'ds4_driver' build argument 'cmake_args' from command line to 'None'
[0.655s] Level 5:colcon.colcon_core.verb:set package 'ds4_driver' build argument 'cmake_target' from command line to 'None'
[0.655s] Level 5:colcon.colcon_core.verb:set package 'ds4_driver' build argument 'cmake_target_skip_unavailable' from command line to 'False'
[0.655s] Level 5:colcon.colcon_core.verb:set package 'ds4_driver' build argument 'cmake_clean_cache' from command line to 'False'
[0.655s] Level 5:colcon.colcon_core.verb:set package 'ds4_driver' build argument 'cmake_clean_first' from command line to 'False'
[0.655s] Level 5:colcon.colcon_core.verb:set package 'ds4_driver' build argument 'cmake_force_configure' from command line to 'False'
[0.655s] Level 5:colcon.colcon_core.verb:set package 'ds4_driver' build argument 'ament_cmake_args' from command line to 'None'
[0.655s] Level 5:colcon.colcon_core.verb:set package 'ds4_driver' build argument 'catkin_cmake_args' from command line to 'None'
[0.655s] Level 5:colcon.colcon_core.verb:set package 'ds4_driver' build argument 'catkin_skip_building_tests' from command line to 'False'
[0.655s] DEBUG:colcon.colcon_core.verb:Building package 'ds4_driver' with the following arguments: {'ament_cmake_args': None, 'build_base': '/home/rick/ros_ws/build/ds4_driver', 'catkin_cmake_args': None, 'catkin_skip_building_tests': False, 'cmake_args': None, 'cmake_clean_cache': False, 'cmake_clean_first': False, 'cmake_force_configure': False, 'cmake_target': None, 'cmake_target_skip_unavailable': False, 'install_base': '/home/rick/ros_ws/install/ds4_driver', 'merge_install': False, 'path': '/home/rick/ros_ws/src/ds4_driver/ds4_driver', 'symlink_install': True, 'test_result_base': None}
[0.662s] Level 5:colcon.colcon_core.verb:set package 'cartographer_rviz' build argument 'cmake_args' from command line to 'None'
[0.662s] Level 5:colcon.colcon_core.verb:set package 'cartographer_rviz' build argument 'cmake_target' from command line to 'None'
[0.662s] Level 5:colcon.colcon_core.verb:set package 'cartographer_rviz' build argument 'cmake_target_skip_unavailable' from command line to 'False'
[0.662s] Level 5:colcon.colcon_core.verb:set package 'cartographer_rviz' build argument 'cmake_clean_cache' from command line to 'False'
[0.662s] Level 5:colcon.colcon_core.verb:set package 'cartographer_rviz' build argument 'cmake_clean_first' from command line to 'False'
[0.662s] Level 5:colcon.colcon_core.verb:set package 'cartographer_rviz' build argument 'cmake_force_configure' from command line to 'False'
[0.662s] Level 5:colcon.colcon_core.verb:set package 'cartographer_rviz' build argument 'ament_cmake_args' from command line to 'None'
[0.662s] Level 5:colcon.colcon_core.verb:set package 'cartographer_rviz' build argument 'catkin_cmake_args' from command line to 'None'
[0.662s] Level 5:colcon.colcon_core.verb:set package 'cartographer_rviz' build argument 'catkin_skip_building_tests' from command line to 'False'
[0.662s] DEBUG:colcon.colcon_core.verb:Building package 'cartographer_rviz' with the following arguments: {'ament_cmake_args': None, 'build_base': '/home/rick/ros_ws/build/cartographer_rviz', 'catkin_cmake_args': None, 'catkin_skip_building_tests': False, 'cmake_args': None, 'cmake_clean_cache': False, 'cmake_clean_first': False, 'cmake_force_configure': False, 'cmake_target': None, 'cmake_target_skip_unavailable': False, 'install_base': '/home/rick/ros_ws/install/cartographer_rviz', 'merge_install': False, 'path': '/home/rick/ros_ws/src/cartographer_ros/cartographer_rviz', 'symlink_install': True, 'test_result_base': None}
[0.669s] INFO:colcon.colcon_core.executor:Executing jobs using 'parallel' executor
[0.677s] DEBUG:colcon.colcon_parallel_executor.executor.parallel:run_until_complete
[0.677s] INFO:colcon.colcon_ros.task.ament_cmake.build:Building ROS package in '/home/rick/ros_ws/src/cartographer_ros/cartographer_ros_msgs' with build type 'ament_cmake'
[0.677s] INFO:colcon.colcon_cmake.task.cmake.build:Building CMake package in '/home/rick/ros_ws/src/cartographer_ros/cartographer_ros_msgs'
[0.684s] INFO:colcon.colcon_core.plugin_system:Skipping extension 'colcon_core.shell.bat': Not used on non-Windows systems
[0.685s] INFO:colcon.colcon_core.shell:Skip shell extension 'powershell' for command environment: Not usable outside of PowerShell
[0.685s] DEBUG:colcon.colcon_core.shell:Skip shell extension 'dsv' for command environment
[0.700s] INFO:colcon.colcon_ros.task.ament_cmake.build:Building ROS package in '/home/rick/ros_ws/src/ds4_driver/ds4_driver_msgs' with build type 'ament_cmake'
[0.700s] INFO:colcon.colcon_cmake.task.cmake.build:Building CMake package in '/home/rick/ros_ws/src/ds4_driver/ds4_driver_msgs'
[0.708s] INFO:colcon.colcon_core.shell:Skip shell extension 'powershell' for command environment: Not usable outside of PowerShell
[0.708s] DEBUG:colcon.colcon_core.shell:Skip shell extension 'dsv' for command environment
[0.723s] INFO:colcon.colcon_ros.task.ament_python.build:Building ROS package in '/home/rick/ros_ws/src/ayuda_description' with build type 'ament_python'
[0.723s] Level 1:colcon.colcon_core.shell:create_environment_hook('ayuda_description', 'ament_prefix_path')
[0.730s] INFO:colcon.colcon_core.shell:Creating environment hook '/home/rick/ros_ws/install/ayuda_description/share/ayuda_description/hook/ament_prefix_path.ps1'
[0.731s] INFO:colcon.colcon_core.shell:Creating environment descriptor '/home/rick/ros_ws/install/ayuda_description/share/ayuda_description/hook/ament_prefix_path.dsv'
[0.731s] INFO:colcon.colcon_core.shell:Creating environment hook '/home/rick/ros_ws/install/ayuda_description/share/ayuda_description/hook/ament_prefix_path.sh'
[0.738s] INFO:colcon.colcon_core.shell:Skip shell extension 'powershell' for command environment: Not usable outside of PowerShell
[0.738s] DEBUG:colcon.colcon_core.shell:Skip shell extension 'dsv' for command environment
[0.753s] INFO:colcon.colcon_ros.task.ament_cmake.build:Building ROS package in '/home/rick/ros_ws/src/ros_bot' with build type 'ament_cmake'
[0.753s] INFO:colcon.colcon_cmake.task.cmake.build:Building CMake package in '/home/rick/ros_ws/src/ros_bot'
[0.761s] INFO:colcon.colcon_core.shell:Skip shell extension 'powershell' for command environment: Not usable outside of PowerShell
[0.761s] DEBUG:colcon.colcon_core.shell:Skip shell extension 'dsv' for command environment
[0.778s] DEBUG:colcon.colcon_core.event_handler.log_command:Invoking command in '/home/rick/ros_ws/build/cartographer_ros_msgs': CMAKE_PREFIX_PATH=/opt/ros/humble /home/rick/.local/bin/cmake /home/rick/ros_ws/src/cartographer_ros/cartographer_ros_msgs -DAMENT_CMAKE_SYMLINK_INSTALL=1 -DCMAKE_INSTALL_PREFIX=/home/rick/ros_ws/install/cartographer_ros_msgs
[0.779s] DEBUG:colcon.colcon_core.event_handler.log_command:Invoking command in '/home/rick/ros_ws/build/ds4_driver_msgs': CMAKE_PREFIX_PATH=/opt/ros/humble /home/rick/.local/bin/cmake /home/rick/ros_ws/src/ds4_driver/ds4_driver_msgs -DAMENT_CMAKE_SYMLINK_INSTALL=1 -DCMAKE_INSTALL_PREFIX=/home/rick/ros_ws/install/ds4_driver_msgs
[0.914s] INFO:colcon.colcon_core.task.python.build:Building Python package in '/home/rick/ros_ws/src/ayuda_description'
[0.924s] INFO:colcon.colcon_core.shell:Skip shell extension 'powershell' for command environment: Not usable outside of PowerShell
[0.924s] DEBUG:colcon.colcon_core.shell:Skip shell extension 'dsv' for command environment
[0.944s] DEBUG:colcon.colcon_core.event_handler.log_command:Invoking command in '/home/rick/ros_ws/build/ros_bot': CMAKE_PREFIX_PATH=/opt/ros/humble /home/rick/.local/bin/cmake /home/rick/ros_ws/src/ros_bot -DAMENT_CMAKE_SYMLINK_INSTALL=1 -DCMAKE_INSTALL_PREFIX=/home/rick/ros_ws/install/ros_bot
[1.179s] DEBUG:colcon.colcon_core.event_handler.log_command:Invoking command in '/home/rick/ros_ws/build/ayuda_description': PYTHONPATH=/home/rick/ros_ws/build/ayuda_description/prefix_override:/home/rick/ros_ws/install/ayuda_description/lib/python3.10/site-packages:${PYTHONPATH} /usr/bin/python3 setup.py develop --editable --build-directory /home/rick/ros_ws/build/ayuda_description/build --no-deps install_data
[1.424s] Level 1:colcon.colcon_core.shell:create_environment_hook('ayuda_description', 'pythonpath_develop')
[1.424s] DEBUG:colcon.colcon_core.event_handler.log_command:Invoked command in '/home/rick/ros_ws/build/ayuda_description' returned '0': PYTHONPATH=/home/rick/ros_ws/build/ayuda_description/prefix_override:/home/rick/ros_ws/install/ayuda_description/lib/python3.10/site-packages:${PYTHONPATH} /usr/bin/python3 setup.py develop --editable --build-directory /home/rick/ros_ws/build/ayuda_description/build --no-deps install_data
[1.432s] INFO:colcon.colcon_core.shell:Creating environment hook '/home/rick/ros_ws/build/ayuda_description/share/ayuda_description/hook/pythonpath_develop.ps1'
[1.432s] INFO:colcon.colcon_core.shell:Creating environment descriptor '/home/rick/ros_ws/build/ayuda_description/share/ayuda_description/hook/pythonpath_develop.dsv'
[1.433s] INFO:colcon.colcon_core.shell:Creating environment hook '/home/rick/ros_ws/build/ayuda_description/share/ayuda_description/hook/pythonpath_develop.sh'
[1.441s] Level 1:colcon.colcon_core.environment:checking '/home/rick/ros_ws/install/ayuda_description' for CMake module files
[1.442s] Level 1:colcon.colcon_core.environment:checking '/home/rick/ros_ws/install/ayuda_description' for CMake config files
[1.442s] Level 1:colcon.colcon_core.environment:checking '/home/rick/ros_ws/install/ayuda_description/lib'
[1.442s] Level 1:colcon.colcon_core.environment:checking '/home/rick/ros_ws/install/ayuda_description/bin'
[1.442s] Level 1:colcon.colcon_core.environment:checking '/home/rick/ros_ws/install/ayuda_description/lib/pkgconfig/ayuda_description.pc'
[1.442s] Level 1:colcon.colcon_core.environment:checking '/home/rick/ros_ws/install/ayuda_description/lib/python3.10/site-packages'
[1.442s] Level 1:colcon.colcon_core.shell:create_environment_hook('ayuda_description', 'pythonpath')
[1.450s] INFO:colcon.colcon_core.shell:Creating environment hook '/home/rick/ros_ws/install/ayuda_description/share/ayuda_description/hook/pythonpath.ps1'
[1.450s] INFO:colcon.colcon_core.shell:Creating environment descriptor '/home/rick/ros_ws/install/ayuda_description/share/ayuda_description/hook/pythonpath.dsv'
[1.450s] INFO:colcon.colcon_core.shell:Creating environment hook '/home/rick/ros_ws/install/ayuda_description/share/ayuda_description/hook/pythonpath.sh'
[1.450s] Level 1:colcon.colcon_core.environment:checking '/home/rick/ros_ws/install/ayuda_description/bin'
[1.450s] Level 1:colcon.colcon_core.environment:create_environment_scripts_only(ayuda_description)
[1.458s] INFO:colcon.colcon_core.shell:Creating package script '/home/rick/ros_ws/install/ayuda_description/share/ayuda_description/package.ps1'
[1.458s] INFO:colcon.colcon_core.shell:Creating package descriptor '/home/rick/ros_ws/install/ayuda_description/share/ayuda_description/package.dsv'
[1.459s] INFO:colcon.colcon_core.shell:Creating package script '/home/rick/ros_ws/install/ayuda_description/share/ayuda_description/package.sh'
[1.459s] INFO:colcon.colcon_core.shell:Creating package script '/home/rick/ros_ws/install/ayuda_description/share/ayuda_description/package.bash'
[1.459s] INFO:colcon.colcon_core.shell:Creating package script '/home/rick/ros_ws/install/ayuda_description/share/ayuda_description/package.zsh'
[1.459s] Level 1:colcon.colcon_core.environment:create_file_with_runtime_dependencies(/home/rick/ros_ws/install/ayuda_description/share/colcon-core/packages/ayuda_description)
[1.490s] DEBUG:colcon.colcon_core.event_handler.log_command:Invoked command in '/home/rick/ros_ws/build/ros_bot' returned '0': CMAKE_PREFIX_PATH=/opt/ros/humble /home/rick/.local/bin/cmake /home/rick/ros_ws/src/ros_bot -DAMENT_CMAKE_SYMLINK_INSTALL=1 -DCMAKE_INSTALL_PREFIX=/home/rick/ros_ws/install/ros_bot
[1.491s] DEBUG:colcon.colcon_core.event_handler.log_command:Invoking command in '/home/rick/ros_ws/build/ros_bot': CMAKE_PREFIX_PATH=/opt/ros/humble /home/rick/.local/bin/cmake --build /home/rick/ros_ws/build/ros_bot -- -j24 -l24
[1.514s] DEBUG:colcon.colcon_core.event_handler.log_command:Invoked command in '/home/rick/ros_ws/build/ros_bot' returned '0': CMAKE_PREFIX_PATH=/opt/ros/humble /home/rick/.local/bin/cmake --build /home/rick/ros_ws/build/ros_bot -- -j24 -l24
[1.554s] DEBUG:colcon.colcon_core.event_handler.log_command:Invoking command in '/home/rick/ros_ws/build/ros_bot': CMAKE_PREFIX_PATH=/opt/ros/humble /home/rick/.local/bin/cmake --install /home/rick/ros_ws/build/ros_bot
[1.651s] Level 1:colcon.colcon_core.environment:create_environment_scripts_only(ros_bot)
[1.651s] DEBUG:colcon.colcon_core.event_handler.log_command:Invoked command in '/home/rick/ros_ws/build/ros_bot' returned '0': CMAKE_PREFIX_PATH=/opt/ros/humble /home/rick/.local/bin/cmake --install /home/rick/ros_ws/build/ros_bot
[1.659s] Level 1:colcon.colcon_core.environment:checking '/home/rick/ros_ws/install/ros_bot' for CMake module files
[1.659s] Level 1:colcon.colcon_core.environment:checking '/home/rick/ros_ws/install/ros_bot' for CMake config files
[1.659s] Level 1:colcon.colcon_core.shell:create_environment_hook('ros_bot', 'cmake_prefix_path')
[1.667s] INFO:colcon.colcon_core.shell:Creating environment hook '/home/rick/ros_ws/install/ros_bot/share/ros_bot/hook/cmake_prefix_path.ps1'
[1.667s] INFO:colcon.colcon_core.shell:Creating environment descriptor '/home/rick/ros_ws/install/ros_bot/share/ros_bot/hook/cmake_prefix_path.dsv'
[1.667s] INFO:colcon.colcon_core.shell:Creating environment hook '/home/rick/ros_ws/install/ros_bot/share/ros_bot/hook/cmake_prefix_path.sh'
[1.668s] Level 1:colcon.colcon_core.environment:checking '/home/rick/ros_ws/install/ros_bot/bin'
[1.668s] Level 1:colcon.colcon_core.environment:checking '/home/rick/ros_ws/install/ros_bot/lib/pkgconfig/ros_bot.pc'
[1.668s] Level 1:colcon.colcon_core.environment:checking '/home/rick/ros_ws/install/ros_bot/lib/python3.10/site-packages'
[1.668s] Level 1:colcon.colcon_core.environment:checking '/home/rick/ros_ws/install/ros_bot/bin'
[1.675s] INFO:colcon.colcon_core.shell:Creating package script '/home/rick/ros_ws/install/ros_bot/share/ros_bot/package.ps1'
[1.676s] INFO:colcon.colcon_core.shell:Creating package descriptor '/home/rick/ros_ws/install/ros_bot/share/ros_bot/package.dsv'
[1.676s] INFO:colcon.colcon_core.shell:Creating package script '/home/rick/ros_ws/install/ros_bot/share/ros_bot/package.sh'
[1.676s] INFO:colcon.colcon_core.shell:Creating package script '/home/rick/ros_ws/install/ros_bot/share/ros_bot/package.bash'
[1.676s] INFO:colcon.colcon_core.shell:Creating package script '/home/rick/ros_ws/install/ros_bot/share/ros_bot/package.zsh'
[1.676s] Level 1:colcon.colcon_core.environment:create_file_with_runtime_dependencies(/home/rick/ros_ws/install/ros_bot/share/colcon-core/packages/ros_bot)
[1.707s] Level 1:colcon.colcon_core.environment:create_environment_scripts_only(ros_bot)
[1.715s] Level 1:colcon.colcon_core.environment:checking '/home/rick/ros_ws/install/ros_bot' for CMake module files
[1.715s] Level 1:colcon.colcon_core.environment:checking '/home/rick/ros_ws/install/ros_bot' for CMake config files
[1.715s] Level 1:colcon.colcon_core.shell:create_environment_hook('ros_bot', 'cmake_prefix_path')
[1.723s] INFO:colcon.colcon_core.shell:Creating environment hook '/home/rick/ros_ws/install/ros_bot/share/ros_bot/hook/cmake_prefix_path.ps1'
[1.723s] INFO:colcon.colcon_core.shell:Creating environment descriptor '/home/rick/ros_ws/install/ros_bot/share/ros_bot/hook/cmake_prefix_path.dsv'
[1.723s] INFO:colcon.colcon_core.shell:Creating environment hook '/home/rick/ros_ws/install/ros_bot/share/ros_bot/hook/cmake_prefix_path.sh'
[1.724s] Level 1:colcon.colcon_core.environment:checking '/home/rick/ros_ws/install/ros_bot/bin'
[1.724s] Level 1:colcon.colcon_core.environment:checking '/home/rick/ros_ws/install/ros_bot/lib/pkgconfig/ros_bot.pc'
[1.724s] Level 1:colcon.colcon_core.environment:checking '/home/rick/ros_ws/install/ros_bot/lib/python3.10/site-packages'
[1.724s] Level 1:colcon.colcon_core.environment:checking '/home/rick/ros_ws/install/ros_bot/bin'
[1.732s] INFO:colcon.colcon_core.shell:Creating package script '/home/rick/ros_ws/install/ros_bot/share/ros_bot/package.ps1'
[1.732s] INFO:colcon.colcon_core.shell:Creating package descriptor '/home/rick/ros_ws/install/ros_bot/share/ros_bot/package.dsv'
[1.732s] INFO:colcon.colcon_core.shell:Creating package script '/home/rick/ros_ws/install/ros_bot/share/ros_bot/package.sh'
[1.732s] INFO:colcon.colcon_core.shell:Creating package script '/home/rick/ros_ws/install/ros_bot/share/ros_bot/package.bash'
[1.732s] INFO:colcon.colcon_core.shell:Creating package script '/home/rick/ros_ws/install/ros_bot/share/ros_bot/package.zsh'
[1.733s] Level 1:colcon.colcon_core.environment:create_file_with_runtime_dependencies(/home/rick/ros_ws/install/ros_bot/share/colcon-core/packages/ros_bot)
[2.583s] DEBUG:colcon.colcon_core.event_handler.log_command:Invoked command in '/home/rick/ros_ws/build/cartographer_ros_msgs' returned '0': CMAKE_PREFIX_PATH=/opt/ros/humble /home/rick/.local/bin/cmake /home/rick/ros_ws/src/cartographer_ros/cartographer_ros_msgs -DAMENT_CMAKE_SYMLINK_INSTALL=1 -DCMAKE_INSTALL_PREFIX=/home/rick/ros_ws/install/cartographer_ros_msgs
[2.584s] DEBUG:colcon.colcon_core.event_handler.log_command:Invoking command in '/home/rick/ros_ws/build/cartographer_ros_msgs': CMAKE_PREFIX_PATH=/opt/ros/humble /home/rick/.local/bin/cmake --build /home/rick/ros_ws/build/cartographer_ros_msgs -- -j24 -l24
[2.620s] DEBUG:colcon.colcon_core.event_handler.log_command:Invoked command in '/home/rick/ros_ws/build/ds4_driver_msgs' returned '0': CMAKE_PREFIX_PATH=/opt/ros/humble /home/rick/.local/bin/cmake /home/rick/ros_ws/src/ds4_driver/ds4_driver_msgs -DAMENT_CMAKE_SYMLINK_INSTALL=1 -DCMAKE_INSTALL_PREFIX=/home/rick/ros_ws/install/ds4_driver_msgs
[2.621s] DEBUG:colcon.colcon_core.event_handler.log_command:Invoking command in '/home/rick/ros_ws/build/ds4_driver_msgs': CMAKE_PREFIX_PATH=/opt/ros/humble /home/rick/.local/bin/cmake --build /home/rick/ros_ws/build/ds4_driver_msgs -- -j24 -l24
[5.230s] DEBUG:colcon.colcon_core.event_handler.log_command:Invoked command in '/home/rick/ros_ws/build/ds4_driver_msgs' returned '0': CMAKE_PREFIX_PATH=/opt/ros/humble /home/rick/.local/bin/cmake --build /home/rick/ros_ws/build/ds4_driver_msgs -- -j24 -l24
[5.434s] DEBUG:colcon.colcon_core.event_handler.log_command:Invoking command in '/home/rick/ros_ws/build/ds4_driver_msgs': CMAKE_PREFIX_PATH=/opt/ros/humble /home/rick/.local/bin/cmake --install /home/rick/ros_ws/build/ds4_driver_msgs
[5.738s] Level 1:colcon.colcon_core.environment:create_environment_scripts_only(ds4_driver_msgs)
[5.738s] DEBUG:colcon.colcon_core.event_handler.log_command:Invoked command in '/home/rick/ros_ws/build/ds4_driver_msgs' returned '0': CMAKE_PREFIX_PATH=/opt/ros/humble /home/rick/.local/bin/cmake --install /home/rick/ros_ws/build/ds4_driver_msgs
[5.746s] Level 1:colcon.colcon_core.environment:checking '/home/rick/ros_ws/install/ds4_driver_msgs' for CMake module files
[5.747s] Level 1:colcon.colcon_core.environment:checking '/home/rick/ros_ws/install/ds4_driver_msgs' for CMake config files
[5.747s] Level 1:colcon.colcon_core.shell:create_environment_hook('ds4_driver_msgs', 'cmake_prefix_path')
[5.755s] INFO:colcon.colcon_core.shell:Creating environment hook '/home/rick/ros_ws/install/ds4_driver_msgs/share/ds4_driver_msgs/hook/cmake_prefix_path.ps1'
[5.755s] INFO:colcon.colcon_core.shell:Creating environment descriptor '/home/rick/ros_ws/install/ds4_driver_msgs/share/ds4_driver_msgs/hook/cmake_prefix_path.dsv'
[5.755s] INFO:colcon.colcon_core.shell:Creating environment hook '/home/rick/ros_ws/install/ds4_driver_msgs/share/ds4_driver_msgs/hook/cmake_prefix_path.sh'
[5.755s] Level 1:colcon.colcon_core.environment:checking '/home/rick/ros_ws/install/ds4_driver_msgs/lib'
[5.755s] Level 1:colcon.colcon_core.shell:create_environment_hook('ds4_driver_msgs', 'ld_library_path_lib')
[5.763s] INFO:colcon.colcon_core.shell:Creating environment hook '/home/rick/ros_ws/install/ds4_driver_msgs/share/ds4_driver_msgs/hook/ld_library_path_lib.ps1'
[5.763s] INFO:colcon.colcon_core.shell:Creating environment descriptor '/home/rick/ros_ws/install/ds4_driver_msgs/share/ds4_driver_msgs/hook/ld_library_path_lib.dsv'
[5.763s] INFO:colcon.colcon_core.shell:Creating environment hook '/home/rick/ros_ws/install/ds4_driver_msgs/share/ds4_driver_msgs/hook/ld_library_path_lib.sh'
[5.763s] Level 1:colcon.colcon_core.environment:checking '/home/rick/ros_ws/install/ds4_driver_msgs/bin'
[5.763s] Level 1:colcon.colcon_core.environment:checking '/home/rick/ros_ws/install/ds4_driver_msgs/lib/pkgconfig/ds4_driver_msgs.pc'
[5.764s] Level 1:colcon.colcon_core.environment:checking '/home/rick/ros_ws/install/ds4_driver_msgs/lib/python3.10/site-packages'
[5.764s] Level 1:colcon.colcon_core.environment:checking '/home/rick/ros_ws/install/ds4_driver_msgs/bin'
[5.771s] INFO:colcon.colcon_core.shell:Creating package script '/home/rick/ros_ws/install/ds4_driver_msgs/share/ds4_driver_msgs/package.ps1'
[5.771s] INFO:colcon.colcon_core.shell:Creating package descriptor '/home/rick/ros_ws/install/ds4_driver_msgs/share/ds4_driver_msgs/package.dsv'
[5.772s] INFO:colcon.colcon_core.shell:Creating package script '/home/rick/ros_ws/install/ds4_driver_msgs/share/ds4_driver_msgs/package.sh'
[5.772s] INFO:colcon.colcon_core.shell:Creating package script '/home/rick/ros_ws/install/ds4_driver_msgs/share/ds4_driver_msgs/package.bash'
[5.772s] INFO:colcon.colcon_core.shell:Creating package script '/home/rick/ros_ws/install/ds4_driver_msgs/share/ds4_driver_msgs/package.zsh'
[5.772s] Level 1:colcon.colcon_core.environment:create_file_with_runtime_dependencies(/home/rick/ros_ws/install/ds4_driver_msgs/share/colcon-core/packages/ds4_driver_msgs)
[5.849s] Level 1:colcon.colcon_core.environment:create_environment_scripts_only(ds4_driver_msgs)
[5.856s] Level 1:colcon.colcon_core.environment:checking '/home/rick/ros_ws/install/ds4_driver_msgs' for CMake module files
[5.856s] Level 1:colcon.colcon_core.environment:checking '/home/rick/ros_ws/install/ds4_driver_msgs' for CMake config files
[5.857s] Level 1:colcon.colcon_core.shell:create_environment_hook('ds4_driver_msgs', 'cmake_prefix_path')
[5.864s] INFO:colcon.colcon_core.shell:Creating environment hook '/home/rick/ros_ws/install/ds4_driver_msgs/share/ds4_driver_msgs/hook/cmake_prefix_path.ps1'
[5.864s] INFO:colcon.colcon_core.shell:Creating environment descriptor '/home/rick/ros_ws/install/ds4_driver_msgs/share/ds4_driver_msgs/hook/cmake_prefix_path.dsv'
[5.864s] INFO:colcon.colcon_core.shell:Creating environment hook '/home/rick/ros_ws/install/ds4_driver_msgs/share/ds4_driver_msgs/hook/cmake_prefix_path.sh'
[5.865s] Level 1:colcon.colcon_core.environment:checking '/home/rick/ros_ws/install/ds4_driver_msgs/lib'
[5.865s] Level 1:colcon.colcon_core.shell:create_environment_hook('ds4_driver_msgs', 'ld_library_path_lib')
[5.872s] INFO:colcon.colcon_core.shell:Creating environment hook '/home/rick/ros_ws/install/ds4_driver_msgs/share/ds4_driver_msgs/hook/ld_library_path_lib.ps1'
[5.872s] INFO:colcon.colcon_core.shell:Creating environment descriptor '/home/rick/ros_ws/install/ds4_driver_msgs/share/ds4_driver_msgs/hook/ld_library_path_lib.dsv'
[5.872s] INFO:colcon.colcon_core.shell:Creating environment hook '/home/rick/ros_ws/install/ds4_driver_msgs/share/ds4_driver_msgs/hook/ld_library_path_lib.sh'
[5.872s] Level 1:colcon.colcon_core.environment:checking '/home/rick/ros_ws/install/ds4_driver_msgs/bin'
[5.873s] Level 1:colcon.colcon_core.environment:checking '/home/rick/ros_ws/install/ds4_driver_msgs/lib/pkgconfig/ds4_driver_msgs.pc'
[5.873s] Level 1:colcon.colcon_core.environment:checking '/home/rick/ros_ws/install/ds4_driver_msgs/lib/python3.10/site-packages'
[5.873s] Level 1:colcon.colcon_core.environment:checking '/home/rick/ros_ws/install/ds4_driver_msgs/bin'
[5.880s] INFO:colcon.colcon_core.shell:Creating package script '/home/rick/ros_ws/install/ds4_driver_msgs/share/ds4_driver_msgs/package.ps1'
[5.881s] INFO:colcon.colcon_core.shell:Creating package descriptor '/home/rick/ros_ws/install/ds4_driver_msgs/share/ds4_driver_msgs/package.dsv'
[5.881s] INFO:colcon.colcon_core.shell:Creating package script '/home/rick/ros_ws/install/ds4_driver_msgs/share/ds4_driver_msgs/package.sh'
[5.881s] INFO:colcon.colcon_core.shell:Creating package script '/home/rick/ros_ws/install/ds4_driver_msgs/share/ds4_driver_msgs/package.bash'
[5.881s] INFO:colcon.colcon_core.shell:Creating package script '/home/rick/ros_ws/install/ds4_driver_msgs/share/ds4_driver_msgs/package.zsh'
[5.881s] Level 1:colcon.colcon_core.environment:create_file_with_runtime_dependencies(/home/rick/ros_ws/install/ds4_driver_msgs/share/colcon-core/packages/ds4_driver_msgs)
[5.881s] INFO:colcon.colcon_ros.task.ament_cmake.build:Building ROS package in '/home/rick/ros_ws/src/ds4_driver/ds4_driver' with build type 'ament_cmake'
[5.881s] INFO:colcon.colcon_cmake.task.cmake.build:Building CMake package in '/home/rick/ros_ws/src/ds4_driver/ds4_driver'
[5.890s] INFO:colcon.colcon_core.shell:Skip shell extension 'powershell' for command environment: Not usable outside of PowerShell
[5.890s] DEBUG:colcon.colcon_core.shell:Skip shell extension 'dsv' for command environment
[5.916s] DEBUG:colcon.colcon_core.event_handler.log_command:Invoking command in '/home/rick/ros_ws/build/ds4_driver': AMENT_PREFIX_PATH=/home/rick/ros_ws/install/ds4_driver_msgs:${AMENT_PREFIX_PATH} CMAKE_PREFIX_PATH=/home/rick/ros_ws/install/ds4_driver_msgs:/opt/ros/humble LD_LIBRARY_PATH=/home/rick/ros_ws/install/ds4_driver_msgs/lib:/usr/lib/x86_64-linux-gnu/gazebo-11/plugins:/opt/ros/humble/opt/rviz_ogre_vendor/lib:/opt/ros/humble/lib/x86_64-linux-gnu:/opt/ros/humble/lib:/usr/local/cuda/lib64 PYTHONPATH=/home/rick/ros_ws/install/ds4_driver_msgs/local/lib/python3.10/dist-packages:${PYTHONPATH} /home/rick/.local/bin/cmake /home/rick/ros_ws/src/ds4_driver/ds4_driver -DAMENT_CMAKE_SYMLINK_INSTALL=1 -DCMAKE_INSTALL_PREFIX=/home/rick/ros_ws/install/ds4_driver
[6.690s] DEBUG:colcon.colcon_core.event_handler.log_command:Invoked command in '/home/rick/ros_ws/build/ds4_driver' returned '0': AMENT_PREFIX_PATH=/home/rick/ros_ws/install/ds4_driver_msgs:${AMENT_PREFIX_PATH} CMAKE_PREFIX_PATH=/home/rick/ros_ws/install/ds4_driver_msgs:/opt/ros/humble LD_LIBRARY_PATH=/home/rick/ros_ws/install/ds4_driver_msgs/lib:/usr/lib/x86_64-linux-gnu/gazebo-11/plugins:/opt/ros/humble/opt/rviz_ogre_vendor/lib:/opt/ros/humble/lib/x86_64-linux-gnu:/opt/ros/humble/lib:/usr/local/cuda/lib64 PYTHONPATH=/home/rick/ros_ws/install/ds4_driver_msgs/local/lib/python3.10/dist-packages:${PYTHONPATH} /home/rick/.local/bin/cmake /home/rick/ros_ws/src/ds4_driver/ds4_driver -DAMENT_CMAKE_SYMLINK_INSTALL=1 -DCMAKE_INSTALL_PREFIX=/home/rick/ros_ws/install/ds4_driver
[6.690s] DEBUG:colcon.colcon_core.event_handler.log_command:Invoking command in '/home/rick/ros_ws/build/ds4_driver': AMENT_PREFIX_PATH=/home/rick/ros_ws/install/ds4_driver_msgs:${AMENT_PREFIX_PATH} CMAKE_PREFIX_PATH=/home/rick/ros_ws/install/ds4_driver_msgs:/opt/ros/humble LD_LIBRARY_PATH=/home/rick/ros_ws/install/ds4_driver_msgs/lib:/usr/lib/x86_64-linux-gnu/gazebo-11/plugins:/opt/ros/humble/opt/rviz_ogre_vendor/lib:/opt/ros/humble/lib/x86_64-linux-gnu:/opt/ros/humble/lib:/usr/local/cuda/lib64 PYTHONPATH=/home/rick/ros_ws/install/ds4_driver_msgs/local/lib/python3.10/dist-packages:${PYTHONPATH} /home/rick/.local/bin/cmake --build /home/rick/ros_ws/build/ds4_driver -- -j24 -l24
[6.853s] DEBUG:colcon.colcon_core.event_handler.log_command:Invoked command in '/home/rick/ros_ws/build/ds4_driver' returned '0': AMENT_PREFIX_PATH=/home/rick/ros_ws/install/ds4_driver_msgs:${AMENT_PREFIX_PATH} CMAKE_PREFIX_PATH=/home/rick/ros_ws/install/ds4_driver_msgs:/opt/ros/humble LD_LIBRARY_PATH=/home/rick/ros_ws/install/ds4_driver_msgs/lib:/usr/lib/x86_64-linux-gnu/gazebo-11/plugins:/opt/ros/humble/opt/rviz_ogre_vendor/lib:/opt/ros/humble/lib/x86_64-linux-gnu:/opt/ros/humble/lib:/usr/local/cuda/lib64 PYTHONPATH=/home/rick/ros_ws/install/ds4_driver_msgs/local/lib/python3.10/dist-packages:${PYTHONPATH} /home/rick/.local/bin/cmake --build /home/rick/ros_ws/build/ds4_driver -- -j24 -l24
[6.877s] DEBUG:colcon.colcon_core.event_handler.log_command:Invoking command in '/home/rick/ros_ws/build/ds4_driver': AMENT_PREFIX_PATH=/home/rick/ros_ws/install/ds4_driver_msgs:${AMENT_PREFIX_PATH} CMAKE_PREFIX_PATH=/home/rick/ros_ws/install/ds4_driver_msgs:/opt/ros/humble LD_LIBRARY_PATH=/home/rick/ros_ws/install/ds4_driver_msgs/lib:/usr/lib/x86_64-linux-gnu/gazebo-11/plugins:/opt/ros/humble/opt/rviz_ogre_vendor/lib:/opt/ros/humble/lib/x86_64-linux-gnu:/opt/ros/humble/lib:/usr/local/cuda/lib64 PYTHONPATH=/home/rick/ros_ws/install/ds4_driver_msgs/local/lib/python3.10/dist-packages:${PYTHONPATH} /home/rick/.local/bin/cmake --install /home/rick/ros_ws/build/ds4_driver
[6.966s] Level 1:colcon.colcon_core.environment:create_environment_scripts_only(ds4_driver)
[6.966s] DEBUG:colcon.colcon_core.event_handler.log_command:Invoked command in '/home/rick/ros_ws/build/ds4_driver' returned '0': AMENT_PREFIX_PATH=/home/rick/ros_ws/install/ds4_driver_msgs:${AMENT_PREFIX_PATH} CMAKE_PREFIX_PATH=/home/rick/ros_ws/install/ds4_driver_msgs:/opt/ros/humble LD_LIBRARY_PATH=/home/rick/ros_ws/install/ds4_driver_msgs/lib:/usr/lib/x86_64-linux-gnu/gazebo-11/plugins:/opt/ros/humble/opt/rviz_ogre_vendor/lib:/opt/ros/humble/lib/x86_64-linux-gnu:/opt/ros/humble/lib:/usr/local/cuda/lib64 PYTHONPATH=/home/rick/ros_ws/install/ds4_driver_msgs/local/lib/python3.10/dist-packages:${PYTHONPATH} /home/rick/.local/bin/cmake --install /home/rick/ros_ws/build/ds4_driver
[6.974s] Level 1:colcon.colcon_core.environment:checking '/home/rick/ros_ws/install/ds4_driver' for CMake module files
[6.975s] Level 1:colcon.colcon_core.environment:checking '/home/rick/ros_ws/install/ds4_driver' for CMake config files
[6.975s] Level 1:colcon.colcon_core.shell:create_environment_hook('ds4_driver', 'cmake_prefix_path')
[6.982s] INFO:colcon.colcon_core.shell:Creating environment hook '/home/rick/ros_ws/install/ds4_driver/share/ds4_driver/hook/cmake_prefix_path.ps1'
[6.982s] INFO:colcon.colcon_core.shell:Creating environment descriptor '/home/rick/ros_ws/install/ds4_driver/share/ds4_driver/hook/cmake_prefix_path.dsv'
[6.982s] INFO:colcon.colcon_core.shell:Creating environment hook '/home/rick/ros_ws/install/ds4_driver/share/ds4_driver/hook/cmake_prefix_path.sh'
[6.983s] Level 1:colcon.colcon_core.environment:checking '/home/rick/ros_ws/install/ds4_driver/lib'
[6.983s] Level 1:colcon.colcon_core.environment:checking '/home/rick/ros_ws/install/ds4_driver/bin'
[6.983s] Level 1:colcon.colcon_core.environment:checking '/home/rick/ros_ws/install/ds4_driver/lib/pkgconfig/ds4_driver.pc'
[6.983s] Level 1:colcon.colcon_core.environment:checking '/home/rick/ros_ws/install/ds4_driver/lib/python3.10/site-packages'
[6.983s] Level 1:colcon.colcon_core.environment:checking '/home/rick/ros_ws/install/ds4_driver/bin'
[6.990s] INFO:colcon.colcon_core.shell:Creating package script '/home/rick/ros_ws/install/ds4_driver/share/ds4_driver/package.ps1'
[6.990s] INFO:colcon.colcon_core.shell:Creating package descriptor '/home/rick/ros_ws/install/ds4_driver/share/ds4_driver/package.dsv'
[6.991s] INFO:colcon.colcon_core.shell:Creating package script '/home/rick/ros_ws/install/ds4_driver/share/ds4_driver/package.sh'
[6.991s] INFO:colcon.colcon_core.shell:Creating package script '/home/rick/ros_ws/install/ds4_driver/share/ds4_driver/package.bash'
[6.991s] INFO:colcon.colcon_core.shell:Creating package script '/home/rick/ros_ws/install/ds4_driver/share/ds4_driver/package.zsh'
[6.991s] Level 1:colcon.colcon_core.environment:create_file_with_runtime_dependencies(/home/rick/ros_ws/install/ds4_driver/share/colcon-core/packages/ds4_driver)
[7.023s] Level 1:colcon.colcon_core.environment:create_environment_scripts_only(ds4_driver)
[7.030s] Level 1:colcon.colcon_core.environment:checking '/home/rick/ros_ws/install/ds4_driver' for CMake module files
[7.031s] Level 1:colcon.colcon_core.environment:checking '/home/rick/ros_ws/install/ds4_driver' for CMake config files
[7.031s] Level 1:colcon.colcon_core.shell:create_environment_hook('ds4_driver', 'cmake_prefix_path')
[7.038s] INFO:colcon.colcon_core.shell:Creating environment hook '/home/rick/ros_ws/install/ds4_driver/share/ds4_driver/hook/cmake_prefix_path.ps1'
[7.038s] INFO:colcon.colcon_core.shell:Creating environment descriptor '/home/rick/ros_ws/install/ds4_driver/share/ds4_driver/hook/cmake_prefix_path.dsv'
[7.038s] INFO:colcon.colcon_core.shell:Creating environment hook '/home/rick/ros_ws/install/ds4_driver/share/ds4_driver/hook/cmake_prefix_path.sh'
[7.039s] Level 1:colcon.colcon_core.environment:checking '/home/rick/ros_ws/install/ds4_driver/lib'
[7.039s] Level 1:colcon.colcon_core.environment:checking '/home/rick/ros_ws/install/ds4_driver/bin'
[7.039s] Level 1:colcon.colcon_core.environment:checking '/home/rick/ros_ws/install/ds4_driver/lib/pkgconfig/ds4_driver.pc'
[7.039s] Level 1:colcon.colcon_core.environment:checking '/home/rick/ros_ws/install/ds4_driver/lib/python3.10/site-packages'
[7.039s] Level 1:colcon.colcon_core.environment:checking '/home/rick/ros_ws/install/ds4_driver/bin'
[7.046s] INFO:colcon.colcon_core.shell:Creating package script '/home/rick/ros_ws/install/ds4_driver/share/ds4_driver/package.ps1'
[7.046s] INFO:colcon.colcon_core.shell:Creating package descriptor '/home/rick/ros_ws/install/ds4_driver/share/ds4_driver/package.dsv'
[7.047s] INFO:colcon.colcon_core.shell:Creating package script '/home/rick/ros_ws/install/ds4_driver/share/ds4_driver/package.sh'
[7.047s] INFO:colcon.colcon_core.shell:Creating package script '/home/rick/ros_ws/install/ds4_driver/share/ds4_driver/package.bash'
[7.047s] INFO:colcon.colcon_core.shell:Creating package script '/home/rick/ros_ws/install/ds4_driver/share/ds4_driver/package.zsh'
[7.047s] Level 1:colcon.colcon_core.environment:create_file_with_runtime_dependencies(/home/rick/ros_ws/install/ds4_driver/share/colcon-core/packages/ds4_driver)
[7.580s] DEBUG:colcon.colcon_core.event_handler.log_command:Invoked command in '/home/rick/ros_ws/build/cartographer_ros_msgs' returned '0': CMAKE_PREFIX_PATH=/opt/ros/humble /home/rick/.local/bin/cmake --build /home/rick/ros_ws/build/cartographer_ros_msgs -- -j24 -l24
[8.652s] DEBUG:colcon.colcon_core.event_handler.log_command:Invoking command in '/home/rick/ros_ws/build/cartographer_ros_msgs': CMAKE_PREFIX_PATH=/opt/ros/humble /home/rick/.local/bin/cmake --install /home/rick/ros_ws/build/cartographer_ros_msgs
[11.089s] Level 1:colcon.colcon_core.environment:create_environment_scripts_only(cartographer_ros_msgs)
[11.090s] DEBUG:colcon.colcon_core.event_handler.log_command:Invoked command in '/home/rick/ros_ws/build/cartographer_ros_msgs' returned '0': CMAKE_PREFIX_PATH=/opt/ros/humble /home/rick/.local/bin/cmake --install /home/rick/ros_ws/build/cartographer_ros_msgs
[11.098s] Level 1:colcon.colcon_core.environment:checking '/home/rick/ros_ws/install/cartographer_ros_msgs' for CMake module files
[11.098s] Level 1:colcon.colcon_core.environment:checking '/home/rick/ros_ws/install/cartographer_ros_msgs' for CMake config files
[11.099s] Level 1:colcon.colcon_core.shell:create_environment_hook('cartographer_ros_msgs', 'cmake_prefix_path')
[11.106s] INFO:colcon.colcon_core.shell:Creating environment hook '/home/rick/ros_ws/install/cartographer_ros_msgs/share/cartographer_ros_msgs/hook/cmake_prefix_path.ps1'
[11.107s] INFO:colcon.colcon_core.shell:Creating environment descriptor '/home/rick/ros_ws/install/cartographer_ros_msgs/share/cartographer_ros_msgs/hook/cmake_prefix_path.dsv'
[11.107s] INFO:colcon.colcon_core.shell:Creating environment hook '/home/rick/ros_ws/install/cartographer_ros_msgs/share/cartographer_ros_msgs/hook/cmake_prefix_path.sh'
[11.107s] Level 1:colcon.colcon_core.environment:checking '/home/rick/ros_ws/install/cartographer_ros_msgs/lib'
[11.107s] Level 1:colcon.colcon_core.shell:create_environment_hook('cartographer_ros_msgs', 'ld_library_path_lib')
[11.114s] INFO:colcon.colcon_core.shell:Creating environment hook '/home/rick/ros_ws/install/cartographer_ros_msgs/share/cartographer_ros_msgs/hook/ld_library_path_lib.ps1'
[11.114s] INFO:colcon.colcon_core.shell:Creating environment descriptor '/home/rick/ros_ws/install/cartographer_ros_msgs/share/cartographer_ros_msgs/hook/ld_library_path_lib.dsv'
[11.114s] INFO:colcon.colcon_core.shell:Creating environment hook '/home/rick/ros_ws/install/cartographer_ros_msgs/share/cartographer_ros_msgs/hook/ld_library_path_lib.sh'
[11.114s] Level 1:colcon.colcon_core.environment:checking '/home/rick/ros_ws/install/cartographer_ros_msgs/bin'
[11.114s] Level 1:colcon.colcon_core.environment:checking '/home/rick/ros_ws/install/cartographer_ros_msgs/lib/pkgconfig/cartographer_ros_msgs.pc'
[11.114s] Level 1:colcon.colcon_core.environment:checking '/home/rick/ros_ws/install/cartographer_ros_msgs/lib/python3.10/site-packages'
[11.115s] Level 1:colcon.colcon_core.environment:checking '/home/rick/ros_ws/install/cartographer_ros_msgs/bin'
[11.122s] INFO:colcon.colcon_core.shell:Creating package script '/home/rick/ros_ws/install/cartographer_ros_msgs/share/cartographer_ros_msgs/package.ps1'
[11.122s] INFO:colcon.colcon_core.shell:Creating package descriptor '/home/rick/ros_ws/install/cartographer_ros_msgs/share/cartographer_ros_msgs/package.dsv'
[11.122s] INFO:colcon.colcon_core.shell:Creating package script '/home/rick/ros_ws/install/cartographer_ros_msgs/share/cartographer_ros_msgs/package.sh'
[11.122s] INFO:colcon.colcon_core.shell:Creating package script '/home/rick/ros_ws/install/cartographer_ros_msgs/share/cartographer_ros_msgs/package.bash'
[11.122s] INFO:colcon.colcon_core.shell:Creating package script '/home/rick/ros_ws/install/cartographer_ros_msgs/share/cartographer_ros_msgs/package.zsh'
[11.122s] Level 1:colcon.colcon_core.environment:create_file_with_runtime_dependencies(/home/rick/ros_ws/install/cartographer_ros_msgs/share/colcon-core/packages/cartographer_ros_msgs)
[12.203s] Level 1:colcon.colcon_core.environment:create_environment_scripts_only(cartographer_ros_msgs)
[12.211s] Level 1:colcon.colcon_core.environment:checking '/home/rick/ros_ws/install/cartographer_ros_msgs' for CMake module files
[12.211s] Level 1:colcon.colcon_core.environment:checking '/home/rick/ros_ws/install/cartographer_ros_msgs' for CMake config files
[12.212s] Level 1:colcon.colcon_core.shell:create_environment_hook('cartographer_ros_msgs', 'cmake_prefix_path')
[12.219s] INFO:colcon.colcon_core.shell:Creating environment hook '/home/rick/ros_ws/install/cartographer_ros_msgs/share/cartographer_ros_msgs/hook/cmake_prefix_path.ps1'
[12.219s] INFO:colcon.colcon_core.shell:Creating environment descriptor '/home/rick/ros_ws/install/cartographer_ros_msgs/share/cartographer_ros_msgs/hook/cmake_prefix_path.dsv'
[12.219s] INFO:colcon.colcon_core.shell:Creating environment hook '/home/rick/ros_ws/install/cartographer_ros_msgs/share/cartographer_ros_msgs/hook/cmake_prefix_path.sh'
[12.219s] Level 1:colcon.colcon_core.environment:checking '/home/rick/ros_ws/install/cartographer_ros_msgs/lib'
[12.219s] Level 1:colcon.colcon_core.shell:create_environment_hook('cartographer_ros_msgs', 'ld_library_path_lib')
[12.226s] INFO:colcon.colcon_core.shell:Creating environment hook '/home/rick/ros_ws/install/cartographer_ros_msgs/share/cartographer_ros_msgs/hook/ld_library_path_lib.ps1'
[12.227s] INFO:colcon.colcon_core.shell:Creating environment descriptor '/home/rick/ros_ws/install/cartographer_ros_msgs/share/cartographer_ros_msgs/hook/ld_library_path_lib.dsv'
[12.227s] INFO:colcon.colcon_core.shell:Creating environment hook '/home/rick/ros_ws/install/cartographer_ros_msgs/share/cartographer_ros_msgs/hook/ld_library_path_lib.sh'
[12.227s] Level 1:colcon.colcon_core.environment:checking '/home/rick/ros_ws/install/cartographer_ros_msgs/bin'
[12.227s] Level 1:colcon.colcon_core.environment:checking '/home/rick/ros_ws/install/cartographer_ros_msgs/lib/pkgconfig/cartographer_ros_msgs.pc'
[12.227s] Level 1:colcon.colcon_core.environment:checking '/home/rick/ros_ws/install/cartographer_ros_msgs/lib/python3.10/site-packages'
[12.227s] Level 1:colcon.colcon_core.environment:checking '/home/rick/ros_ws/install/cartographer_ros_msgs/bin'
[12.234s] INFO:colcon.colcon_core.shell:Creating package script '/home/rick/ros_ws/install/cartographer_ros_msgs/share/cartographer_ros_msgs/package.ps1'
[12.234s] INFO:colcon.colcon_core.shell:Creating package descriptor '/home/rick/ros_ws/install/cartographer_ros_msgs/share/cartographer_ros_msgs/package.dsv'
[12.235s] INFO:colcon.colcon_core.shell:Creating package script '/home/rick/ros_ws/install/cartographer_ros_msgs/share/cartographer_ros_msgs/package.sh'
[12.235s] INFO:colcon.colcon_core.shell:Creating package script '/home/rick/ros_ws/install/cartographer_ros_msgs/share/cartographer_ros_msgs/package.bash'
[12.235s] INFO:colcon.colcon_core.shell:Creating package script '/home/rick/ros_ws/install/cartographer_ros_msgs/share/cartographer_ros_msgs/package.zsh'
[12.235s] Level 1:colcon.colcon_core.environment:create_file_with_runtime_dependencies(/home/rick/ros_ws/install/cartographer_ros_msgs/share/colcon-core/packages/cartographer_ros_msgs)
[12.235s] INFO:colcon.colcon_ros.task.ament_cmake.build:Building ROS package in '/home/rick/ros_ws/src/cartographer_ros/cartographer_ros' with build type 'ament_cmake'
[12.235s] INFO:colcon.colcon_cmake.task.cmake.build:Building CMake package in '/home/rick/ros_ws/src/cartographer_ros/cartographer_ros'
[12.243s] INFO:colcon.colcon_core.shell:Skip shell extension 'powershell' for command environment: Not usable outside of PowerShell
[12.243s] DEBUG:colcon.colcon_core.shell:Skip shell extension 'dsv' for command environment
[12.262s] DEBUG:colcon.colcon_core.event_handler.log_command:Invoking command in '/home/rick/ros_ws/build/cartographer_ros': AMENT_PREFIX_PATH=/home/rick/ros_ws/install/cartographer_ros_msgs:${AMENT_PREFIX_PATH} CMAKE_PREFIX_PATH=/home/rick/ros_ws/install/cartographer_ros_msgs:/opt/ros/humble LD_LIBRARY_PATH=/home/rick/ros_ws/install/cartographer_ros_msgs/lib:/usr/lib/x86_64-linux-gnu/gazebo-11/plugins:/opt/ros/humble/opt/rviz_ogre_vendor/lib:/opt/ros/humble/lib/x86_64-linux-gnu:/opt/ros/humble/lib:/usr/local/cuda/lib64 PYTHONPATH=/home/rick/ros_ws/install/cartographer_ros_msgs/local/lib/python3.10/dist-packages:${PYTHONPATH} /home/rick/.local/bin/cmake /home/rick/ros_ws/src/cartographer_ros/cartographer_ros -DAMENT_CMAKE_SYMLINK_INSTALL=1 -DCMAKE_INSTALL_PREFIX=/home/rick/ros_ws/install/cartographer_ros
[14.588s] DEBUG:colcon.colcon_core.event_handler.log_command:Invoked command in '/home/rick/ros_ws/build/cartographer_ros' returned '0': AMENT_PREFIX_PATH=/home/rick/ros_ws/install/cartographer_ros_msgs:${AMENT_PREFIX_PATH} CMAKE_PREFIX_PATH=/home/rick/ros_ws/install/cartographer_ros_msgs:/opt/ros/humble LD_LIBRARY_PATH=/home/rick/ros_ws/install/cartographer_ros_msgs/lib:/usr/lib/x86_64-linux-gnu/gazebo-11/plugins:/opt/ros/humble/opt/rviz_ogre_vendor/lib:/opt/ros/humble/lib/x86_64-linux-gnu:/opt/ros/humble/lib:/usr/local/cuda/lib64 PYTHONPATH=/home/rick/ros_ws/install/cartographer_ros_msgs/local/lib/python3.10/dist-packages:${PYTHONPATH} /home/rick/.local/bin/cmake /home/rick/ros_ws/src/cartographer_ros/cartographer_ros -DAMENT_CMAKE_SYMLINK_INSTALL=1 -DCMAKE_INSTALL_PREFIX=/home/rick/ros_ws/install/cartographer_ros
[14.588s] DEBUG:colcon.colcon_core.event_handler.log_command:Invoking command in '/home/rick/ros_ws/build/cartographer_ros': AMENT_PREFIX_PATH=/home/rick/ros_ws/install/cartographer_ros_msgs:${AMENT_PREFIX_PATH} CMAKE_PREFIX_PATH=/home/rick/ros_ws/install/cartographer_ros_msgs:/opt/ros/humble LD_LIBRARY_PATH=/home/rick/ros_ws/install/cartographer_ros_msgs/lib:/usr/lib/x86_64-linux-gnu/gazebo-11/plugins:/opt/ros/humble/opt/rviz_ogre_vendor/lib:/opt/ros/humble/lib/x86_64-linux-gnu:/opt/ros/humble/lib:/usr/local/cuda/lib64 PYTHONPATH=/home/rick/ros_ws/install/cartographer_ros_msgs/local/lib/python3.10/dist-packages:${PYTHONPATH} /home/rick/.local/bin/cmake --build /home/rick/ros_ws/build/cartographer_ros -- -j24 -l24
[42.704s] DEBUG:colcon.colcon_core.event_handler.log_command:Invoked command in '/home/rick/ros_ws/build/cartographer_ros' returned '0': AMENT_PREFIX_PATH=/home/rick/ros_ws/install/cartographer_ros_msgs:${AMENT_PREFIX_PATH} CMAKE_PREFIX_PATH=/home/rick/ros_ws/install/cartographer_ros_msgs:/opt/ros/humble LD_LIBRARY_PATH=/home/rick/ros_ws/install/cartographer_ros_msgs/lib:/usr/lib/x86_64-linux-gnu/gazebo-11/plugins:/opt/ros/humble/opt/rviz_ogre_vendor/lib:/opt/ros/humble/lib/x86_64-linux-gnu:/opt/ros/humble/lib:/usr/local/cuda/lib64 PYTHONPATH=/home/rick/ros_ws/install/cartographer_ros_msgs/local/lib/python3.10/dist-packages:${PYTHONPATH} /home/rick/.local/bin/cmake --build /home/rick/ros_ws/build/cartographer_ros -- -j24 -l24
[42.914s] DEBUG:colcon.colcon_core.event_handler.log_command:Invoking command in '/home/rick/ros_ws/build/cartographer_ros': AMENT_PREFIX_PATH=/home/rick/ros_ws/install/cartographer_ros_msgs:${AMENT_PREFIX_PATH} CMAKE_PREFIX_PATH=/home/rick/ros_ws/install/cartographer_ros_msgs:/opt/ros/humble LD_LIBRARY_PATH=/home/rick/ros_ws/install/cartographer_ros_msgs/lib:/usr/lib/x86_64-linux-gnu/gazebo-11/plugins:/opt/ros/humble/opt/rviz_ogre_vendor/lib:/opt/ros/humble/lib/x86_64-linux-gnu:/opt/ros/humble/lib:/usr/local/cuda/lib64 PYTHONPATH=/home/rick/ros_ws/install/cartographer_ros_msgs/local/lib/python3.10/dist-packages:${PYTHONPATH} /home/rick/.local/bin/cmake --install /home/rick/ros_ws/build/cartographer_ros
[43.447s] Level 1:colcon.colcon_core.environment:create_environment_scripts_only(cartographer_ros)
[43.448s] DEBUG:colcon.colcon_core.event_handler.log_command:Invoked command in '/home/rick/ros_ws/build/cartographer_ros' returned '0': AMENT_PREFIX_PATH=/home/rick/ros_ws/install/cartographer_ros_msgs:${AMENT_PREFIX_PATH} CMAKE_PREFIX_PATH=/home/rick/ros_ws/install/cartographer_ros_msgs:/opt/ros/humble LD_LIBRARY_PATH=/home/rick/ros_ws/install/cartographer_ros_msgs/lib:/usr/lib/x86_64-linux-gnu/gazebo-11/plugins:/opt/ros/humble/opt/rviz_ogre_vendor/lib:/opt/ros/humble/lib/x86_64-linux-gnu:/opt/ros/humble/lib:/usr/local/cuda/lib64 PYTHONPATH=/home/rick/ros_ws/install/cartographer_ros_msgs/local/lib/python3.10/dist-packages:${PYTHONPATH} /home/rick/.local/bin/cmake --install /home/rick/ros_ws/build/cartographer_ros
[43.459s] Level 1:colcon.colcon_core.environment:checking '/home/rick/ros_ws/install/cartographer_ros' for CMake module files
[43.459s] Level 1:colcon.colcon_core.environment:checking '/home/rick/ros_ws/install/cartographer_ros' for CMake config files
[43.460s] Level 1:colcon.colcon_core.shell:create_environment_hook('cartographer_ros', 'cmake_prefix_path')
[43.467s] INFO:colcon.colcon_core.shell:Creating environment hook '/home/rick/ros_ws/install/cartographer_ros/share/cartographer_ros/hook/cmake_prefix_path.ps1'
[43.467s] INFO:colcon.colcon_core.shell:Creating environment descriptor '/home/rick/ros_ws/install/cartographer_ros/share/cartographer_ros/hook/cmake_prefix_path.dsv'
[43.467s] INFO:colcon.colcon_core.shell:Creating environment hook '/home/rick/ros_ws/install/cartographer_ros/share/cartographer_ros/hook/cmake_prefix_path.sh'
[43.467s] Level 1:colcon.colcon_core.environment:checking '/home/rick/ros_ws/install/cartographer_ros/lib'
[43.468s] Level 1:colcon.colcon_core.environment:checking '/home/rick/ros_ws/install/cartographer_ros/bin'
[43.468s] Level 1:colcon.colcon_core.environment:checking '/home/rick/ros_ws/install/cartographer_ros/lib/pkgconfig/cartographer_ros.pc'
[43.468s] Level 1:colcon.colcon_core.environment:checking '/home/rick/ros_ws/install/cartographer_ros/lib/python3.10/site-packages'
[43.468s] Level 1:colcon.colcon_core.environment:checking '/home/rick/ros_ws/install/cartographer_ros/bin'
[43.475s] INFO:colcon.colcon_core.shell:Creating package script '/home/rick/ros_ws/install/cartographer_ros/share/cartographer_ros/package.ps1'
[43.475s] INFO:colcon.colcon_core.shell:Creating package descriptor '/home/rick/ros_ws/install/cartographer_ros/share/cartographer_ros/package.dsv'
[43.475s] INFO:colcon.colcon_core.shell:Creating package script '/home/rick/ros_ws/install/cartographer_ros/share/cartographer_ros/package.sh'
[43.475s] INFO:colcon.colcon_core.shell:Creating package script '/home/rick/ros_ws/install/cartographer_ros/share/cartographer_ros/package.bash'
[43.475s] INFO:colcon.colcon_core.shell:Creating package script '/home/rick/ros_ws/install/cartographer_ros/share/cartographer_ros/package.zsh'
[43.475s] Level 1:colcon.colcon_core.environment:create_file_with_runtime_dependencies(/home/rick/ros_ws/install/cartographer_ros/share/colcon-core/packages/cartographer_ros)
[43.639s] Level 1:colcon.colcon_core.environment:create_environment_scripts_only(cartographer_ros)
[43.646s] Level 1:colcon.colcon_core.environment:checking '/home/rick/ros_ws/install/cartographer_ros' for CMake module files
[43.647s] Level 1:colcon.colcon_core.environment:checking '/home/rick/ros_ws/install/cartographer_ros' for CMake config files
[43.647s] Level 1:colcon.colcon_core.shell:create_environment_hook('cartographer_ros', 'cmake_prefix_path')
[43.654s] INFO:colcon.colcon_core.shell:Creating environment hook '/home/rick/ros_ws/install/cartographer_ros/share/cartographer_ros/hook/cmake_prefix_path.ps1'
[43.654s] INFO:colcon.colcon_core.shell:Creating environment descriptor '/home/rick/ros_ws/install/cartographer_ros/share/cartographer_ros/hook/cmake_prefix_path.dsv'
[43.654s] INFO:colcon.colcon_core.shell:Creating environment hook '/home/rick/ros_ws/install/cartographer_ros/share/cartographer_ros/hook/cmake_prefix_path.sh'
[43.654s] Level 1:colcon.colcon_core.environment:checking '/home/rick/ros_ws/install/cartographer_ros/lib'
[43.654s] Level 1:colcon.colcon_core.environment:checking '/home/rick/ros_ws/install/cartographer_ros/bin'
[43.654s] Level 1:colcon.colcon_core.environment:checking '/home/rick/ros_ws/install/cartographer_ros/lib/pkgconfig/cartographer_ros.pc'
[43.655s] Level 1:colcon.colcon_core.environment:checking '/home/rick/ros_ws/install/cartographer_ros/lib/python3.10/site-packages'
[43.655s] Level 1:colcon.colcon_core.environment:checking '/home/rick/ros_ws/install/cartographer_ros/bin'
[43.662s] INFO:colcon.colcon_core.shell:Creating package script '/home/rick/ros_ws/install/cartographer_ros/share/cartographer_ros/package.ps1'
[43.662s] INFO:colcon.colcon_core.shell:Creating package descriptor '/home/rick/ros_ws/install/cartographer_ros/share/cartographer_ros/package.dsv'
[43.662s] INFO:colcon.colcon_core.shell:Creating package script '/home/rick/ros_ws/install/cartographer_ros/share/cartographer_ros/package.sh'
[43.662s] INFO:colcon.colcon_core.shell:Creating package script '/home/rick/ros_ws/install/cartographer_ros/share/cartographer_ros/package.bash'
[43.662s] INFO:colcon.colcon_core.shell:Creating package script '/home/rick/ros_ws/install/cartographer_ros/share/cartographer_ros/package.zsh'
[43.662s] Level 1:colcon.colcon_core.environment:create_file_with_runtime_dependencies(/home/rick/ros_ws/install/cartographer_ros/share/colcon-core/packages/cartographer_ros)
[43.663s] INFO:colcon.colcon_ros.task.ament_cmake.build:Building ROS package in '/home/rick/ros_ws/src/cartographer_ros/cartographer_rviz' with build type 'ament_cmake'
[43.663s] INFO:colcon.colcon_cmake.task.cmake.build:Building CMake package in '/home/rick/ros_ws/src/cartographer_ros/cartographer_rviz'
[43.670s] INFO:colcon.colcon_core.shell:Skip shell extension 'powershell' for command environment: Not usable outside of PowerShell
[43.670s] DEBUG:colcon.colcon_core.shell:Skip shell extension 'dsv' for command environment
[43.690s] DEBUG:colcon.colcon_core.event_handler.log_command:Invoking command in '/home/rick/ros_ws/build/cartographer_rviz': AMENT_PREFIX_PATH=/home/rick/ros_ws/install/cartographer_ros:/home/rick/ros_ws/install/cartographer_ros_msgs:${AMENT_PREFIX_PATH} CMAKE_PREFIX_PATH=/home/rick/ros_ws/install/cartographer_ros:/home/rick/ros_ws/install/cartographer_ros_msgs:/opt/ros/humble LD_LIBRARY_PATH=/home/rick/ros_ws/install/cartographer_ros/lib:/home/rick/ros_ws/install/cartographer_ros_msgs/lib:/usr/lib/x86_64-linux-gnu/gazebo-11/plugins:/opt/ros/humble/opt/rviz_ogre_vendor/lib:/opt/ros/humble/lib/x86_64-linux-gnu:/opt/ros/humble/lib:/usr/local/cuda/lib64 PYTHONPATH=/home/rick/ros_ws/install/cartographer_ros_msgs/local/lib/python3.10/dist-packages:${PYTHONPATH} /home/rick/.local/bin/cmake /home/rick/ros_ws/src/cartographer_ros/cartographer_rviz -DAMENT_CMAKE_SYMLINK_INSTALL=1 -DCMAKE_INSTALL_PREFIX=/home/rick/ros_ws/install/cartographer_rviz
[46.380s] DEBUG:colcon.colcon_core.event_handler.log_command:Invoked command in '/home/rick/ros_ws/build/cartographer_rviz' returned '0': AMENT_PREFIX_PATH=/home/rick/ros_ws/install/cartographer_ros:/home/rick/ros_ws/install/cartographer_ros_msgs:${AMENT_PREFIX_PATH} CMAKE_PREFIX_PATH=/home/rick/ros_ws/install/cartographer_ros:/home/rick/ros_ws/install/cartographer_ros_msgs:/opt/ros/humble LD_LIBRARY_PATH=/home/rick/ros_ws/install/cartographer_ros/lib:/home/rick/ros_ws/install/cartographer_ros_msgs/lib:/usr/lib/x86_64-linux-gnu/gazebo-11/plugins:/opt/ros/humble/opt/rviz_ogre_vendor/lib:/opt/ros/humble/lib/x86_64-linux-gnu:/opt/ros/humble/lib:/usr/local/cuda/lib64 PYTHONPATH=/home/rick/ros_ws/install/cartographer_ros_msgs/local/lib/python3.10/dist-packages:${PYTHONPATH} /home/rick/.local/bin/cmake /home/rick/ros_ws/src/cartographer_ros/cartographer_rviz -DAMENT_CMAKE_SYMLINK_INSTALL=1 -DCMAKE_INSTALL_PREFIX=/home/rick/ros_ws/install/cartographer_rviz
[46.381s] DEBUG:colcon.colcon_core.event_handler.log_command:Invoking command in '/home/rick/ros_ws/build/cartographer_rviz': AMENT_PREFIX_PATH=/home/rick/ros_ws/install/cartographer_ros:/home/rick/ros_ws/install/cartographer_ros_msgs:${AMENT_PREFIX_PATH} CMAKE_PREFIX_PATH=/home/rick/ros_ws/install/cartographer_ros:/home/rick/ros_ws/install/cartographer_ros_msgs:/opt/ros/humble LD_LIBRARY_PATH=/home/rick/ros_ws/install/cartographer_ros/lib:/home/rick/ros_ws/install/cartographer_ros_msgs/lib:/usr/lib/x86_64-linux-gnu/gazebo-11/plugins:/opt/ros/humble/opt/rviz_ogre_vendor/lib:/opt/ros/humble/lib/x86_64-linux-gnu:/opt/ros/humble/lib:/usr/local/cuda/lib64 PYTHONPATH=/home/rick/ros_ws/install/cartographer_ros_msgs/local/lib/python3.10/dist-packages:${PYTHONPATH} /home/rick/.local/bin/cmake --build /home/rick/ros_ws/build/cartographer_rviz -- -j24 -l24
[57.212s] DEBUG:colcon.colcon_core.event_handler.log_command:Invoked command in '/home/rick/ros_ws/build/cartographer_rviz' returned '0': AMENT_PREFIX_PATH=/home/rick/ros_ws/install/cartographer_ros:/home/rick/ros_ws/install/cartographer_ros_msgs:${AMENT_PREFIX_PATH} CMAKE_PREFIX_PATH=/home/rick/ros_ws/install/cartographer_ros:/home/rick/ros_ws/install/cartographer_ros_msgs:/opt/ros/humble LD_LIBRARY_PATH=/home/rick/ros_ws/install/cartographer_ros/lib:/home/rick/ros_ws/install/cartographer_ros_msgs/lib:/usr/lib/x86_64-linux-gnu/gazebo-11/plugins:/opt/ros/humble/opt/rviz_ogre_vendor/lib:/opt/ros/humble/lib/x86_64-linux-gnu:/opt/ros/humble/lib:/usr/local/cuda/lib64 PYTHONPATH=/home/rick/ros_ws/install/cartographer_ros_msgs/local/lib/python3.10/dist-packages:${PYTHONPATH} /home/rick/.local/bin/cmake --build /home/rick/ros_ws/build/cartographer_rviz -- -j24 -l24
[57.266s] DEBUG:colcon.colcon_core.event_handler.log_command:Invoking command in '/home/rick/ros_ws/build/cartographer_rviz': AMENT_PREFIX_PATH=/home/rick/ros_ws/install/cartographer_ros:/home/rick/ros_ws/install/cartographer_ros_msgs:${AMENT_PREFIX_PATH} CMAKE_PREFIX_PATH=/home/rick/ros_ws/install/cartographer_ros:/home/rick/ros_ws/install/cartographer_ros_msgs:/opt/ros/humble LD_LIBRARY_PATH=/home/rick/ros_ws/install/cartographer_ros/lib:/home/rick/ros_ws/install/cartographer_ros_msgs/lib:/usr/lib/x86_64-linux-gnu/gazebo-11/plugins:/opt/ros/humble/opt/rviz_ogre_vendor/lib:/opt/ros/humble/lib/x86_64-linux-gnu:/opt/ros/humble/lib:/usr/local/cuda/lib64 PYTHONPATH=/home/rick/ros_ws/install/cartographer_ros_msgs/local/lib/python3.10/dist-packages:${PYTHONPATH} /home/rick/.local/bin/cmake --install /home/rick/ros_ws/build/cartographer_rviz
[57.456s] Level 1:colcon.colcon_core.environment:create_environment_scripts_only(cartographer_rviz)
[57.457s] DEBUG:colcon.colcon_core.event_handler.log_command:Invoked command in '/home/rick/ros_ws/build/cartographer_rviz' returned '0': AMENT_PREFIX_PATH=/home/rick/ros_ws/install/cartographer_ros:/home/rick/ros_ws/install/cartographer_ros_msgs:${AMENT_PREFIX_PATH} CMAKE_PREFIX_PATH=/home/rick/ros_ws/install/cartographer_ros:/home/rick/ros_ws/install/cartographer_ros_msgs:/opt/ros/humble LD_LIBRARY_PATH=/home/rick/ros_ws/install/cartographer_ros/lib:/home/rick/ros_ws/install/cartographer_ros_msgs/lib:/usr/lib/x86_64-linux-gnu/gazebo-11/plugins:/opt/ros/humble/opt/rviz_ogre_vendor/lib:/opt/ros/humble/lib/x86_64-linux-gnu:/opt/ros/humble/lib:/usr/local/cuda/lib64 PYTHONPATH=/home/rick/ros_ws/install/cartographer_ros_msgs/local/lib/python3.10/dist-packages:${PYTHONPATH} /home/rick/.local/bin/cmake --install /home/rick/ros_ws/build/cartographer_rviz
[57.476s] Level 1:colcon.colcon_core.environment:checking '/home/rick/ros_ws/install/cartographer_rviz' for CMake module files
[57.476s] Level 1:colcon.colcon_core.environment:checking '/home/rick/ros_ws/install/cartographer_rviz' for CMake config files
[57.476s] Level 1:colcon.colcon_core.shell:create_environment_hook('cartographer_rviz', 'cmake_prefix_path')
[57.485s] INFO:colcon.colcon_core.shell:Creating environment hook '/home/rick/ros_ws/install/cartographer_rviz/share/cartographer_rviz/hook/cmake_prefix_path.ps1'
[57.485s] INFO:colcon.colcon_core.shell:Creating environment descriptor '/home/rick/ros_ws/install/cartographer_rviz/share/cartographer_rviz/hook/cmake_prefix_path.dsv'
[57.486s] INFO:colcon.colcon_core.shell:Creating environment hook '/home/rick/ros_ws/install/cartographer_rviz/share/cartographer_rviz/hook/cmake_prefix_path.sh'
[57.486s] Level 1:colcon.colcon_core.environment:checking '/home/rick/ros_ws/install/cartographer_rviz/lib'
[57.486s] Level 1:colcon.colcon_core.shell:create_environment_hook('cartographer_rviz', 'ld_library_path_lib')
[57.495s] INFO:colcon.colcon_core.shell:Creating environment hook '/home/rick/ros_ws/install/cartographer_rviz/share/cartographer_rviz/hook/ld_library_path_lib.ps1'
[57.495s] INFO:colcon.colcon_core.shell:Creating environment descriptor '/home/rick/ros_ws/install/cartographer_rviz/share/cartographer_rviz/hook/ld_library_path_lib.dsv'
[57.495s] INFO:colcon.colcon_core.shell:Creating environment hook '/home/rick/ros_ws/install/cartographer_rviz/share/cartographer_rviz/hook/ld_library_path_lib.sh'
[57.495s] Level 1:colcon.colcon_core.environment:checking '/home/rick/ros_ws/install/cartographer_rviz/bin'
[57.495s] Level 1:colcon.colcon_core.environment:checking '/home/rick/ros_ws/install/cartographer_rviz/lib/pkgconfig/cartographer_rviz.pc'
[57.495s] Level 1:colcon.colcon_core.environment:checking '/home/rick/ros_ws/install/cartographer_rviz/lib/python3.10/site-packages'
[57.496s] Level 1:colcon.colcon_core.environment:checking '/home/rick/ros_ws/install/cartographer_rviz/bin'
[57.503s] INFO:colcon.colcon_core.shell:Creating package script '/home/rick/ros_ws/install/cartographer_rviz/share/cartographer_rviz/package.ps1'
[57.503s] INFO:colcon.colcon_core.shell:Creating package descriptor '/home/rick/ros_ws/install/cartographer_rviz/share/cartographer_rviz/package.dsv'
[57.503s] INFO:colcon.colcon_core.shell:Creating package script '/home/rick/ros_ws/install/cartographer_rviz/share/cartographer_rviz/package.sh'
[57.503s] INFO:colcon.colcon_core.shell:Creating package script '/home/rick/ros_ws/install/cartographer_rviz/share/cartographer_rviz/package.bash'
[57.504s] INFO:colcon.colcon_core.shell:Creating package script '/home/rick/ros_ws/install/cartographer_rviz/share/cartographer_rviz/package.zsh'
[57.504s] Level 1:colcon.colcon_core.environment:create_file_with_runtime_dependencies(/home/rick/ros_ws/install/cartographer_rviz/share/colcon-core/packages/cartographer_rviz)
[57.566s] Level 1:colcon.colcon_core.environment:create_environment_scripts_only(cartographer_rviz)
[57.573s] Level 1:colcon.colcon_core.environment:checking '/home/rick/ros_ws/install/cartographer_rviz' for CMake module files
[57.573s] Level 1:colcon.colcon_core.environment:checking '/home/rick/ros_ws/install/cartographer_rviz' for CMake config files
[57.573s] Level 1:colcon.colcon_core.shell:create_environment_hook('cartographer_rviz', 'cmake_prefix_path')
[57.581s] INFO:colcon.colcon_core.shell:Creating environment hook '/home/rick/ros_ws/install/cartographer_rviz/share/cartographer_rviz/hook/cmake_prefix_path.ps1'
[57.581s] INFO:colcon.colcon_core.shell:Creating environment descriptor '/home/rick/ros_ws/install/cartographer_rviz/share/cartographer_rviz/hook/cmake_prefix_path.dsv'
[57.581s] INFO:colcon.colcon_core.shell:Creating environment hook '/home/rick/ros_ws/install/cartographer_rviz/share/cartographer_rviz/hook/cmake_prefix_path.sh'
[57.581s] Level 1:colcon.colcon_core.environment:checking '/home/rick/ros_ws/install/cartographer_rviz/lib'
[57.581s] Level 1:colcon.colcon_core.shell:create_environment_hook('cartographer_rviz', 'ld_library_path_lib')
[57.588s] INFO:colcon.colcon_core.shell:Creating environment hook '/home/rick/ros_ws/install/cartographer_rviz/share/cartographer_rviz/hook/ld_library_path_lib.ps1'
[57.589s] INFO:colcon.colcon_core.shell:Creating environment descriptor '/home/rick/ros_ws/install/cartographer_rviz/share/cartographer_rviz/hook/ld_library_path_lib.dsv'
[57.589s] INFO:colcon.colcon_core.shell:Creating environment hook '/home/rick/ros_ws/install/cartographer_rviz/share/cartographer_rviz/hook/ld_library_path_lib.sh'
[57.589s] Level 1:colcon.colcon_core.environment:checking '/home/rick/ros_ws/install/cartographer_rviz/bin'
[57.589s] Level 1:colcon.colcon_core.environment:checking '/home/rick/ros_ws/install/cartographer_rviz/lib/pkgconfig/cartographer_rviz.pc'
[57.589s] Level 1:colcon.colcon_core.environment:checking '/home/rick/ros_ws/install/cartographer_rviz/lib/python3.10/site-packages'
[57.589s] Level 1:colcon.colcon_core.environment:checking '/home/rick/ros_ws/install/cartographer_rviz/bin'
[57.596s] INFO:colcon.colcon_core.shell:Creating package script '/home/rick/ros_ws/install/cartographer_rviz/share/cartographer_rviz/package.ps1'
[57.596s] INFO:colcon.colcon_core.shell:Creating package descriptor '/home/rick/ros_ws/install/cartographer_rviz/share/cartographer_rviz/package.dsv'
[57.596s] INFO:colcon.colcon_core.shell:Creating package script '/home/rick/ros_ws/install/cartographer_rviz/share/cartographer_rviz/package.sh'
[57.597s] INFO:colcon.colcon_core.shell:Creating package script '/home/rick/ros_ws/install/cartographer_rviz/share/cartographer_rviz/package.bash'
[57.597s] INFO:colcon.colcon_core.shell:Creating package script '/home/rick/ros_ws/install/cartographer_rviz/share/cartographer_rviz/package.zsh'
[57.597s] Level 1:colcon.colcon_core.environment:create_file_with_runtime_dependencies(/home/rick/ros_ws/install/cartographer_rviz/share/colcon-core/packages/cartographer_rviz)
[57.597s] DEBUG:colcon.colcon_parallel_executor.executor.parallel:closing loop
[57.597s] DEBUG:colcon.colcon_parallel_executor.executor.parallel:loop closed
[57.597s] DEBUG:colcon.colcon_parallel_executor.executor.parallel:run_until_complete finished with '0'
[57.597s] DEBUG:colcon.colcon_core.event_reactor:joining thread
[57.609s] INFO:colcon.colcon_core.plugin_system:Skipping extension 'colcon_notification.desktop_notification.terminal_notifier': Not used on non-Darwin systems
[57.609s] INFO:colcon.colcon_core.plugin_system:Skipping extension 'colcon_notification.desktop_notification.win32': Not used on non-Windows systems
[57.609s] INFO:colcon.colcon_notification.desktop_notification:Sending desktop notification using 'notify2'
[57.618s] DEBUG:colcon.colcon_core.event_reactor:joined thread
[57.627s] INFO:colcon.colcon_core.shell:Creating prefix script '/home/rick/ros_ws/install/local_setup.ps1'
[57.628s] INFO:colcon.colcon_core.shell:Creating prefix util module '/home/rick/ros_ws/install/_local_setup_util_ps1.py'
[57.628s] INFO:colcon.colcon_core.shell:Creating prefix chain script '/home/rick/ros_ws/install/setup.ps1'
[57.637s] INFO:colcon.colcon_core.shell:Creating prefix script '/home/rick/ros_ws/install/local_setup.sh'
[57.637s] INFO:colcon.colcon_core.shell:Creating prefix util module '/home/rick/ros_ws/install/_local_setup_util_sh.py'
[57.637s] INFO:colcon.colcon_core.shell:Creating prefix chain script '/home/rick/ros_ws/install/setup.sh'
[57.646s] INFO:colcon.colcon_core.shell:Creating prefix script '/home/rick/ros_ws/install/local_setup.bash'
[57.646s] INFO:colcon.colcon_core.shell:Creating prefix chain script '/home/rick/ros_ws/install/setup.bash'
[57.654s] INFO:colcon.colcon_core.shell:Creating prefix script '/home/rick/ros_ws/install/local_setup.zsh'
[57.654s] INFO:colcon.colcon_core.shell:Creating prefix chain script '/home/rick/ros_ws/install/setup.zsh'
