[0.270s] Invoking command in '/home/rick/ros_ws/build/rosbot_nav': CMAKE_PREFIX_PATH=${CMAKE_PREFIX_PATH}:/home/rick/ros_ws/install/ayuda_description:/opt/ros/humble /home/rick/.local/bin/cmake --build /home/rick/ros_ws/build/rosbot_nav -- -j24 -l24
[0.325s] Invoked command in '/home/rick/ros_ws/build/rosbot_nav' returned '0': CMAKE_PREFIX_PATH=${CMAKE_PREFIX_PATH}:/home/rick/ros_ws/install/ayuda_description:/opt/ros/humble /home/rick/.local/bin/cmake --build /home/rick/ros_ws/build/rosbot_nav -- -j24 -l24
[0.405s] Invoking command in '/home/rick/ros_ws/build/rosbot_nav': CMAKE_PREFIX_PATH=${CMAKE_PREFIX_PATH}:/home/rick/ros_ws/install/ayuda_description:/opt/ros/humble /home/rick/.local/bin/cmake --install /home/rick/ros_ws/build/rosbot_nav
[0.424s] -- Install configuration: ""
[0.425s] -- Execute custom install script
[0.426s] -- Up-to-date symlink: /home/rick/ros_ws/install/rosbot_nav/share/ament_index/resource_index/package_run_dependencies/rosbot_nav
[0.426s] -- Up-to-date symlink: /home/rick/ros_ws/install/rosbot_nav/share/ament_index/resource_index/parent_prefix_path/rosbot_nav
[0.426s] -- Up-to-date symlink: /home/rick/ros_ws/install/rosbot_nav/share/rosbot_nav/environment/ament_prefix_path.sh
[0.427s] -- Up-to-date symlink: /home/rick/ros_ws/install/rosbot_nav/share/rosbot_nav/environment/ament_prefix_path.dsv
[0.427s] -- Up-to-date symlink: /home/rick/ros_ws/install/rosbot_nav/share/rosbot_nav/environment/path.sh
[0.429s] -- Up-to-date symlink: /home/rick/ros_ws/install/rosbot_nav/share/rosbot_nav/environment/path.dsv
[0.429s] -- Up-to-date symlink: /home/rick/ros_ws/install/rosbot_nav/share/rosbot_nav/local_setup.bash
[0.429s] -- Up-to-date symlink: /home/rick/ros_ws/install/rosbot_nav/share/rosbot_nav/local_setup.sh
[0.429s] -- Up-to-date symlink: /home/rick/ros_ws/install/rosbot_nav/share/rosbot_nav/local_setup.zsh
[0.430s] -- Up-to-date symlink: /home/rick/ros_ws/install/rosbot_nav/share/rosbot_nav/local_setup.dsv
[0.430s] -- Symlinking: /home/rick/ros_ws/install/rosbot_nav/share/rosbot_nav/package.dsv
[0.435s] -- Up-to-date symlink: /home/rick/ros_ws/install/rosbot_nav/share/ament_index/resource_index/packages/rosbot_nav
[0.436s] -- Up-to-date symlink: /home/rick/ros_ws/install/rosbot_nav/share/rosbot_nav/cmake/rosbot_navConfig.cmake
[0.436s] -- Up-to-date symlink: /home/rick/ros_ws/install/rosbot_nav/share/rosbot_nav/cmake/rosbot_navConfig-version.cmake
[0.436s] -- Up-to-date symlink: /home/rick/ros_ws/install/rosbot_nav/share/rosbot_nav/package.xml
[0.746s] Invoked command in '/home/rick/ros_ws/build/rosbot_nav' returned '0': CMAKE_PREFIX_PATH=${CMAKE_PREFIX_PATH}:/home/rick/ros_ws/install/ayuda_description:/opt/ros/humble /home/rick/.local/bin/cmake --install /home/rick/ros_ws/build/rosbot_nav
