[0.030s] Invoking command in '/home/rick/ros_ws/build/cartographer_rviz': AMENT_PREFIX_PATH=/home/rick/ros_ws/install/cartographer_ros:/home/rick/ros_ws/install/cartographer_ros_msgs:${AMENT_PREFIX_PATH} CMAKE_PREFIX_PATH=/home/rick/ros_ws/install/cartographer_ros:/home/rick/ros_ws/install/cartographer_ros_msgs:/home/rick/ros_ws/install/cartographer:/opt/ros/humble LD_LIBRARY_PATH=/home/rick/ros_ws/install/cartographer_ros/lib:/home/rick/ros_ws/install/cartographer_ros_msgs/lib:/usr/lib/x86_64-linux-gnu/gazebo-11/plugins:/opt/ros/humble/opt/rviz_ogre_vendor/lib:/opt/ros/humble/lib/x86_64-linux-gnu:/opt/ros/humble/lib:/usr/local/cuda/lib64 PATH=/home/rick/ros_ws/install/cartographer/bin:${PATH} PKG_CONFIG_PATH=/home/rick/ros_ws/install/cartographer/lib/x86_64-linux-gnu/pkgconfig:/home/rick/ros_ws/install/cartographer/lib/pkgconfig PYTHONPATH=/home/rick/ros_ws/install/cartographer_ros_msgs/local/lib/python3.10/dist-packages:${PYTHONPATH} /home/rick/.local/bin/cmake --build /home/rick/ros_ws/build/cartographer_rviz -- -j24 -l24
[0.057s] [ 16%] [34m[1mAutomatic MOC for target cartographer_rviz[0m
[0.059s] [ 16%] Built target cartographer_rviz_detect_changes
[0.065s] [ 16%] Built target cartographer_rviz_autogen
[0.095s] [100%] Built target cartographer_rviz
[0.102s] Invoked command in '/home/rick/ros_ws/build/cartographer_rviz' returned '0': AMENT_PREFIX_PATH=/home/rick/ros_ws/install/cartographer_ros:/home/rick/ros_ws/install/cartographer_ros_msgs:${AMENT_PREFIX_PATH} CMAKE_PREFIX_PATH=/home/rick/ros_ws/install/cartographer_ros:/home/rick/ros_ws/install/cartographer_ros_msgs:/home/rick/ros_ws/install/cartographer:/opt/ros/humble LD_LIBRARY_PATH=/home/rick/ros_ws/install/cartographer_ros/lib:/home/rick/ros_ws/install/cartographer_ros_msgs/lib:/usr/lib/x86_64-linux-gnu/gazebo-11/plugins:/opt/ros/humble/opt/rviz_ogre_vendor/lib:/opt/ros/humble/lib/x86_64-linux-gnu:/opt/ros/humble/lib:/usr/local/cuda/lib64 PATH=/home/rick/ros_ws/install/cartographer/bin:${PATH} PKG_CONFIG_PATH=/home/rick/ros_ws/install/cartographer/lib/x86_64-linux-gnu/pkgconfig:/home/rick/ros_ws/install/cartographer/lib/pkgconfig PYTHONPATH=/home/rick/ros_ws/install/cartographer_ros_msgs/local/lib/python3.10/dist-packages:${PYTHONPATH} /home/rick/.local/bin/cmake --build /home/rick/ros_ws/build/cartographer_rviz -- -j24 -l24
[0.131s] Invoking command in '/home/rick/ros_ws/build/cartographer_rviz': AMENT_PREFIX_PATH=/home/rick/ros_ws/install/cartographer_ros:/home/rick/ros_ws/install/cartographer_ros_msgs:${AMENT_PREFIX_PATH} CMAKE_PREFIX_PATH=/home/rick/ros_ws/install/cartographer_ros:/home/rick/ros_ws/install/cartographer_ros_msgs:/home/rick/ros_ws/install/cartographer:/opt/ros/humble LD_LIBRARY_PATH=/home/rick/ros_ws/install/cartographer_ros/lib:/home/rick/ros_ws/install/cartographer_ros_msgs/lib:/usr/lib/x86_64-linux-gnu/gazebo-11/plugins:/opt/ros/humble/opt/rviz_ogre_vendor/lib:/opt/ros/humble/lib/x86_64-linux-gnu:/opt/ros/humble/lib:/usr/local/cuda/lib64 PATH=/home/rick/ros_ws/install/cartographer/bin:${PATH} PKG_CONFIG_PATH=/home/rick/ros_ws/install/cartographer/lib/x86_64-linux-gnu/pkgconfig:/home/rick/ros_ws/install/cartographer/lib/pkgconfig PYTHONPATH=/home/rick/ros_ws/install/cartographer_ros_msgs/local/lib/python3.10/dist-packages:${PYTHONPATH} /home/rick/.local/bin/cmake --install /home/rick/ros_ws/build/cartographer_rviz
[0.146s] -- Install configuration: "Release"
[0.147s] -- Execute custom install script
[0.147s] -- Up-to-date symlink: /home/rick/ros_ws/install/cartographer_rviz/share/cartographer_rviz//rviz_plugin_description.xml
[0.147s] -- Up-to-date symlink: /home/rick/ros_ws/install/cartographer_rviz/include//cartographer_rviz/drawable_submap.h
[0.147s] -- Up-to-date symlink: /home/rick/ros_ws/install/cartographer_rviz/include//cartographer_rviz/ogre_slice.h
[0.147s] -- Up-to-date symlink: /home/rick/ros_ws/install/cartographer_rviz/include//cartographer_rviz/submaps_display.h
[0.147s] -- Up-to-date symlink: /home/rick/ros_ws/install/cartographer_rviz/share/cartographer_rviz/environment/library_path.sh
[0.148s] -- Up-to-date symlink: /home/rick/ros_ws/install/cartographer_rviz/share/cartographer_rviz/environment/library_path.dsv
[0.148s] -- Up-to-date symlink: /home/rick/ros_ws/install/cartographer_rviz/share/ament_index/resource_index/package_run_dependencies/cartographer_rviz
[0.148s] -- Up-to-date symlink: /home/rick/ros_ws/install/cartographer_rviz/share/ament_index/resource_index/parent_prefix_path/cartographer_rviz
[0.148s] -- Up-to-date symlink: /home/rick/ros_ws/install/cartographer_rviz/share/cartographer_rviz/environment/ament_prefix_path.sh
[0.148s] -- Up-to-date symlink: /home/rick/ros_ws/install/cartographer_rviz/share/cartographer_rviz/environment/ament_prefix_path.dsv
[0.148s] -- Up-to-date symlink: /home/rick/ros_ws/install/cartographer_rviz/share/cartographer_rviz/environment/path.sh
[0.148s] -- Up-to-date symlink: /home/rick/ros_ws/install/cartographer_rviz/share/cartographer_rviz/environment/path.dsv
[0.148s] -- Up-to-date symlink: /home/rick/ros_ws/install/cartographer_rviz/share/cartographer_rviz/local_setup.bash
[0.148s] -- Up-to-date symlink: /home/rick/ros_ws/install/cartographer_rviz/share/cartographer_rviz/local_setup.sh
[0.148s] -- Up-to-date symlink: /home/rick/ros_ws/install/cartographer_rviz/share/cartographer_rviz/local_setup.zsh
[0.148s] -- Up-to-date symlink: /home/rick/ros_ws/install/cartographer_rviz/share/cartographer_rviz/local_setup.dsv
[0.148s] -- Symlinking: /home/rick/ros_ws/install/cartographer_rviz/share/cartographer_rviz/package.dsv
[0.150s] -- Up-to-date symlink: /home/rick/ros_ws/install/cartographer_rviz/share/ament_index/resource_index/packages/cartographer_rviz
[0.150s] -- Up-to-date symlink: /home/rick/ros_ws/install/cartographer_rviz/share/ament_index/resource_index/rviz_common__pluginlib__plugin/cartographer_rviz
[0.150s] -- Up-to-date symlink: /home/rick/ros_ws/install/cartographer_rviz/share/ament_index/resource_index/rviz_ogre_media_exports/cartographer_rviz
[0.150s] -- Up-to-date symlink: /home/rick/ros_ws/install/cartographer_rviz/share/cartographer_rviz/cmake/ament_cmake_export_include_directories-extras.cmake
[0.150s] -- Up-to-date symlink: /home/rick/ros_ws/install/cartographer_rviz/share/cartographer_rviz/cmake/ament_cmake_export_targets-extras.cmake
[0.150s] -- Up-to-date symlink: /home/rick/ros_ws/install/cartographer_rviz/share/cartographer_rviz/cmake/ament_cmake_export_dependencies-extras.cmake
[0.150s] -- Up-to-date symlink: /home/rick/ros_ws/install/cartographer_rviz/share/cartographer_rviz/cmake/cartographer_rvizConfig.cmake
[0.150s] -- Up-to-date symlink: /home/rick/ros_ws/install/cartographer_rviz/share/cartographer_rviz/cmake/cartographer_rvizConfig-version.cmake
[0.150s] -- Up-to-date symlink: /home/rick/ros_ws/install/cartographer_rviz/share/cartographer_rviz/package.xml
[0.151s] -- Up-to-date: /home/rick/ros_ws/install/cartographer_rviz/lib/libcartographer_rviz.so
[0.151s] -- Up-to-date: /home/rick/ros_ws/install/cartographer_rviz/share/cartographer_rviz/ogre_media/materials/glsl120
[0.151s] -- Up-to-date: /home/rick/ros_ws/install/cartographer_rviz/share/cartographer_rviz/ogre_media/materials/glsl120/glsl120.program
[0.151s] -- Up-to-date: /home/rick/ros_ws/install/cartographer_rviz/share/cartographer_rviz/ogre_media/materials/glsl120/submap.vert
[0.151s] -- Up-to-date: /home/rick/ros_ws/install/cartographer_rviz/share/cartographer_rviz/ogre_media/materials/glsl120/submap.frag
[0.151s] -- Up-to-date: /home/rick/ros_ws/install/cartographer_rviz/share/cartographer_rviz/ogre_media/materials/scripts
[0.151s] -- Up-to-date: /home/rick/ros_ws/install/cartographer_rviz/share/cartographer_rviz/ogre_media/materials/scripts/submap.material
[0.151s] -- Up-to-date: /home/rick/ros_ws/install/cartographer_rviz/share/cartographer_rviz/cmake/cartographer_rvizExport.cmake
[0.151s] -- Up-to-date: /home/rick/ros_ws/install/cartographer_rviz/share/cartographer_rviz/cmake/cartographer_rvizExport-release.cmake
[0.154s] Invoked command in '/home/rick/ros_ws/build/cartographer_rviz' returned '0': AMENT_PREFIX_PATH=/home/rick/ros_ws/install/cartographer_ros:/home/rick/ros_ws/install/cartographer_ros_msgs:${AMENT_PREFIX_PATH} CMAKE_PREFIX_PATH=/home/rick/ros_ws/install/cartographer_ros:/home/rick/ros_ws/install/cartographer_ros_msgs:/home/rick/ros_ws/install/cartographer:/opt/ros/humble LD_LIBRARY_PATH=/home/rick/ros_ws/install/cartographer_ros/lib:/home/rick/ros_ws/install/cartographer_ros_msgs/lib:/usr/lib/x86_64-linux-gnu/gazebo-11/plugins:/opt/ros/humble/opt/rviz_ogre_vendor/lib:/opt/ros/humble/lib/x86_64-linux-gnu:/opt/ros/humble/lib:/usr/local/cuda/lib64 PATH=/home/rick/ros_ws/install/cartographer/bin:${PATH} PKG_CONFIG_PATH=/home/rick/ros_ws/install/cartographer/lib/x86_64-linux-gnu/pkgconfig:/home/rick/ros_ws/install/cartographer/lib/pkgconfig PYTHONPATH=/home/rick/ros_ws/install/cartographer_ros_msgs/local/lib/python3.10/dist-packages:${PYTHONPATH} /home/rick/.local/bin/cmake --install /home/rick/ros_ws/build/cartographer_rviz
