-- The C compiler identification is GNU 11.4.0
-- The CXX compiler identification is GNU 11.4.0
-- Detecting C compiler ABI info
-- Detecting C compiler ABI info - done
-- Check for working C compiler: /usr/bin/cc - skipped
-- Detecting C compile features
-- Detecting C compile features - done
-- Detecting CXX compiler ABI info
-- Detecting CXX compiler ABI info - done
-- Check for working CXX compiler: /usr/bin/c++ - skipped
-- Detecting CXX compile features
-- Detecting CXX compile features - done
-- Found ament_cmake: 1.3.5 (/opt/ros/humble/share/ament_cmake/cmake)
-- Found Python3: /usr/bin/python3.10 (found version "3.10.12") found components: Interpreter 
-- Override CMake install command with custom implementation using symlinks instead of copying resources
-- Configuring done (0.6s)
-- Generating done (0.0s)
-- Build files have been written to: /home/rick/ros_ws/build/imu_tools
-- Install configuration: ""
-- Execute custom install script
-- Symlinking: /home/rick/ros_ws/install/imu_tools/share/ament_index/resource_index/package_run_dependencies/imu_tools
-- Symlinking: /home/rick/ros_ws/install/imu_tools/share/ament_index/resource_index/parent_prefix_path/imu_tools
-- Symlinking: /home/rick/ros_ws/install/imu_tools/share/imu_tools/environment/ament_prefix_path.sh
-- Symlinking: /home/rick/ros_ws/install/imu_tools/share/imu_tools/environment/ament_prefix_path.dsv
-- Symlinking: /home/rick/ros_ws/install/imu_tools/share/imu_tools/environment/path.sh
-- Symlinking: /home/rick/ros_ws/install/imu_tools/share/imu_tools/environment/path.dsv
-- Symlinking: /home/rick/ros_ws/install/imu_tools/share/imu_tools/local_setup.bash
-- Symlinking: /home/rick/ros_ws/install/imu_tools/share/imu_tools/local_setup.sh
-- Symlinking: /home/rick/ros_ws/install/imu_tools/share/imu_tools/local_setup.zsh
-- Symlinking: /home/rick/ros_ws/install/imu_tools/share/imu_tools/local_setup.dsv
-- Symlinking: /home/rick/ros_ws/install/imu_tools/share/imu_tools/package.dsv
-- Symlinking: /home/rick/ros_ws/install/imu_tools/share/ament_index/resource_index/packages/imu_tools
-- Symlinking: /home/rick/ros_ws/install/imu_tools/share/imu_tools/cmake/imu_toolsConfig.cmake
-- Symlinking: /home/rick/ros_ws/install/imu_tools/share/imu_tools/cmake/imu_toolsConfig-version.cmake
-- Symlinking: /home/rick/ros_ws/install/imu_tools/share/imu_tools/package.xml
