[0.030s] Invoking command in '/home/rick/ros_ws/build/imu_tools': AMENT_PREFIX_PATH=/home/rick/ros_ws/install/rviz_imu_plugin:/home/rick/ros_ws/install/imu_filter_madgwick:/home/rick/ros_ws/install/imu_complementary_filter:${AMENT_PREFIX_PATH} CMAKE_PREFIX_PATH=/home/rick/ros_ws/install/rviz_imu_plugin:/home/rick/ros_ws/install/imu_filter_madgwick:/home/rick/ros_ws/install/imu_complementary_filter:/opt/ros/humble LD_LIBRARY_PATH=/home/rick/ros_ws/install/rviz_imu_plugin/lib:/home/rick/ros_ws/install/imu_filter_madgwick/lib:/home/rick/ros_ws/install/imu_complementary_filter/lib:/usr/lib/x86_64-linux-gnu/gazebo-11/plugins:/opt/ros/humble/opt/rviz_ogre_vendor/lib:/opt/ros/humble/lib/x86_64-linux-gnu:/opt/ros/humble/lib:/usr/local/cuda/lib64 /home/rick/.local/bin/cmake /home/rick/ros_ws/src/imu_tools/imu_tools -DAMENT_CMAKE_SYMLINK_INSTALL=1 -DCMAKE_INSTALL_PREFIX=/home/rick/ros_ws/install/imu_tools
[0.091s] -- The C compiler identification is GNU 11.4.0
[0.144s] -- The CXX compiler identification is GNU 11.4.0
[0.153s] -- Detecting C compiler ABI info
[0.245s] -- Detecting C compiler ABI info - done
[0.256s] -- Check for working C compiler: /usr/bin/cc - skipped
[0.256s] -- Detecting C compile features
[0.257s] -- Detecting C compile features - done
[0.264s] -- Detecting CXX compiler ABI info
[0.306s] -- Detecting CXX compiler ABI info - done
[0.312s] -- Check for working CXX compiler: /usr/bin/c++ - skipped
[0.313s] -- Detecting CXX compile features
[0.313s] -- Detecting CXX compile features - done
[0.314s] -- Found ament_cmake: 1.3.5 (/opt/ros/humble/share/ament_cmake/cmake)
[0.594s] -- Found Python3: /usr/bin/python3.10 (found version "3.10.12") found components: Interpreter 
[0.630s] -- Override CMake install command with custom implementation using symlinks instead of copying resources
[0.689s] -- Configuring done (0.6s)
[0.690s] -- Generating done (0.0s)
[0.691s] -- Build files have been written to: /home/rick/ros_ws/build/imu_tools
[0.697s] Invoked command in '/home/rick/ros_ws/build/imu_tools' returned '0': AMENT_PREFIX_PATH=/home/rick/ros_ws/install/rviz_imu_plugin:/home/rick/ros_ws/install/imu_filter_madgwick:/home/rick/ros_ws/install/imu_complementary_filter:${AMENT_PREFIX_PATH} CMAKE_PREFIX_PATH=/home/rick/ros_ws/install/rviz_imu_plugin:/home/rick/ros_ws/install/imu_filter_madgwick:/home/rick/ros_ws/install/imu_complementary_filter:/opt/ros/humble LD_LIBRARY_PATH=/home/rick/ros_ws/install/rviz_imu_plugin/lib:/home/rick/ros_ws/install/imu_filter_madgwick/lib:/home/rick/ros_ws/install/imu_complementary_filter/lib:/usr/lib/x86_64-linux-gnu/gazebo-11/plugins:/opt/ros/humble/opt/rviz_ogre_vendor/lib:/opt/ros/humble/lib/x86_64-linux-gnu:/opt/ros/humble/lib:/usr/local/cuda/lib64 /home/rick/.local/bin/cmake /home/rick/ros_ws/src/imu_tools/imu_tools -DAMENT_CMAKE_SYMLINK_INSTALL=1 -DCMAKE_INSTALL_PREFIX=/home/rick/ros_ws/install/imu_tools
[0.697s] Invoking command in '/home/rick/ros_ws/build/imu_tools': AMENT_PREFIX_PATH=/home/rick/ros_ws/install/rviz_imu_plugin:/home/rick/ros_ws/install/imu_filter_madgwick:/home/rick/ros_ws/install/imu_complementary_filter:${AMENT_PREFIX_PATH} CMAKE_PREFIX_PATH=/home/rick/ros_ws/install/rviz_imu_plugin:/home/rick/ros_ws/install/imu_filter_madgwick:/home/rick/ros_ws/install/imu_complementary_filter:/opt/ros/humble LD_LIBRARY_PATH=/home/rick/ros_ws/install/rviz_imu_plugin/lib:/home/rick/ros_ws/install/imu_filter_madgwick/lib:/home/rick/ros_ws/install/imu_complementary_filter/lib:/usr/lib/x86_64-linux-gnu/gazebo-11/plugins:/opt/ros/humble/opt/rviz_ogre_vendor/lib:/opt/ros/humble/lib/x86_64-linux-gnu:/opt/ros/humble/lib:/usr/local/cuda/lib64 /home/rick/.local/bin/cmake --build /home/rick/ros_ws/build/imu_tools -- -j24 -l24
[0.720s] Invoked command in '/home/rick/ros_ws/build/imu_tools' returned '0': AMENT_PREFIX_PATH=/home/rick/ros_ws/install/rviz_imu_plugin:/home/rick/ros_ws/install/imu_filter_madgwick:/home/rick/ros_ws/install/imu_complementary_filter:${AMENT_PREFIX_PATH} CMAKE_PREFIX_PATH=/home/rick/ros_ws/install/rviz_imu_plugin:/home/rick/ros_ws/install/imu_filter_madgwick:/home/rick/ros_ws/install/imu_complementary_filter:/opt/ros/humble LD_LIBRARY_PATH=/home/rick/ros_ws/install/rviz_imu_plugin/lib:/home/rick/ros_ws/install/imu_filter_madgwick/lib:/home/rick/ros_ws/install/imu_complementary_filter/lib:/usr/lib/x86_64-linux-gnu/gazebo-11/plugins:/opt/ros/humble/opt/rviz_ogre_vendor/lib:/opt/ros/humble/lib/x86_64-linux-gnu:/opt/ros/humble/lib:/usr/local/cuda/lib64 /home/rick/.local/bin/cmake --build /home/rick/ros_ws/build/imu_tools -- -j24 -l24
[0.757s] Invoking command in '/home/rick/ros_ws/build/imu_tools': AMENT_PREFIX_PATH=/home/rick/ros_ws/install/rviz_imu_plugin:/home/rick/ros_ws/install/imu_filter_madgwick:/home/rick/ros_ws/install/imu_complementary_filter:${AMENT_PREFIX_PATH} CMAKE_PREFIX_PATH=/home/rick/ros_ws/install/rviz_imu_plugin:/home/rick/ros_ws/install/imu_filter_madgwick:/home/rick/ros_ws/install/imu_complementary_filter:/opt/ros/humble LD_LIBRARY_PATH=/home/rick/ros_ws/install/rviz_imu_plugin/lib:/home/rick/ros_ws/install/imu_filter_madgwick/lib:/home/rick/ros_ws/install/imu_complementary_filter/lib:/usr/lib/x86_64-linux-gnu/gazebo-11/plugins:/opt/ros/humble/opt/rviz_ogre_vendor/lib:/opt/ros/humble/lib/x86_64-linux-gnu:/opt/ros/humble/lib:/usr/local/cuda/lib64 /home/rick/.local/bin/cmake --install /home/rick/ros_ws/build/imu_tools
[0.774s] -- Install configuration: ""
[0.774s] -- Execute custom install script
[0.774s] -- Symlinking: /home/rick/ros_ws/install/imu_tools/share/ament_index/resource_index/package_run_dependencies/imu_tools
[0.776s] -- Symlinking: /home/rick/ros_ws/install/imu_tools/share/ament_index/resource_index/parent_prefix_path/imu_tools
[0.778s] -- Symlinking: /home/rick/ros_ws/install/imu_tools/share/imu_tools/environment/ament_prefix_path.sh
[0.779s] -- Symlinking: /home/rick/ros_ws/install/imu_tools/share/imu_tools/environment/ament_prefix_path.dsv
[0.781s] -- Symlinking: /home/rick/ros_ws/install/imu_tools/share/imu_tools/environment/path.sh
[0.783s] -- Symlinking: /home/rick/ros_ws/install/imu_tools/share/imu_tools/environment/path.dsv
[0.785s] -- Symlinking: /home/rick/ros_ws/install/imu_tools/share/imu_tools/local_setup.bash
[0.787s] -- Symlinking: /home/rick/ros_ws/install/imu_tools/share/imu_tools/local_setup.sh
[0.789s] -- Symlinking: /home/rick/ros_ws/install/imu_tools/share/imu_tools/local_setup.zsh
[0.792s] -- Symlinking: /home/rick/ros_ws/install/imu_tools/share/imu_tools/local_setup.dsv
[0.795s] -- Symlinking: /home/rick/ros_ws/install/imu_tools/share/imu_tools/package.dsv
[0.799s] -- Symlinking: /home/rick/ros_ws/install/imu_tools/share/ament_index/resource_index/packages/imu_tools
[0.804s] -- Symlinking: /home/rick/ros_ws/install/imu_tools/share/imu_tools/cmake/imu_toolsConfig.cmake
[0.809s] -- Symlinking: /home/rick/ros_ws/install/imu_tools/share/imu_tools/cmake/imu_toolsConfig-version.cmake
[0.815s] -- Symlinking: /home/rick/ros_ws/install/imu_tools/share/imu_tools/package.xml
[0.827s] Invoked command in '/home/rick/ros_ws/build/imu_tools' returned '0': AMENT_PREFIX_PATH=/home/rick/ros_ws/install/rviz_imu_plugin:/home/rick/ros_ws/install/imu_filter_madgwick:/home/rick/ros_ws/install/imu_complementary_filter:${AMENT_PREFIX_PATH} CMAKE_PREFIX_PATH=/home/rick/ros_ws/install/rviz_imu_plugin:/home/rick/ros_ws/install/imu_filter_madgwick:/home/rick/ros_ws/install/imu_complementary_filter:/opt/ros/humble LD_LIBRARY_PATH=/home/rick/ros_ws/install/rviz_imu_plugin/lib:/home/rick/ros_ws/install/imu_filter_madgwick/lib:/home/rick/ros_ws/install/imu_complementary_filter/lib:/usr/lib/x86_64-linux-gnu/gazebo-11/plugins:/opt/ros/humble/opt/rviz_ogre_vendor/lib:/opt/ros/humble/lib/x86_64-linux-gnu:/opt/ros/humble/lib:/usr/local/cuda/lib64 /home/rick/.local/bin/cmake --install /home/rick/ros_ws/build/imu_tools
