[0.349s] Invoking command in '/home/rick/ros_ws/build/ros_bot': CMAKE_PREFIX_PATH=${CMAKE_PREFIX_PATH}:/home/rick/ros_ws/install/ayuda_description:/opt/ros/humble /home/rick/.local/bin/cmake --build /home/rick/ros_ws/build/ros_bot -- -j24 -l24
[0.383s] -- Found ament_cmake: 1.3.5 (/opt/ros/humble/share/ament_cmake/cmake)
[0.608s] -- Override CMake install command with custom implementation using symlinks instead of copying resources
[0.623s] -- Found ament_lint_auto: 0.12.8 (/opt/ros/humble/share/ament_lint_auto/cmake)
[0.704s] -- Added test 'copyright' to check source files copyright and LICENSE
[0.727s] -- Added test 'flake8' to check Python code syntax and style conventions
[0.729s] -- Added test 'lint_cmake' to check CMake code style
[0.731s] -- Added test 'pep257' to check Python code against some of the docstring style conventions in PEP 257
[0.742s] -- Added test 'xmllint' to check XML markup files
[0.743s] -- Configuring done (0.4s)
[0.749s] -- Generating done (0.0s)
[0.750s] -- Build files have been written to: /home/rick/ros_ws/build/ros_bot
[0.766s] Invoked command in '/home/rick/ros_ws/build/ros_bot' returned '0': CMAKE_PREFIX_PATH=${CMAKE_PREFIX_PATH}:/home/rick/ros_ws/install/ayuda_description:/opt/ros/humble /home/rick/.local/bin/cmake --build /home/rick/ros_ws/build/ros_bot -- -j24 -l24
[0.985s] Invoking command in '/home/rick/ros_ws/build/ros_bot': CMAKE_PREFIX_PATH=${CMAKE_PREFIX_PATH}:/home/rick/ros_ws/install/ayuda_description:/opt/ros/humble /home/rick/.local/bin/cmake --install /home/rick/ros_ws/build/ros_bot
[1.060s] -- Install configuration: ""
[1.060s] -- Execute custom install script
[1.060s] -- Up-to-date symlink: /home/rick/ros_ws/install/ros_bot/share/ros_bot/config/ball_tracker_params_robot.yaml
[1.060s] -- Up-to-date symlink: /home/rick/ros_ws/install/ros_bot/share/ros_bot/config/ball_tracker_params_sim.yaml
[1.060s] -- Up-to-date symlink: /home/rick/ros_ws/install/ros_bot/share/ros_bot/config/drive_bot.rviz
[1.061s] -- Up-to-date symlink: /home/rick/ros_ws/install/ros_bot/share/ros_bot/config/gaz_ros2_ctl_use_sim.yaml
[1.061s] -- Up-to-date symlink: /home/rick/ros_ws/install/ros_bot/share/ros_bot/config/gazebo_params.yaml
[1.061s] -- Up-to-date symlink: /home/rick/ros_ws/install/ros_bot/share/ros_bot/config/joystick.yaml
[1.061s] -- Up-to-date symlink: /home/rick/ros_ws/install/ros_bot/share/ros_bot/config/main.rviz
[1.061s] -- Up-to-date symlink: /home/rick/ros_ws/install/ros_bot/share/ros_bot/config/map.rviz
[1.061s] -- Up-to-date symlink: /home/rick/ros_ws/install/ros_bot/share/ros_bot/config/mapper_params_online_async.yaml
[1.061s] -- Up-to-date symlink: /home/rick/ros_ws/install/ros_bot/share/ros_bot/config/my_controllers.yaml
[1.061s] -- Up-to-date symlink: /home/rick/ros_ws/install/ros_bot/share/ros_bot/config/nav2_params.yaml
[1.061s] -- Up-to-date symlink: /home/rick/ros_ws/install/ros_bot/share/ros_bot/config/rviz.rviz
[1.061s] -- Up-to-date symlink: /home/rick/ros_ws/install/ros_bot/share/ros_bot/config/twist_mux.yaml
[1.061s] -- Up-to-date symlink: /home/rick/ros_ws/install/ros_bot/share/ros_bot/config/view_bot.rviz
[1.061s] -- Up-to-date symlink: /home/rick/ros_ws/install/ros_bot/share/ros_bot/description/camera.xacro
[1.061s] -- Up-to-date symlink: /home/rick/ros_ws/install/ros_bot/share/ros_bot/description/depth_camera.xacro
[1.061s] -- Up-to-date symlink: /home/rick/ros_ws/install/ros_bot/share/ros_bot/description/face.xacro
[1.061s] -- Up-to-date symlink: /home/rick/ros_ws/install/ros_bot/share/ros_bot/description/gazebo_control.xacro
[1.062s] -- Up-to-date symlink: /home/rick/ros_ws/install/ros_bot/share/ros_bot/description/inertial_macros.xacro
[1.062s] -- Up-to-date symlink: /home/rick/ros_ws/install/ros_bot/share/ros_bot/description/lidar.xacro
[1.062s] -- Up-to-date symlink: /home/rick/ros_ws/install/ros_bot/share/ros_bot/description/robot.urdf.xacro
[1.062s] -- Up-to-date symlink: /home/rick/ros_ws/install/ros_bot/share/ros_bot/description/robot_core.xacro
[1.062s] -- Up-to-date symlink: /home/rick/ros_ws/install/ros_bot/share/ros_bot/description/ros2_control.xacro
[1.062s] -- Up-to-date symlink: /home/rick/ros_ws/install/ros_bot/share/ros_bot/launch/aio.launch.py
[1.062s] -- Up-to-date symlink: /home/rick/ros_ws/install/ros_bot/share/ros_bot/launch/ball_tracker.launch.py
[1.062s] -- Up-to-date symlink: /home/rick/ros_ws/install/ros_bot/share/ros_bot/launch/camera.launch.py
[1.062s] -- Up-to-date symlink: /home/rick/ros_ws/install/ros_bot/share/ros_bot/launch/ds4.launch.py
[1.062s] -- Up-to-date symlink: /home/rick/ros_ws/install/ros_bot/share/ros_bot/launch/joystick.launch.py
[1.062s] -- Up-to-date symlink: /home/rick/ros_ws/install/ros_bot/share/ros_bot/launch/launch_robot.launch.py
[1.062s] -- Up-to-date symlink: /home/rick/ros_ws/install/ros_bot/share/ros_bot/launch/launch_sim.launch.py
[1.062s] -- Up-to-date symlink: /home/rick/ros_ws/install/ros_bot/share/ros_bot/launch/localization_launch.py
[1.062s] -- Up-to-date symlink: /home/rick/ros_ws/install/ros_bot/share/ros_bot/launch/navigation_launch.py
[1.062s] -- Up-to-date symlink: /home/rick/ros_ws/install/ros_bot/share/ros_bot/launch/online_async_launch.py
[1.062s] -- Up-to-date symlink: /home/rick/ros_ws/install/ros_bot/share/ros_bot/launch/rplidar.launch.py
[1.062s] -- Up-to-date symlink: /home/rick/ros_ws/install/ros_bot/share/ros_bot/launch/rsp.launch.py
[1.062s] -- Up-to-date symlink: /home/rick/ros_ws/install/ros_bot/share/ros_bot/worlds/cafe.world
[1.062s] -- Up-to-date symlink: /home/rick/ros_ws/install/ros_bot/share/ros_bot/worlds/cafe/materials/textures/__auto_10.jpg
[1.062s] -- Up-to-date symlink: /home/rick/ros_ws/install/ros_bot/share/ros_bot/worlds/cafe/materials/textures/__auto_2.jpg
[1.062s] -- Up-to-date symlink: /home/rick/ros_ws/install/ros_bot/share/ros_bot/worlds/cafe/materials/textures/__auto_21.jpg
[1.063s] -- Up-to-date symlink: /home/rick/ros_ws/install/ros_bot/share/ros_bot/worlds/cafe/materials/textures/__auto_22.jpg
[1.063s] -- Up-to-date symlink: /home/rick/ros_ws/install/ros_bot/share/ros_bot/worlds/cafe/materials/textures/__auto_23.jpg
[1.063s] -- Up-to-date symlink: /home/rick/ros_ws/install/ros_bot/share/ros_bot/worlds/cafe/materials/textures/__auto_24.jpg
[1.063s] -- Up-to-date symlink: /home/rick/ros_ws/install/ros_bot/share/ros_bot/worlds/cafe/materials/textures/__auto_25.jpg
[1.063s] -- Up-to-date symlink: /home/rick/ros_ws/install/ros_bot/share/ros_bot/worlds/cafe/materials/textures/__auto_26.jpg
[1.063s] -- Up-to-date symlink: /home/rick/ros_ws/install/ros_bot/share/ros_bot/worlds/cafe/materials/textures/__auto_28.jpg
[1.063s] -- Up-to-date symlink: /home/rick/ros_ws/install/ros_bot/share/ros_bot/worlds/cafe/materials/textures/__auto_29.jpg
[1.063s] -- Up-to-date symlink: /home/rick/ros_ws/install/ros_bot/share/ros_bot/worlds/cafe/materials/textures/__auto_30.jpg
[1.063s] -- Up-to-date symlink: /home/rick/ros_ws/install/ros_bot/share/ros_bot/worlds/cafe/materials/textures/__auto_31.jpg
[1.063s] -- Up-to-date symlink: /home/rick/ros_ws/install/ros_bot/share/ros_bot/worlds/cafe/materials/textures/__auto_34.jpg
[1.063s] -- Up-to-date symlink: /home/rick/ros_ws/install/ros_bot/share/ros_bot/worlds/cafe/materials/textures/__auto_35.jpg
[1.063s] -- Up-to-date symlink: /home/rick/ros_ws/install/ros_bot/share/ros_bot/worlds/cafe/materials/textures/__auto_37.jpg
[1.063s] -- Up-to-date symlink: /home/rick/ros_ws/install/ros_bot/share/ros_bot/worlds/cafe/meshes/cafe.dae
[1.063s] -- Up-to-date symlink: /home/rick/ros_ws/install/ros_bot/share/ros_bot/worlds/cafe/model.config
[1.063s] -- Up-to-date symlink: /home/rick/ros_ws/install/ros_bot/share/ros_bot/worlds/cafe/model.sdf
[1.063s] -- Up-to-date symlink: /home/rick/ros_ws/install/ros_bot/share/ros_bot/worlds/cafe_table/materials/textures/Maple.jpg
[1.063s] -- Up-to-date symlink: /home/rick/ros_ws/install/ros_bot/share/ros_bot/worlds/cafe_table/materials/textures/Wood_Floor_Dark.jpg
[1.063s] -- Up-to-date symlink: /home/rick/ros_ws/install/ros_bot/share/ros_bot/worlds/cafe_table/meshes/cafe_table.dae
[1.063s] -- Up-to-date symlink: /home/rick/ros_ws/install/ros_bot/share/ros_bot/worlds/cafe_table/model-1_4.sdf
[1.063s] -- Up-to-date symlink: /home/rick/ros_ws/install/ros_bot/share/ros_bot/worlds/cafe_table/model.config
[1.063s] -- Up-to-date symlink: /home/rick/ros_ws/install/ros_bot/share/ros_bot/worlds/cafe_table/model.sdf
[1.063s] -- Up-to-date symlink: /home/rick/ros_ws/install/ros_bot/share/ros_bot/worlds/empty.world
[1.063s] -- Symlinking: /home/rick/ros_ws/install/ros_bot/share/ros_bot/maps/my_map.pgm
[1.063s] -- Symlinking: /home/rick/ros_ws/install/ros_bot/share/ros_bot/maps/my_map.yaml
[1.064s] -- Symlinking: /home/rick/ros_ws/install/ros_bot/share/ros_bot/maps/my_serialized_map.data
[1.064s] -- Symlinking: /home/rick/ros_ws/install/ros_bot/share/ros_bot/maps/my_serialized_map.posegraph
[1.064s] -- Up-to-date symlink: /home/rick/ros_ws/install/ros_bot/share/ament_index/resource_index/package_run_dependencies/ros_bot
[1.064s] -- Up-to-date symlink: /home/rick/ros_ws/install/ros_bot/share/ament_index/resource_index/parent_prefix_path/ros_bot
[1.064s] -- Up-to-date symlink: /home/rick/ros_ws/install/ros_bot/share/ros_bot/environment/ament_prefix_path.sh
[1.064s] -- Up-to-date symlink: /home/rick/ros_ws/install/ros_bot/share/ros_bot/environment/ament_prefix_path.dsv
[1.064s] -- Up-to-date symlink: /home/rick/ros_ws/install/ros_bot/share/ros_bot/environment/path.sh
[1.064s] -- Up-to-date symlink: /home/rick/ros_ws/install/ros_bot/share/ros_bot/environment/path.dsv
[1.064s] -- Up-to-date symlink: /home/rick/ros_ws/install/ros_bot/share/ros_bot/local_setup.bash
[1.064s] -- Up-to-date symlink: /home/rick/ros_ws/install/ros_bot/share/ros_bot/local_setup.sh
[1.064s] -- Up-to-date symlink: /home/rick/ros_ws/install/ros_bot/share/ros_bot/local_setup.zsh
[1.064s] -- Up-to-date symlink: /home/rick/ros_ws/install/ros_bot/share/ros_bot/local_setup.dsv
[1.064s] -- Symlinking: /home/rick/ros_ws/install/ros_bot/share/ros_bot/package.dsv
[1.064s] -- Up-to-date symlink: /home/rick/ros_ws/install/ros_bot/share/ament_index/resource_index/packages/ros_bot
[1.064s] -- Up-to-date symlink: /home/rick/ros_ws/install/ros_bot/share/ros_bot/cmake/ros_botConfig.cmake
[1.064s] -- Up-to-date symlink: /home/rick/ros_ws/install/ros_bot/share/ros_bot/cmake/ros_botConfig-version.cmake
[1.064s] -- Up-to-date symlink: /home/rick/ros_ws/install/ros_bot/share/ros_bot/package.xml
[1.067s] Invoked command in '/home/rick/ros_ws/build/ros_bot' returned '0': CMAKE_PREFIX_PATH=${CMAKE_PREFIX_PATH}:/home/rick/ros_ws/install/ayuda_description:/opt/ros/humble /home/rick/.local/bin/cmake --install /home/rick/ros_ws/build/ros_bot
