[0.312s] Invoking command in '/home/rick/ros_ws/build/ds4_driver_msgs': CMAKE_PREFIX_PATH=${CMAKE_PREFIX_PATH}:/home/rick/ros_ws/install/ayuda_description:/opt/ros/humble /home/rick/.local/bin/cmake --build /home/rick/ros_ws/build/ds4_driver_msgs -- -j24 -l24
[0.521s] [  1%] Built target ds4_driver_msgs__cpp
[0.521s] [  1%] Built target ament_cmake_python_symlink_ds4_driver_msgs
[0.521s] [ 12%] Built target ds4_driver_msgs__rosidl_generator_c
[0.521s] [ 27%] Built target ds4_driver_msgs__rosidl_typesupport_cpp
[0.521s] [ 40%] Built target ds4_driver_msgs__rosidl_typesupport_fastrtps_cpp
[0.522s] [ 45%] Built target ds4_driver_msgs__rosidl_typesupport_introspection_cpp
[0.522s] [ 67%] Built target ds4_driver_msgs__rosidl_typesupport_c
[0.522s] [ 67%] Built target ds4_driver_msgs__rosidl_typesupport_introspection_c
[0.522s] [ 78%] Built target ds4_driver_msgs__rosidl_typesupport_fastrtps_c
[0.522s] [ 78%] Built target ds4_driver_msgs
[0.522s] [ 80%] Built target ds4_driver_msgs__py
[0.522s] [ 89%] Built target ds4_driver_msgs__rosidl_generator_py
[0.522s] [ 96%] Built target ds4_driver_msgs__rosidl_typesupport_fastrtps_c__pyext
[0.523s] [ 96%] Built target ds4_driver_msgs__rosidl_typesupport_introspection_c__pyext
[0.523s] [100%] Built target ds4_driver_msgs__rosidl_typesupport_c__pyext
[0.523s] running egg_info
[0.524s] writing ds4_driver_msgs.egg-info/PKG-INFO
[0.524s] writing dependency_links to ds4_driver_msgs.egg-info/dependency_links.txt
[0.524s] writing top-level names to ds4_driver_msgs.egg-info/top_level.txt
[0.524s] reading manifest file 'ds4_driver_msgs.egg-info/SOURCES.txt'
[0.524s] writing manifest file 'ds4_driver_msgs.egg-info/SOURCES.txt'
[0.524s] [100%] Built target ament_cmake_python_build_ds4_driver_msgs_egg
[0.530s] Invoked command in '/home/rick/ros_ws/build/ds4_driver_msgs' returned '0': CMAKE_PREFIX_PATH=${CMAKE_PREFIX_PATH}:/home/rick/ros_ws/install/ayuda_description:/opt/ros/humble /home/rick/.local/bin/cmake --build /home/rick/ros_ws/build/ds4_driver_msgs -- -j24 -l24
