[0.369s] Invoking command in '/home/rick/ros_ws/build/cartographer': CMAKE_PREFIX_PATH=${CMAKE_PREFIX_PATH}:/home/rick/ros_ws/install/ayuda_description:/opt/ros/humble /home/rick/.local/bin/cmake /home/rick/ros_ws/src/cartographer -DCMAKE_INSTALL_PREFIX=/home/rick/ros_ws/install/cartographer
[0.577s] [0mCMake Deprecation Warning at CMakeLists.txt:15 (cmake_minimum_required):
[0.577s]   Compatibility with CMake < 3.5 will be removed from a future version of
[0.577s]   CMake.
[0.578s] 
[0.578s]   Update the VERSION argument <min> value or use a ...<max> suffix to tell
[0.578s]   CMake that the project does not need compatibility with older versions.
[0.578s] 
[0.578s] [0m
[0.578s] -- The C compiler identification is GNU 11.4.0
[0.579s] -- The CXX compiler identification is GNU 11.4.0
[0.579s] -- Detecting C compiler ABI info
[0.579s] -- Detecting C compiler ABI info - done
[0.579s] -- Check for working C compiler: /usr/bin/cc - skipped
[0.579s] -- Detecting C compile features
[0.580s] -- Detecting C compile features - done
[0.580s] -- Detecting CXX compiler ABI info
[0.581s] -- Detecting CXX compiler ABI info - done
[0.581s] -- Check for working CXX compiler: /usr/bin/c++ - skipped
[0.581s] -- Detecting CXX compile features
[0.582s] -- Detecting CXX compile features - done
[0.582s] -- Build type: Release
[0.582s] 檔案 /home/rick/ros_ws/build/cartographer/AllFiles.cmake 與 - 不同
[0.593s] [0mCMake Deprecation Warning at /usr/src/googletest/googlemock/CMakeLists.txt:47 (cmake_minimum_required):
[0.593s]   Compatibility with CMake < 3.5 will be removed from a future version of
[0.593s]   CMake.
[0.593s] 
[0.593s]   Update the VERSION argument <min> value or use a ...<max> suffix to tell
[0.594s]   CMake that the project does not need compatibility with older versions.
[0.594s] 
[0.594s] [0m
[0.594s] [0mCMake Deprecation Warning at /usr/src/googletest/googletest/CMakeLists.txt:58 (cmake_minimum_required):
[0.594s]   Compatibility with CMake < 3.5 will be removed from a future version of
[0.594s]   CMake.
[0.594s] 
[0.594s]   Update the VERSION argument <min> value or use a ...<max> suffix to tell
[0.594s]   CMake that the project does not need compatibility with older versions.
[0.594s] 
[0.595s] [0m
[0.876s] -- Found Python: /usr/bin/python3.10 (found version "3.10.12") found components: Interpreter 
[0.878s] -- Performing Test CMAKE_HAVE_LIBC_PTHREAD
[0.935s] -- Performing Test CMAKE_HAVE_LIBC_PTHREAD - Success
[0.936s] -- Found Threads: TRUE  
[0.943s] -- Found GMock: gmock_main  
[0.971s] -- Found Boost: /usr/lib/x86_64-linux-gnu/cmake/Boost-1.74.0/BoostConfig.cmake (found version "1.74.0") found components: iostreams 
[0.982s] -- Found required Ceres dependency: Eigen version 3.4.0 in /usr/include/eigen3
[0.988s] -- Found required Ceres dependency: glog
[0.988s] -- Found required Ceres dependency: gflags
[0.989s] -- Found Ceres version: 2.0.0 installed in: /usr with components: [EigenSparse, SparseLinearAlgebraLibrary, LAPACK, SuiteSparse, CXSparse, SchurSpecializations, Multithreading]
[0.998s] -- Found Lua: /usr/lib/x86_64-linux-gnu/liblua5.2.so;/usr/lib/x86_64-linux-gnu/libm.so (found version "5.2.4") 
[0.998s] [33mCMake Warning (dev) at /home/rick/.local/lib/python3.10/site-packages/cmake/data/share/cmake-3.27/Modules/FindPackageHandleStandardArgs.cmake:438 (message):
[0.998s]   The package name passed to `find_package_handle_standard_args` (Lua) does
[0.998s]   not match the name of the calling package (LuaGoogle).  This can lead to
[0.998s]   problems in calling code that expects `find_package` result variables
[0.998s]   (e.g., `_FOUND`) to follow a certain pattern.
[0.998s] Call Stack (most recent call first):
[0.998s]   cmake/modules/FindLuaGoogle.cmake:211 (FIND_PACKAGE_HANDLE_STANDARD_ARGS)
[0.998s]   CMakeLists.txt:41 (find_package)
[0.998s] This warning is for project developers.  Use -Wno-dev to suppress it.
[0.998s] [0m
[1.014s] -- Found Protobuf: /usr/lib/x86_64-linux-gnu/libprotobuf.so (found suitable version "3.12.4", minimum required is "3.0.0") 
[1.017s] -- Found PkgConfig: /usr/bin/pkg-config (found version "0.29.2") 
[1.017s] -- Checking for one of the modules 'cairo>=1.12.16'
[1.073s] -- Found Sphinx: /usr/bin/sphinx-build  
[1.099s] -- Configuring done (0.7s)
[1.248s] -- Generating done (0.1s)
[1.251s] -- Build files have been written to: /home/rick/ros_ws/build/cartographer
