[0.062s] Invoking command in '/home/rick/ros_ws/build/ds4_driver_msgs': CMAKE_PREFIX_PATH=${CMAKE_PREFIX_PATH}:/opt/ros/humble /home/rick/.local/bin/cmake --build /home/rick/ros_ws/build/ds4_driver_msgs -- -j24 -l24
[0.100s] [  1%] Built target ds4_driver_msgs__cpp
[0.101s] [ 12%] Built target ds4_driver_msgs__rosidl_generator_c
[0.105s] [ 12%] Built target ament_cmake_python_symlink_ds4_driver_msgs
[0.117s] [ 34%] Built target ds4_driver_msgs__rosidl_typesupport_cpp
[0.117s] [ 34%] Built target ds4_driver_msgs__rosidl_typesupport_fastrtps_cpp
[0.117s] [ 45%] Built target ds4_driver_msgs__rosidl_typesupport_introspection_c
[0.118s] [ 65%] Built target ds4_driver_msgs__rosidl_typesupport_fastrtps_c
[0.118s] [ 67%] Built target ds4_driver_msgs__rosidl_typesupport_c
[0.120s] [ 78%] Built target ds4_driver_msgs__rosidl_typesupport_introspection_cpp
[0.131s] [ 78%] Built target ds4_driver_msgs
[0.143s] [ 80%] Built target ds4_driver_msgs__py
[0.155s] [ 89%] Built target ds4_driver_msgs__rosidl_generator_py
[0.167s] [ 96%] Built target ds4_driver_msgs__rosidl_typesupport_fastrtps_c__pyext
[0.167s] [ 96%] Built target ds4_driver_msgs__rosidl_typesupport_introspection_c__pyext
[0.167s] [100%] Built target ds4_driver_msgs__rosidl_typesupport_c__pyext
[0.236s] running egg_info
[0.236s] writing ds4_driver_msgs.egg-info/PKG-INFO
[0.237s] writing dependency_links to ds4_driver_msgs.egg-info/dependency_links.txt
[0.237s] writing top-level names to ds4_driver_msgs.egg-info/top_level.txt
[0.237s] reading manifest file 'ds4_driver_msgs.egg-info/SOURCES.txt'
[0.237s] writing manifest file 'ds4_driver_msgs.egg-info/SOURCES.txt'
[0.251s] [100%] Built target ament_cmake_python_build_ds4_driver_msgs_egg
[0.260s] Invoked command in '/home/rick/ros_ws/build/ds4_driver_msgs' returned '0': CMAKE_PREFIX_PATH=${CMAKE_PREFIX_PATH}:/opt/ros/humble /home/rick/.local/bin/cmake --build /home/rick/ros_ws/build/ds4_driver_msgs -- -j24 -l24
[0.451s] Invoking command in '/home/rick/ros_ws/build/ds4_driver_msgs': CMAKE_PREFIX_PATH=${CMAKE_PREFIX_PATH}:/opt/ros/humble /home/rick/.local/bin/cmake --install /home/rick/ros_ws/build/ds4_driver_msgs
[0.468s] -- Install configuration: ""
[0.468s] -- Execute custom install script
[0.468s] -- Up-to-date symlink: /home/rick/ros_ws/install/ds4_driver_msgs/share/ament_index/resource_index/rosidl_interfaces/ds4_driver_msgs
[0.469s] -- Up-to-date symlink: /home/rick/ros_ws/install/ds4_driver_msgs/include/ds4_driver_msgs/ds4_driver_msgs/msg/detail/feedback__functions.h
[0.469s] -- Up-to-date symlink: /home/rick/ros_ws/install/ds4_driver_msgs/include/ds4_driver_msgs/ds4_driver_msgs/msg/detail/feedback__struct.h
[0.469s] -- Up-to-date symlink: /home/rick/ros_ws/install/ds4_driver_msgs/include/ds4_driver_msgs/ds4_driver_msgs/msg/detail/feedback__type_support.h
[0.469s] -- Up-to-date symlink: /home/rick/ros_ws/install/ds4_driver_msgs/include/ds4_driver_msgs/ds4_driver_msgs/msg/detail/report__functions.h
[0.469s] -- Up-to-date symlink: /home/rick/ros_ws/install/ds4_driver_msgs/include/ds4_driver_msgs/ds4_driver_msgs/msg/detail/report__struct.h
[0.469s] -- Up-to-date symlink: /home/rick/ros_ws/install/ds4_driver_msgs/include/ds4_driver_msgs/ds4_driver_msgs/msg/detail/report__type_support.h
[0.469s] -- Up-to-date symlink: /home/rick/ros_ws/install/ds4_driver_msgs/include/ds4_driver_msgs/ds4_driver_msgs/msg/detail/status__functions.h
[0.469s] -- Up-to-date symlink: /home/rick/ros_ws/install/ds4_driver_msgs/include/ds4_driver_msgs/ds4_driver_msgs/msg/detail/status__struct.h
[0.469s] -- Up-to-date symlink: /home/rick/ros_ws/install/ds4_driver_msgs/include/ds4_driver_msgs/ds4_driver_msgs/msg/detail/status__type_support.h
[0.469s] -- Up-to-date symlink: /home/rick/ros_ws/install/ds4_driver_msgs/include/ds4_driver_msgs/ds4_driver_msgs/msg/detail/trackpad__functions.h
[0.469s] -- Up-to-date symlink: /home/rick/ros_ws/install/ds4_driver_msgs/include/ds4_driver_msgs/ds4_driver_msgs/msg/detail/trackpad__struct.h
[0.469s] -- Up-to-date symlink: /home/rick/ros_ws/install/ds4_driver_msgs/include/ds4_driver_msgs/ds4_driver_msgs/msg/detail/trackpad__type_support.h
[0.469s] -- Up-to-date symlink: /home/rick/ros_ws/install/ds4_driver_msgs/include/ds4_driver_msgs/ds4_driver_msgs/msg/feedback.h
[0.469s] -- Up-to-date symlink: /home/rick/ros_ws/install/ds4_driver_msgs/include/ds4_driver_msgs/ds4_driver_msgs/msg/report.h
[0.469s] -- Up-to-date symlink: /home/rick/ros_ws/install/ds4_driver_msgs/include/ds4_driver_msgs/ds4_driver_msgs/msg/rosidl_generator_c__visibility_control.h
[0.469s] -- Up-to-date symlink: /home/rick/ros_ws/install/ds4_driver_msgs/include/ds4_driver_msgs/ds4_driver_msgs/msg/status.h
[0.469s] -- Up-to-date symlink: /home/rick/ros_ws/install/ds4_driver_msgs/include/ds4_driver_msgs/ds4_driver_msgs/msg/trackpad.h
[0.469s] -- Up-to-date symlink: /home/rick/ros_ws/install/ds4_driver_msgs/share/ds4_driver_msgs/environment/library_path.sh
[0.470s] -- Up-to-date symlink: /home/rick/ros_ws/install/ds4_driver_msgs/share/ds4_driver_msgs/environment/library_path.dsv
[0.470s] -- Up-to-date symlink: /home/rick/ros_ws/install/ds4_driver_msgs/include/ds4_driver_msgs/ds4_driver_msgs/msg/detail/feedback__rosidl_typesupport_fastrtps_c.h
[0.470s] -- Up-to-date symlink: /home/rick/ros_ws/install/ds4_driver_msgs/include/ds4_driver_msgs/ds4_driver_msgs/msg/detail/report__rosidl_typesupport_fastrtps_c.h
[0.470s] -- Up-to-date symlink: /home/rick/ros_ws/install/ds4_driver_msgs/include/ds4_driver_msgs/ds4_driver_msgs/msg/detail/status__rosidl_typesupport_fastrtps_c.h
[0.470s] -- Up-to-date symlink: /home/rick/ros_ws/install/ds4_driver_msgs/include/ds4_driver_msgs/ds4_driver_msgs/msg/detail/trackpad__rosidl_typesupport_fastrtps_c.h
[0.470s] -- Up-to-date symlink: /home/rick/ros_ws/install/ds4_driver_msgs/include/ds4_driver_msgs/ds4_driver_msgs/msg/rosidl_typesupport_fastrtps_c__visibility_control.h
[0.470s] -- Up-to-date symlink: /home/rick/ros_ws/install/ds4_driver_msgs/include/ds4_driver_msgs/ds4_driver_msgs/msg/detail/feedback__builder.hpp
[0.470s] -- Up-to-date symlink: /home/rick/ros_ws/install/ds4_driver_msgs/include/ds4_driver_msgs/ds4_driver_msgs/msg/detail/feedback__struct.hpp
[0.470s] -- Up-to-date symlink: /home/rick/ros_ws/install/ds4_driver_msgs/include/ds4_driver_msgs/ds4_driver_msgs/msg/detail/feedback__traits.hpp
[0.470s] -- Up-to-date symlink: /home/rick/ros_ws/install/ds4_driver_msgs/include/ds4_driver_msgs/ds4_driver_msgs/msg/detail/report__builder.hpp
[0.470s] -- Up-to-date symlink: /home/rick/ros_ws/install/ds4_driver_msgs/include/ds4_driver_msgs/ds4_driver_msgs/msg/detail/report__struct.hpp
[0.471s] -- Up-to-date symlink: /home/rick/ros_ws/install/ds4_driver_msgs/include/ds4_driver_msgs/ds4_driver_msgs/msg/detail/report__traits.hpp
[0.471s] -- Up-to-date symlink: /home/rick/ros_ws/install/ds4_driver_msgs/include/ds4_driver_msgs/ds4_driver_msgs/msg/detail/status__builder.hpp
[0.471s] -- Up-to-date symlink: /home/rick/ros_ws/install/ds4_driver_msgs/include/ds4_driver_msgs/ds4_driver_msgs/msg/detail/status__struct.hpp
[0.471s] -- Up-to-date symlink: /home/rick/ros_ws/install/ds4_driver_msgs/include/ds4_driver_msgs/ds4_driver_msgs/msg/detail/status__traits.hpp
[0.471s] -- Up-to-date symlink: /home/rick/ros_ws/install/ds4_driver_msgs/include/ds4_driver_msgs/ds4_driver_msgs/msg/detail/trackpad__builder.hpp
[0.471s] -- Up-to-date symlink: /home/rick/ros_ws/install/ds4_driver_msgs/include/ds4_driver_msgs/ds4_driver_msgs/msg/detail/trackpad__struct.hpp
[0.471s] -- Up-to-date symlink: /home/rick/ros_ws/install/ds4_driver_msgs/include/ds4_driver_msgs/ds4_driver_msgs/msg/detail/trackpad__traits.hpp
[0.471s] -- Up-to-date symlink: /home/rick/ros_ws/install/ds4_driver_msgs/include/ds4_driver_msgs/ds4_driver_msgs/msg/feedback.hpp
[0.471s] -- Up-to-date symlink: /home/rick/ros_ws/install/ds4_driver_msgs/include/ds4_driver_msgs/ds4_driver_msgs/msg/report.hpp
[0.471s] -- Up-to-date symlink: /home/rick/ros_ws/install/ds4_driver_msgs/include/ds4_driver_msgs/ds4_driver_msgs/msg/status.hpp
[0.471s] -- Up-to-date symlink: /home/rick/ros_ws/install/ds4_driver_msgs/include/ds4_driver_msgs/ds4_driver_msgs/msg/trackpad.hpp
[0.471s] -- Up-to-date symlink: /home/rick/ros_ws/install/ds4_driver_msgs/include/ds4_driver_msgs/ds4_driver_msgs/msg/detail/feedback__rosidl_typesupport_fastrtps_cpp.hpp
[0.471s] -- Up-to-date symlink: /home/rick/ros_ws/install/ds4_driver_msgs/include/ds4_driver_msgs/ds4_driver_msgs/msg/detail/report__rosidl_typesupport_fastrtps_cpp.hpp
[0.471s] -- Up-to-date symlink: /home/rick/ros_ws/install/ds4_driver_msgs/include/ds4_driver_msgs/ds4_driver_msgs/msg/detail/status__rosidl_typesupport_fastrtps_cpp.hpp
[0.471s] -- Up-to-date symlink: /home/rick/ros_ws/install/ds4_driver_msgs/include/ds4_driver_msgs/ds4_driver_msgs/msg/detail/trackpad__rosidl_typesupport_fastrtps_cpp.hpp
[0.471s] -- Up-to-date symlink: /home/rick/ros_ws/install/ds4_driver_msgs/include/ds4_driver_msgs/ds4_driver_msgs/msg/rosidl_typesupport_fastrtps_cpp__visibility_control.h
[0.472s] -- Up-to-date symlink: /home/rick/ros_ws/install/ds4_driver_msgs/include/ds4_driver_msgs/ds4_driver_msgs/msg/detail/feedback__rosidl_typesupport_introspection_c.h
[0.472s] -- Up-to-date symlink: /home/rick/ros_ws/install/ds4_driver_msgs/include/ds4_driver_msgs/ds4_driver_msgs/msg/detail/report__rosidl_typesupport_introspection_c.h
[0.472s] -- Up-to-date symlink: /home/rick/ros_ws/install/ds4_driver_msgs/include/ds4_driver_msgs/ds4_driver_msgs/msg/detail/status__rosidl_typesupport_introspection_c.h
[0.472s] -- Up-to-date symlink: /home/rick/ros_ws/install/ds4_driver_msgs/include/ds4_driver_msgs/ds4_driver_msgs/msg/detail/trackpad__rosidl_typesupport_introspection_c.h
[0.472s] -- Up-to-date symlink: /home/rick/ros_ws/install/ds4_driver_msgs/include/ds4_driver_msgs/ds4_driver_msgs/msg/rosidl_typesupport_introspection_c__visibility_control.h
[0.472s] -- Up-to-date symlink: /home/rick/ros_ws/install/ds4_driver_msgs/include/ds4_driver_msgs/ds4_driver_msgs/msg/detail/feedback__rosidl_typesupport_introspection_cpp.hpp
[0.472s] -- Up-to-date symlink: /home/rick/ros_ws/install/ds4_driver_msgs/include/ds4_driver_msgs/ds4_driver_msgs/msg/detail/report__rosidl_typesupport_introspection_cpp.hpp
[0.472s] -- Up-to-date symlink: /home/rick/ros_ws/install/ds4_driver_msgs/include/ds4_driver_msgs/ds4_driver_msgs/msg/detail/status__rosidl_typesupport_introspection_cpp.hpp
[0.472s] -- Up-to-date symlink: /home/rick/ros_ws/install/ds4_driver_msgs/include/ds4_driver_msgs/ds4_driver_msgs/msg/detail/trackpad__rosidl_typesupport_introspection_cpp.hpp
[0.472s] -- Up-to-date symlink: /home/rick/ros_ws/install/ds4_driver_msgs/share/ds4_driver_msgs/environment/pythonpath.sh
[0.472s] -- Up-to-date symlink: /home/rick/ros_ws/install/ds4_driver_msgs/share/ds4_driver_msgs/environment/pythonpath.dsv
[0.472s] -- Up-to-date symlink: /home/rick/ros_ws/install/ds4_driver_msgs/local/lib/python3.10/dist-packages/ds4_driver_msgs-0.0.0-py3.10.egg-info/PKG-INFO
[0.472s] -- Up-to-date symlink: /home/rick/ros_ws/install/ds4_driver_msgs/local/lib/python3.10/dist-packages/ds4_driver_msgs-0.0.0-py3.10.egg-info/SOURCES.txt
[0.472s] -- Up-to-date symlink: /home/rick/ros_ws/install/ds4_driver_msgs/local/lib/python3.10/dist-packages/ds4_driver_msgs-0.0.0-py3.10.egg-info/dependency_links.txt
[0.473s] -- Up-to-date symlink: /home/rick/ros_ws/install/ds4_driver_msgs/local/lib/python3.10/dist-packages/ds4_driver_msgs-0.0.0-py3.10.egg-info/top_level.txt
[0.473s] -- Up-to-date symlink: /home/rick/ros_ws/install/ds4_driver_msgs/local/lib/python3.10/dist-packages/ds4_driver_msgs/__init__.py
[0.473s] -- Up-to-date symlink: /home/rick/ros_ws/install/ds4_driver_msgs/local/lib/python3.10/dist-packages/ds4_driver_msgs/_ds4_driver_msgs_s.ep.rosidl_typesupport_c.c
[0.473s] -- Up-to-date symlink: /home/rick/ros_ws/install/ds4_driver_msgs/local/lib/python3.10/dist-packages/ds4_driver_msgs/_ds4_driver_msgs_s.ep.rosidl_typesupport_fastrtps_c.c
[0.473s] -- Up-to-date symlink: /home/rick/ros_ws/install/ds4_driver_msgs/local/lib/python3.10/dist-packages/ds4_driver_msgs/_ds4_driver_msgs_s.ep.rosidl_typesupport_introspection_c.c
[0.473s] -- Up-to-date symlink: /home/rick/ros_ws/install/ds4_driver_msgs/local/lib/python3.10/dist-packages/ds4_driver_msgs/ds4_driver_msgs_s__rosidl_typesupport_c.cpython-310-x86_64-linux-gnu.so
[0.473s] -- Up-to-date symlink: /home/rick/ros_ws/install/ds4_driver_msgs/local/lib/python3.10/dist-packages/ds4_driver_msgs/ds4_driver_msgs_s__rosidl_typesupport_fastrtps_c.cpython-310-x86_64-linux-gnu.so
[0.473s] -- Up-to-date symlink: /home/rick/ros_ws/install/ds4_driver_msgs/local/lib/python3.10/dist-packages/ds4_driver_msgs/ds4_driver_msgs_s__rosidl_typesupport_introspection_c.cpython-310-x86_64-linux-gnu.so
[0.473s] -- Up-to-date symlink: /home/rick/ros_ws/install/ds4_driver_msgs/local/lib/python3.10/dist-packages/ds4_driver_msgs/libds4_driver_msgs__rosidl_generator_py.so
[0.473s] -- Up-to-date symlink: /home/rick/ros_ws/install/ds4_driver_msgs/local/lib/python3.10/dist-packages/ds4_driver_msgs/msg/__init__.py
[0.473s] -- Up-to-date symlink: /home/rick/ros_ws/install/ds4_driver_msgs/local/lib/python3.10/dist-packages/ds4_driver_msgs/msg/_feedback.py
[0.473s] -- Up-to-date symlink: /home/rick/ros_ws/install/ds4_driver_msgs/local/lib/python3.10/dist-packages/ds4_driver_msgs/msg/_feedback_s.c
[0.473s] -- Up-to-date symlink: /home/rick/ros_ws/install/ds4_driver_msgs/local/lib/python3.10/dist-packages/ds4_driver_msgs/msg/_report.py
[0.473s] -- Up-to-date symlink: /home/rick/ros_ws/install/ds4_driver_msgs/local/lib/python3.10/dist-packages/ds4_driver_msgs/msg/_report_s.c
[0.473s] -- Up-to-date symlink: /home/rick/ros_ws/install/ds4_driver_msgs/local/lib/python3.10/dist-packages/ds4_driver_msgs/msg/_status.py
[0.474s] -- Up-to-date symlink: /home/rick/ros_ws/install/ds4_driver_msgs/local/lib/python3.10/dist-packages/ds4_driver_msgs/msg/_status_s.c
[0.474s] -- Up-to-date symlink: /home/rick/ros_ws/install/ds4_driver_msgs/local/lib/python3.10/dist-packages/ds4_driver_msgs/msg/_trackpad.py
[0.474s] -- Up-to-date symlink: /home/rick/ros_ws/install/ds4_driver_msgs/local/lib/python3.10/dist-packages/ds4_driver_msgs/msg/_trackpad_s.c
[0.474s] -- Up-to-date symlink: /home/rick/ros_ws/install/ds4_driver_msgs/local/lib/python3.10/dist-packages/ds4_driver_msgs/ds4_driver_msgs_s__rosidl_typesupport_fastrtps_c.cpython-310-x86_64-linux-gnu.so
[0.474s] -- Up-to-date symlink: /home/rick/ros_ws/install/ds4_driver_msgs/local/lib/python3.10/dist-packages/ds4_driver_msgs/ds4_driver_msgs_s__rosidl_typesupport_introspection_c.cpython-310-x86_64-linux-gnu.so
[0.474s] -- Up-to-date symlink: /home/rick/ros_ws/install/ds4_driver_msgs/local/lib/python3.10/dist-packages/ds4_driver_msgs/ds4_driver_msgs_s__rosidl_typesupport_c.cpython-310-x86_64-linux-gnu.so
[0.474s] -- Up-to-date symlink: /home/rick/ros_ws/install/ds4_driver_msgs/share/ds4_driver_msgs/msg/Feedback.idl
[0.474s] -- Up-to-date symlink: /home/rick/ros_ws/install/ds4_driver_msgs/share/ds4_driver_msgs/msg/Status.idl
[0.474s] -- Up-to-date symlink: /home/rick/ros_ws/install/ds4_driver_msgs/share/ds4_driver_msgs/msg/Report.idl
[0.474s] -- Up-to-date symlink: /home/rick/ros_ws/install/ds4_driver_msgs/share/ds4_driver_msgs/msg/Trackpad.idl
[0.474s] -- Up-to-date symlink: /home/rick/ros_ws/install/ds4_driver_msgs/share/ds4_driver_msgs/msg/Feedback.msg
[0.474s] -- Up-to-date symlink: /home/rick/ros_ws/install/ds4_driver_msgs/share/ds4_driver_msgs/msg/Status.msg
[0.475s] -- Up-to-date symlink: /home/rick/ros_ws/install/ds4_driver_msgs/share/ds4_driver_msgs/msg/Report.msg
[0.475s] -- Up-to-date symlink: /home/rick/ros_ws/install/ds4_driver_msgs/share/ds4_driver_msgs/msg/Trackpad.msg
[0.475s] -- Up-to-date symlink: /home/rick/ros_ws/install/ds4_driver_msgs/share/ament_index/resource_index/package_run_dependencies/ds4_driver_msgs
[0.475s] -- Up-to-date symlink: /home/rick/ros_ws/install/ds4_driver_msgs/share/ament_index/resource_index/parent_prefix_path/ds4_driver_msgs
[0.475s] -- Up-to-date symlink: /home/rick/ros_ws/install/ds4_driver_msgs/share/ds4_driver_msgs/environment/ament_prefix_path.sh
[0.475s] -- Up-to-date symlink: /home/rick/ros_ws/install/ds4_driver_msgs/share/ds4_driver_msgs/environment/ament_prefix_path.dsv
[0.475s] -- Up-to-date symlink: /home/rick/ros_ws/install/ds4_driver_msgs/share/ds4_driver_msgs/environment/path.sh
[0.475s] -- Up-to-date symlink: /home/rick/ros_ws/install/ds4_driver_msgs/share/ds4_driver_msgs/environment/path.dsv
[0.475s] -- Up-to-date symlink: /home/rick/ros_ws/install/ds4_driver_msgs/share/ds4_driver_msgs/local_setup.bash
[0.475s] -- Up-to-date symlink: /home/rick/ros_ws/install/ds4_driver_msgs/share/ds4_driver_msgs/local_setup.sh
[0.475s] -- Up-to-date symlink: /home/rick/ros_ws/install/ds4_driver_msgs/share/ds4_driver_msgs/local_setup.zsh
[0.475s] -- Up-to-date symlink: /home/rick/ros_ws/install/ds4_driver_msgs/share/ds4_driver_msgs/local_setup.dsv
[0.475s] -- Symlinking: /home/rick/ros_ws/install/ds4_driver_msgs/share/ds4_driver_msgs/package.dsv
[0.481s] -- Up-to-date symlink: /home/rick/ros_ws/install/ds4_driver_msgs/share/ament_index/resource_index/packages/ds4_driver_msgs
[0.481s] -- Up-to-date symlink: /home/rick/ros_ws/install/ds4_driver_msgs/share/ds4_driver_msgs/cmake/rosidl_cmake-extras.cmake
[0.481s] -- Up-to-date symlink: /home/rick/ros_ws/install/ds4_driver_msgs/share/ds4_driver_msgs/cmake/ament_cmake_export_dependencies-extras.cmake
[0.481s] -- Up-to-date symlink: /home/rick/ros_ws/install/ds4_driver_msgs/share/ds4_driver_msgs/cmake/ament_cmake_export_include_directories-extras.cmake
[0.481s] -- Up-to-date symlink: /home/rick/ros_ws/install/ds4_driver_msgs/share/ds4_driver_msgs/cmake/ament_cmake_export_libraries-extras.cmake
[0.481s] -- Up-to-date symlink: /home/rick/ros_ws/install/ds4_driver_msgs/share/ds4_driver_msgs/cmake/ament_cmake_export_targets-extras.cmake
[0.481s] -- Up-to-date symlink: /home/rick/ros_ws/install/ds4_driver_msgs/share/ds4_driver_msgs/cmake/rosidl_cmake_export_typesupport_targets-extras.cmake
[0.481s] -- Up-to-date symlink: /home/rick/ros_ws/install/ds4_driver_msgs/share/ds4_driver_msgs/cmake/rosidl_cmake_export_typesupport_libraries-extras.cmake
[0.481s] -- Up-to-date symlink: /home/rick/ros_ws/install/ds4_driver_msgs/share/ds4_driver_msgs/cmake/ds4_driver_msgsConfig.cmake
[0.481s] -- Up-to-date symlink: /home/rick/ros_ws/install/ds4_driver_msgs/share/ds4_driver_msgs/cmake/ds4_driver_msgsConfig-version.cmake
[0.481s] -- Up-to-date symlink: /home/rick/ros_ws/install/ds4_driver_msgs/share/ds4_driver_msgs/package.xml
[0.481s] -- Up-to-date: /home/rick/ros_ws/install/ds4_driver_msgs/lib/libds4_driver_msgs__rosidl_generator_c.so
[0.482s] -- Up-to-date: /home/rick/ros_ws/install/ds4_driver_msgs/lib/libds4_driver_msgs__rosidl_typesupport_fastrtps_c.so
[0.482s] -- Up-to-date: /home/rick/ros_ws/install/ds4_driver_msgs/lib/libds4_driver_msgs__rosidl_typesupport_fastrtps_cpp.so
[0.482s] -- Up-to-date: /home/rick/ros_ws/install/ds4_driver_msgs/lib/libds4_driver_msgs__rosidl_typesupport_introspection_c.so
[0.482s] -- Up-to-date: /home/rick/ros_ws/install/ds4_driver_msgs/lib/libds4_driver_msgs__rosidl_typesupport_c.so
[0.482s] -- Up-to-date: /home/rick/ros_ws/install/ds4_driver_msgs/lib/libds4_driver_msgs__rosidl_typesupport_introspection_cpp.so
[0.482s] -- Up-to-date: /home/rick/ros_ws/install/ds4_driver_msgs/lib/libds4_driver_msgs__rosidl_typesupport_cpp.so
[0.500s] Listing '/home/rick/ros_ws/install/ds4_driver_msgs/local/lib/python3.10/dist-packages/ds4_driver_msgs'...
[0.500s] Listing '/home/rick/ros_ws/install/ds4_driver_msgs/local/lib/python3.10/dist-packages/ds4_driver_msgs/msg'...
[0.503s] -- Up-to-date: /home/rick/ros_ws/install/ds4_driver_msgs/lib/libds4_driver_msgs__rosidl_generator_py.so
[0.503s] -- Up-to-date: /home/rick/ros_ws/install/ds4_driver_msgs/share/ds4_driver_msgs/cmake/export_ds4_driver_msgs__rosidl_generator_cExport.cmake
[0.503s] -- Up-to-date: /home/rick/ros_ws/install/ds4_driver_msgs/share/ds4_driver_msgs/cmake/export_ds4_driver_msgs__rosidl_generator_cExport-noconfig.cmake
[0.503s] -- Up-to-date: /home/rick/ros_ws/install/ds4_driver_msgs/share/ds4_driver_msgs/cmake/export_ds4_driver_msgs__rosidl_typesupport_fastrtps_cExport.cmake
[0.503s] -- Up-to-date: /home/rick/ros_ws/install/ds4_driver_msgs/share/ds4_driver_msgs/cmake/export_ds4_driver_msgs__rosidl_typesupport_fastrtps_cExport-noconfig.cmake
[0.503s] -- Up-to-date: /home/rick/ros_ws/install/ds4_driver_msgs/share/ds4_driver_msgs/cmake/export_ds4_driver_msgs__rosidl_generator_cppExport.cmake
[0.503s] -- Up-to-date: /home/rick/ros_ws/install/ds4_driver_msgs/share/ds4_driver_msgs/cmake/export_ds4_driver_msgs__rosidl_typesupport_fastrtps_cppExport.cmake
[0.503s] -- Up-to-date: /home/rick/ros_ws/install/ds4_driver_msgs/share/ds4_driver_msgs/cmake/export_ds4_driver_msgs__rosidl_typesupport_fastrtps_cppExport-noconfig.cmake
[0.504s] -- Up-to-date: /home/rick/ros_ws/install/ds4_driver_msgs/share/ds4_driver_msgs/cmake/ds4_driver_msgs__rosidl_typesupport_introspection_cExport.cmake
[0.504s] -- Up-to-date: /home/rick/ros_ws/install/ds4_driver_msgs/share/ds4_driver_msgs/cmake/ds4_driver_msgs__rosidl_typesupport_introspection_cExport-noconfig.cmake
[0.504s] -- Up-to-date: /home/rick/ros_ws/install/ds4_driver_msgs/share/ds4_driver_msgs/cmake/ds4_driver_msgs__rosidl_typesupport_cExport.cmake
[0.504s] -- Up-to-date: /home/rick/ros_ws/install/ds4_driver_msgs/share/ds4_driver_msgs/cmake/ds4_driver_msgs__rosidl_typesupport_cExport-noconfig.cmake
[0.504s] -- Up-to-date: /home/rick/ros_ws/install/ds4_driver_msgs/share/ds4_driver_msgs/cmake/ds4_driver_msgs__rosidl_typesupport_introspection_cppExport.cmake
[0.504s] -- Up-to-date: /home/rick/ros_ws/install/ds4_driver_msgs/share/ds4_driver_msgs/cmake/ds4_driver_msgs__rosidl_typesupport_introspection_cppExport-noconfig.cmake
[0.504s] -- Up-to-date: /home/rick/ros_ws/install/ds4_driver_msgs/share/ds4_driver_msgs/cmake/ds4_driver_msgs__rosidl_typesupport_cppExport.cmake
[0.504s] -- Up-to-date: /home/rick/ros_ws/install/ds4_driver_msgs/share/ds4_driver_msgs/cmake/ds4_driver_msgs__rosidl_typesupport_cppExport-noconfig.cmake
[0.504s] -- Up-to-date: /home/rick/ros_ws/install/ds4_driver_msgs/share/ds4_driver_msgs/cmake/export_ds4_driver_msgs__rosidl_generator_pyExport.cmake
[0.504s] -- Up-to-date: /home/rick/ros_ws/install/ds4_driver_msgs/share/ds4_driver_msgs/cmake/export_ds4_driver_msgs__rosidl_generator_pyExport-noconfig.cmake
[0.508s] Invoked command in '/home/rick/ros_ws/build/ds4_driver_msgs' returned '0': CMAKE_PREFIX_PATH=${CMAKE_PREFIX_PATH}:/opt/ros/humble /home/rick/.local/bin/cmake --install /home/rick/ros_ws/build/ds4_driver_msgs
