[0.490s] DEBUG:colcon:Command line arguments: ['/usr/bin/colcon', 'build', '--symlink-install']
[0.490s] DEBUG:colcon:Parsed command line arguments: Namespace(log_base=None, log_level=None, verb_name='build', build_base='build', install_base='install', merge_install=False, symlink_install=True, test_result_base=None, continue_on_error=False, executor='parallel', parallel_workers=24, event_handlers=None, ignore_user_meta=False, metas=['./colcon.meta'], base_paths=['.'], packages_ignore=None, packages_ignore_regex=None, paths=None, packages_up_to=None, packages_up_to_regex=None, packages_above=None, packages_above_and_dependencies=None, packages_above_depth=None, packages_select_by_dep=None, packages_skip_by_dep=None, packages_skip_up_to=None, packages_select_build_failed=False, packages_skip_build_finished=False, packages_select_test_failures=False, packages_skip_test_passed=False, packages_select=None, packages_skip=None, packages_select_regex=None, packages_skip_regex=None, packages_start=None, packages_end=None, allow_overriding=[], cmake_args=None, cmake_target=None, cmake_target_skip_unavailable=False, cmake_clean_cache=False, cmake_clean_first=False, cmake_force_configure=False, ament_cmake_args=None, catkin_cmake_args=None, catkin_skip_building_tests=False, verb_parser=<colcon_defaults.argument_parser.defaults.DefaultArgumentsDecorator object at 0x7f0c9ed15600>, verb_extension=<colcon_core.verb.build.BuildVerb object at 0x7f0c9ed144f0>, main=<bound method BuildVerb.main of <colcon_core.verb.build.BuildVerb object at 0x7f0c9ed144f0>>)
[0.513s] Level 1:colcon.colcon_core.package_discovery:discover_packages(colcon_meta) check parameters
[0.513s] Level 1:colcon.colcon_core.package_discovery:discover_packages(recursive) check parameters
[0.513s] Level 1:colcon.colcon_core.package_discovery:discover_packages(ignore) check parameters
[0.513s] Level 1:colcon.colcon_core.package_discovery:discover_packages(path) check parameters
[0.513s] Level 1:colcon.colcon_core.package_discovery:discover_packages(colcon_meta) discover
[0.513s] Level 1:colcon.colcon_core.package_discovery:discover_packages(recursive) discover
[0.514s] INFO:colcon.colcon_core.package_discovery:Crawling recursively for packages in '/home/rick/ros_ws'
[0.514s] Level 1:colcon.colcon_core.package_identification:_identify(.) by extensions ['ignore', 'ignore_ament_install']
[0.514s] Level 1:colcon.colcon_core.package_identification:_identify(.) by extension 'ignore'
[0.514s] Level 1:colcon.colcon_core.package_identification:_identify(.) by extension 'ignore_ament_install'
[0.514s] Level 1:colcon.colcon_core.package_identification:_identify(.) by extensions ['colcon_pkg']
[0.514s] Level 1:colcon.colcon_core.package_identification:_identify(.) by extension 'colcon_pkg'
[0.514s] Level 1:colcon.colcon_core.package_identification:_identify(.) by extensions ['colcon_meta']
[0.514s] Level 1:colcon.colcon_core.package_identification:_identify(.) by extension 'colcon_meta'
[0.514s] Level 1:colcon.colcon_core.package_identification:_identify(.) by extensions ['ros']
[0.514s] Level 1:colcon.colcon_core.package_identification:_identify(.) by extension 'ros'
[0.520s] Level 1:colcon.colcon_core.package_identification:_identify(.) by extensions ['cmake', 'python']
[0.520s] Level 1:colcon.colcon_core.package_identification:_identify(.) by extension 'cmake'
[0.520s] Level 1:colcon.colcon_core.package_identification:_identify(.) by extension 'python'
[0.520s] Level 1:colcon.colcon_core.package_identification:_identify(.) by extensions ['python_setup_py']
[0.520s] Level 1:colcon.colcon_core.package_identification:_identify(.) by extension 'python_setup_py'
[0.520s] Level 1:colcon.colcon_core.package_identification:_identify(build) by extensions ['ignore', 'ignore_ament_install']
[0.520s] Level 1:colcon.colcon_core.package_identification:_identify(build) by extension 'ignore'
[0.520s] Level 1:colcon.colcon_core.package_identification:_identify(build) ignored
[0.520s] Level 1:colcon.colcon_core.package_identification:_identify(install) by extensions ['ignore', 'ignore_ament_install']
[0.520s] Level 1:colcon.colcon_core.package_identification:_identify(install) by extension 'ignore'
[0.520s] Level 1:colcon.colcon_core.package_identification:_identify(install) ignored
[0.520s] Level 1:colcon.colcon_core.package_identification:_identify(log) by extensions ['ignore', 'ignore_ament_install']
[0.520s] Level 1:colcon.colcon_core.package_identification:_identify(log) by extension 'ignore'
[0.520s] Level 1:colcon.colcon_core.package_identification:_identify(log) ignored
[0.520s] Level 1:colcon.colcon_core.package_identification:_identify(src) by extensions ['ignore', 'ignore_ament_install']
[0.520s] Level 1:colcon.colcon_core.package_identification:_identify(src) by extension 'ignore'
[0.520s] Level 1:colcon.colcon_core.package_identification:_identify(src) by extension 'ignore_ament_install'
[0.520s] Level 1:colcon.colcon_core.package_identification:_identify(src) by extensions ['colcon_pkg']
[0.520s] Level 1:colcon.colcon_core.package_identification:_identify(src) by extension 'colcon_pkg'
[0.520s] Level 1:colcon.colcon_core.package_identification:_identify(src) by extensions ['colcon_meta']
[0.520s] Level 1:colcon.colcon_core.package_identification:_identify(src) by extension 'colcon_meta'
[0.520s] Level 1:colcon.colcon_core.package_identification:_identify(src) by extensions ['ros']
[0.520s] Level 1:colcon.colcon_core.package_identification:_identify(src) by extension 'ros'
[0.520s] Level 1:colcon.colcon_core.package_identification:_identify(src) by extensions ['cmake', 'python']
[0.520s] Level 1:colcon.colcon_core.package_identification:_identify(src) by extension 'cmake'
[0.520s] Level 1:colcon.colcon_core.package_identification:_identify(src) by extension 'python'
[0.520s] Level 1:colcon.colcon_core.package_identification:_identify(src) by extensions ['python_setup_py']
[0.520s] Level 1:colcon.colcon_core.package_identification:_identify(src) by extension 'python_setup_py'
[0.521s] Level 1:colcon.colcon_core.package_identification:_identify(src/ayuda_description) by extensions ['ignore', 'ignore_ament_install']
[0.521s] Level 1:colcon.colcon_core.package_identification:_identify(src/ayuda_description) by extension 'ignore'
[0.521s] Level 1:colcon.colcon_core.package_identification:_identify(src/ayuda_description) by extension 'ignore_ament_install'
[0.521s] Level 1:colcon.colcon_core.package_identification:_identify(src/ayuda_description) by extensions ['colcon_pkg']
[0.521s] Level 1:colcon.colcon_core.package_identification:_identify(src/ayuda_description) by extension 'colcon_pkg'
[0.521s] Level 1:colcon.colcon_core.package_identification:_identify(src/ayuda_description) by extensions ['colcon_meta']
[0.521s] Level 1:colcon.colcon_core.package_identification:_identify(src/ayuda_description) by extension 'colcon_meta'
[0.521s] Level 1:colcon.colcon_core.package_identification:_identify(src/ayuda_description) by extensions ['ros']
[0.521s] Level 1:colcon.colcon_core.package_identification:_identify(src/ayuda_description) by extension 'ros'
[0.522s] DEBUG:colcon.colcon_core.package_identification:Package 'src/ayuda_description' with type 'ros.ament_python' and name 'ayuda_description'
[0.522s] Level 1:colcon.colcon_core.package_identification:_identify(src/cartographer_ros) by extensions ['ignore', 'ignore_ament_install']
[0.522s] Level 1:colcon.colcon_core.package_identification:_identify(src/cartographer_ros) by extension 'ignore'
[0.522s] Level 1:colcon.colcon_core.package_identification:_identify(src/cartographer_ros) by extension 'ignore_ament_install'
[0.522s] Level 1:colcon.colcon_core.package_identification:_identify(src/cartographer_ros) by extensions ['colcon_pkg']
[0.522s] Level 1:colcon.colcon_core.package_identification:_identify(src/cartographer_ros) by extension 'colcon_pkg'
[0.522s] Level 1:colcon.colcon_core.package_identification:_identify(src/cartographer_ros) by extensions ['colcon_meta']
[0.522s] Level 1:colcon.colcon_core.package_identification:_identify(src/cartographer_ros) by extension 'colcon_meta'
[0.522s] Level 1:colcon.colcon_core.package_identification:_identify(src/cartographer_ros) by extensions ['ros']
[0.522s] Level 1:colcon.colcon_core.package_identification:_identify(src/cartographer_ros) by extension 'ros'
[0.522s] Level 1:colcon.colcon_core.package_identification:_identify(src/cartographer_ros) by extensions ['cmake', 'python']
[0.522s] Level 1:colcon.colcon_core.package_identification:_identify(src/cartographer_ros) by extension 'cmake'
[0.522s] Level 1:colcon.colcon_core.package_identification:_identify(src/cartographer_ros) by extension 'python'
[0.522s] Level 1:colcon.colcon_core.package_identification:_identify(src/cartographer_ros) by extensions ['python_setup_py']
[0.522s] Level 1:colcon.colcon_core.package_identification:_identify(src/cartographer_ros) by extension 'python_setup_py'
[0.522s] Level 1:colcon.colcon_core.package_identification:_identify(src/cartographer_ros/cartographer_ros) by extensions ['ignore', 'ignore_ament_install']
[0.522s] Level 1:colcon.colcon_core.package_identification:_identify(src/cartographer_ros/cartographer_ros) by extension 'ignore'
[0.522s] Level 1:colcon.colcon_core.package_identification:_identify(src/cartographer_ros/cartographer_ros) by extension 'ignore_ament_install'
[0.522s] Level 1:colcon.colcon_core.package_identification:_identify(src/cartographer_ros/cartographer_ros) by extensions ['colcon_pkg']
[0.522s] Level 1:colcon.colcon_core.package_identification:_identify(src/cartographer_ros/cartographer_ros) by extension 'colcon_pkg'
[0.522s] Level 1:colcon.colcon_core.package_identification:_identify(src/cartographer_ros/cartographer_ros) by extensions ['colcon_meta']
[0.522s] Level 1:colcon.colcon_core.package_identification:_identify(src/cartographer_ros/cartographer_ros) by extension 'colcon_meta'
[0.522s] Level 1:colcon.colcon_core.package_identification:_identify(src/cartographer_ros/cartographer_ros) by extensions ['ros']
[0.522s] Level 1:colcon.colcon_core.package_identification:_identify(src/cartographer_ros/cartographer_ros) by extension 'ros'
[0.523s] DEBUG:colcon.colcon_core.package_identification:Package 'src/cartographer_ros/cartographer_ros' with type 'ros.ament_cmake' and name 'cartographer_ros'
[0.523s] Level 1:colcon.colcon_core.package_identification:_identify(src/cartographer_ros/cartographer_ros_msgs) by extensions ['ignore', 'ignore_ament_install']
[0.524s] Level 1:colcon.colcon_core.package_identification:_identify(src/cartographer_ros/cartographer_ros_msgs) by extension 'ignore'
[0.524s] Level 1:colcon.colcon_core.package_identification:_identify(src/cartographer_ros/cartographer_ros_msgs) by extension 'ignore_ament_install'
[0.524s] Level 1:colcon.colcon_core.package_identification:_identify(src/cartographer_ros/cartographer_ros_msgs) by extensions ['colcon_pkg']
[0.524s] Level 1:colcon.colcon_core.package_identification:_identify(src/cartographer_ros/cartographer_ros_msgs) by extension 'colcon_pkg'
[0.524s] Level 1:colcon.colcon_core.package_identification:_identify(src/cartographer_ros/cartographer_ros_msgs) by extensions ['colcon_meta']
[0.524s] Level 1:colcon.colcon_core.package_identification:_identify(src/cartographer_ros/cartographer_ros_msgs) by extension 'colcon_meta'
[0.524s] Level 1:colcon.colcon_core.package_identification:_identify(src/cartographer_ros/cartographer_ros_msgs) by extensions ['ros']
[0.524s] Level 1:colcon.colcon_core.package_identification:_identify(src/cartographer_ros/cartographer_ros_msgs) by extension 'ros'
[0.524s] DEBUG:colcon.colcon_core.package_identification:Package 'src/cartographer_ros/cartographer_ros_msgs' with type 'ros.ament_cmake' and name 'cartographer_ros_msgs'
[0.524s] Level 1:colcon.colcon_core.package_identification:_identify(src/cartographer_ros/cartographer_rviz) by extensions ['ignore', 'ignore_ament_install']
[0.524s] Level 1:colcon.colcon_core.package_identification:_identify(src/cartographer_ros/cartographer_rviz) by extension 'ignore'
[0.524s] Level 1:colcon.colcon_core.package_identification:_identify(src/cartographer_ros/cartographer_rviz) by extension 'ignore_ament_install'
[0.524s] Level 1:colcon.colcon_core.package_identification:_identify(src/cartographer_ros/cartographer_rviz) by extensions ['colcon_pkg']
[0.524s] Level 1:colcon.colcon_core.package_identification:_identify(src/cartographer_ros/cartographer_rviz) by extension 'colcon_pkg'
[0.524s] Level 1:colcon.colcon_core.package_identification:_identify(src/cartographer_ros/cartographer_rviz) by extensions ['colcon_meta']
[0.524s] Level 1:colcon.colcon_core.package_identification:_identify(src/cartographer_ros/cartographer_rviz) by extension 'colcon_meta'
[0.524s] Level 1:colcon.colcon_core.package_identification:_identify(src/cartographer_ros/cartographer_rviz) by extensions ['ros']
[0.524s] Level 1:colcon.colcon_core.package_identification:_identify(src/cartographer_ros/cartographer_rviz) by extension 'ros'
[0.525s] DEBUG:colcon.colcon_core.package_identification:Package 'src/cartographer_ros/cartographer_rviz' with type 'ros.ament_cmake' and name 'cartographer_rviz'
[0.525s] Level 1:colcon.colcon_core.package_identification:_identify(src/cartographer_ros/docs) by extensions ['ignore', 'ignore_ament_install']
[0.525s] Level 1:colcon.colcon_core.package_identification:_identify(src/cartographer_ros/docs) by extension 'ignore'
[0.525s] Level 1:colcon.colcon_core.package_identification:_identify(src/cartographer_ros/docs) ignored
[0.525s] Level 1:colcon.colcon_core.package_identification:_identify(src/cartographer_ros/scripts) by extensions ['ignore', 'ignore_ament_install']
[0.525s] Level 1:colcon.colcon_core.package_identification:_identify(src/cartographer_ros/scripts) by extension 'ignore'
[0.525s] Level 1:colcon.colcon_core.package_identification:_identify(src/cartographer_ros/scripts) by extension 'ignore_ament_install'
[0.525s] Level 1:colcon.colcon_core.package_identification:_identify(src/cartographer_ros/scripts) by extensions ['colcon_pkg']
[0.525s] Level 1:colcon.colcon_core.package_identification:_identify(src/cartographer_ros/scripts) by extension 'colcon_pkg'
[0.525s] Level 1:colcon.colcon_core.package_identification:_identify(src/cartographer_ros/scripts) by extensions ['colcon_meta']
[0.525s] Level 1:colcon.colcon_core.package_identification:_identify(src/cartographer_ros/scripts) by extension 'colcon_meta'
[0.525s] Level 1:colcon.colcon_core.package_identification:_identify(src/cartographer_ros/scripts) by extensions ['ros']
[0.525s] Level 1:colcon.colcon_core.package_identification:_identify(src/cartographer_ros/scripts) by extension 'ros'
[0.525s] Level 1:colcon.colcon_core.package_identification:_identify(src/cartographer_ros/scripts) by extensions ['cmake', 'python']
[0.525s] Level 1:colcon.colcon_core.package_identification:_identify(src/cartographer_ros/scripts) by extension 'cmake'
[0.525s] Level 1:colcon.colcon_core.package_identification:_identify(src/cartographer_ros/scripts) by extension 'python'
[0.525s] Level 1:colcon.colcon_core.package_identification:_identify(src/cartographer_ros/scripts) by extensions ['python_setup_py']
[0.525s] Level 1:colcon.colcon_core.package_identification:_identify(src/cartographer_ros/scripts) by extension 'python_setup_py'
[0.525s] Level 1:colcon.colcon_core.package_identification:_identify(src/ds4_driver) by extensions ['ignore', 'ignore_ament_install']
[0.525s] Level 1:colcon.colcon_core.package_identification:_identify(src/ds4_driver) by extension 'ignore'
[0.525s] Level 1:colcon.colcon_core.package_identification:_identify(src/ds4_driver) by extension 'ignore_ament_install'
[0.525s] Level 1:colcon.colcon_core.package_identification:_identify(src/ds4_driver) by extensions ['colcon_pkg']
[0.525s] Level 1:colcon.colcon_core.package_identification:_identify(src/ds4_driver) by extension 'colcon_pkg'
[0.525s] Level 1:colcon.colcon_core.package_identification:_identify(src/ds4_driver) by extensions ['colcon_meta']
[0.525s] Level 1:colcon.colcon_core.package_identification:_identify(src/ds4_driver) by extension 'colcon_meta'
[0.525s] Level 1:colcon.colcon_core.package_identification:_identify(src/ds4_driver) by extensions ['ros']
[0.525s] Level 1:colcon.colcon_core.package_identification:_identify(src/ds4_driver) by extension 'ros'
[0.525s] Level 1:colcon.colcon_core.package_identification:_identify(src/ds4_driver) by extensions ['cmake', 'python']
[0.525s] Level 1:colcon.colcon_core.package_identification:_identify(src/ds4_driver) by extension 'cmake'
[0.525s] Level 1:colcon.colcon_core.package_identification:_identify(src/ds4_driver) by extension 'python'
[0.525s] Level 1:colcon.colcon_core.package_identification:_identify(src/ds4_driver) by extensions ['python_setup_py']
[0.525s] Level 1:colcon.colcon_core.package_identification:_identify(src/ds4_driver) by extension 'python_setup_py'
[0.525s] Level 1:colcon.colcon_core.package_identification:_identify(src/ds4_driver/docker) by extensions ['ignore', 'ignore_ament_install']
[0.525s] Level 1:colcon.colcon_core.package_identification:_identify(src/ds4_driver/docker) by extension 'ignore'
[0.526s] Level 1:colcon.colcon_core.package_identification:_identify(src/ds4_driver/docker) by extension 'ignore_ament_install'
[0.526s] Level 1:colcon.colcon_core.package_identification:_identify(src/ds4_driver/docker) by extensions ['colcon_pkg']
[0.526s] Level 1:colcon.colcon_core.package_identification:_identify(src/ds4_driver/docker) by extension 'colcon_pkg'
[0.526s] Level 1:colcon.colcon_core.package_identification:_identify(src/ds4_driver/docker) by extensions ['colcon_meta']
[0.526s] Level 1:colcon.colcon_core.package_identification:_identify(src/ds4_driver/docker) by extension 'colcon_meta'
[0.526s] Level 1:colcon.colcon_core.package_identification:_identify(src/ds4_driver/docker) by extensions ['ros']
[0.526s] Level 1:colcon.colcon_core.package_identification:_identify(src/ds4_driver/docker) by extension 'ros'
[0.526s] Level 1:colcon.colcon_core.package_identification:_identify(src/ds4_driver/docker) by extensions ['cmake', 'python']
[0.526s] Level 1:colcon.colcon_core.package_identification:_identify(src/ds4_driver/docker) by extension 'cmake'
[0.526s] Level 1:colcon.colcon_core.package_identification:_identify(src/ds4_driver/docker) by extension 'python'
[0.526s] Level 1:colcon.colcon_core.package_identification:_identify(src/ds4_driver/docker) by extensions ['python_setup_py']
[0.526s] Level 1:colcon.colcon_core.package_identification:_identify(src/ds4_driver/docker) by extension 'python_setup_py'
[0.526s] Level 1:colcon.colcon_core.package_identification:_identify(src/ds4_driver/ds4_driver) by extensions ['ignore', 'ignore_ament_install']
[0.526s] Level 1:colcon.colcon_core.package_identification:_identify(src/ds4_driver/ds4_driver) by extension 'ignore'
[0.526s] Level 1:colcon.colcon_core.package_identification:_identify(src/ds4_driver/ds4_driver) by extension 'ignore_ament_install'
[0.526s] Level 1:colcon.colcon_core.package_identification:_identify(src/ds4_driver/ds4_driver) by extensions ['colcon_pkg']
[0.526s] Level 1:colcon.colcon_core.package_identification:_identify(src/ds4_driver/ds4_driver) by extension 'colcon_pkg'
[0.526s] Level 1:colcon.colcon_core.package_identification:_identify(src/ds4_driver/ds4_driver) by extensions ['colcon_meta']
[0.526s] Level 1:colcon.colcon_core.package_identification:_identify(src/ds4_driver/ds4_driver) by extension 'colcon_meta'
[0.526s] Level 1:colcon.colcon_core.package_identification:_identify(src/ds4_driver/ds4_driver) by extensions ['ros']
[0.526s] Level 1:colcon.colcon_core.package_identification:_identify(src/ds4_driver/ds4_driver) by extension 'ros'
[0.526s] DEBUG:colcon.colcon_core.package_identification:Package 'src/ds4_driver/ds4_driver' with type 'ros.ament_cmake' and name 'ds4_driver'
[0.526s] Level 1:colcon.colcon_core.package_identification:_identify(src/ds4_driver/ds4_driver_msgs) by extensions ['ignore', 'ignore_ament_install']
[0.526s] Level 1:colcon.colcon_core.package_identification:_identify(src/ds4_driver/ds4_driver_msgs) by extension 'ignore'
[0.526s] Level 1:colcon.colcon_core.package_identification:_identify(src/ds4_driver/ds4_driver_msgs) by extension 'ignore_ament_install'
[0.526s] Level 1:colcon.colcon_core.package_identification:_identify(src/ds4_driver/ds4_driver_msgs) by extensions ['colcon_pkg']
[0.526s] Level 1:colcon.colcon_core.package_identification:_identify(src/ds4_driver/ds4_driver_msgs) by extension 'colcon_pkg'
[0.526s] Level 1:colcon.colcon_core.package_identification:_identify(src/ds4_driver/ds4_driver_msgs) by extensions ['colcon_meta']
[0.526s] Level 1:colcon.colcon_core.package_identification:_identify(src/ds4_driver/ds4_driver_msgs) by extension 'colcon_meta'
[0.526s] Level 1:colcon.colcon_core.package_identification:_identify(src/ds4_driver/ds4_driver_msgs) by extensions ['ros']
[0.526s] Level 1:colcon.colcon_core.package_identification:_identify(src/ds4_driver/ds4_driver_msgs) by extension 'ros'
[0.527s] DEBUG:colcon.colcon_core.package_identification:Package 'src/ds4_driver/ds4_driver_msgs' with type 'ros.ament_cmake' and name 'ds4_driver_msgs'
[0.527s] Level 1:colcon.colcon_core.package_identification:_identify(src/ros_bot) by extensions ['ignore', 'ignore_ament_install']
[0.527s] Level 1:colcon.colcon_core.package_identification:_identify(src/ros_bot) by extension 'ignore'
[0.527s] Level 1:colcon.colcon_core.package_identification:_identify(src/ros_bot) by extension 'ignore_ament_install'
[0.527s] Level 1:colcon.colcon_core.package_identification:_identify(src/ros_bot) by extensions ['colcon_pkg']
[0.527s] Level 1:colcon.colcon_core.package_identification:_identify(src/ros_bot) by extension 'colcon_pkg'
[0.527s] Level 1:colcon.colcon_core.package_identification:_identify(src/ros_bot) by extensions ['colcon_meta']
[0.527s] Level 1:colcon.colcon_core.package_identification:_identify(src/ros_bot) by extension 'colcon_meta'
[0.527s] Level 1:colcon.colcon_core.package_identification:_identify(src/ros_bot) by extensions ['ros']
[0.527s] Level 1:colcon.colcon_core.package_identification:_identify(src/ros_bot) by extension 'ros'
[0.527s] DEBUG:colcon.colcon_core.package_identification:Package 'src/ros_bot' with type 'ros.ament_cmake' and name 'ros_bot'
[0.527s] Level 1:colcon.colcon_core.package_discovery:discover_packages(recursive) using defaults
[0.527s] Level 1:colcon.colcon_core.package_discovery:discover_packages(ignore) discover
[0.527s] Level 1:colcon.colcon_core.package_discovery:discover_packages(ignore) using defaults
[0.527s] Level 1:colcon.colcon_core.package_discovery:discover_packages(path) discover
[0.527s] Level 1:colcon.colcon_core.package_discovery:discover_packages(path) using defaults
[0.573s] Level 1:colcon.colcon_core.package_discovery:discover_packages(prefix_path) check parameters
[0.573s] Level 1:colcon.colcon_core.package_discovery:discover_packages(prefix_path) discover
[0.593s] DEBUG:colcon.colcon_installed_package_information.package_discovery:Found 7 installed packages in /home/rick/ros_ws/install
[0.601s] DEBUG:colcon.colcon_installed_package_information.package_discovery:Found 372 installed packages in /opt/ros/humble
[0.602s] Level 1:colcon.colcon_core.package_discovery:discover_packages(prefix_path) using defaults
[0.649s] Level 5:colcon.colcon_core.verb:set package 'ayuda_description' build argument 'cmake_args' from command line to 'None'
[0.649s] Level 5:colcon.colcon_core.verb:set package 'ayuda_description' build argument 'cmake_target' from command line to 'None'
[0.649s] Level 5:colcon.colcon_core.verb:set package 'ayuda_description' build argument 'cmake_target_skip_unavailable' from command line to 'False'
[0.649s] Level 5:colcon.colcon_core.verb:set package 'ayuda_description' build argument 'cmake_clean_cache' from command line to 'False'
[0.649s] Level 5:colcon.colcon_core.verb:set package 'ayuda_description' build argument 'cmake_clean_first' from command line to 'False'
[0.649s] Level 5:colcon.colcon_core.verb:set package 'ayuda_description' build argument 'cmake_force_configure' from command line to 'False'
[0.649s] Level 5:colcon.colcon_core.verb:set package 'ayuda_description' build argument 'ament_cmake_args' from command line to 'None'
[0.649s] Level 5:colcon.colcon_core.verb:set package 'ayuda_description' build argument 'catkin_cmake_args' from command line to 'None'
[0.649s] Level 5:colcon.colcon_core.verb:set package 'ayuda_description' build argument 'catkin_skip_building_tests' from command line to 'False'
[0.649s] DEBUG:colcon.colcon_core.verb:Building package 'ayuda_description' with the following arguments: {'ament_cmake_args': None, 'build_base': '/home/rick/ros_ws/build/ayuda_description', 'catkin_cmake_args': None, 'catkin_skip_building_tests': False, 'cmake_args': None, 'cmake_clean_cache': False, 'cmake_clean_first': False, 'cmake_force_configure': False, 'cmake_target': None, 'cmake_target_skip_unavailable': False, 'install_base': '/home/rick/ros_ws/install/ayuda_description', 'merge_install': False, 'path': '/home/rick/ros_ws/src/ayuda_description', 'symlink_install': True, 'test_result_base': None}
[0.656s] Level 5:colcon.colcon_core.verb:set package 'cartographer_ros_msgs' build argument 'cmake_args' from command line to 'None'
[0.656s] Level 5:colcon.colcon_core.verb:set package 'cartographer_ros_msgs' build argument 'cmake_target' from command line to 'None'
[0.656s] Level 5:colcon.colcon_core.verb:set package 'cartographer_ros_msgs' build argument 'cmake_target_skip_unavailable' from command line to 'False'
[0.656s] Level 5:colcon.colcon_core.verb:set package 'cartographer_ros_msgs' build argument 'cmake_clean_cache' from command line to 'False'
[0.656s] Level 5:colcon.colcon_core.verb:set package 'cartographer_ros_msgs' build argument 'cmake_clean_first' from command line to 'False'
[0.656s] Level 5:colcon.colcon_core.verb:set package 'cartographer_ros_msgs' build argument 'cmake_force_configure' from command line to 'False'
[0.656s] Level 5:colcon.colcon_core.verb:set package 'cartographer_ros_msgs' build argument 'ament_cmake_args' from command line to 'None'
[0.656s] Level 5:colcon.colcon_core.verb:set package 'cartographer_ros_msgs' build argument 'catkin_cmake_args' from command line to 'None'
[0.656s] Level 5:colcon.colcon_core.verb:set package 'cartographer_ros_msgs' build argument 'catkin_skip_building_tests' from command line to 'False'
[0.656s] DEBUG:colcon.colcon_core.verb:Building package 'cartographer_ros_msgs' with the following arguments: {'ament_cmake_args': None, 'build_base': '/home/rick/ros_ws/build/cartographer_ros_msgs', 'catkin_cmake_args': None, 'catkin_skip_building_tests': False, 'cmake_args': None, 'cmake_clean_cache': False, 'cmake_clean_first': False, 'cmake_force_configure': False, 'cmake_target': None, 'cmake_target_skip_unavailable': False, 'install_base': '/home/rick/ros_ws/install/cartographer_ros_msgs', 'merge_install': False, 'path': '/home/rick/ros_ws/src/cartographer_ros/cartographer_ros_msgs', 'symlink_install': True, 'test_result_base': None}
[0.663s] Level 5:colcon.colcon_core.verb:set package 'ds4_driver_msgs' build argument 'cmake_args' from command line to 'None'
[0.663s] Level 5:colcon.colcon_core.verb:set package 'ds4_driver_msgs' build argument 'cmake_target' from command line to 'None'
[0.663s] Level 5:colcon.colcon_core.verb:set package 'ds4_driver_msgs' build argument 'cmake_target_skip_unavailable' from command line to 'False'
[0.663s] Level 5:colcon.colcon_core.verb:set package 'ds4_driver_msgs' build argument 'cmake_clean_cache' from command line to 'False'
[0.663s] Level 5:colcon.colcon_core.verb:set package 'ds4_driver_msgs' build argument 'cmake_clean_first' from command line to 'False'
[0.663s] Level 5:colcon.colcon_core.verb:set package 'ds4_driver_msgs' build argument 'cmake_force_configure' from command line to 'False'
[0.663s] Level 5:colcon.colcon_core.verb:set package 'ds4_driver_msgs' build argument 'ament_cmake_args' from command line to 'None'
[0.663s] Level 5:colcon.colcon_core.verb:set package 'ds4_driver_msgs' build argument 'catkin_cmake_args' from command line to 'None'
[0.663s] Level 5:colcon.colcon_core.verb:set package 'ds4_driver_msgs' build argument 'catkin_skip_building_tests' from command line to 'False'
[0.663s] DEBUG:colcon.colcon_core.verb:Building package 'ds4_driver_msgs' with the following arguments: {'ament_cmake_args': None, 'build_base': '/home/rick/ros_ws/build/ds4_driver_msgs', 'catkin_cmake_args': None, 'catkin_skip_building_tests': False, 'cmake_args': None, 'cmake_clean_cache': False, 'cmake_clean_first': False, 'cmake_force_configure': False, 'cmake_target': None, 'cmake_target_skip_unavailable': False, 'install_base': '/home/rick/ros_ws/install/ds4_driver_msgs', 'merge_install': False, 'path': '/home/rick/ros_ws/src/ds4_driver/ds4_driver_msgs', 'symlink_install': True, 'test_result_base': None}
[0.670s] Level 5:colcon.colcon_core.verb:set package 'ros_bot' build argument 'cmake_args' from command line to 'None'
[0.671s] Level 5:colcon.colcon_core.verb:set package 'ros_bot' build argument 'cmake_target' from command line to 'None'
[0.671s] Level 5:colcon.colcon_core.verb:set package 'ros_bot' build argument 'cmake_target_skip_unavailable' from command line to 'False'
[0.671s] Level 5:colcon.colcon_core.verb:set package 'ros_bot' build argument 'cmake_clean_cache' from command line to 'False'
[0.671s] Level 5:colcon.colcon_core.verb:set package 'ros_bot' build argument 'cmake_clean_first' from command line to 'False'
[0.671s] Level 5:colcon.colcon_core.verb:set package 'ros_bot' build argument 'cmake_force_configure' from command line to 'False'
[0.671s] Level 5:colcon.colcon_core.verb:set package 'ros_bot' build argument 'ament_cmake_args' from command line to 'None'
[0.671s] Level 5:colcon.colcon_core.verb:set package 'ros_bot' build argument 'catkin_cmake_args' from command line to 'None'
[0.671s] Level 5:colcon.colcon_core.verb:set package 'ros_bot' build argument 'catkin_skip_building_tests' from command line to 'False'
[0.671s] DEBUG:colcon.colcon_core.verb:Building package 'ros_bot' with the following arguments: {'ament_cmake_args': None, 'build_base': '/home/rick/ros_ws/build/ros_bot', 'catkin_cmake_args': None, 'catkin_skip_building_tests': False, 'cmake_args': None, 'cmake_clean_cache': False, 'cmake_clean_first': False, 'cmake_force_configure': False, 'cmake_target': None, 'cmake_target_skip_unavailable': False, 'install_base': '/home/rick/ros_ws/install/ros_bot', 'merge_install': False, 'path': '/home/rick/ros_ws/src/ros_bot', 'symlink_install': True, 'test_result_base': None}
[0.678s] Level 5:colcon.colcon_core.verb:set package 'cartographer_ros' build argument 'cmake_args' from command line to 'None'
[0.678s] Level 5:colcon.colcon_core.verb:set package 'cartographer_ros' build argument 'cmake_target' from command line to 'None'
[0.678s] Level 5:colcon.colcon_core.verb:set package 'cartographer_ros' build argument 'cmake_target_skip_unavailable' from command line to 'False'
[0.678s] Level 5:colcon.colcon_core.verb:set package 'cartographer_ros' build argument 'cmake_clean_cache' from command line to 'False'
[0.678s] Level 5:colcon.colcon_core.verb:set package 'cartographer_ros' build argument 'cmake_clean_first' from command line to 'False'
[0.678s] Level 5:colcon.colcon_core.verb:set package 'cartographer_ros' build argument 'cmake_force_configure' from command line to 'False'
[0.678s] Level 5:colcon.colcon_core.verb:set package 'cartographer_ros' build argument 'ament_cmake_args' from command line to 'None'
[0.678s] Level 5:colcon.colcon_core.verb:set package 'cartographer_ros' build argument 'catkin_cmake_args' from command line to 'None'
[0.678s] Level 5:colcon.colcon_core.verb:set package 'cartographer_ros' build argument 'catkin_skip_building_tests' from command line to 'False'
[0.678s] DEBUG:colcon.colcon_core.verb:Building package 'cartographer_ros' with the following arguments: {'ament_cmake_args': None, 'build_base': '/home/rick/ros_ws/build/cartographer_ros', 'catkin_cmake_args': None, 'catkin_skip_building_tests': False, 'cmake_args': None, 'cmake_clean_cache': False, 'cmake_clean_first': False, 'cmake_force_configure': False, 'cmake_target': None, 'cmake_target_skip_unavailable': False, 'install_base': '/home/rick/ros_ws/install/cartographer_ros', 'merge_install': False, 'path': '/home/rick/ros_ws/src/cartographer_ros/cartographer_ros', 'symlink_install': True, 'test_result_base': None}
[0.685s] Level 5:colcon.colcon_core.verb:set package 'ds4_driver' build argument 'cmake_args' from command line to 'None'
[0.685s] Level 5:colcon.colcon_core.verb:set package 'ds4_driver' build argument 'cmake_target' from command line to 'None'
[0.685s] Level 5:colcon.colcon_core.verb:set package 'ds4_driver' build argument 'cmake_target_skip_unavailable' from command line to 'False'
[0.685s] Level 5:colcon.colcon_core.verb:set package 'ds4_driver' build argument 'cmake_clean_cache' from command line to 'False'
[0.685s] Level 5:colcon.colcon_core.verb:set package 'ds4_driver' build argument 'cmake_clean_first' from command line to 'False'
[0.685s] Level 5:colcon.colcon_core.verb:set package 'ds4_driver' build argument 'cmake_force_configure' from command line to 'False'
[0.685s] Level 5:colcon.colcon_core.verb:set package 'ds4_driver' build argument 'ament_cmake_args' from command line to 'None'
[0.685s] Level 5:colcon.colcon_core.verb:set package 'ds4_driver' build argument 'catkin_cmake_args' from command line to 'None'
[0.685s] Level 5:colcon.colcon_core.verb:set package 'ds4_driver' build argument 'catkin_skip_building_tests' from command line to 'False'
[0.685s] DEBUG:colcon.colcon_core.verb:Building package 'ds4_driver' with the following arguments: {'ament_cmake_args': None, 'build_base': '/home/rick/ros_ws/build/ds4_driver', 'catkin_cmake_args': None, 'catkin_skip_building_tests': False, 'cmake_args': None, 'cmake_clean_cache': False, 'cmake_clean_first': False, 'cmake_force_configure': False, 'cmake_target': None, 'cmake_target_skip_unavailable': False, 'install_base': '/home/rick/ros_ws/install/ds4_driver', 'merge_install': False, 'path': '/home/rick/ros_ws/src/ds4_driver/ds4_driver', 'symlink_install': True, 'test_result_base': None}
[0.692s] Level 5:colcon.colcon_core.verb:set package 'cartographer_rviz' build argument 'cmake_args' from command line to 'None'
[0.692s] Level 5:colcon.colcon_core.verb:set package 'cartographer_rviz' build argument 'cmake_target' from command line to 'None'
[0.692s] Level 5:colcon.colcon_core.verb:set package 'cartographer_rviz' build argument 'cmake_target_skip_unavailable' from command line to 'False'
[0.692s] Level 5:colcon.colcon_core.verb:set package 'cartographer_rviz' build argument 'cmake_clean_cache' from command line to 'False'
[0.692s] Level 5:colcon.colcon_core.verb:set package 'cartographer_rviz' build argument 'cmake_clean_first' from command line to 'False'
[0.692s] Level 5:colcon.colcon_core.verb:set package 'cartographer_rviz' build argument 'cmake_force_configure' from command line to 'False'
[0.692s] Level 5:colcon.colcon_core.verb:set package 'cartographer_rviz' build argument 'ament_cmake_args' from command line to 'None'
[0.692s] Level 5:colcon.colcon_core.verb:set package 'cartographer_rviz' build argument 'catkin_cmake_args' from command line to 'None'
[0.692s] Level 5:colcon.colcon_core.verb:set package 'cartographer_rviz' build argument 'catkin_skip_building_tests' from command line to 'False'
[0.692s] DEBUG:colcon.colcon_core.verb:Building package 'cartographer_rviz' with the following arguments: {'ament_cmake_args': None, 'build_base': '/home/rick/ros_ws/build/cartographer_rviz', 'catkin_cmake_args': None, 'catkin_skip_building_tests': False, 'cmake_args': None, 'cmake_clean_cache': False, 'cmake_clean_first': False, 'cmake_force_configure': False, 'cmake_target': None, 'cmake_target_skip_unavailable': False, 'install_base': '/home/rick/ros_ws/install/cartographer_rviz', 'merge_install': False, 'path': '/home/rick/ros_ws/src/cartographer_ros/cartographer_rviz', 'symlink_install': True, 'test_result_base': None}
[0.699s] INFO:colcon.colcon_core.executor:Executing jobs using 'parallel' executor
[0.707s] DEBUG:colcon.colcon_parallel_executor.executor.parallel:run_until_complete
[0.707s] INFO:colcon.colcon_ros.task.ament_cmake.build:Building ROS package in '/home/rick/ros_ws/src/cartographer_ros/cartographer_ros_msgs' with build type 'ament_cmake'
[0.707s] INFO:colcon.colcon_cmake.task.cmake.build:Building CMake package in '/home/rick/ros_ws/src/cartographer_ros/cartographer_ros_msgs'
[0.716s] INFO:colcon.colcon_core.plugin_system:Skipping extension 'colcon_core.shell.bat': Not used on non-Windows systems
[0.716s] INFO:colcon.colcon_core.shell:Skip shell extension 'powershell' for command environment: Not usable outside of PowerShell
[0.716s] DEBUG:colcon.colcon_core.shell:Skip shell extension 'dsv' for command environment
[0.739s] INFO:colcon.colcon_ros.task.ament_cmake.build:Building ROS package in '/home/rick/ros_ws/src/ds4_driver/ds4_driver_msgs' with build type 'ament_cmake'
[0.739s] INFO:colcon.colcon_cmake.task.cmake.build:Building CMake package in '/home/rick/ros_ws/src/ds4_driver/ds4_driver_msgs'
[0.747s] INFO:colcon.colcon_core.shell:Skip shell extension 'powershell' for command environment: Not usable outside of PowerShell
[0.747s] DEBUG:colcon.colcon_core.shell:Skip shell extension 'dsv' for command environment
[0.770s] INFO:colcon.colcon_ros.task.ament_python.build:Building ROS package in '/home/rick/ros_ws/src/ayuda_description' with build type 'ament_python'
[0.770s] Level 1:colcon.colcon_core.shell:create_environment_hook('ayuda_description', 'ament_prefix_path')
[0.778s] INFO:colcon.colcon_core.shell:Creating environment hook '/home/rick/ros_ws/install/ayuda_description/share/ayuda_description/hook/ament_prefix_path.ps1'
[0.779s] INFO:colcon.colcon_core.shell:Creating environment descriptor '/home/rick/ros_ws/install/ayuda_description/share/ayuda_description/hook/ament_prefix_path.dsv'
[0.779s] INFO:colcon.colcon_core.shell:Creating environment hook '/home/rick/ros_ws/install/ayuda_description/share/ayuda_description/hook/ament_prefix_path.sh'
[0.786s] INFO:colcon.colcon_core.shell:Skip shell extension 'powershell' for command environment: Not usable outside of PowerShell
[0.786s] DEBUG:colcon.colcon_core.shell:Skip shell extension 'dsv' for command environment
[0.810s] INFO:colcon.colcon_ros.task.ament_cmake.build:Building ROS package in '/home/rick/ros_ws/src/ros_bot' with build type 'ament_cmake'
[0.810s] INFO:colcon.colcon_cmake.task.cmake.build:Building CMake package in '/home/rick/ros_ws/src/ros_bot'
[0.817s] INFO:colcon.colcon_core.shell:Skip shell extension 'powershell' for command environment: Not usable outside of PowerShell
[0.817s] DEBUG:colcon.colcon_core.shell:Skip shell extension 'dsv' for command environment
[0.843s] DEBUG:colcon.colcon_core.event_handler.log_command:Invoking command in '/home/rick/ros_ws/build/cartographer_ros_msgs': CMAKE_PREFIX_PATH=${CMAKE_PREFIX_PATH}:/home/rick/ros_ws/install/ayuda_description:/opt/ros/humble /home/rick/.local/bin/cmake --build /home/rick/ros_ws/build/cartographer_ros_msgs -- -j24 -l24
[0.845s] DEBUG:colcon.colcon_core.event_handler.log_command:Invoking command in '/home/rick/ros_ws/build/ds4_driver_msgs': CMAKE_PREFIX_PATH=${CMAKE_PREFIX_PATH}:/home/rick/ros_ws/install/ayuda_description:/opt/ros/humble /home/rick/.local/bin/cmake --build /home/rick/ros_ws/build/ds4_driver_msgs -- -j24 -l24
[0.985s] INFO:colcon.colcon_core.task.python.build:Building Python package in '/home/rick/ros_ws/src/ayuda_description'
[0.993s] INFO:colcon.colcon_core.shell:Skip shell extension 'powershell' for command environment: Not usable outside of PowerShell
[0.993s] DEBUG:colcon.colcon_core.shell:Skip shell extension 'dsv' for command environment
[1.024s] DEBUG:colcon.colcon_core.event_handler.log_command:Invoking command in '/home/rick/ros_ws/build/ros_bot': CMAKE_PREFIX_PATH=${CMAKE_PREFIX_PATH}:/home/rick/ros_ws/install/ayuda_description:/opt/ros/humble /home/rick/.local/bin/cmake --build /home/rick/ros_ws/build/ros_bot -- -j24 -l24
[1.026s] DEBUG:colcon.colcon_core.event_handler.log_command:Invoked command in '/home/rick/ros_ws/build/ds4_driver_msgs' returned '0': CMAKE_PREFIX_PATH=${CMAKE_PREFIX_PATH}:/home/rick/ros_ws/install/ayuda_description:/opt/ros/humble /home/rick/.local/bin/cmake --build /home/rick/ros_ws/build/ds4_driver_msgs -- -j24 -l24
[1.026s] DEBUG:colcon.colcon_core.event_handler.log_command:Invoked command in '/home/rick/ros_ws/build/cartographer_ros_msgs' returned '0': CMAKE_PREFIX_PATH=${CMAKE_PREFIX_PATH}:/home/rick/ros_ws/install/ayuda_description:/opt/ros/humble /home/rick/.local/bin/cmake --build /home/rick/ros_ws/build/cartographer_ros_msgs -- -j24 -l24
[1.051s] DEBUG:colcon.colcon_core.event_handler.log_command:Invoked command in '/home/rick/ros_ws/build/ros_bot' returned '0': CMAKE_PREFIX_PATH=${CMAKE_PREFIX_PATH}:/home/rick/ros_ws/install/ayuda_description:/opt/ros/humble /home/rick/.local/bin/cmake --build /home/rick/ros_ws/build/ros_bot -- -j24 -l24
[1.094s] DEBUG:colcon.colcon_core.event_handler.log_command:Invoking command in '/home/rick/ros_ws/build/ros_bot': CMAKE_PREFIX_PATH=${CMAKE_PREFIX_PATH}:/home/rick/ros_ws/install/ayuda_description:/opt/ros/humble /home/rick/.local/bin/cmake --install /home/rick/ros_ws/build/ros_bot
[1.098s] DEBUG:colcon.colcon_core.event_handler.log_command:Invoking command in '/home/rick/ros_ws/build/ds4_driver_msgs': CMAKE_PREFIX_PATH=${CMAKE_PREFIX_PATH}:/home/rick/ros_ws/install/ayuda_description:/opt/ros/humble /home/rick/.local/bin/cmake --install /home/rick/ros_ws/build/ds4_driver_msgs
[1.117s] Level 1:colcon.colcon_core.environment:create_environment_scripts_only(ros_bot)
[1.120s] DEBUG:colcon.colcon_core.event_handler.log_command:Invoked command in '/home/rick/ros_ws/build/ros_bot' returned '0': CMAKE_PREFIX_PATH=${CMAKE_PREFIX_PATH}:/home/rick/ros_ws/install/ayuda_description:/opt/ros/humble /home/rick/.local/bin/cmake --install /home/rick/ros_ws/build/ros_bot
[1.131s] Level 1:colcon.colcon_core.environment:checking '/home/rick/ros_ws/install/ros_bot' for CMake module files
[1.132s] Level 1:colcon.colcon_core.environment:checking '/home/rick/ros_ws/install/ros_bot' for CMake config files
[1.132s] Level 1:colcon.colcon_core.shell:create_environment_hook('ros_bot', 'cmake_prefix_path')
[1.140s] INFO:colcon.colcon_core.shell:Creating environment hook '/home/rick/ros_ws/install/ros_bot/share/ros_bot/hook/cmake_prefix_path.ps1'
[1.140s] INFO:colcon.colcon_core.shell:Creating environment descriptor '/home/rick/ros_ws/install/ros_bot/share/ros_bot/hook/cmake_prefix_path.dsv'
[1.140s] INFO:colcon.colcon_core.shell:Creating environment hook '/home/rick/ros_ws/install/ros_bot/share/ros_bot/hook/cmake_prefix_path.sh'
[1.141s] Level 1:colcon.colcon_core.environment:checking '/home/rick/ros_ws/install/ros_bot/bin'
[1.141s] Level 1:colcon.colcon_core.environment:checking '/home/rick/ros_ws/install/ros_bot/lib/pkgconfig/ros_bot.pc'
[1.141s] Level 1:colcon.colcon_core.environment:checking '/home/rick/ros_ws/install/ros_bot/lib/python3.10/site-packages'
[1.141s] Level 1:colcon.colcon_core.environment:checking '/home/rick/ros_ws/install/ros_bot/bin'
[1.151s] INFO:colcon.colcon_core.shell:Creating package script '/home/rick/ros_ws/install/ros_bot/share/ros_bot/package.ps1'
[1.152s] INFO:colcon.colcon_core.shell:Creating package descriptor '/home/rick/ros_ws/install/ros_bot/share/ros_bot/package.dsv'
[1.152s] INFO:colcon.colcon_core.shell:Creating package script '/home/rick/ros_ws/install/ros_bot/share/ros_bot/package.sh'
[1.152s] INFO:colcon.colcon_core.shell:Creating package script '/home/rick/ros_ws/install/ros_bot/share/ros_bot/package.bash'
[1.153s] INFO:colcon.colcon_core.shell:Creating package script '/home/rick/ros_ws/install/ros_bot/share/ros_bot/package.zsh'
[1.153s] Level 1:colcon.colcon_core.environment:create_file_with_runtime_dependencies(/home/rick/ros_ws/install/ros_bot/share/colcon-core/packages/ros_bot)
[1.154s] Level 1:colcon.colcon_core.environment:create_environment_scripts_only(ds4_driver_msgs)
[1.154s] DEBUG:colcon.colcon_core.event_handler.log_command:Invoked command in '/home/rick/ros_ws/build/ds4_driver_msgs' returned '0': CMAKE_PREFIX_PATH=${CMAKE_PREFIX_PATH}:/home/rick/ros_ws/install/ayuda_description:/opt/ros/humble /home/rick/.local/bin/cmake --install /home/rick/ros_ws/build/ds4_driver_msgs
[1.162s] Level 1:colcon.colcon_core.environment:checking '/home/rick/ros_ws/install/ds4_driver_msgs' for CMake module files
[1.163s] Level 1:colcon.colcon_core.environment:checking '/home/rick/ros_ws/install/ds4_driver_msgs' for CMake config files
[1.163s] Level 1:colcon.colcon_core.shell:create_environment_hook('ds4_driver_msgs', 'cmake_prefix_path')
[1.171s] INFO:colcon.colcon_core.shell:Creating environment hook '/home/rick/ros_ws/install/ds4_driver_msgs/share/ds4_driver_msgs/hook/cmake_prefix_path.ps1'
[1.172s] INFO:colcon.colcon_core.shell:Creating environment descriptor '/home/rick/ros_ws/install/ds4_driver_msgs/share/ds4_driver_msgs/hook/cmake_prefix_path.dsv'
[1.172s] INFO:colcon.colcon_core.shell:Creating environment hook '/home/rick/ros_ws/install/ds4_driver_msgs/share/ds4_driver_msgs/hook/cmake_prefix_path.sh'
[1.172s] Level 1:colcon.colcon_core.environment:checking '/home/rick/ros_ws/install/ds4_driver_msgs/lib'
[1.172s] Level 1:colcon.colcon_core.shell:create_environment_hook('ds4_driver_msgs', 'ld_library_path_lib')
[1.180s] INFO:colcon.colcon_core.shell:Creating environment hook '/home/rick/ros_ws/install/ds4_driver_msgs/share/ds4_driver_msgs/hook/ld_library_path_lib.ps1'
[1.181s] INFO:colcon.colcon_core.shell:Creating environment descriptor '/home/rick/ros_ws/install/ds4_driver_msgs/share/ds4_driver_msgs/hook/ld_library_path_lib.dsv'
[1.181s] INFO:colcon.colcon_core.shell:Creating environment hook '/home/rick/ros_ws/install/ds4_driver_msgs/share/ds4_driver_msgs/hook/ld_library_path_lib.sh'
[1.181s] Level 1:colcon.colcon_core.environment:checking '/home/rick/ros_ws/install/ds4_driver_msgs/bin'
[1.181s] Level 1:colcon.colcon_core.environment:checking '/home/rick/ros_ws/install/ds4_driver_msgs/lib/pkgconfig/ds4_driver_msgs.pc'
[1.181s] Level 1:colcon.colcon_core.environment:checking '/home/rick/ros_ws/install/ds4_driver_msgs/lib/python3.10/site-packages'
[1.181s] Level 1:colcon.colcon_core.environment:checking '/home/rick/ros_ws/install/ds4_driver_msgs/bin'
[1.189s] INFO:colcon.colcon_core.shell:Creating package script '/home/rick/ros_ws/install/ds4_driver_msgs/share/ds4_driver_msgs/package.ps1'
[1.190s] INFO:colcon.colcon_core.shell:Creating package descriptor '/home/rick/ros_ws/install/ds4_driver_msgs/share/ds4_driver_msgs/package.dsv'
[1.190s] INFO:colcon.colcon_core.shell:Creating package script '/home/rick/ros_ws/install/ds4_driver_msgs/share/ds4_driver_msgs/package.sh'
[1.190s] INFO:colcon.colcon_core.shell:Creating package script '/home/rick/ros_ws/install/ds4_driver_msgs/share/ds4_driver_msgs/package.bash'
[1.190s] INFO:colcon.colcon_core.shell:Creating package script '/home/rick/ros_ws/install/ds4_driver_msgs/share/ds4_driver_msgs/package.zsh'
[1.190s] Level 1:colcon.colcon_core.environment:create_file_with_runtime_dependencies(/home/rick/ros_ws/install/ds4_driver_msgs/share/colcon-core/packages/ds4_driver_msgs)
[1.200s] Level 1:colcon.colcon_core.environment:create_environment_scripts_only(ros_bot)
[1.208s] Level 1:colcon.colcon_core.environment:checking '/home/rick/ros_ws/install/ros_bot' for CMake module files
[1.208s] Level 1:colcon.colcon_core.environment:checking '/home/rick/ros_ws/install/ros_bot' for CMake config files
[1.208s] Level 1:colcon.colcon_core.shell:create_environment_hook('ros_bot', 'cmake_prefix_path')
[1.216s] INFO:colcon.colcon_core.shell:Creating environment hook '/home/rick/ros_ws/install/ros_bot/share/ros_bot/hook/cmake_prefix_path.ps1'
[1.216s] INFO:colcon.colcon_core.shell:Creating environment descriptor '/home/rick/ros_ws/install/ros_bot/share/ros_bot/hook/cmake_prefix_path.dsv'
[1.217s] INFO:colcon.colcon_core.shell:Creating environment hook '/home/rick/ros_ws/install/ros_bot/share/ros_bot/hook/cmake_prefix_path.sh'
[1.217s] Level 1:colcon.colcon_core.environment:checking '/home/rick/ros_ws/install/ros_bot/bin'
[1.217s] Level 1:colcon.colcon_core.environment:checking '/home/rick/ros_ws/install/ros_bot/lib/pkgconfig/ros_bot.pc'
[1.217s] Level 1:colcon.colcon_core.environment:checking '/home/rick/ros_ws/install/ros_bot/lib/python3.10/site-packages'
[1.217s] Level 1:colcon.colcon_core.environment:checking '/home/rick/ros_ws/install/ros_bot/bin'
[1.226s] INFO:colcon.colcon_core.shell:Creating package script '/home/rick/ros_ws/install/ros_bot/share/ros_bot/package.ps1'
[1.226s] INFO:colcon.colcon_core.shell:Creating package descriptor '/home/rick/ros_ws/install/ros_bot/share/ros_bot/package.dsv'
[1.226s] INFO:colcon.colcon_core.shell:Creating package script '/home/rick/ros_ws/install/ros_bot/share/ros_bot/package.sh'
[1.226s] INFO:colcon.colcon_core.shell:Creating package script '/home/rick/ros_ws/install/ros_bot/share/ros_bot/package.bash'
[1.227s] INFO:colcon.colcon_core.shell:Creating package script '/home/rick/ros_ws/install/ros_bot/share/ros_bot/package.zsh'
[1.227s] Level 1:colcon.colcon_core.environment:create_file_with_runtime_dependencies(/home/rick/ros_ws/install/ros_bot/share/colcon-core/packages/ros_bot)
[1.248s] DEBUG:colcon.colcon_core.event_handler.log_command:Invoking command in '/home/rick/ros_ws/build/cartographer_ros_msgs': CMAKE_PREFIX_PATH=${CMAKE_PREFIX_PATH}:/home/rick/ros_ws/install/ayuda_description:/opt/ros/humble /home/rick/.local/bin/cmake --install /home/rick/ros_ws/build/cartographer_ros_msgs
[1.279s] Level 1:colcon.colcon_core.environment:create_environment_scripts_only(ds4_driver_msgs)
[1.293s] Level 1:colcon.colcon_core.environment:checking '/home/rick/ros_ws/install/ds4_driver_msgs' for CMake module files
[1.294s] Level 1:colcon.colcon_core.environment:checking '/home/rick/ros_ws/install/ds4_driver_msgs' for CMake config files
[1.294s] Level 1:colcon.colcon_core.shell:create_environment_hook('ds4_driver_msgs', 'cmake_prefix_path')
[1.302s] INFO:colcon.colcon_core.shell:Creating environment hook '/home/rick/ros_ws/install/ds4_driver_msgs/share/ds4_driver_msgs/hook/cmake_prefix_path.ps1'
[1.302s] INFO:colcon.colcon_core.shell:Creating environment descriptor '/home/rick/ros_ws/install/ds4_driver_msgs/share/ds4_driver_msgs/hook/cmake_prefix_path.dsv'
[1.302s] INFO:colcon.colcon_core.shell:Creating environment hook '/home/rick/ros_ws/install/ds4_driver_msgs/share/ds4_driver_msgs/hook/cmake_prefix_path.sh'
[1.303s] Level 1:colcon.colcon_core.environment:checking '/home/rick/ros_ws/install/ds4_driver_msgs/lib'
[1.303s] Level 1:colcon.colcon_core.shell:create_environment_hook('ds4_driver_msgs', 'ld_library_path_lib')
[1.311s] INFO:colcon.colcon_core.shell:Creating environment hook '/home/rick/ros_ws/install/ds4_driver_msgs/share/ds4_driver_msgs/hook/ld_library_path_lib.ps1'
[1.312s] INFO:colcon.colcon_core.shell:Creating environment descriptor '/home/rick/ros_ws/install/ds4_driver_msgs/share/ds4_driver_msgs/hook/ld_library_path_lib.dsv'
[1.312s] INFO:colcon.colcon_core.shell:Creating environment hook '/home/rick/ros_ws/install/ds4_driver_msgs/share/ds4_driver_msgs/hook/ld_library_path_lib.sh'
[1.312s] Level 1:colcon.colcon_core.environment:checking '/home/rick/ros_ws/install/ds4_driver_msgs/bin'
[1.312s] Level 1:colcon.colcon_core.environment:checking '/home/rick/ros_ws/install/ds4_driver_msgs/lib/pkgconfig/ds4_driver_msgs.pc'
[1.312s] Level 1:colcon.colcon_core.environment:checking '/home/rick/ros_ws/install/ds4_driver_msgs/lib/python3.10/site-packages'
[1.312s] Level 1:colcon.colcon_core.environment:checking '/home/rick/ros_ws/install/ds4_driver_msgs/bin'
[1.320s] INFO:colcon.colcon_core.shell:Creating package script '/home/rick/ros_ws/install/ds4_driver_msgs/share/ds4_driver_msgs/package.ps1'
[1.321s] INFO:colcon.colcon_core.shell:Creating package descriptor '/home/rick/ros_ws/install/ds4_driver_msgs/share/ds4_driver_msgs/package.dsv'
[1.321s] INFO:colcon.colcon_core.shell:Creating package script '/home/rick/ros_ws/install/ds4_driver_msgs/share/ds4_driver_msgs/package.sh'
[1.321s] INFO:colcon.colcon_core.shell:Creating package script '/home/rick/ros_ws/install/ds4_driver_msgs/share/ds4_driver_msgs/package.bash'
[1.321s] INFO:colcon.colcon_core.shell:Creating package script '/home/rick/ros_ws/install/ds4_driver_msgs/share/ds4_driver_msgs/package.zsh'
[1.321s] Level 1:colcon.colcon_core.environment:create_file_with_runtime_dependencies(/home/rick/ros_ws/install/ds4_driver_msgs/share/colcon-core/packages/ds4_driver_msgs)
[1.322s] INFO:colcon.colcon_ros.task.ament_cmake.build:Building ROS package in '/home/rick/ros_ws/src/ds4_driver/ds4_driver' with build type 'ament_cmake'
[1.322s] INFO:colcon.colcon_cmake.task.cmake.build:Building CMake package in '/home/rick/ros_ws/src/ds4_driver/ds4_driver'
[1.330s] INFO:colcon.colcon_core.shell:Skip shell extension 'powershell' for command environment: Not usable outside of PowerShell
[1.330s] DEBUG:colcon.colcon_core.shell:Skip shell extension 'dsv' for command environment
[1.362s] Level 1:colcon.colcon_core.environment:create_environment_scripts_only(cartographer_ros_msgs)
[1.362s] DEBUG:colcon.colcon_core.event_handler.log_command:Invoking command in '/home/rick/ros_ws/build/ayuda_description': PYTHONPATH=/home/rick/ros_ws/build/ayuda_description/prefix_override:/home/rick/ros_ws/install/ayuda_description/lib/python3.10/site-packages:${PYTHONPATH} /usr/bin/python3 setup.py develop --editable --build-directory /home/rick/ros_ws/build/ayuda_description/build --no-deps install_data
[1.363s] DEBUG:colcon.colcon_core.event_handler.log_command:Invoked command in '/home/rick/ros_ws/build/cartographer_ros_msgs' returned '0': CMAKE_PREFIX_PATH=${CMAKE_PREFIX_PATH}:/home/rick/ros_ws/install/ayuda_description:/opt/ros/humble /home/rick/.local/bin/cmake --install /home/rick/ros_ws/build/cartographer_ros_msgs
[1.371s] Level 1:colcon.colcon_core.environment:checking '/home/rick/ros_ws/install/cartographer_ros_msgs' for CMake module files
[1.371s] Level 1:colcon.colcon_core.environment:checking '/home/rick/ros_ws/install/cartographer_ros_msgs' for CMake config files
[1.372s] Level 1:colcon.colcon_core.shell:create_environment_hook('cartographer_ros_msgs', 'cmake_prefix_path')
[1.379s] INFO:colcon.colcon_core.shell:Creating environment hook '/home/rick/ros_ws/install/cartographer_ros_msgs/share/cartographer_ros_msgs/hook/cmake_prefix_path.ps1'
[1.379s] INFO:colcon.colcon_core.shell:Creating environment descriptor '/home/rick/ros_ws/install/cartographer_ros_msgs/share/cartographer_ros_msgs/hook/cmake_prefix_path.dsv'
[1.380s] INFO:colcon.colcon_core.shell:Creating environment hook '/home/rick/ros_ws/install/cartographer_ros_msgs/share/cartographer_ros_msgs/hook/cmake_prefix_path.sh'
[1.380s] Level 1:colcon.colcon_core.environment:checking '/home/rick/ros_ws/install/cartographer_ros_msgs/lib'
[1.380s] Level 1:colcon.colcon_core.shell:create_environment_hook('cartographer_ros_msgs', 'ld_library_path_lib')
[1.387s] INFO:colcon.colcon_core.shell:Creating environment hook '/home/rick/ros_ws/install/cartographer_ros_msgs/share/cartographer_ros_msgs/hook/ld_library_path_lib.ps1'
[1.388s] INFO:colcon.colcon_core.shell:Creating environment descriptor '/home/rick/ros_ws/install/cartographer_ros_msgs/share/cartographer_ros_msgs/hook/ld_library_path_lib.dsv'
[1.388s] INFO:colcon.colcon_core.shell:Creating environment hook '/home/rick/ros_ws/install/cartographer_ros_msgs/share/cartographer_ros_msgs/hook/ld_library_path_lib.sh'
[1.388s] Level 1:colcon.colcon_core.environment:checking '/home/rick/ros_ws/install/cartographer_ros_msgs/bin'
[1.388s] Level 1:colcon.colcon_core.environment:checking '/home/rick/ros_ws/install/cartographer_ros_msgs/lib/pkgconfig/cartographer_ros_msgs.pc'
[1.388s] Level 1:colcon.colcon_core.environment:checking '/home/rick/ros_ws/install/cartographer_ros_msgs/lib/python3.10/site-packages'
[1.388s] Level 1:colcon.colcon_core.environment:checking '/home/rick/ros_ws/install/cartographer_ros_msgs/bin'
[1.396s] INFO:colcon.colcon_core.shell:Creating package script '/home/rick/ros_ws/install/cartographer_ros_msgs/share/cartographer_ros_msgs/package.ps1'
[1.396s] INFO:colcon.colcon_core.shell:Creating package descriptor '/home/rick/ros_ws/install/cartographer_ros_msgs/share/cartographer_ros_msgs/package.dsv'
[1.396s] INFO:colcon.colcon_core.shell:Creating package script '/home/rick/ros_ws/install/cartographer_ros_msgs/share/cartographer_ros_msgs/package.sh'
[1.396s] INFO:colcon.colcon_core.shell:Creating package script '/home/rick/ros_ws/install/cartographer_ros_msgs/share/cartographer_ros_msgs/package.bash'
[1.397s] INFO:colcon.colcon_core.shell:Creating package script '/home/rick/ros_ws/install/cartographer_ros_msgs/share/cartographer_ros_msgs/package.zsh'
[1.397s] Level 1:colcon.colcon_core.environment:create_file_with_runtime_dependencies(/home/rick/ros_ws/install/cartographer_ros_msgs/share/colcon-core/packages/cartographer_ros_msgs)
[1.399s] DEBUG:colcon.colcon_core.event_handler.log_command:Invoking command in '/home/rick/ros_ws/build/ds4_driver': CMAKE_PREFIX_PATH=/home/rick/ros_ws/install/ds4_driver_msgs:/home/rick/ros_ws/install/ros_bot:/home/rick/ros_ws/install/ds4_driver:/home/rick/ros_ws/install/cartographer_rviz:/home/rick/ros_ws/install/cartographer_ros:/home/rick/ros_ws/install/cartographer_ros_msgs:/home/rick/ros_ws/install/ayuda_description:/opt/ros/humble LD_LIBRARY_PATH=/home/rick/ros_ws/install/ds4_driver_msgs/lib:/home/rick/ros_ws/install/cartographer_rviz/lib:/home/rick/ros_ws/install/cartographer_ros/lib:/home/rick/ros_ws/install/cartographer_ros_msgs/lib:/usr/lib/x86_64-linux-gnu/gazebo-11/plugins:/opt/ros/humble/opt/rviz_ogre_vendor/lib:/opt/ros/humble/lib/x86_64-linux-gnu:/opt/ros/humble/lib:/usr/local/cuda/lib64 /home/rick/.local/bin/cmake --build /home/rick/ros_ws/build/ds4_driver -- -j24 -l24
[1.574s] DEBUG:colcon.colcon_core.event_handler.log_command:Invoked command in '/home/rick/ros_ws/build/ds4_driver' returned '0': CMAKE_PREFIX_PATH=/home/rick/ros_ws/install/ds4_driver_msgs:/home/rick/ros_ws/install/ros_bot:/home/rick/ros_ws/install/ds4_driver:/home/rick/ros_ws/install/cartographer_rviz:/home/rick/ros_ws/install/cartographer_ros:/home/rick/ros_ws/install/cartographer_ros_msgs:/home/rick/ros_ws/install/ayuda_description:/opt/ros/humble LD_LIBRARY_PATH=/home/rick/ros_ws/install/ds4_driver_msgs/lib:/home/rick/ros_ws/install/cartographer_rviz/lib:/home/rick/ros_ws/install/cartographer_ros/lib:/home/rick/ros_ws/install/cartographer_ros_msgs/lib:/usr/lib/x86_64-linux-gnu/gazebo-11/plugins:/opt/ros/humble/opt/rviz_ogre_vendor/lib:/opt/ros/humble/lib/x86_64-linux-gnu:/opt/ros/humble/lib:/usr/local/cuda/lib64 /home/rick/.local/bin/cmake --build /home/rick/ros_ws/build/ds4_driver -- -j24 -l24
[1.600s] DEBUG:colcon.colcon_core.event_handler.log_command:Invoking command in '/home/rick/ros_ws/build/ds4_driver': CMAKE_PREFIX_PATH=/home/rick/ros_ws/install/ds4_driver_msgs:/home/rick/ros_ws/install/ros_bot:/home/rick/ros_ws/install/ds4_driver:/home/rick/ros_ws/install/cartographer_rviz:/home/rick/ros_ws/install/cartographer_ros:/home/rick/ros_ws/install/cartographer_ros_msgs:/home/rick/ros_ws/install/ayuda_description:/opt/ros/humble LD_LIBRARY_PATH=/home/rick/ros_ws/install/ds4_driver_msgs/lib:/home/rick/ros_ws/install/cartographer_rviz/lib:/home/rick/ros_ws/install/cartographer_ros/lib:/home/rick/ros_ws/install/cartographer_ros_msgs/lib:/usr/lib/x86_64-linux-gnu/gazebo-11/plugins:/opt/ros/humble/opt/rviz_ogre_vendor/lib:/opt/ros/humble/lib/x86_64-linux-gnu:/opt/ros/humble/lib:/usr/local/cuda/lib64 /home/rick/.local/bin/cmake --install /home/rick/ros_ws/build/ds4_driver
[1.613s] Level 1:colcon.colcon_core.shell:create_environment_hook('ayuda_description', 'pythonpath_develop')
[1.613s] DEBUG:colcon.colcon_core.event_handler.log_command:Invoked command in '/home/rick/ros_ws/build/ayuda_description' returned '0': PYTHONPATH=/home/rick/ros_ws/build/ayuda_description/prefix_override:/home/rick/ros_ws/install/ayuda_description/lib/python3.10/site-packages:${PYTHONPATH} /usr/bin/python3 setup.py develop --editable --build-directory /home/rick/ros_ws/build/ayuda_description/build --no-deps install_data
[1.627s] INFO:colcon.colcon_core.shell:Creating environment hook '/home/rick/ros_ws/build/ayuda_description/share/ayuda_description/hook/pythonpath_develop.ps1'
[1.627s] INFO:colcon.colcon_core.shell:Creating environment descriptor '/home/rick/ros_ws/build/ayuda_description/share/ayuda_description/hook/pythonpath_develop.dsv'
[1.627s] INFO:colcon.colcon_core.shell:Creating environment hook '/home/rick/ros_ws/build/ayuda_description/share/ayuda_description/hook/pythonpath_develop.sh'
[1.635s] Level 1:colcon.colcon_core.environment:checking '/home/rick/ros_ws/install/ayuda_description' for CMake module files
[1.636s] Level 1:colcon.colcon_core.environment:checking '/home/rick/ros_ws/install/ayuda_description' for CMake config files
[1.636s] Level 1:colcon.colcon_core.environment:checking '/home/rick/ros_ws/install/ayuda_description/lib'
[1.636s] Level 1:colcon.colcon_core.environment:checking '/home/rick/ros_ws/install/ayuda_description/bin'
[1.636s] Level 1:colcon.colcon_core.environment:checking '/home/rick/ros_ws/install/ayuda_description/lib/pkgconfig/ayuda_description.pc'
[1.636s] Level 1:colcon.colcon_core.environment:checking '/home/rick/ros_ws/install/ayuda_description/lib/python3.10/site-packages'
[1.636s] Level 1:colcon.colcon_core.shell:create_environment_hook('ayuda_description', 'pythonpath')
[1.644s] INFO:colcon.colcon_core.shell:Creating environment hook '/home/rick/ros_ws/install/ayuda_description/share/ayuda_description/hook/pythonpath.ps1'
[1.645s] INFO:colcon.colcon_core.shell:Creating environment descriptor '/home/rick/ros_ws/install/ayuda_description/share/ayuda_description/hook/pythonpath.dsv'
[1.645s] INFO:colcon.colcon_core.shell:Creating environment hook '/home/rick/ros_ws/install/ayuda_description/share/ayuda_description/hook/pythonpath.sh'
[1.645s] Level 1:colcon.colcon_core.environment:checking '/home/rick/ros_ws/install/ayuda_description/bin'
[1.645s] Level 1:colcon.colcon_core.environment:create_environment_scripts_only(ayuda_description)
[1.652s] INFO:colcon.colcon_core.shell:Creating package script '/home/rick/ros_ws/install/ayuda_description/share/ayuda_description/package.ps1'
[1.653s] INFO:colcon.colcon_core.shell:Creating package descriptor '/home/rick/ros_ws/install/ayuda_description/share/ayuda_description/package.dsv'
[1.653s] INFO:colcon.colcon_core.shell:Creating package script '/home/rick/ros_ws/install/ayuda_description/share/ayuda_description/package.sh'
[1.653s] INFO:colcon.colcon_core.shell:Creating package script '/home/rick/ros_ws/install/ayuda_description/share/ayuda_description/package.bash'
[1.653s] INFO:colcon.colcon_core.shell:Creating package script '/home/rick/ros_ws/install/ayuda_description/share/ayuda_description/package.zsh'
[1.653s] Level 1:colcon.colcon_core.environment:create_file_with_runtime_dependencies(/home/rick/ros_ws/install/ayuda_description/share/colcon-core/packages/ayuda_description)
[1.661s] Level 1:colcon.colcon_core.environment:create_environment_scripts_only(cartographer_ros_msgs)
[1.669s] Level 1:colcon.colcon_core.environment:checking '/home/rick/ros_ws/install/cartographer_ros_msgs' for CMake module files
[1.669s] Level 1:colcon.colcon_core.environment:checking '/home/rick/ros_ws/install/cartographer_ros_msgs' for CMake config files
[1.670s] Level 1:colcon.colcon_core.shell:create_environment_hook('cartographer_ros_msgs', 'cmake_prefix_path')
[1.677s] INFO:colcon.colcon_core.shell:Creating environment hook '/home/rick/ros_ws/install/cartographer_ros_msgs/share/cartographer_ros_msgs/hook/cmake_prefix_path.ps1'
[1.678s] INFO:colcon.colcon_core.shell:Creating environment descriptor '/home/rick/ros_ws/install/cartographer_ros_msgs/share/cartographer_ros_msgs/hook/cmake_prefix_path.dsv'
[1.678s] INFO:colcon.colcon_core.shell:Creating environment hook '/home/rick/ros_ws/install/cartographer_ros_msgs/share/cartographer_ros_msgs/hook/cmake_prefix_path.sh'
[1.678s] Level 1:colcon.colcon_core.environment:checking '/home/rick/ros_ws/install/cartographer_ros_msgs/lib'
[1.678s] Level 1:colcon.colcon_core.shell:create_environment_hook('cartographer_ros_msgs', 'ld_library_path_lib')
[1.685s] INFO:colcon.colcon_core.shell:Creating environment hook '/home/rick/ros_ws/install/cartographer_ros_msgs/share/cartographer_ros_msgs/hook/ld_library_path_lib.ps1'
[1.685s] INFO:colcon.colcon_core.shell:Creating environment descriptor '/home/rick/ros_ws/install/cartographer_ros_msgs/share/cartographer_ros_msgs/hook/ld_library_path_lib.dsv'
[1.685s] INFO:colcon.colcon_core.shell:Creating environment hook '/home/rick/ros_ws/install/cartographer_ros_msgs/share/cartographer_ros_msgs/hook/ld_library_path_lib.sh'
[1.686s] Level 1:colcon.colcon_core.environment:checking '/home/rick/ros_ws/install/cartographer_ros_msgs/bin'
[1.686s] Level 1:colcon.colcon_core.environment:checking '/home/rick/ros_ws/install/cartographer_ros_msgs/lib/pkgconfig/cartographer_ros_msgs.pc'
[1.686s] Level 1:colcon.colcon_core.environment:checking '/home/rick/ros_ws/install/cartographer_ros_msgs/lib/python3.10/site-packages'
[1.686s] Level 1:colcon.colcon_core.environment:checking '/home/rick/ros_ws/install/cartographer_ros_msgs/bin'
[1.693s] INFO:colcon.colcon_core.shell:Creating package script '/home/rick/ros_ws/install/cartographer_ros_msgs/share/cartographer_ros_msgs/package.ps1'
[1.693s] INFO:colcon.colcon_core.shell:Creating package descriptor '/home/rick/ros_ws/install/cartographer_ros_msgs/share/cartographer_ros_msgs/package.dsv'
[1.693s] INFO:colcon.colcon_core.shell:Creating package script '/home/rick/ros_ws/install/cartographer_ros_msgs/share/cartographer_ros_msgs/package.sh'
[1.694s] INFO:colcon.colcon_core.shell:Creating package script '/home/rick/ros_ws/install/cartographer_ros_msgs/share/cartographer_ros_msgs/package.bash'
[1.694s] INFO:colcon.colcon_core.shell:Creating package script '/home/rick/ros_ws/install/cartographer_ros_msgs/share/cartographer_ros_msgs/package.zsh'
[1.694s] Level 1:colcon.colcon_core.environment:create_file_with_runtime_dependencies(/home/rick/ros_ws/install/cartographer_ros_msgs/share/colcon-core/packages/cartographer_ros_msgs)
[1.694s] INFO:colcon.colcon_ros.task.ament_cmake.build:Building ROS package in '/home/rick/ros_ws/src/cartographer_ros/cartographer_ros' with build type 'ament_cmake'
[1.694s] INFO:colcon.colcon_cmake.task.cmake.build:Building CMake package in '/home/rick/ros_ws/src/cartographer_ros/cartographer_ros'
[1.704s] INFO:colcon.colcon_core.shell:Skip shell extension 'powershell' for command environment: Not usable outside of PowerShell
[1.705s] DEBUG:colcon.colcon_core.shell:Skip shell extension 'dsv' for command environment
[1.731s] Level 1:colcon.colcon_core.environment:create_environment_scripts_only(ds4_driver)
[1.731s] DEBUG:colcon.colcon_core.event_handler.log_command:Invoked command in '/home/rick/ros_ws/build/ds4_driver' returned '0': CMAKE_PREFIX_PATH=/home/rick/ros_ws/install/ds4_driver_msgs:/home/rick/ros_ws/install/ros_bot:/home/rick/ros_ws/install/ds4_driver:/home/rick/ros_ws/install/cartographer_rviz:/home/rick/ros_ws/install/cartographer_ros:/home/rick/ros_ws/install/cartographer_ros_msgs:/home/rick/ros_ws/install/ayuda_description:/opt/ros/humble LD_LIBRARY_PATH=/home/rick/ros_ws/install/ds4_driver_msgs/lib:/home/rick/ros_ws/install/cartographer_rviz/lib:/home/rick/ros_ws/install/cartographer_ros/lib:/home/rick/ros_ws/install/cartographer_ros_msgs/lib:/usr/lib/x86_64-linux-gnu/gazebo-11/plugins:/opt/ros/humble/opt/rviz_ogre_vendor/lib:/opt/ros/humble/lib/x86_64-linux-gnu:/opt/ros/humble/lib:/usr/local/cuda/lib64 /home/rick/.local/bin/cmake --install /home/rick/ros_ws/build/ds4_driver
[1.740s] Level 1:colcon.colcon_core.environment:checking '/home/rick/ros_ws/install/ds4_driver' for CMake module files
[1.740s] Level 1:colcon.colcon_core.environment:checking '/home/rick/ros_ws/install/ds4_driver' for CMake config files
[1.741s] Level 1:colcon.colcon_core.shell:create_environment_hook('ds4_driver', 'cmake_prefix_path')
[1.749s] INFO:colcon.colcon_core.shell:Creating environment hook '/home/rick/ros_ws/install/ds4_driver/share/ds4_driver/hook/cmake_prefix_path.ps1'
[1.749s] INFO:colcon.colcon_core.shell:Creating environment descriptor '/home/rick/ros_ws/install/ds4_driver/share/ds4_driver/hook/cmake_prefix_path.dsv'
[1.749s] INFO:colcon.colcon_core.shell:Creating environment hook '/home/rick/ros_ws/install/ds4_driver/share/ds4_driver/hook/cmake_prefix_path.sh'
[1.749s] Level 1:colcon.colcon_core.environment:checking '/home/rick/ros_ws/install/ds4_driver/lib'
[1.749s] Level 1:colcon.colcon_core.environment:checking '/home/rick/ros_ws/install/ds4_driver/bin'
[1.749s] Level 1:colcon.colcon_core.environment:checking '/home/rick/ros_ws/install/ds4_driver/lib/pkgconfig/ds4_driver.pc'
[1.750s] Level 1:colcon.colcon_core.environment:checking '/home/rick/ros_ws/install/ds4_driver/lib/python3.10/site-packages'
[1.750s] Level 1:colcon.colcon_core.environment:checking '/home/rick/ros_ws/install/ds4_driver/bin'
[1.757s] INFO:colcon.colcon_core.shell:Creating package script '/home/rick/ros_ws/install/ds4_driver/share/ds4_driver/package.ps1'
[1.757s] INFO:colcon.colcon_core.shell:Creating package descriptor '/home/rick/ros_ws/install/ds4_driver/share/ds4_driver/package.dsv'
[1.758s] INFO:colcon.colcon_core.shell:Creating package script '/home/rick/ros_ws/install/ds4_driver/share/ds4_driver/package.sh'
[1.758s] INFO:colcon.colcon_core.shell:Creating package script '/home/rick/ros_ws/install/ds4_driver/share/ds4_driver/package.bash'
[1.758s] INFO:colcon.colcon_core.shell:Creating package script '/home/rick/ros_ws/install/ds4_driver/share/ds4_driver/package.zsh'
[1.758s] Level 1:colcon.colcon_core.environment:create_file_with_runtime_dependencies(/home/rick/ros_ws/install/ds4_driver/share/colcon-core/packages/ds4_driver)
[1.761s] DEBUG:colcon.colcon_core.event_handler.log_command:Invoking command in '/home/rick/ros_ws/build/cartographer_ros': CMAKE_PREFIX_PATH=/home/rick/ros_ws/install/cartographer_ros_msgs:/home/rick/ros_ws/install/ros_bot:/home/rick/ros_ws/install/ds4_driver:/home/rick/ros_ws/install/ds4_driver_msgs:/home/rick/ros_ws/install/cartographer_rviz:/home/rick/ros_ws/install/cartographer_ros:/home/rick/ros_ws/install/ayuda_description:/opt/ros/humble LD_LIBRARY_PATH=/home/rick/ros_ws/install/cartographer_ros_msgs/lib:/home/rick/ros_ws/install/ds4_driver_msgs/lib:/home/rick/ros_ws/install/cartographer_rviz/lib:/home/rick/ros_ws/install/cartographer_ros/lib:/usr/lib/x86_64-linux-gnu/gazebo-11/plugins:/opt/ros/humble/opt/rviz_ogre_vendor/lib:/opt/ros/humble/lib/x86_64-linux-gnu:/opt/ros/humble/lib:/usr/local/cuda/lib64 /home/rick/.local/bin/cmake --build /home/rick/ros_ws/build/cartographer_ros -- -j24 -l24
[1.792s] Level 1:colcon.colcon_core.environment:create_environment_scripts_only(ds4_driver)
[1.801s] Level 1:colcon.colcon_core.environment:checking '/home/rick/ros_ws/install/ds4_driver' for CMake module files
[1.801s] Level 1:colcon.colcon_core.environment:checking '/home/rick/ros_ws/install/ds4_driver' for CMake config files
[1.801s] Level 1:colcon.colcon_core.shell:create_environment_hook('ds4_driver', 'cmake_prefix_path')
[1.809s] INFO:colcon.colcon_core.shell:Creating environment hook '/home/rick/ros_ws/install/ds4_driver/share/ds4_driver/hook/cmake_prefix_path.ps1'
[1.809s] INFO:colcon.colcon_core.shell:Creating environment descriptor '/home/rick/ros_ws/install/ds4_driver/share/ds4_driver/hook/cmake_prefix_path.dsv'
[1.809s] INFO:colcon.colcon_core.shell:Creating environment hook '/home/rick/ros_ws/install/ds4_driver/share/ds4_driver/hook/cmake_prefix_path.sh'
[1.809s] Level 1:colcon.colcon_core.environment:checking '/home/rick/ros_ws/install/ds4_driver/lib'
[1.809s] Level 1:colcon.colcon_core.environment:checking '/home/rick/ros_ws/install/ds4_driver/bin'
[1.809s] Level 1:colcon.colcon_core.environment:checking '/home/rick/ros_ws/install/ds4_driver/lib/pkgconfig/ds4_driver.pc'
[1.810s] Level 1:colcon.colcon_core.environment:checking '/home/rick/ros_ws/install/ds4_driver/lib/python3.10/site-packages'
[1.810s] Level 1:colcon.colcon_core.environment:checking '/home/rick/ros_ws/install/ds4_driver/bin'
[1.818s] INFO:colcon.colcon_core.shell:Creating package script '/home/rick/ros_ws/install/ds4_driver/share/ds4_driver/package.ps1'
[1.818s] INFO:colcon.colcon_core.shell:Creating package descriptor '/home/rick/ros_ws/install/ds4_driver/share/ds4_driver/package.dsv'
[1.818s] INFO:colcon.colcon_core.shell:Creating package script '/home/rick/ros_ws/install/ds4_driver/share/ds4_driver/package.sh'
[1.818s] INFO:colcon.colcon_core.shell:Creating package script '/home/rick/ros_ws/install/ds4_driver/share/ds4_driver/package.bash'
[1.819s] INFO:colcon.colcon_core.shell:Creating package script '/home/rick/ros_ws/install/ds4_driver/share/ds4_driver/package.zsh'
[1.819s] Level 1:colcon.colcon_core.environment:create_file_with_runtime_dependencies(/home/rick/ros_ws/install/ds4_driver/share/colcon-core/packages/ds4_driver)
[1.833s] DEBUG:colcon.colcon_core.event_handler.log_command:Invoked command in '/home/rick/ros_ws/build/cartographer_ros' returned '0': CMAKE_PREFIX_PATH=/home/rick/ros_ws/install/cartographer_ros_msgs:/home/rick/ros_ws/install/ros_bot:/home/rick/ros_ws/install/ds4_driver:/home/rick/ros_ws/install/ds4_driver_msgs:/home/rick/ros_ws/install/cartographer_rviz:/home/rick/ros_ws/install/cartographer_ros:/home/rick/ros_ws/install/ayuda_description:/opt/ros/humble LD_LIBRARY_PATH=/home/rick/ros_ws/install/cartographer_ros_msgs/lib:/home/rick/ros_ws/install/ds4_driver_msgs/lib:/home/rick/ros_ws/install/cartographer_rviz/lib:/home/rick/ros_ws/install/cartographer_ros/lib:/usr/lib/x86_64-linux-gnu/gazebo-11/plugins:/opt/ros/humble/opt/rviz_ogre_vendor/lib:/opt/ros/humble/lib/x86_64-linux-gnu:/opt/ros/humble/lib:/usr/local/cuda/lib64 /home/rick/.local/bin/cmake --build /home/rick/ros_ws/build/cartographer_ros -- -j24 -l24
[2.038s] DEBUG:colcon.colcon_core.event_handler.log_command:Invoking command in '/home/rick/ros_ws/build/cartographer_ros': CMAKE_PREFIX_PATH=/home/rick/ros_ws/install/cartographer_ros_msgs:/home/rick/ros_ws/install/ros_bot:/home/rick/ros_ws/install/ds4_driver:/home/rick/ros_ws/install/ds4_driver_msgs:/home/rick/ros_ws/install/cartographer_rviz:/home/rick/ros_ws/install/cartographer_ros:/home/rick/ros_ws/install/ayuda_description:/opt/ros/humble LD_LIBRARY_PATH=/home/rick/ros_ws/install/cartographer_ros_msgs/lib:/home/rick/ros_ws/install/ds4_driver_msgs/lib:/home/rick/ros_ws/install/cartographer_rviz/lib:/home/rick/ros_ws/install/cartographer_ros/lib:/usr/lib/x86_64-linux-gnu/gazebo-11/plugins:/opt/ros/humble/opt/rviz_ogre_vendor/lib:/opt/ros/humble/lib/x86_64-linux-gnu:/opt/ros/humble/lib:/usr/local/cuda/lib64 /home/rick/.local/bin/cmake --install /home/rick/ros_ws/build/cartographer_ros
[2.075s] Level 1:colcon.colcon_core.environment:create_environment_scripts_only(cartographer_ros)
[2.076s] DEBUG:colcon.colcon_core.event_handler.log_command:Invoked command in '/home/rick/ros_ws/build/cartographer_ros' returned '0': CMAKE_PREFIX_PATH=/home/rick/ros_ws/install/cartographer_ros_msgs:/home/rick/ros_ws/install/ros_bot:/home/rick/ros_ws/install/ds4_driver:/home/rick/ros_ws/install/ds4_driver_msgs:/home/rick/ros_ws/install/cartographer_rviz:/home/rick/ros_ws/install/cartographer_ros:/home/rick/ros_ws/install/ayuda_description:/opt/ros/humble LD_LIBRARY_PATH=/home/rick/ros_ws/install/cartographer_ros_msgs/lib:/home/rick/ros_ws/install/ds4_driver_msgs/lib:/home/rick/ros_ws/install/cartographer_rviz/lib:/home/rick/ros_ws/install/cartographer_ros/lib:/usr/lib/x86_64-linux-gnu/gazebo-11/plugins:/opt/ros/humble/opt/rviz_ogre_vendor/lib:/opt/ros/humble/lib/x86_64-linux-gnu:/opt/ros/humble/lib:/usr/local/cuda/lib64 /home/rick/.local/bin/cmake --install /home/rick/ros_ws/build/cartographer_ros
[2.084s] Level 1:colcon.colcon_core.environment:checking '/home/rick/ros_ws/install/cartographer_ros' for CMake module files
[2.085s] Level 1:colcon.colcon_core.environment:checking '/home/rick/ros_ws/install/cartographer_ros' for CMake config files
[2.085s] Level 1:colcon.colcon_core.shell:create_environment_hook('cartographer_ros', 'cmake_prefix_path')
[2.093s] INFO:colcon.colcon_core.shell:Creating environment hook '/home/rick/ros_ws/install/cartographer_ros/share/cartographer_ros/hook/cmake_prefix_path.ps1'
[2.094s] INFO:colcon.colcon_core.shell:Creating environment descriptor '/home/rick/ros_ws/install/cartographer_ros/share/cartographer_ros/hook/cmake_prefix_path.dsv'
[2.094s] INFO:colcon.colcon_core.shell:Creating environment hook '/home/rick/ros_ws/install/cartographer_ros/share/cartographer_ros/hook/cmake_prefix_path.sh'
[2.094s] Level 1:colcon.colcon_core.environment:checking '/home/rick/ros_ws/install/cartographer_ros/lib'
[2.094s] Level 1:colcon.colcon_core.environment:checking '/home/rick/ros_ws/install/cartographer_ros/bin'
[2.094s] Level 1:colcon.colcon_core.environment:checking '/home/rick/ros_ws/install/cartographer_ros/lib/pkgconfig/cartographer_ros.pc'
[2.094s] Level 1:colcon.colcon_core.environment:checking '/home/rick/ros_ws/install/cartographer_ros/lib/python3.10/site-packages'
[2.094s] Level 1:colcon.colcon_core.environment:checking '/home/rick/ros_ws/install/cartographer_ros/bin'
[2.101s] INFO:colcon.colcon_core.shell:Creating package script '/home/rick/ros_ws/install/cartographer_ros/share/cartographer_ros/package.ps1'
[2.102s] INFO:colcon.colcon_core.shell:Creating package descriptor '/home/rick/ros_ws/install/cartographer_ros/share/cartographer_ros/package.dsv'
[2.102s] INFO:colcon.colcon_core.shell:Creating package script '/home/rick/ros_ws/install/cartographer_ros/share/cartographer_ros/package.sh'
[2.102s] INFO:colcon.colcon_core.shell:Creating package script '/home/rick/ros_ws/install/cartographer_ros/share/cartographer_ros/package.bash'
[2.102s] INFO:colcon.colcon_core.shell:Creating package script '/home/rick/ros_ws/install/cartographer_ros/share/cartographer_ros/package.zsh'
[2.102s] Level 1:colcon.colcon_core.environment:create_file_with_runtime_dependencies(/home/rick/ros_ws/install/cartographer_ros/share/colcon-core/packages/cartographer_ros)
[2.301s] Level 1:colcon.colcon_core.environment:create_environment_scripts_only(cartographer_ros)
[2.308s] Level 1:colcon.colcon_core.environment:checking '/home/rick/ros_ws/install/cartographer_ros' for CMake module files
[2.308s] Level 1:colcon.colcon_core.environment:checking '/home/rick/ros_ws/install/cartographer_ros' for CMake config files
[2.309s] Level 1:colcon.colcon_core.shell:create_environment_hook('cartographer_ros', 'cmake_prefix_path')
[2.317s] INFO:colcon.colcon_core.shell:Creating environment hook '/home/rick/ros_ws/install/cartographer_ros/share/cartographer_ros/hook/cmake_prefix_path.ps1'
[2.317s] INFO:colcon.colcon_core.shell:Creating environment descriptor '/home/rick/ros_ws/install/cartographer_ros/share/cartographer_ros/hook/cmake_prefix_path.dsv'
[2.317s] INFO:colcon.colcon_core.shell:Creating environment hook '/home/rick/ros_ws/install/cartographer_ros/share/cartographer_ros/hook/cmake_prefix_path.sh'
[2.317s] Level 1:colcon.colcon_core.environment:checking '/home/rick/ros_ws/install/cartographer_ros/lib'
[2.317s] Level 1:colcon.colcon_core.environment:checking '/home/rick/ros_ws/install/cartographer_ros/bin'
[2.317s] Level 1:colcon.colcon_core.environment:checking '/home/rick/ros_ws/install/cartographer_ros/lib/pkgconfig/cartographer_ros.pc'
[2.318s] Level 1:colcon.colcon_core.environment:checking '/home/rick/ros_ws/install/cartographer_ros/lib/python3.10/site-packages'
[2.318s] Level 1:colcon.colcon_core.environment:checking '/home/rick/ros_ws/install/cartographer_ros/bin'
[2.325s] INFO:colcon.colcon_core.shell:Creating package script '/home/rick/ros_ws/install/cartographer_ros/share/cartographer_ros/package.ps1'
[2.325s] INFO:colcon.colcon_core.shell:Creating package descriptor '/home/rick/ros_ws/install/cartographer_ros/share/cartographer_ros/package.dsv'
[2.325s] INFO:colcon.colcon_core.shell:Creating package script '/home/rick/ros_ws/install/cartographer_ros/share/cartographer_ros/package.sh'
[2.326s] INFO:colcon.colcon_core.shell:Creating package script '/home/rick/ros_ws/install/cartographer_ros/share/cartographer_ros/package.bash'
[2.326s] INFO:colcon.colcon_core.shell:Creating package script '/home/rick/ros_ws/install/cartographer_ros/share/cartographer_ros/package.zsh'
[2.326s] Level 1:colcon.colcon_core.environment:create_file_with_runtime_dependencies(/home/rick/ros_ws/install/cartographer_ros/share/colcon-core/packages/cartographer_ros)
[2.326s] INFO:colcon.colcon_ros.task.ament_cmake.build:Building ROS package in '/home/rick/ros_ws/src/cartographer_ros/cartographer_rviz' with build type 'ament_cmake'
[2.326s] INFO:colcon.colcon_cmake.task.cmake.build:Building CMake package in '/home/rick/ros_ws/src/cartographer_ros/cartographer_rviz'
[2.334s] INFO:colcon.colcon_core.shell:Skip shell extension 'powershell' for command environment: Not usable outside of PowerShell
[2.334s] DEBUG:colcon.colcon_core.shell:Skip shell extension 'dsv' for command environment
[2.366s] DEBUG:colcon.colcon_core.event_handler.log_command:Invoking command in '/home/rick/ros_ws/build/cartographer_rviz': CMAKE_PREFIX_PATH=/home/rick/ros_ws/install/cartographer_ros:/home/rick/ros_ws/install/cartographer_ros_msgs:/home/rick/ros_ws/install/ros_bot:/home/rick/ros_ws/install/ds4_driver:/home/rick/ros_ws/install/ds4_driver_msgs:/home/rick/ros_ws/install/cartographer_rviz:/home/rick/ros_ws/install/ayuda_description:/opt/ros/humble LD_LIBRARY_PATH=/home/rick/ros_ws/install/cartographer_ros_msgs/lib:/home/rick/ros_ws/install/ds4_driver_msgs/lib:/home/rick/ros_ws/install/cartographer_rviz/lib:/home/rick/ros_ws/install/cartographer_ros/lib:/usr/lib/x86_64-linux-gnu/gazebo-11/plugins:/opt/ros/humble/opt/rviz_ogre_vendor/lib:/opt/ros/humble/lib/x86_64-linux-gnu:/opt/ros/humble/lib:/usr/local/cuda/lib64 /home/rick/.local/bin/cmake --build /home/rick/ros_ws/build/cartographer_rviz -- -j24 -l24
[2.454s] DEBUG:colcon.colcon_core.event_handler.log_command:Invoked command in '/home/rick/ros_ws/build/cartographer_rviz' returned '0': CMAKE_PREFIX_PATH=/home/rick/ros_ws/install/cartographer_ros:/home/rick/ros_ws/install/cartographer_ros_msgs:/home/rick/ros_ws/install/ros_bot:/home/rick/ros_ws/install/ds4_driver:/home/rick/ros_ws/install/ds4_driver_msgs:/home/rick/ros_ws/install/cartographer_rviz:/home/rick/ros_ws/install/ayuda_description:/opt/ros/humble LD_LIBRARY_PATH=/home/rick/ros_ws/install/cartographer_ros_msgs/lib:/home/rick/ros_ws/install/ds4_driver_msgs/lib:/home/rick/ros_ws/install/cartographer_rviz/lib:/home/rick/ros_ws/install/cartographer_ros/lib:/usr/lib/x86_64-linux-gnu/gazebo-11/plugins:/opt/ros/humble/opt/rviz_ogre_vendor/lib:/opt/ros/humble/lib/x86_64-linux-gnu:/opt/ros/humble/lib:/usr/local/cuda/lib64 /home/rick/.local/bin/cmake --build /home/rick/ros_ws/build/cartographer_rviz -- -j24 -l24
[2.507s] DEBUG:colcon.colcon_core.event_handler.log_command:Invoking command in '/home/rick/ros_ws/build/cartographer_rviz': CMAKE_PREFIX_PATH=/home/rick/ros_ws/install/cartographer_ros:/home/rick/ros_ws/install/cartographer_ros_msgs:/home/rick/ros_ws/install/ros_bot:/home/rick/ros_ws/install/ds4_driver:/home/rick/ros_ws/install/ds4_driver_msgs:/home/rick/ros_ws/install/cartographer_rviz:/home/rick/ros_ws/install/ayuda_description:/opt/ros/humble LD_LIBRARY_PATH=/home/rick/ros_ws/install/cartographer_ros_msgs/lib:/home/rick/ros_ws/install/ds4_driver_msgs/lib:/home/rick/ros_ws/install/cartographer_rviz/lib:/home/rick/ros_ws/install/cartographer_ros/lib:/usr/lib/x86_64-linux-gnu/gazebo-11/plugins:/opt/ros/humble/opt/rviz_ogre_vendor/lib:/opt/ros/humble/lib/x86_64-linux-gnu:/opt/ros/humble/lib:/usr/local/cuda/lib64 /home/rick/.local/bin/cmake --install /home/rick/ros_ws/build/cartographer_rviz
[2.543s] Level 1:colcon.colcon_core.environment:create_environment_scripts_only(cartographer_rviz)
[2.543s] DEBUG:colcon.colcon_core.event_handler.log_command:Invoked command in '/home/rick/ros_ws/build/cartographer_rviz' returned '0': CMAKE_PREFIX_PATH=/home/rick/ros_ws/install/cartographer_ros:/home/rick/ros_ws/install/cartographer_ros_msgs:/home/rick/ros_ws/install/ros_bot:/home/rick/ros_ws/install/ds4_driver:/home/rick/ros_ws/install/ds4_driver_msgs:/home/rick/ros_ws/install/cartographer_rviz:/home/rick/ros_ws/install/ayuda_description:/opt/ros/humble LD_LIBRARY_PATH=/home/rick/ros_ws/install/cartographer_ros_msgs/lib:/home/rick/ros_ws/install/ds4_driver_msgs/lib:/home/rick/ros_ws/install/cartographer_rviz/lib:/home/rick/ros_ws/install/cartographer_ros/lib:/usr/lib/x86_64-linux-gnu/gazebo-11/plugins:/opt/ros/humble/opt/rviz_ogre_vendor/lib:/opt/ros/humble/lib/x86_64-linux-gnu:/opt/ros/humble/lib:/usr/local/cuda/lib64 /home/rick/.local/bin/cmake --install /home/rick/ros_ws/build/cartographer_rviz
[2.553s] Level 1:colcon.colcon_core.environment:checking '/home/rick/ros_ws/install/cartographer_rviz' for CMake module files
[2.553s] Level 1:colcon.colcon_core.environment:checking '/home/rick/ros_ws/install/cartographer_rviz' for CMake config files
[2.553s] Level 1:colcon.colcon_core.shell:create_environment_hook('cartographer_rviz', 'cmake_prefix_path')
[2.561s] INFO:colcon.colcon_core.shell:Creating environment hook '/home/rick/ros_ws/install/cartographer_rviz/share/cartographer_rviz/hook/cmake_prefix_path.ps1'
[2.561s] INFO:colcon.colcon_core.shell:Creating environment descriptor '/home/rick/ros_ws/install/cartographer_rviz/share/cartographer_rviz/hook/cmake_prefix_path.dsv'
[2.561s] INFO:colcon.colcon_core.shell:Creating environment hook '/home/rick/ros_ws/install/cartographer_rviz/share/cartographer_rviz/hook/cmake_prefix_path.sh'
[2.561s] Level 1:colcon.colcon_core.environment:checking '/home/rick/ros_ws/install/cartographer_rviz/lib'
[2.561s] Level 1:colcon.colcon_core.shell:create_environment_hook('cartographer_rviz', 'ld_library_path_lib')
[2.569s] INFO:colcon.colcon_core.shell:Creating environment hook '/home/rick/ros_ws/install/cartographer_rviz/share/cartographer_rviz/hook/ld_library_path_lib.ps1'
[2.569s] INFO:colcon.colcon_core.shell:Creating environment descriptor '/home/rick/ros_ws/install/cartographer_rviz/share/cartographer_rviz/hook/ld_library_path_lib.dsv'
[2.569s] INFO:colcon.colcon_core.shell:Creating environment hook '/home/rick/ros_ws/install/cartographer_rviz/share/cartographer_rviz/hook/ld_library_path_lib.sh'
[2.569s] Level 1:colcon.colcon_core.environment:checking '/home/rick/ros_ws/install/cartographer_rviz/bin'
[2.569s] Level 1:colcon.colcon_core.environment:checking '/home/rick/ros_ws/install/cartographer_rviz/lib/pkgconfig/cartographer_rviz.pc'
[2.569s] Level 1:colcon.colcon_core.environment:checking '/home/rick/ros_ws/install/cartographer_rviz/lib/python3.10/site-packages'
[2.569s] Level 1:colcon.colcon_core.environment:checking '/home/rick/ros_ws/install/cartographer_rviz/bin'
[2.577s] INFO:colcon.colcon_core.shell:Creating package script '/home/rick/ros_ws/install/cartographer_rviz/share/cartographer_rviz/package.ps1'
[2.577s] INFO:colcon.colcon_core.shell:Creating package descriptor '/home/rick/ros_ws/install/cartographer_rviz/share/cartographer_rviz/package.dsv'
[2.577s] INFO:colcon.colcon_core.shell:Creating package script '/home/rick/ros_ws/install/cartographer_rviz/share/cartographer_rviz/package.sh'
[2.577s] INFO:colcon.colcon_core.shell:Creating package script '/home/rick/ros_ws/install/cartographer_rviz/share/cartographer_rviz/package.bash'
[2.577s] INFO:colcon.colcon_core.shell:Creating package script '/home/rick/ros_ws/install/cartographer_rviz/share/cartographer_rviz/package.zsh'
[2.577s] Level 1:colcon.colcon_core.environment:create_file_with_runtime_dependencies(/home/rick/ros_ws/install/cartographer_rviz/share/colcon-core/packages/cartographer_rviz)
[2.622s] Level 1:colcon.colcon_core.environment:create_environment_scripts_only(cartographer_rviz)
[2.629s] Level 1:colcon.colcon_core.environment:checking '/home/rick/ros_ws/install/cartographer_rviz' for CMake module files
[2.629s] Level 1:colcon.colcon_core.environment:checking '/home/rick/ros_ws/install/cartographer_rviz' for CMake config files
[2.630s] Level 1:colcon.colcon_core.shell:create_environment_hook('cartographer_rviz', 'cmake_prefix_path')
[2.637s] INFO:colcon.colcon_core.shell:Creating environment hook '/home/rick/ros_ws/install/cartographer_rviz/share/cartographer_rviz/hook/cmake_prefix_path.ps1'
[2.637s] INFO:colcon.colcon_core.shell:Creating environment descriptor '/home/rick/ros_ws/install/cartographer_rviz/share/cartographer_rviz/hook/cmake_prefix_path.dsv'
[2.637s] INFO:colcon.colcon_core.shell:Creating environment hook '/home/rick/ros_ws/install/cartographer_rviz/share/cartographer_rviz/hook/cmake_prefix_path.sh'
[2.637s] Level 1:colcon.colcon_core.environment:checking '/home/rick/ros_ws/install/cartographer_rviz/lib'
[2.637s] Level 1:colcon.colcon_core.shell:create_environment_hook('cartographer_rviz', 'ld_library_path_lib')
[2.645s] INFO:colcon.colcon_core.shell:Creating environment hook '/home/rick/ros_ws/install/cartographer_rviz/share/cartographer_rviz/hook/ld_library_path_lib.ps1'
[2.645s] INFO:colcon.colcon_core.shell:Creating environment descriptor '/home/rick/ros_ws/install/cartographer_rviz/share/cartographer_rviz/hook/ld_library_path_lib.dsv'
[2.645s] INFO:colcon.colcon_core.shell:Creating environment hook '/home/rick/ros_ws/install/cartographer_rviz/share/cartographer_rviz/hook/ld_library_path_lib.sh'
[2.645s] Level 1:colcon.colcon_core.environment:checking '/home/rick/ros_ws/install/cartographer_rviz/bin'
[2.645s] Level 1:colcon.colcon_core.environment:checking '/home/rick/ros_ws/install/cartographer_rviz/lib/pkgconfig/cartographer_rviz.pc'
[2.645s] Level 1:colcon.colcon_core.environment:checking '/home/rick/ros_ws/install/cartographer_rviz/lib/python3.10/site-packages'
[2.645s] Level 1:colcon.colcon_core.environment:checking '/home/rick/ros_ws/install/cartographer_rviz/bin'
[2.653s] INFO:colcon.colcon_core.shell:Creating package script '/home/rick/ros_ws/install/cartographer_rviz/share/cartographer_rviz/package.ps1'
[2.653s] INFO:colcon.colcon_core.shell:Creating package descriptor '/home/rick/ros_ws/install/cartographer_rviz/share/cartographer_rviz/package.dsv'
[2.653s] INFO:colcon.colcon_core.shell:Creating package script '/home/rick/ros_ws/install/cartographer_rviz/share/cartographer_rviz/package.sh'
[2.653s] INFO:colcon.colcon_core.shell:Creating package script '/home/rick/ros_ws/install/cartographer_rviz/share/cartographer_rviz/package.bash'
[2.653s] INFO:colcon.colcon_core.shell:Creating package script '/home/rick/ros_ws/install/cartographer_rviz/share/cartographer_rviz/package.zsh'
[2.654s] Level 1:colcon.colcon_core.environment:create_file_with_runtime_dependencies(/home/rick/ros_ws/install/cartographer_rviz/share/colcon-core/packages/cartographer_rviz)
[2.654s] DEBUG:colcon.colcon_parallel_executor.executor.parallel:closing loop
[2.654s] DEBUG:colcon.colcon_parallel_executor.executor.parallel:loop closed
[2.654s] DEBUG:colcon.colcon_parallel_executor.executor.parallel:run_until_complete finished with '0'
[2.654s] DEBUG:colcon.colcon_core.event_reactor:joining thread
[2.664s] INFO:colcon.colcon_core.plugin_system:Skipping extension 'colcon_notification.desktop_notification.terminal_notifier': Not used on non-Darwin systems
[2.664s] INFO:colcon.colcon_core.plugin_system:Skipping extension 'colcon_notification.desktop_notification.win32': Not used on non-Windows systems
[2.664s] INFO:colcon.colcon_notification.desktop_notification:Sending desktop notification using 'notify2'
[2.673s] DEBUG:colcon.colcon_core.event_reactor:joined thread
[2.682s] INFO:colcon.colcon_core.shell:Creating prefix script '/home/rick/ros_ws/install/local_setup.ps1'
[2.682s] INFO:colcon.colcon_core.shell:Creating prefix util module '/home/rick/ros_ws/install/_local_setup_util_ps1.py'
[2.683s] INFO:colcon.colcon_core.shell:Creating prefix chain script '/home/rick/ros_ws/install/setup.ps1'
[2.691s] INFO:colcon.colcon_core.shell:Creating prefix script '/home/rick/ros_ws/install/local_setup.sh'
[2.691s] INFO:colcon.colcon_core.shell:Creating prefix util module '/home/rick/ros_ws/install/_local_setup_util_sh.py'
[2.691s] INFO:colcon.colcon_core.shell:Creating prefix chain script '/home/rick/ros_ws/install/setup.sh'
[2.699s] INFO:colcon.colcon_core.shell:Creating prefix script '/home/rick/ros_ws/install/local_setup.bash'
[2.699s] INFO:colcon.colcon_core.shell:Creating prefix chain script '/home/rick/ros_ws/install/setup.bash'
[2.706s] INFO:colcon.colcon_core.shell:Creating prefix script '/home/rick/ros_ws/install/local_setup.zsh'
[2.707s] INFO:colcon.colcon_core.shell:Creating prefix chain script '/home/rick/ros_ws/install/setup.zsh'
